2025-02-21 13:13:01,434 INFO client.DefaultNoHARMFailoverProxyProvider: Connecting to ResourceManager at localhost/127.0.0.1:8032
2025-02-21 13:13:01,709 INFO mapreduce.JobResourceUploader: Disabling Erasure Coding for path: /tmp/hadoop-yarn/staging/satkp/.staging/job_1740161170175_0002
2025-02-21 13:13:02,337 INFO input.FileInputFormat: Total input files to process : 100
2025-02-21 13:13:03,998 INFO mapreduce.JobSubmitter: number of splits:100
2025-02-21 13:13:05,277 INFO mapreduce.JobSubmitter: Submitting tokens for job: job_1740161170175_0002
2025-02-21 13:13:05,277 INFO mapreduce.JobSubmitter: Executing with tokens: []
2025-02-21 13:13:05,410 INFO conf.Configuration: resource-types.xml not found
2025-02-21 13:13:05,411 INFO resource.ResourceUtils: Unable to find 'resource-types.xml'.
2025-02-21 13:13:05,469 INFO impl.YarnClientImpl: Submitted application application_1740161170175_0002
2025-02-21 13:13:05,499 INFO mapreduce.Job: The url to track the job: http://Sathvik.:8088/proxy/application_1740161170175_0002/
2025-02-21 13:13:05,500 INFO mapreduce.Job: Running job: job_1740161170175_0002
2025-02-21 13:13:09,590 INFO mapreduce.Job: Job job_1740161170175_0002 running in uber mode : false
2025-02-21 13:13:09,590 INFO mapreduce.Job:  map 0% reduce 0%
2025-02-21 13:13:15,779 INFO mapreduce.Job:  map 4% reduce 0%
2025-02-21 13:13:16,797 INFO mapreduce.Job:  map 6% reduce 0%
2025-02-21 13:13:20,837 INFO mapreduce.Job:  map 12% reduce 0%
2025-02-21 13:13:25,880 INFO mapreduce.Job:  map 18% reduce 0%
2025-02-21 13:13:28,927 INFO mapreduce.Job:  map 19% reduce 0%
2025-02-21 13:13:30,944 INFO mapreduce.Job:  map 24% reduce 0%
2025-02-21 13:13:35,765 INFO mapreduce.Job:  map 29% reduce 0%
2025-02-21 13:13:39,802 INFO mapreduce.Job:  map 34% reduce 0%
2025-02-21 13:13:43,845 INFO mapreduce.Job:  map 39% reduce 0%
2025-02-21 13:13:44,853 INFO mapreduce.Job:  map 39% reduce 12%
2025-02-21 13:13:47,872 INFO mapreduce.Job:  map 44% reduce 12%
2025-02-21 13:13:49,886 INFO mapreduce.Job:  map 44% reduce 15%
2025-02-21 13:13:50,907 INFO mapreduce.Job:  map 46% reduce 15%
2025-02-21 13:13:51,912 INFO mapreduce.Job:  map 49% reduce 15%
2025-02-21 13:13:54,929 INFO mapreduce.Job:  map 53% reduce 15%
2025-02-21 13:13:55,935 INFO mapreduce.Job:  map 54% reduce 18%
2025-02-21 13:13:58,962 INFO mapreduce.Job:  map 57% reduce 18%
2025-02-21 13:13:59,976 INFO mapreduce.Job:  map 59% reduce 18%
2025-02-21 13:14:01,998 INFO mapreduce.Job:  map 59% reduce 20%
2025-02-21 13:14:04,010 INFO mapreduce.Job:  map 64% reduce 20%
2025-02-21 13:14:07,776 INFO mapreduce.Job:  map 66% reduce 20%
2025-02-21 13:14:08,781 INFO mapreduce.Job:  map 69% reduce 22%
2025-02-21 13:14:10,809 INFO mapreduce.Job:  map 70% reduce 22%
2025-02-21 13:14:11,818 INFO mapreduce.Job:  map 71% reduce 22%
2025-02-21 13:14:12,837 INFO mapreduce.Job:  map 73% reduce 22%
2025-02-21 13:14:13,842 INFO mapreduce.Job:  map 75% reduce 22%
2025-02-21 13:14:14,848 INFO mapreduce.Job:  map 76% reduce 25%
2025-02-21 13:14:16,858 INFO mapreduce.Job:  map 79% reduce 25%
2025-02-21 13:14:17,862 INFO mapreduce.Job:  map 81% reduce 25%
2025-02-21 13:14:20,875 INFO mapreduce.Job:  map 85% reduce 27%
2025-02-21 13:14:21,879 INFO mapreduce.Job:  map 86% reduce 27%
2025-02-21 13:14:24,894 INFO mapreduce.Job:  map 90% reduce 27%
2025-02-21 13:14:25,898 INFO mapreduce.Job:  map 91% reduce 27%
2025-02-21 13:14:26,904 INFO mapreduce.Job:  map 92% reduce 30%
2025-02-21 13:14:28,914 INFO mapreduce.Job:  map 96% reduce 30%
2025-02-21 13:14:30,933 INFO mapreduce.Job:  map 97% reduce 30%
2025-02-21 13:14:32,941 INFO mapreduce.Job:  map 100% reduce 32%
2025-02-21 13:14:34,951 INFO mapreduce.Job:  map 100% reduce 100%
2025-02-21 13:14:39,726 INFO mapreduce.Job: Job job_1740161170175_0002 completed successfully
2025-02-21 13:14:39,800 INFO mapreduce.Job: Counters: 55
	File System Counters
		FILE: Number of bytes read=14477063
		FILE: Number of bytes written=60159311
		FILE: Number of read operations=0
		FILE: Number of large read operations=0
		FILE: Number of write operations=0
		HDFS: Number of bytes read=32654859
		HDFS: Number of bytes written=3171284
		HDFS: Number of read operations=305
		HDFS: Number of large read operations=0
		HDFS: Number of write operations=2
		HDFS: Number of bytes read erasure-coded=0
	Job Counters 
		Killed map tasks=1
		Launched map tasks=100
		Launched reduce tasks=1
		Data-local map tasks=100
		Total time spent by all maps in occupied slots (ms)=326822
		Total time spent by all reduces in occupied slots (ms)=65271
		Total time spent by all map tasks (ms)=326822
		Total time spent by all reduce tasks (ms)=65271
		Total vcore-milliseconds taken by all map tasks=326822
		Total vcore-milliseconds taken by all reduce tasks=65271
		Total megabyte-milliseconds taken by all map tasks=334665728
		Total megabyte-milliseconds taken by all reduce tasks=66837504
	Map-Reduce Framework
		Map input records=641966
		Map output records=5518773
		Map output bytes=53248706
		Map output materialized bytes=14477657
		Input split bytes=13440
		Combine input records=5518773
		Combine output records=1010648
		Reduce input groups=269426
		Reduce shuffle bytes=14477657
		Reduce input records=1010648
		Reduce output records=269426
		Spilled Records=2021296
		Shuffled Maps =100
		Failed Shuffles=0
		Merged Map outputs=100
		GC time elapsed (ms)=21257
		CPU time spent (ms)=242790
		Physical memory (bytes) snapshot=44170964992
		Virtual memory (bytes) snapshot=262227787776
		Total committed heap usage (bytes)=40651718656
		Peak Map Physical memory (bytes)=521650176
		Peak Map Virtual memory (bytes)=2603212800
		Peak Reduce Physical memory (bytes)=343560192
		Peak Reduce Virtual memory (bytes)=2615050240
	Shuffle Errors
		BAD_ID=0
		CONNECTION=0
		IO_ERROR=0
		WRONG_LENGTH=0
		WRONG_MAP=0
		WRONG_REDUCE=0
	File Input Format Counters 
		Bytes Read=32641419
	File Output Format Counters 
		Bytes Written=3171284
