2025-02-21 02:01:52,932 INFO client.DefaultNoHARMFailoverProxyProvider: Connecting to ResourceManager at localhost/127.0.0.1:8032
2025-02-21 02:01:53,244 INFO mapreduce.JobResourceUploader: Disabling Erasure Coding for path: /tmp/hadoop-yarn/staging/satkp/.staging/job_1740110622879_0024
2025-02-21 02:01:53,869 INFO input.FileInputFormat: Total input files to process : 10
2025-02-21 02:01:55,537 INFO mapreduce.JobSubmitter: number of splits:10
2025-02-21 02:01:56,835 INFO mapreduce.JobSubmitter: Submitting tokens for job: job_1740110622879_0024
2025-02-21 02:01:56,835 INFO mapreduce.JobSubmitter: Executing with tokens: []
2025-02-21 02:01:56,973 INFO conf.Configuration: resource-types.xml not found
2025-02-21 02:01:56,973 INFO resource.ResourceUtils: Unable to find 'resource-types.xml'.
2025-02-21 02:01:57,046 INFO impl.YarnClientImpl: Submitted application application_1740110622879_0024
2025-02-21 02:01:57,080 INFO mapreduce.Job: The url to track the job: http://Sathvik.:8088/proxy/application_1740110622879_0024/
2025-02-21 02:01:57,081 INFO mapreduce.Job: Running job: job_1740110622879_0024
2025-02-21 02:02:00,443 INFO mapreduce.Job: Job job_1740110622879_0024 running in uber mode : false
2025-02-21 02:02:00,445 INFO mapreduce.Job:  map 0% reduce 0%
2025-02-21 02:02:07,616 INFO mapreduce.Job:  map 20% reduce 0%
2025-02-21 02:02:08,625 INFO mapreduce.Job:  map 60% reduce 0%
2025-02-21 02:02:12,686 INFO mapreduce.Job:  map 70% reduce 0%
2025-02-21 02:02:13,698 INFO mapreduce.Job:  map 100% reduce 0%
2025-02-21 02:02:15,710 INFO mapreduce.Job:  map 100% reduce 100%
2025-02-21 02:02:19,742 INFO mapreduce.Job: Job job_1740110622879_0024 completed successfully
2025-02-21 02:02:19,827 INFO mapreduce.Job: Counters: 54
	File System Counters
		FILE: Number of bytes read=1089
		FILE: Number of bytes written=3406127
		FILE: Number of read operations=0
		FILE: Number of large read operations=0
		FILE: Number of write operations=0
		HDFS: Number of bytes read=2728444
		HDFS: Number of bytes written=461
		HDFS: Number of read operations=35
		HDFS: Number of large read operations=0
		HDFS: Number of write operations=2
		HDFS: Number of bytes read erasure-coded=0
	Job Counters 
		Launched map tasks=10
		Launched reduce tasks=1
		Data-local map tasks=10
		Total time spent by all maps in occupied slots (ms)=47800
		Total time spent by all reduces in occupied slots (ms)=6009
		Total time spent by all map tasks (ms)=47800
		Total time spent by all reduce tasks (ms)=6009
		Total vcore-milliseconds taken by all map tasks=47800
		Total vcore-milliseconds taken by all reduce tasks=6009
		Total megabyte-milliseconds taken by all map tasks=48947200
		Total megabyte-milliseconds taken by all reduce tasks=6153216
	Map-Reduce Framework
		Map input records=50219
		Map output records=443
		Map output bytes=7292
		Map output materialized bytes=1143
		Input split bytes=1332
		Combine input records=443
		Combine output records=60
		Reduce input groups=16
		Reduce shuffle bytes=1143
		Reduce input records=60
		Reduce output records=16
		Spilled Records=120
		Shuffled Maps =10
		Failed Shuffles=0
		Merged Map outputs=10
		GC time elapsed (ms)=6272
		CPU time spent (ms)=31480
		Physical memory (bytes) snapshot=5084336128
		Virtual memory (bytes) snapshot=28502855680
		Total committed heap usage (bytes)=5152178176
		Peak Map Physical memory (bytes)=486236160
		Peak Map Virtual memory (bytes)=2593271808
		Peak Reduce Physical memory (bytes)=245006336
		Peak Reduce Virtual memory (bytes)=2597117952
	Shuffle Errors
		BAD_ID=0
		CONNECTION=0
		IO_ERROR=0
		WRONG_LENGTH=0
		WRONG_MAP=0
		WRONG_REDUCE=0
	File Input Format Counters 
		Bytes Read=2727112
	File Output Format Counters 
		Bytes Written=461
2025-02-21 02:02:19,857 INFO client.DefaultNoHARMFailoverProxyProvider: Connecting to ResourceManager at localhost/127.0.0.1:8032
2025-02-21 02:02:19,889 INFO mapreduce.JobResourceUploader: Disabling Erasure Coding for path: /tmp/hadoop-yarn/staging/satkp/.staging/job_1740110622879_0025
2025-02-21 02:02:21,176 INFO input.FileInputFormat: Total input files to process : 1
2025-02-21 02:02:23,624 INFO mapreduce.JobSubmitter: number of splits:1
2025-02-21 02:02:24,080 INFO mapreduce.JobSubmitter: Submitting tokens for job: job_1740110622879_0025
2025-02-21 02:02:24,081 INFO mapreduce.JobSubmitter: Executing with tokens: []
2025-02-21 02:02:24,116 INFO impl.YarnClientImpl: Submitted application application_1740110622879_0025
2025-02-21 02:02:24,127 INFO mapreduce.Job: The url to track the job: http://Sathvik.:8088/proxy/application_1740110622879_0025/
2025-02-21 02:02:24,127 INFO mapreduce.Job: Running job: job_1740110622879_0025
2025-02-21 02:02:29,473 INFO mapreduce.Job: Job job_1740110622879_0025 running in uber mode : false
2025-02-21 02:02:29,474 INFO mapreduce.Job:  map 0% reduce 0%
2025-02-21 02:02:33,507 INFO mapreduce.Job:  map 100% reduce 0%
2025-02-21 02:02:39,542 INFO mapreduce.Job:  map 100% reduce 100%
2025-02-21 02:02:43,576 INFO mapreduce.Job: Job job_1740110622879_0025 completed successfully
2025-02-21 02:02:43,603 INFO mapreduce.Job: Counters: 54
	File System Counters
		FILE: Number of bytes read=285
		FILE: Number of bytes written=618247
		FILE: Number of read operations=0
		FILE: Number of large read operations=0
		FILE: Number of write operations=0
		HDFS: Number of bytes read=592
		HDFS: Number of bytes written=162
		HDFS: Number of read operations=9
		HDFS: Number of large read operations=0
		HDFS: Number of write operations=2
		HDFS: Number of bytes read erasure-coded=0
	Job Counters 
		Launched map tasks=1
		Launched reduce tasks=1
		Data-local map tasks=1
		Total time spent by all maps in occupied slots (ms)=2081
		Total time spent by all reduces in occupied slots (ms)=2983
		Total time spent by all map tasks (ms)=2081
		Total time spent by all reduce tasks (ms)=2983
		Total vcore-milliseconds taken by all map tasks=2081
		Total vcore-milliseconds taken by all reduce tasks=2983
		Total megabyte-milliseconds taken by all map tasks=2130944
		Total megabyte-milliseconds taken by all reduce tasks=3054592
	Map-Reduce Framework
		Map input records=16
		Map output records=16
		Map output bytes=247
		Map output materialized bytes=285
		Input split bytes=131
		Combine input records=0
		Combine output records=0
		Reduce input groups=15
		Reduce shuffle bytes=285
		Reduce input records=16
		Reduce output records=16
		Spilled Records=32
		Shuffled Maps =1
		Failed Shuffles=0
		Merged Map outputs=1
		GC time elapsed (ms)=196
		CPU time spent (ms)=1980
		Physical memory (bytes) snapshot=749170688
		Virtual memory (bytes) snapshot=5187313664
		Total committed heap usage (bytes)=694681600
		Peak Map Physical memory (bytes)=487030784
		Peak Map Virtual memory (bytes)=2589057024
		Peak Reduce Physical memory (bytes)=262189056
		Peak Reduce Virtual memory (bytes)=2598256640
	Shuffle Errors
		BAD_ID=0
		CONNECTION=0
		IO_ERROR=0
		WRONG_LENGTH=0
		WRONG_MAP=0
		WRONG_REDUCE=0
	File Input Format Counters 
		Bytes Read=461
	File Output Format Counters 
		Bytes Written=162
