2025-02-21 04:15:01,027 INFO client.DefaultNoHARMFailoverProxyProvider: Connecting to ResourceManager at localhost/127.0.0.1:8032
2025-02-21 04:15:01,323 INFO mapreduce.JobResourceUploader: Disabling Erasure Coding for path: /tmp/hadoop-yarn/staging/satkp/.staging/job_1740128722058_0003
2025-02-21 04:15:01,986 INFO input.FileInputFormat: Total input files to process : 10
2025-02-21 04:15:04,482 INFO mapreduce.JobSubmitter: number of splits:10
2025-02-21 04:15:04,999 INFO mapreduce.JobSubmitter: Submitting tokens for job: job_1740128722058_0003
2025-02-21 04:15:04,999 INFO mapreduce.JobSubmitter: Executing with tokens: []
2025-02-21 04:15:05,125 INFO conf.Configuration: resource-types.xml not found
2025-02-21 04:15:05,125 INFO resource.ResourceUtils: Unable to find 'resource-types.xml'.
2025-02-21 04:15:05,203 INFO impl.YarnClientImpl: Submitted application application_1740128722058_0003
2025-02-21 04:15:05,233 INFO mapreduce.Job: The url to track the job: http://Sathvik.:8088/proxy/application_1740128722058_0003/
2025-02-21 04:15:05,234 INFO mapreduce.Job: Running job: job_1740128722058_0003
2025-02-21 04:15:10,328 INFO mapreduce.Job: Job job_1740128722058_0003 running in uber mode : false
2025-02-21 04:15:10,329 INFO mapreduce.Job:  map 0% reduce 0%
2025-02-21 04:15:15,664 INFO mapreduce.Job:  map 60% reduce 0%
2025-02-21 04:15:19,701 INFO mapreduce.Job:  map 100% reduce 0%
2025-02-21 04:15:20,707 INFO mapreduce.Job:  map 100% reduce 100%
2025-02-21 04:15:25,746 INFO mapreduce.Job: Job job_1740128722058_0003 completed successfully
2025-02-21 04:15:25,831 INFO mapreduce.Job: Counters: 54
	File System Counters
		FILE: Number of bytes read=1253490
		FILE: Number of bytes written=5905440
		FILE: Number of read operations=0
		FILE: Number of large read operations=0
		FILE: Number of write operations=0
		HDFS: Number of bytes read=2728444
		HDFS: Number of bytes written=528799
		HDFS: Number of read operations=35
		HDFS: Number of large read operations=0
		HDFS: Number of write operations=2
		HDFS: Number of bytes read erasure-coded=0
	Job Counters 
		Launched map tasks=10
		Launched reduce tasks=1
		Data-local map tasks=10
		Total time spent by all maps in occupied slots (ms)=31291
		Total time spent by all reduces in occupied slots (ms)=3499
		Total time spent by all map tasks (ms)=31291
		Total time spent by all reduce tasks (ms)=3499
		Total vcore-milliseconds taken by all map tasks=31291
		Total vcore-milliseconds taken by all reduce tasks=3499
		Total megabyte-milliseconds taken by all map tasks=32041984
		Total megabyte-milliseconds taken by all reduce tasks=3582976
	Map-Reduce Framework
		Map input records=50219
		Map output records=469285
		Map output bytes=4537773
		Map output materialized bytes=1253544
		Input split bytes=1332
		Combine input records=469285
		Combine output records=87200
		Reduce input groups=47718
		Reduce shuffle bytes=1253544
		Reduce input records=87200
		Reduce output records=47718
		Spilled Records=174400
		Shuffled Maps =10
		Failed Shuffles=0
		Merged Map outputs=10
		GC time elapsed (ms)=4125
		CPU time spent (ms)=33340
		Physical memory (bytes) snapshot=4571615232
		Virtual memory (bytes) snapshot=28557238272
		Total committed heap usage (bytes)=4112515072
		Peak Map Physical memory (bytes)=521101312
		Peak Map Virtual memory (bytes)=2605719552
		Peak Reduce Physical memory (bytes)=323837952
		Peak Reduce Virtual memory (bytes)=2614075392
	Shuffle Errors
		BAD_ID=0
		CONNECTION=0
		IO_ERROR=0
		WRONG_LENGTH=0
		WRONG_MAP=0
		WRONG_REDUCE=0
	File Input Format Counters 
		Bytes Read=2727112
	File Output Format Counters 
		Bytes Written=528799
