2025-02-21 04:48:56,778 INFO client.DefaultNoHARMFailoverProxyProvider: Connecting to ResourceManager at localhost/127.0.0.1:8032
2025-02-21 04:48:57,081 INFO mapreduce.JobResourceUploader: Disabling Erasure Coding for path: /tmp/hadoop-yarn/staging/satkp/.staging/job_1740130328852_0008
2025-02-21 04:48:58,557 INFO input.FileInputFormat: Total input files to process : 300
2025-02-21 04:49:00,247 INFO mapreduce.JobSubmitter: number of splits:300
2025-02-21 04:49:01,546 INFO mapreduce.JobSubmitter: Submitting tokens for job: job_1740130328852_0008
2025-02-21 04:49:01,546 INFO mapreduce.JobSubmitter: Executing with tokens: []
2025-02-21 04:49:01,687 INFO conf.Configuration: resource-types.xml not found
2025-02-21 04:49:01,687 INFO resource.ResourceUtils: Unable to find 'resource-types.xml'.
2025-02-21 04:49:01,752 INFO impl.YarnClientImpl: Submitted application application_1740130328852_0008
2025-02-21 04:49:01,789 INFO mapreduce.Job: The url to track the job: http://Sathvik.:8088/proxy/application_1740130328852_0008/
2025-02-21 04:49:01,789 INFO mapreduce.Job: Running job: job_1740130328852_0008
2025-02-21 04:49:06,864 INFO mapreduce.Job: Job job_1740130328852_0008 running in uber mode : false
2025-02-21 04:49:06,864 INFO mapreduce.Job:  map 0% reduce 0%
2025-02-21 04:49:12,988 INFO mapreduce.Job:  map 2% reduce 0%
2025-02-21 04:49:18,060 INFO mapreduce.Job:  map 4% reduce 0%
2025-02-21 04:49:21,201 INFO mapreduce.Job:  map 5% reduce 0%
2025-02-21 04:49:22,212 INFO mapreduce.Job:  map 6% reduce 0%
2025-02-21 04:49:26,258 INFO mapreduce.Job:  map 8% reduce 0%
2025-02-21 04:49:30,300 INFO mapreduce.Job:  map 10% reduce 0%
2025-02-21 04:49:35,344 INFO mapreduce.Job:  map 12% reduce 0%
2025-02-21 04:49:40,396 INFO mapreduce.Job:  map 13% reduce 0%
2025-02-21 04:49:41,404 INFO mapreduce.Job:  map 14% reduce 0%
2025-02-21 04:49:45,447 INFO mapreduce.Job:  map 15% reduce 0%
2025-02-21 04:49:46,454 INFO mapreduce.Job:  map 16% reduce 0%
2025-02-21 04:49:50,512 INFO mapreduce.Job:  map 17% reduce 0%
2025-02-21 04:49:51,521 INFO mapreduce.Job:  map 18% reduce 0%
2025-02-21 04:49:53,736 INFO mapreduce.Job:  map 19% reduce 0%
2025-02-21 04:49:54,746 INFO mapreduce.Job:  map 20% reduce 0%
2025-02-21 04:49:59,802 INFO mapreduce.Job:  map 22% reduce 0%
2025-02-21 04:50:03,834 INFO mapreduce.Job:  map 23% reduce 0%
2025-02-21 04:50:04,852 INFO mapreduce.Job:  map 24% reduce 0%
2025-02-21 04:50:08,895 INFO mapreduce.Job:  map 25% reduce 0%
2025-02-21 04:50:09,921 INFO mapreduce.Job:  map 25% reduce 8%
2025-02-21 04:50:12,945 INFO mapreduce.Job:  map 26% reduce 8%
2025-02-21 04:50:13,951 INFO mapreduce.Job:  map 27% reduce 8%
2025-02-21 04:50:15,972 INFO mapreduce.Job:  map 27% reduce 9%
2025-02-21 04:50:19,001 INFO mapreduce.Job:  map 29% reduce 9%
2025-02-21 04:50:22,033 INFO mapreduce.Job:  map 29% reduce 10%
2025-02-21 04:50:22,204 INFO mapreduce.Job:  map 30% reduce 10%
2025-02-21 04:50:26,253 INFO mapreduce.Job:  map 31% reduce 10%
2025-02-21 04:50:27,262 INFO mapreduce.Job:  map 32% reduce 10%
2025-02-21 04:50:32,305 INFO mapreduce.Job:  map 34% reduce 11%
2025-02-21 04:50:37,363 INFO mapreduce.Job:  map 35% reduce 11%
2025-02-21 04:50:38,374 INFO mapreduce.Job:  map 35% reduce 12%
2025-02-21 04:50:42,425 INFO mapreduce.Job:  map 37% reduce 12%
2025-02-21 04:50:47,477 INFO mapreduce.Job:  map 39% reduce 12%
2025-02-21 04:50:50,508 INFO mapreduce.Job:  map 39% reduce 13%
2025-02-21 04:50:51,513 INFO mapreduce.Job:  map 40% reduce 13%
2025-02-21 04:50:53,681 INFO mapreduce.Job:  map 42% reduce 13%
2025-02-21 04:50:57,721 INFO mapreduce.Job:  map 43% reduce 13%
2025-02-21 04:50:58,727 INFO mapreduce.Job:  map 44% reduce 13%
2025-02-21 04:51:00,744 INFO mapreduce.Job:  map 44% reduce 15%
2025-02-21 04:51:01,755 INFO mapreduce.Job:  map 45% reduce 15%
2025-02-21 04:51:04,775 INFO mapreduce.Job:  map 46% reduce 15%
2025-02-21 04:51:06,788 INFO mapreduce.Job:  map 47% reduce 15%
2025-02-21 04:51:09,826 INFO mapreduce.Job:  map 48% reduce 15%
2025-02-21 04:51:10,832 INFO mapreduce.Job:  map 49% reduce 15%
2025-02-21 04:51:12,843 INFO mapreduce.Job:  map 49% reduce 16%
2025-02-21 04:51:14,862 INFO mapreduce.Job:  map 50% reduce 16%
2025-02-21 04:51:16,897 INFO mapreduce.Job:  map 51% reduce 16%
2025-02-21 04:51:18,912 INFO mapreduce.Job:  map 51% reduce 17%
2025-02-21 04:51:19,921 INFO mapreduce.Job:  map 52% reduce 17%
2025-02-21 04:51:21,944 INFO mapreduce.Job:  map 53% reduce 17%
2025-02-21 04:51:21,948 INFO mapreduce.Job:  map 54% reduce 17%
2025-02-21 04:51:22,960 INFO mapreduce.Job:  map 54% reduce 18%
2025-02-21 04:51:25,983 INFO mapreduce.Job:  map 55% reduce 18%
2025-02-21 04:51:26,989 INFO mapreduce.Job:  map 56% reduce 18%
2025-02-21 04:51:29,008 INFO mapreduce.Job:  map 56% reduce 19%
2025-02-21 04:51:31,034 INFO mapreduce.Job:  map 57% reduce 19%
2025-02-21 04:51:32,041 INFO mapreduce.Job:  map 58% reduce 19%
2025-02-21 04:51:37,086 INFO mapreduce.Job:  map 59% reduce 19%
2025-02-21 04:51:38,099 INFO mapreduce.Job:  map 60% reduce 19%
2025-02-21 04:51:40,119 INFO mapreduce.Job:  map 60% reduce 20%
2025-02-21 04:51:41,123 INFO mapreduce.Job:  map 61% reduce 20%
2025-02-21 04:51:45,144 INFO mapreduce.Job:  map 62% reduce 20%
2025-02-21 04:51:46,151 INFO mapreduce.Job:  map 63% reduce 21%
2025-02-21 04:51:50,192 INFO mapreduce.Job:  map 65% reduce 21%
2025-02-21 04:51:52,210 INFO mapreduce.Job:  map 65% reduce 22%
2025-02-21 04:51:53,387 INFO mapreduce.Job:  map 66% reduce 22%
2025-02-21 04:51:57,442 INFO mapreduce.Job:  map 67% reduce 22%
2025-02-21 04:51:58,450 INFO mapreduce.Job:  map 68% reduce 22%
2025-02-21 04:52:02,479 INFO mapreduce.Job:  map 68% reduce 23%
2025-02-21 04:52:03,486 INFO mapreduce.Job:  map 70% reduce 23%
2025-02-21 04:52:08,532 INFO mapreduce.Job:  map 71% reduce 23%
2025-02-21 04:52:12,559 INFO mapreduce.Job:  map 72% reduce 23%
2025-02-21 04:52:13,569 INFO mapreduce.Job:  map 73% reduce 23%
2025-02-21 04:52:14,591 INFO mapreduce.Job:  map 73% reduce 24%
2025-02-21 04:52:17,609 INFO mapreduce.Job:  map 75% reduce 24%
2025-02-21 04:52:20,635 INFO mapreduce.Job:  map 75% reduce 25%
2025-02-21 04:52:21,653 INFO mapreduce.Job:  map 76% reduce 25%
2025-02-21 04:52:22,806 INFO mapreduce.Job:  map 77% reduce 25%
2025-02-21 04:52:23,813 INFO mapreduce.Job:  map 78% reduce 25%
2025-02-21 04:52:24,823 INFO mapreduce.Job:  map 78% reduce 26%
2025-02-21 04:52:27,841 INFO mapreduce.Job:  map 79% reduce 26%
2025-02-21 04:52:28,871 INFO mapreduce.Job:  map 80% reduce 26%
2025-02-21 04:52:30,896 INFO mapreduce.Job:  map 80% reduce 27%
2025-02-21 04:52:31,902 INFO mapreduce.Job:  map 81% reduce 27%
2025-02-21 04:52:36,938 INFO mapreduce.Job:  map 83% reduce 27%
2025-02-21 04:52:41,977 INFO mapreduce.Job:  map 85% reduce 27%
2025-02-21 04:52:42,984 INFO mapreduce.Job:  map 85% reduce 28%
2025-02-21 04:52:47,023 INFO mapreduce.Job:  map 86% reduce 28%
2025-02-21 04:52:49,044 INFO mapreduce.Job:  map 86% reduce 29%
2025-02-21 04:52:50,052 INFO mapreduce.Job:  map 87% reduce 29%
2025-02-21 04:52:52,065 INFO mapreduce.Job:  map 88% reduce 29%
2025-02-21 04:52:55,221 INFO mapreduce.Job:  map 90% reduce 29%
2025-02-21 04:52:59,255 INFO mapreduce.Job:  map 90% reduce 30%
2025-02-21 04:53:00,261 INFO mapreduce.Job:  map 91% reduce 30%
2025-02-21 04:53:01,279 INFO mapreduce.Job:  map 92% reduce 30%
2025-02-21 04:53:05,309 INFO mapreduce.Job:  map 93% reduce 31%
2025-02-21 04:53:09,377 INFO mapreduce.Job:  map 94% reduce 31%
2025-02-21 04:53:10,384 INFO mapreduce.Job:  map 95% reduce 31%
2025-02-21 04:53:11,392 INFO mapreduce.Job:  map 95% reduce 32%
2025-02-21 04:53:14,408 INFO mapreduce.Job:  map 97% reduce 32%
2025-02-21 04:53:19,438 INFO mapreduce.Job:  map 98% reduce 32%
2025-02-21 04:53:22,451 INFO mapreduce.Job:  map 100% reduce 32%
2025-02-21 04:53:23,459 INFO mapreduce.Job:  map 100% reduce 33%
2025-02-21 04:53:24,468 INFO mapreduce.Job:  map 100% reduce 100%
2025-02-21 04:53:26,650 INFO mapreduce.Job: Job job_1740130328852_0008 completed successfully
2025-02-21 04:53:26,810 INFO mapreduce.Job: Counters: 54
	File System Counters
		FILE: Number of bytes read=32913
		FILE: Number of bytes written=93212505
		FILE: Number of read operations=0
		FILE: Number of large read operations=0
		FILE: Number of write operations=0
		HDFS: Number of bytes read=113881507
		HDFS: Number of bytes written=461
		HDFS: Number of read operations=905
		HDFS: Number of large read operations=0
		HDFS: Number of write operations=2
		HDFS: Number of bytes read erasure-coded=0
	Job Counters 
		Launched map tasks=300
		Launched reduce tasks=1
		Data-local map tasks=300
		Total time spent by all maps in occupied slots (ms)=1078015
		Total time spent by all reduces in occupied slots (ms)=209650
		Total time spent by all map tasks (ms)=1078015
		Total time spent by all reduce tasks (ms)=209650
		Total vcore-milliseconds taken by all map tasks=1078015
		Total vcore-milliseconds taken by all reduce tasks=209650
		Total megabyte-milliseconds taken by all map tasks=1103887360
		Total megabyte-milliseconds taken by all reduce tasks=214681600
	Map-Reduce Framework
		Map input records=2257447
		Map output records=27857
		Map output bytes=443009
		Map output materialized bytes=34707
		Input split bytes=40284
		Combine input records=27857
		Combine output records=1819
		Reduce input groups=16
		Reduce shuffle bytes=34707
		Reduce input records=1819
		Reduce output records=16
		Spilled Records=3638
		Shuffled Maps =300
		Failed Shuffles=0
		Merged Map outputs=300
		GC time elapsed (ms)=108653
		CPU time spent (ms)=630050
		Physical memory (bytes) snapshot=133009178624
		Virtual memory (bytes) snapshot=779576426496
		Total committed heap usage (bytes)=131091398656
		Peak Map Physical memory (bytes)=491589632
		Peak Map Virtual memory (bytes)=2595803136
		Peak Reduce Physical memory (bytes)=277037056
		Peak Reduce Virtual memory (bytes)=2598080512
	Shuffle Errors
		BAD_ID=0
		CONNECTION=0
		IO_ERROR=0
		WRONG_LENGTH=0
		WRONG_MAP=0
		WRONG_REDUCE=0
	File Input Format Counters 
		Bytes Read=113841223
	File Output Format Counters 
		Bytes Written=461
2025-02-21 04:53:26,837 INFO client.DefaultNoHARMFailoverProxyProvider: Connecting to ResourceManager at localhost/127.0.0.1:8032
2025-02-21 04:53:26,854 INFO mapreduce.JobResourceUploader: Disabling Erasure Coding for path: /tmp/hadoop-yarn/staging/satkp/.staging/job_1740130328852_0009
2025-02-21 04:53:28,088 INFO input.FileInputFormat: Total input files to process : 1
2025-02-21 04:53:29,743 INFO mapreduce.JobSubmitter: number of splits:1
2025-02-21 04:53:30,985 INFO mapreduce.JobSubmitter: Submitting tokens for job: job_1740130328852_0009
2025-02-21 04:53:30,985 INFO mapreduce.JobSubmitter: Executing with tokens: []
2025-02-21 04:53:31,006 INFO impl.YarnClientImpl: Submitted application application_1740130328852_0009
2025-02-21 04:53:31,010 INFO mapreduce.Job: The url to track the job: http://Sathvik.:8088/proxy/application_1740130328852_0009/
2025-02-21 04:53:31,011 INFO mapreduce.Job: Running job: job_1740130328852_0009
2025-02-21 04:53:37,084 INFO mapreduce.Job: Job job_1740130328852_0009 running in uber mode : false
2025-02-21 04:53:37,084 INFO mapreduce.Job:  map 0% reduce 0%
2025-02-21 04:53:41,160 INFO mapreduce.Job:  map 100% reduce 0%
2025-02-21 04:53:45,183 INFO mapreduce.Job:  map 100% reduce 100%
2025-02-21 04:53:50,220 INFO mapreduce.Job: Job job_1740130328852_0009 completed successfully
2025-02-21 04:53:50,246 INFO mapreduce.Job: Counters: 54
	File System Counters
		FILE: Number of bytes read=285
		FILE: Number of bytes written=618243
		FILE: Number of read operations=0
		FILE: Number of large read operations=0
		FILE: Number of write operations=0
		HDFS: Number of bytes read=592
		HDFS: Number of bytes written=191
		HDFS: Number of read operations=9
		HDFS: Number of large read operations=0
		HDFS: Number of write operations=2
		HDFS: Number of bytes read erasure-coded=0
	Job Counters 
		Launched map tasks=1
		Launched reduce tasks=1
		Data-local map tasks=1
		Total time spent by all maps in occupied slots (ms)=1650
		Total time spent by all reduces in occupied slots (ms)=2040
		Total time spent by all map tasks (ms)=1650
		Total time spent by all reduce tasks (ms)=2040
		Total vcore-milliseconds taken by all map tasks=1650
		Total vcore-milliseconds taken by all reduce tasks=2040
		Total megabyte-milliseconds taken by all map tasks=1689600
		Total megabyte-milliseconds taken by all reduce tasks=2088960
	Map-Reduce Framework
		Map input records=16
		Map output records=16
		Map output bytes=247
		Map output materialized bytes=285
		Input split bytes=131
		Combine input records=0
		Combine output records=0
		Reduce input groups=16
		Reduce shuffle bytes=285
		Reduce input records=16
		Reduce output records=16
		Spilled Records=32
		Shuffled Maps =1
		Failed Shuffles=0
		Merged Map outputs=1
		GC time elapsed (ms)=105
		CPU time spent (ms)=840
		Physical memory (bytes) snapshot=595161088
		Virtual memory (bytes) snapshot=5185290240
		Total committed heap usage (bytes)=459800576
		Peak Map Physical memory (bytes)=331165696
		Peak Map Virtual memory (bytes)=2588733440
		Peak Reduce Physical memory (bytes)=263995392
		Peak Reduce Virtual memory (bytes)=2596556800
	Shuffle Errors
		BAD_ID=0
		CONNECTION=0
		IO_ERROR=0
		WRONG_LENGTH=0
		WRONG_MAP=0
		WRONG_REDUCE=0
	File Input Format Counters 
		Bytes Read=461
	File Output Format Counters 
		Bytes Written=191
