2025-02-21 04:17:32,410 INFO client.DefaultNoHARMFailoverProxyProvider: Connecting to ResourceManager at localhost/127.0.0.1:8032
2025-02-21 04:17:32,747 INFO mapreduce.JobResourceUploader: Disabling Erasure Coding for path: /tmp/hadoop-yarn/staging/satkp/.staging/job_1740128722058_0005
2025-02-21 04:17:33,516 INFO input.FileInputFormat: Total input files to process : 300
2025-02-21 04:17:35,228 INFO mapreduce.JobSubmitter: number of splits:300
2025-02-21 04:17:36,536 INFO mapreduce.JobSubmitter: Submitting tokens for job: job_1740128722058_0005
2025-02-21 04:17:36,536 INFO mapreduce.JobSubmitter: Executing with tokens: []
2025-02-21 04:17:36,671 INFO conf.Configuration: resource-types.xml not found
2025-02-21 04:17:36,671 INFO resource.ResourceUtils: Unable to find 'resource-types.xml'.
2025-02-21 04:17:36,731 INFO impl.YarnClientImpl: Submitted application application_1740128722058_0005
2025-02-21 04:17:36,763 INFO mapreduce.Job: The url to track the job: http://Sathvik.:8088/proxy/application_1740128722058_0005/
2025-02-21 04:17:36,764 INFO mapreduce.Job: Running job: job_1740128722058_0005
2025-02-21 04:17:41,880 INFO mapreduce.Job: Job job_1740128722058_0005 running in uber mode : false
2025-02-21 04:17:41,881 INFO mapreduce.Job:  map 0% reduce 0%
2025-02-21 04:17:47,177 INFO mapreduce.Job:  map 2% reduce 0%
2025-02-21 04:17:54,383 INFO mapreduce.Job:  map 3% reduce 0%
2025-02-21 04:17:55,393 INFO mapreduce.Job:  map 4% reduce 0%
2025-02-21 04:18:02,562 INFO mapreduce.Job:  map 6% reduce 0%
2025-02-21 04:18:09,655 INFO mapreduce.Job:  map 8% reduce 0%
2025-02-21 04:18:12,853 INFO mapreduce.Job:  map 10% reduce 0%
2025-02-21 04:18:17,911 INFO mapreduce.Job:  map 11% reduce 0%
2025-02-21 04:18:18,920 INFO mapreduce.Job:  map 12% reduce 0%
2025-02-21 04:18:23,982 INFO mapreduce.Job:  map 13% reduce 0%
2025-02-21 04:18:24,991 INFO mapreduce.Job:  map 14% reduce 0%
2025-02-21 04:18:29,030 INFO mapreduce.Job:  map 15% reduce 0%
2025-02-21 04:18:30,036 INFO mapreduce.Job:  map 16% reduce 0%
2025-02-21 04:18:34,078 INFO mapreduce.Job:  map 17% reduce 0%
2025-02-21 04:18:36,101 INFO mapreduce.Job:  map 18% reduce 0%
2025-02-21 04:18:39,150 INFO mapreduce.Job:  map 19% reduce 0%
2025-02-21 04:18:42,178 INFO mapreduce.Job:  map 20% reduce 0%
2025-02-21 04:18:43,313 INFO mapreduce.Job:  map 21% reduce 0%
2025-02-21 04:18:44,320 INFO mapreduce.Job:  map 22% reduce 0%
2025-02-21 04:18:48,345 INFO mapreduce.Job:  map 23% reduce 0%
2025-02-21 04:18:49,351 INFO mapreduce.Job:  map 24% reduce 0%
2025-02-21 04:18:50,357 INFO mapreduce.Job:  map 24% reduce 8%
2025-02-21 04:18:53,396 INFO mapreduce.Job:  map 25% reduce 8%
2025-02-21 04:18:56,427 INFO mapreduce.Job:  map 26% reduce 8%
2025-02-21 04:18:58,440 INFO mapreduce.Job:  map 27% reduce 8%
2025-02-21 04:19:00,452 INFO mapreduce.Job:  map 28% reduce 8%
2025-02-21 04:19:02,468 INFO mapreduce.Job:  map 28% reduce 9%
2025-02-21 04:19:03,475 INFO mapreduce.Job:  map 29% reduce 9%
2025-02-21 04:19:06,507 INFO mapreduce.Job:  map 30% reduce 9%
2025-02-21 04:19:08,520 INFO mapreduce.Job:  map 30% reduce 10%
2025-02-21 04:19:09,533 INFO mapreduce.Job:  map 31% reduce 10%
2025-02-21 04:19:11,550 INFO mapreduce.Job:  map 32% reduce 10%
2025-02-21 04:19:14,569 INFO mapreduce.Job:  map 33% reduce 11%
2025-02-21 04:19:13,670 INFO mapreduce.Job:  map 34% reduce 11%
2025-02-21 04:19:16,705 INFO mapreduce.Job:  map 35% reduce 11%
2025-02-21 04:19:18,715 INFO mapreduce.Job:  map 35% reduce 12%
2025-02-21 04:19:20,725 INFO mapreduce.Job:  map 37% reduce 12%
2025-02-21 04:19:24,756 INFO mapreduce.Job:  map 38% reduce 12%
2025-02-21 04:19:25,760 INFO mapreduce.Job:  map 39% reduce 12%
2025-02-21 04:19:28,781 INFO mapreduce.Job:  map 40% reduce 12%
2025-02-21 04:19:30,793 INFO mapreduce.Job:  map 40% reduce 13%
2025-02-21 04:19:31,804 INFO mapreduce.Job:  map 41% reduce 13%
2025-02-21 04:19:32,809 INFO mapreduce.Job:  map 42% reduce 13%
2025-02-21 04:19:36,857 INFO mapreduce.Job:  map 43% reduce 14%
2025-02-21 04:19:37,863 INFO mapreduce.Job:  map 44% reduce 14%
2025-02-21 04:19:41,896 INFO mapreduce.Job:  map 45% reduce 14%
2025-02-21 04:19:42,914 INFO mapreduce.Job:  map 45% reduce 15%
2025-02-21 04:19:44,925 INFO mapreduce.Job:  map 46% reduce 15%
2025-02-21 04:19:44,098 INFO mapreduce.Job:  map 47% reduce 15%
2025-02-21 04:19:47,114 INFO mapreduce.Job:  map 48% reduce 16%
2025-02-21 04:19:48,119 INFO mapreduce.Job:  map 49% reduce 16%
2025-02-21 04:19:52,139 INFO mapreduce.Job:  map 50% reduce 16%
2025-02-21 04:19:55,154 INFO mapreduce.Job:  map 51% reduce 16%
2025-02-21 04:19:56,162 INFO mapreduce.Job:  map 52% reduce 16%
2025-02-21 04:19:59,179 INFO mapreduce.Job:  map 53% reduce 17%
2025-02-21 04:20:01,190 INFO mapreduce.Job:  map 54% reduce 17%
2025-02-21 04:20:05,241 INFO mapreduce.Job:  map 55% reduce 18%
2025-02-21 04:20:08,255 INFO mapreduce.Job:  map 56% reduce 18%
2025-02-21 04:20:09,261 INFO mapreduce.Job:  map 57% reduce 18%
2025-02-21 04:20:11,271 INFO mapreduce.Job:  map 57% reduce 19%
2025-02-21 04:20:12,277 INFO mapreduce.Job:  map 58% reduce 19%
2025-02-21 04:20:13,281 INFO mapreduce.Job:  map 59% reduce 19%
2025-02-21 04:20:15,453 INFO mapreduce.Job:  map 60% reduce 20%
2025-02-21 04:20:18,468 INFO mapreduce.Job:  map 61% reduce 20%
2025-02-21 04:20:19,473 INFO mapreduce.Job:  map 62% reduce 20%
2025-02-21 04:20:21,483 INFO mapreduce.Job:  map 62% reduce 21%
2025-02-21 04:20:22,489 INFO mapreduce.Job:  map 63% reduce 21%
2025-02-21 04:20:24,502 INFO mapreduce.Job:  map 64% reduce 21%
2025-02-21 04:20:27,518 INFO mapreduce.Job:  map 65% reduce 21%
2025-02-21 04:20:30,553 INFO mapreduce.Job:  map 66% reduce 21%
2025-02-21 04:20:31,557 INFO mapreduce.Job:  map 67% reduce 21%
2025-02-21 04:20:33,568 INFO mapreduce.Job:  map 67% reduce 22%
2025-02-21 04:20:34,574 INFO mapreduce.Job:  map 68% reduce 22%
2025-02-21 04:20:35,580 INFO mapreduce.Job:  map 69% reduce 22%
2025-02-21 04:20:39,601 INFO mapreduce.Job:  map 70% reduce 23%
2025-02-21 04:20:42,617 INFO mapreduce.Job:  map 71% reduce 23%
2025-02-21 04:20:43,625 INFO mapreduce.Job:  map 72% reduce 23%
2025-02-21 04:20:45,636 INFO mapreduce.Job:  map 72% reduce 24%
2025-02-21 04:20:44,752 INFO mapreduce.Job:  map 73% reduce 24%
2025-02-21 04:20:45,756 INFO mapreduce.Job:  map 74% reduce 24%
2025-02-21 04:20:49,776 INFO mapreduce.Job:  map 75% reduce 25%
2025-02-21 04:20:52,790 INFO mapreduce.Job:  map 76% reduce 25%
2025-02-21 04:20:53,795 INFO mapreduce.Job:  map 77% reduce 25%
2025-02-21 04:20:55,805 INFO mapreduce.Job:  map 77% reduce 26%
2025-02-21 04:20:56,810 INFO mapreduce.Job:  map 78% reduce 26%
2025-02-21 04:20:57,815 INFO mapreduce.Job:  map 79% reduce 26%
2025-02-21 04:21:02,856 INFO mapreduce.Job:  map 80% reduce 26%
2025-02-21 04:21:04,866 INFO mapreduce.Job:  map 81% reduce 26%
2025-02-21 04:21:06,875 INFO mapreduce.Job:  map 82% reduce 26%
2025-02-21 04:21:07,881 INFO mapreduce.Job:  map 82% reduce 27%
2025-02-21 04:21:08,887 INFO mapreduce.Job:  map 83% reduce 27%
2025-02-21 04:21:10,897 INFO mapreduce.Job:  map 84% reduce 27%
2025-02-21 04:21:13,911 INFO mapreduce.Job:  map 84% reduce 28%
2025-02-21 04:21:14,916 INFO mapreduce.Job:  map 86% reduce 28%
2025-02-21 04:21:18,061 INFO mapreduce.Job:  map 87% reduce 29%
2025-02-21 04:21:19,069 INFO mapreduce.Job:  map 88% reduce 29%
2025-02-21 04:21:23,096 INFO mapreduce.Job:  map 89% reduce 29%
2025-02-21 04:21:24,102 INFO mapreduce.Job:  map 89% reduce 30%
2025-02-21 04:21:27,131 INFO mapreduce.Job:  map 90% reduce 30%
2025-02-21 04:21:28,137 INFO mapreduce.Job:  map 91% reduce 30%
2025-02-21 04:21:32,162 INFO mapreduce.Job:  map 92% reduce 30%
2025-02-21 04:21:33,167 INFO mapreduce.Job:  map 93% reduce 30%
2025-02-21 04:21:36,180 INFO mapreduce.Job:  map 94% reduce 31%
2025-02-21 04:21:37,186 INFO mapreduce.Job:  map 95% reduce 31%
2025-02-21 04:21:40,199 INFO mapreduce.Job:  map 96% reduce 31%
2025-02-21 04:21:42,229 INFO mapreduce.Job:  map 96% reduce 32%
2025-02-21 04:21:44,238 INFO mapreduce.Job:  map 98% reduce 32%
2025-02-21 04:21:46,426 INFO mapreduce.Job:  map 100% reduce 33%
2025-02-21 04:21:52,453 INFO mapreduce.Job:  map 100% reduce 69%
2025-02-21 04:21:53,459 INFO mapreduce.Job:  map 100% reduce 100%
2025-02-21 04:21:57,479 INFO mapreduce.Job: Job job_1740128722058_0005 completed successfully
2025-02-21 04:21:57,567 INFO mapreduce.Job: Counters: 55
	File System Counters
		FILE: Number of bytes read=47088034
		FILE: Number of bytes written=187173752
		FILE: Number of read operations=0
		FILE: Number of large read operations=0
		FILE: Number of write operations=0
		HDFS: Number of bytes read=113881507
		HDFS: Number of bytes written=7317872
		HDFS: Number of read operations=905
		HDFS: Number of large read operations=0
		HDFS: Number of write operations=2
		HDFS: Number of bytes read erasure-coded=0
	Job Counters 
		Killed map tasks=1
		Launched map tasks=300
		Launched reduce tasks=1
		Data-local map tasks=300
		Total time spent by all maps in occupied slots (ms)=1038164
		Total time spent by all reduces in occupied slots (ms)=196001
		Total time spent by all map tasks (ms)=1038164
		Total time spent by all reduce tasks (ms)=196001
		Total vcore-milliseconds taken by all map tasks=1038164
		Total vcore-milliseconds taken by all reduce tasks=196001
		Total megabyte-milliseconds taken by all map tasks=1063079936
		Total megabyte-milliseconds taken by all reduce tasks=200705024
	Map-Reduce Framework
		Map input records=2257447
		Map output records=19408177
		Map output bytes=187984758
		Map output materialized bytes=47089828
		Input split bytes=40284
		Combine input records=19408177
		Combine output records=3273569
		Reduce input groups=602544
		Reduce shuffle bytes=47089828
		Reduce input records=3273569
		Reduce output records=602544
		Spilled Records=6547138
		Shuffled Maps =300
		Failed Shuffles=0
		Merged Map outputs=300
		GC time elapsed (ms)=74938
		CPU time spent (ms)=795880
		Physical memory (bytes) snapshot=130014199808
		Virtual memory (bytes) snapshot=781505691648
		Total committed heap usage (bytes)=117905031168
		Peak Map Physical memory (bytes)=599941120
		Peak Map Virtual memory (bytes)=2607058944
		Peak Reduce Physical memory (bytes)=455643136
		Peak Reduce Virtual memory (bytes)=2610634752
	Shuffle Errors
		BAD_ID=0
		CONNECTION=0
		IO_ERROR=0
		WRONG_LENGTH=0
		WRONG_MAP=0
		WRONG_REDUCE=0
	File Input Format Counters 
		Bytes Read=113841223
	File Output Format Counters 
		Bytes Written=7317872
