Linux 5.15.167.4-microsoft-standard-WSL2 (Sathvik) 	02/21/25 	_x86_64_	(16 CPU)

03:22:42        CPU     %user     %nice   %system   %iowait    %steal     %idle
03:22:43        all     14.40      0.00      2.01      0.00      0.00     83.58

03:22:42          tps      rtps      wtps      dtps   bread/s   bwrtn/s   bdscd/s
03:22:43         0.00      0.00      0.00      0.00      0.00      0.00      0.00

03:22:42    kbmemfree   kbavail kbmemused  %memused kbbuffers  kbcached  kbcommit   %commit  kbactive   kbinact   kbdirty
03:22:43      3479144   4214616   3369988     42.23     57868    808472   6806776     67.55    448540   3468508      1116

03:22:42          DEV       tps     rkB/s     wkB/s     dkB/s   areq-sz    aqu-sz     await     %util
03:22:43          sda      0.00      0.00      0.00      0.00      0.00      0.00      0.00      0.00
03:22:43          sdb      0.00      0.00      0.00      0.00      0.00      0.00      0.00      0.00
03:22:43          sdc      0.00      0.00      0.00      0.00      0.00      0.00      0.00      0.00

03:22:42        IFACE   rxpck/s   txpck/s    rxkB/s    txkB/s   rxcmp/s   txcmp/s  rxmcst/s   %ifutil
03:22:43           lo     13.00     13.00    394.51    394.51      0.00      0.00      0.00      0.00
03:22:43         eth0      0.00      0.00      0.00      0.00      0.00      0.00      0.00      0.00

03:22:43        CPU     %user     %nice   %system   %iowait    %steal     %idle
03:22:44        all      6.47      0.00      0.88      0.13      0.00     92.53

03:22:43          tps      rtps      wtps      dtps   bread/s   bwrtn/s   bdscd/s
03:22:44        41.58      2.97     38.61      0.00     47.52   2772.28      0.00

03:22:43    kbmemfree   kbavail kbmemused  %memused kbbuffers  kbcached  kbcommit   %commit  kbactive   kbinact   kbdirty
03:22:44      3388712   4124500   3460096     43.36     57868    808792   6924824     68.72    449196   3552820        52

03:22:43          DEV       tps     rkB/s     wkB/s     dkB/s   areq-sz    aqu-sz     await     %util
03:22:44          sda      0.00      0.00      0.00      0.00      0.00      0.00      0.00      0.00
03:22:44          sdb      0.00      0.00      0.00      0.00      0.00      0.00      0.00      0.00
03:22:44          sdc     41.58     23.76   1386.14      0.00     33.90      0.05      0.90     10.89

03:22:43        IFACE   rxpck/s   txpck/s    rxkB/s    txkB/s   rxcmp/s   txcmp/s  rxmcst/s   %ifutil
03:22:44           lo     97.03     97.03    674.43    674.43      0.00      0.00      0.00      0.00
03:22:44         eth0      0.00      0.00      0.00      0.00      0.00      0.00      0.00      0.00

03:22:44        CPU     %user     %nice   %system   %iowait    %steal     %idle
03:22:44        all      0.62      0.00      0.50      0.00      0.00     98.88

03:22:44          tps      rtps      wtps      dtps   bread/s   bwrtn/s   bdscd/s
03:22:44        12.00      0.00     10.00      2.00      0.00    712.00    128.00

03:22:44    kbmemfree   kbavail kbmemused  %memused kbbuffers  kbcached  kbcommit   %commit  kbactive   kbinact   kbdirty
03:22:44      3388356   4124156   3460428     43.37     57876    808808   6927888     68.75    449200   3554132       500

03:22:44          DEV       tps     rkB/s     wkB/s     dkB/s   areq-sz    aqu-sz     await     %util
03:22:44          sda      0.00      0.00      0.00      0.00      0.00      0.00      0.00      0.00
03:22:44          sdb      0.00      0.00      0.00      0.00      0.00      0.00      0.00      0.00
03:22:44          sdc     12.00      0.00    356.00     64.00     35.00      0.02      0.83      3.00

03:22:44        IFACE   rxpck/s   txpck/s    rxkB/s    txkB/s   rxcmp/s   txcmp/s  rxmcst/s   %ifutil
03:22:44           lo     48.00     48.00    406.68    406.68      0.00      0.00      0.00      0.00
03:22:44         eth0      1.00      1.00      0.09      0.09      0.00      0.00      0.00      0.00

03:22:44        CPU     %user     %nice   %system   %iowait    %steal     %idle
03:22:45        all      0.06      0.00      0.13      0.06      0.00     99.75

03:22:44          tps      rtps      wtps      dtps   bread/s   bwrtn/s   bdscd/s
03:22:45         8.00      0.00      8.00      0.00      0.00     32.00      0.00

03:22:44    kbmemfree   kbavail kbmemused  %memused kbbuffers  kbcached  kbcommit   %commit  kbactive   kbinact   kbdirty
03:22:45      3388104   4123912   3460672     43.37     57876    808816   6927952     68.75    449200   3554280       508

03:22:44          DEV       tps     rkB/s     wkB/s     dkB/s   areq-sz    aqu-sz     await     %util
03:22:45          sda      0.00      0.00      0.00      0.00      0.00      0.00      0.00      0.00
03:22:45          sdb      0.00      0.00      0.00      0.00      0.00      0.00      0.00      0.00
03:22:45          sdc      8.00      0.00     16.00      0.00      2.00      0.01      0.88      2.00

03:22:44        IFACE   rxpck/s   txpck/s    rxkB/s    txkB/s   rxcmp/s   txcmp/s  rxmcst/s   %ifutil
03:22:45           lo     45.00     45.00    399.03    399.03      0.00      0.00      0.00      0.00
03:22:45         eth0      0.00      0.00      0.00      0.00      0.00      0.00      0.00      0.00

03:22:45        CPU     %user     %nice   %system   %iowait    %steal     %idle
03:22:46        all      2.62      0.00      0.31      0.06      0.00     97.00

03:22:45          tps      rtps      wtps      dtps   bread/s   bwrtn/s   bdscd/s
03:22:46         6.00      0.00      6.00      0.00      0.00     24.00      0.00

03:22:45    kbmemfree   kbavail kbmemused  %memused kbbuffers  kbcached  kbcommit   %commit  kbactive   kbinact   kbdirty
03:22:46      3378152   4114240   3470332     43.49     57876    809108   6930712     68.78    449220   3566088       816

03:22:45          DEV       tps     rkB/s     wkB/s     dkB/s   areq-sz    aqu-sz     await     %util
03:22:46          sda      0.00      0.00      0.00      0.00      0.00      0.00      0.00      0.00
03:22:46          sdb      0.00      0.00      0.00      0.00      0.00      0.00      0.00      0.00
03:22:46          sdc      6.00      0.00     12.00      0.00      2.00      0.01      1.50      3.00

03:22:45        IFACE   rxpck/s   txpck/s    rxkB/s    txkB/s   rxcmp/s   txcmp/s  rxmcst/s   %ifutil
03:22:46           lo     61.00     61.00    660.66    660.66      0.00      0.00      0.00      0.00
03:22:46         eth0      0.00      0.00      0.00      0.00      0.00      0.00      0.00      0.00

03:22:46        CPU     %user     %nice   %system   %iowait    %steal     %idle
03:22:47        all     12.85      0.00      1.89      0.00      0.00     85.26

03:22:46          tps      rtps      wtps      dtps   bread/s   bwrtn/s   bdscd/s
03:22:47        16.00     14.00      2.00      0.00    160.00      8.00      0.00

03:22:46    kbmemfree   kbavail kbmemused  %memused kbbuffers  kbcached  kbcommit   %commit  kbactive   kbinact   kbdirty
03:22:47      3208728   3945772   3638828     45.60     57880    809896   7229712     71.75    449472   3738728      1532

03:22:46          DEV       tps     rkB/s     wkB/s     dkB/s   areq-sz    aqu-sz     await     %util
03:22:47          sda      0.00      0.00      0.00      0.00      0.00      0.00      0.00      0.00
03:22:47          sdb      0.00      0.00      0.00      0.00      0.00      0.00      0.00      0.00
03:22:47          sdc     16.00     80.00      4.00      0.00      5.25      0.01      0.56      6.00

03:22:46        IFACE   rxpck/s   txpck/s    rxkB/s    txkB/s   rxcmp/s   txcmp/s  rxmcst/s   %ifutil
03:22:47           lo    198.00    198.00    964.65    964.65      0.00      0.00      0.00      0.00
03:22:47         eth0      0.00      0.00      0.00      0.00      0.00      0.00      0.00      0.00

03:22:47        CPU     %user     %nice   %system   %iowait    %steal     %idle
03:22:48        all     11.27      0.00      1.91      0.00      0.00     86.82

03:22:47          tps      rtps      wtps      dtps   bread/s   bwrtn/s   bdscd/s
03:22:48        76.00      2.00     74.00      0.00     16.00   2920.00      0.00

03:22:47    kbmemfree   kbavail kbmemused  %memused kbbuffers  kbcached  kbcommit   %commit  kbactive   kbinact   kbdirty
03:22:48      3095280   3832372   3752224     47.02     57888    809940   7424008     73.68    449864   3852648       184

03:22:47          DEV       tps     rkB/s     wkB/s     dkB/s   areq-sz    aqu-sz     await     %util
03:22:48          sda      0.00      0.00      0.00      0.00      0.00      0.00      0.00      0.00
03:22:48          sdb      0.00      0.00      0.00      0.00      0.00      0.00      0.00      0.00
03:22:48          sdc     76.00      8.00   1460.00      0.00     19.32      0.19      2.50      1.00

03:22:47        IFACE   rxpck/s   txpck/s    rxkB/s    txkB/s   rxcmp/s   txcmp/s  rxmcst/s   %ifutil
03:22:48           lo     52.00     52.00    400.76    400.76      0.00      0.00      0.00      0.00
03:22:48         eth0      0.00      0.00      0.00      0.00      0.00      0.00      0.00      0.00

03:22:48        CPU     %user     %nice   %system   %iowait    %steal     %idle
03:22:49        all     14.50      0.00      1.95      0.19      0.00     83.36

03:22:48          tps      rtps      wtps      dtps   bread/s   bwrtn/s   bdscd/s
03:22:49        33.00     31.00      2.00      0.00    416.00    792.00      0.00

03:22:48    kbmemfree   kbavail kbmemused  %memused kbbuffers  kbcached  kbcommit   %commit  kbactive   kbinact   kbdirty
03:22:49      2980952   3718320   3866512     48.46     57912    809952   7579488     75.22    451676   3970284       516

03:22:48          DEV       tps     rkB/s     wkB/s     dkB/s   areq-sz    aqu-sz     await     %util
03:22:49          sda      0.00      0.00      0.00      0.00      0.00      0.00      0.00      0.00
03:22:49          sdb      0.00      0.00      0.00      0.00      0.00      0.00      0.00      0.00
03:22:49          sdc     33.00    208.00    396.00      0.00     18.30      0.03      0.67      6.00

03:22:48        IFACE   rxpck/s   txpck/s    rxkB/s    txkB/s   rxcmp/s   txcmp/s  rxmcst/s   %ifutil
03:22:49           lo     56.00     56.00    400.40    400.40      0.00      0.00      0.00      0.00
03:22:49         eth0      1.00      1.00      0.04      0.04      0.00      0.00      0.00      0.00

03:22:49        CPU     %user     %nice   %system   %iowait    %steal     %idle
03:22:50        all     25.79      0.00      2.40      0.06      0.00     71.74

03:22:49          tps      rtps      wtps      dtps   bread/s   bwrtn/s   bdscd/s
03:22:50        17.00      9.00      8.00      0.00    112.00     32.00      0.00

03:22:49    kbmemfree   kbavail kbmemused  %memused kbbuffers  kbcached  kbcommit   %commit  kbactive   kbinact   kbdirty
03:22:50      2793100   3530840   4053752     50.80     57912    810560   7654092     75.96    452756   4152108       880

03:22:49          DEV       tps     rkB/s     wkB/s     dkB/s   areq-sz    aqu-sz     await     %util
03:22:50          sda      0.00      0.00      0.00      0.00      0.00      0.00      0.00      0.00
03:22:50          sdb      0.00      0.00      0.00      0.00      0.00      0.00      0.00      0.00
03:22:50          sdc     17.00     56.00     16.00      0.00      4.24      0.02      0.88      8.00

03:22:49        IFACE   rxpck/s   txpck/s    rxkB/s    txkB/s   rxcmp/s   txcmp/s  rxmcst/s   %ifutil
03:22:50           lo     81.00     81.00    704.33    704.33      0.00      0.00      0.00      0.00
03:22:50         eth0      0.00      0.00      0.00      0.00      0.00      0.00      0.00      0.00

03:22:50        CPU     %user     %nice   %system   %iowait    %steal     %idle
03:22:51        all      0.88      0.00      0.19      0.00      0.00     98.94

03:22:50          tps      rtps      wtps      dtps   bread/s   bwrtn/s   bdscd/s
03:22:51         2.00      2.00      0.00      0.00     16.00      0.00      0.00

03:22:50    kbmemfree   kbavail kbmemused  %memused kbbuffers  kbcached  kbcommit   %commit  kbactive   kbinact   kbdirty
03:22:51      2788504   3526256   4058328     50.86     57912    810580   7655660     75.98    452768   4154948       896

03:22:50          DEV       tps     rkB/s     wkB/s     dkB/s   areq-sz    aqu-sz     await     %util
03:22:51          sda      0.00      0.00      0.00      0.00      0.00      0.00      0.00      0.00
03:22:51          sdb      0.00      0.00      0.00      0.00      0.00      0.00      0.00      0.00
03:22:51          sdc      2.00      8.00      0.00      0.00      4.00      0.00      1.50      1.00

03:22:50        IFACE   rxpck/s   txpck/s    rxkB/s    txkB/s   rxcmp/s   txcmp/s  rxmcst/s   %ifutil
03:22:51           lo     37.00     37.00    398.71    398.71      0.00      0.00      0.00      0.00
03:22:51         eth0      0.00      0.00      0.00      0.00      0.00      0.00      0.00      0.00

03:22:51        CPU     %user     %nice   %system   %iowait    %steal     %idle
03:22:52        all      4.50      0.00      1.38      0.00      0.00     94.12

03:22:51          tps      rtps      wtps      dtps   bread/s   bwrtn/s   bdscd/s
03:22:52         3.00      1.00      2.00      0.00      8.00      8.00      0.00

03:22:51    kbmemfree   kbavail kbmemused  %memused kbbuffers  kbcached  kbcommit   %commit  kbactive   kbinact   kbdirty
03:22:52      2734748   3473296   4111284     51.52     57920    810604   9034048     89.65    452952   4197012       936

03:22:51          DEV       tps     rkB/s     wkB/s     dkB/s   areq-sz    aqu-sz     await     %util
03:22:52          sda      0.00      0.00      0.00      0.00      0.00      0.00      0.00      0.00
03:22:52          sdb      0.00      0.00      0.00      0.00      0.00      0.00      0.00      0.00
03:22:52          sdc      3.00      4.00      4.00      0.00      2.67      0.01      2.00      3.00

03:22:51        IFACE   rxpck/s   txpck/s    rxkB/s    txkB/s   rxcmp/s   txcmp/s  rxmcst/s   %ifutil
03:22:52           lo    129.00    129.00    423.63    423.63      0.00      0.00      0.00      0.00
03:22:52         eth0      0.00      0.00      0.00      0.00      0.00      0.00      0.00      0.00

03:22:52        CPU     %user     %nice   %system   %iowait    %steal     %idle
03:22:53        all     62.89      0.00      6.91      0.00      0.00     30.20

03:22:52          tps      rtps      wtps      dtps   bread/s   bwrtn/s   bdscd/s
03:22:53         0.00      0.00      0.00      0.00      0.00      0.00      0.00

03:22:52    kbmemfree   kbavail kbmemused  %memused kbbuffers  kbcached  kbcommit   %commit  kbactive   kbinact   kbdirty
03:22:53      2298320   3037912   4545708     56.97     57920    811252   9355168     92.84    453080   4632652      1528

03:22:52          DEV       tps     rkB/s     wkB/s     dkB/s   areq-sz    aqu-sz     await     %util
03:22:53          sda      0.00      0.00      0.00      0.00      0.00      0.00      0.00      0.00
03:22:53          sdb      0.00      0.00      0.00      0.00      0.00      0.00      0.00      0.00
03:22:53          sdc      0.00      0.00      0.00      0.00      0.00      0.00      0.00      0.00

03:22:52        IFACE   rxpck/s   txpck/s    rxkB/s    txkB/s   rxcmp/s   txcmp/s  rxmcst/s   %ifutil
03:22:53           lo     24.00     24.00    397.15    397.15      0.00      0.00      0.00      0.00
03:22:53         eth0      0.00      0.00      0.00      0.00      0.00      0.00      0.00      0.00

03:22:53        CPU     %user     %nice   %system   %iowait    %steal     %idle
03:22:54        all     64.13      0.00      8.76      0.06      0.00     27.05

03:22:53          tps      rtps      wtps      dtps   bread/s   bwrtn/s   bdscd/s
03:22:54        75.00      0.00     75.00      0.00      0.00   4160.00      0.00

03:22:53    kbmemfree   kbavail kbmemused  %memused kbbuffers  kbcached  kbcommit   %commit  kbactive   kbinact   kbdirty
03:22:54      1972476   2712360   4871008     61.05     57928    811364   9741304     96.67    453140   4953852       852

03:22:53          DEV       tps     rkB/s     wkB/s     dkB/s   areq-sz    aqu-sz     await     %util
03:22:54          sda      0.00      0.00      0.00      0.00      0.00      0.00      0.00      0.00
03:22:54          sdb      0.00      0.00      0.00      0.00      0.00      0.00      0.00      0.00
03:22:54          sdc     75.00      0.00   2080.00      0.00     27.73      0.20      2.57      3.00

03:22:53        IFACE   rxpck/s   txpck/s    rxkB/s    txkB/s   rxcmp/s   txcmp/s  rxmcst/s   %ifutil
03:22:54           lo     96.00     96.00    409.22    409.22      0.00      0.00      0.00      0.00
03:22:54         eth0      0.00      0.00      0.00      0.00      0.00      0.00      0.00      0.00

03:22:54        CPU     %user     %nice   %system   %iowait    %steal     %idle
03:22:55        all     69.67      0.00      6.75      0.00      0.00     23.58

03:22:54          tps      rtps      wtps      dtps   bread/s   bwrtn/s   bdscd/s
03:22:55         0.00      0.00      0.00      0.00      0.00      0.00      0.00

03:22:54    kbmemfree   kbavail kbmemused  %memused kbbuffers  kbcached  kbcommit   %commit  kbactive   kbinact   kbdirty
03:22:55      1639752   2382140   5200988     65.18     57928    813344   9789808     97.15    453140   5279932      2856

03:22:54          DEV       tps     rkB/s     wkB/s     dkB/s   areq-sz    aqu-sz     await     %util
03:22:55          sda      0.00      0.00      0.00      0.00      0.00      0.00      0.00      0.00
03:22:55          sdb      0.00      0.00      0.00      0.00      0.00      0.00      0.00      0.00
03:22:55          sdc      0.00      0.00      0.00      0.00      0.00      0.00      0.00      0.00

03:22:54        IFACE   rxpck/s   txpck/s    rxkB/s    txkB/s   rxcmp/s   txcmp/s  rxmcst/s   %ifutil
03:22:55           lo     61.00     61.00    403.20    403.20      0.00      0.00      0.00      0.00
03:22:55         eth0      0.00      0.00      0.00      0.00      0.00      0.00      0.00      0.00

03:22:55        CPU     %user     %nice   %system   %iowait    %steal     %idle
03:22:56        all     74.68      0.00     11.62      0.06      0.00     13.64

03:22:55          tps      rtps      wtps      dtps   bread/s   bwrtn/s   bdscd/s
03:22:56        17.00     17.00      0.00      0.00   4632.00      0.00      0.00

03:22:55    kbmemfree   kbavail kbmemused  %memused kbbuffers  kbcached  kbcommit   %commit  kbactive   kbinact   kbdirty
03:22:56       521960   1266020   6316900     79.17     57928    815444  11327888    112.42    455204   6391548      2880

03:22:55          DEV       tps     rkB/s     wkB/s     dkB/s   areq-sz    aqu-sz     await     %util
03:22:56          sda      0.00      0.00      0.00      0.00      0.00      0.00      0.00      0.00
03:22:56          sdb      0.00      0.00      0.00      0.00      0.00      0.00      0.00      0.00
03:22:56          sdc     17.00   2316.00      0.00      0.00    136.24      0.01      0.76      8.00

03:22:55        IFACE   rxpck/s   txpck/s    rxkB/s    txkB/s   rxcmp/s   txcmp/s  rxmcst/s   %ifutil
03:22:56           lo    513.00    513.00   2765.96   2765.96      0.00      0.00      0.00      0.00
03:22:56         eth0      0.00      0.00      0.00      0.00      0.00      0.00      0.00      0.00

03:22:56        CPU     %user     %nice   %system   %iowait    %steal     %idle
03:22:57        all     32.98      0.00      8.10      0.06      0.00     58.85

03:22:56          tps      rtps      wtps      dtps   bread/s   bwrtn/s   bdscd/s
03:22:57         6.00      0.00      6.00      0.00      0.00     24.00      0.00

03:22:56    kbmemfree   kbavail kbmemused  %memused kbbuffers  kbcached  kbcommit   %commit  kbactive   kbinact   kbdirty
03:22:57      2698556   3440544   4142984     51.92     57928    813708   8650912     85.85    455436   4224056      1396

03:22:56          DEV       tps     rkB/s     wkB/s     dkB/s   areq-sz    aqu-sz     await     %util
03:22:57          sda      0.00      0.00      0.00      0.00      0.00      0.00      0.00      0.00
03:22:57          sdb      0.00      0.00      0.00      0.00      0.00      0.00      0.00      0.00
03:22:57          sdc      6.00      0.00     12.00      0.00      2.00      0.01      1.17      5.00

03:22:56        IFACE   rxpck/s   txpck/s    rxkB/s    txkB/s   rxcmp/s   txcmp/s  rxmcst/s   %ifutil
03:22:57           lo    266.00    266.00    474.71    474.71      0.00      0.00      0.00      0.00
03:22:57         eth0      0.00      0.00      0.00      0.00      0.00      0.00      0.00      0.00

03:22:57        CPU     %user     %nice   %system   %iowait    %steal     %idle
03:22:58        all     44.38      0.00      7.24      0.00      0.00     48.39

03:22:57          tps      rtps      wtps      dtps   bread/s   bwrtn/s   bdscd/s
03:22:58         0.00      0.00      0.00      0.00      0.00      0.00      0.00

03:22:57    kbmemfree   kbavail kbmemused  %memused kbbuffers  kbcached  kbcommit   %commit  kbactive   kbinact   kbdirty
03:22:58      2406388   3147880   4435832     55.59     57928    813928   8806700     87.40    455476   4513928      1544

03:22:57          DEV       tps     rkB/s     wkB/s     dkB/s   areq-sz    aqu-sz     await     %util
03:22:58          sda      0.00      0.00      0.00      0.00      0.00      0.00      0.00      0.00
03:22:58          sdb      0.00      0.00      0.00      0.00      0.00      0.00      0.00      0.00
03:22:58          sdc      0.00      0.00      0.00      0.00      0.00      0.00      0.00      0.00

03:22:57        IFACE   rxpck/s   txpck/s    rxkB/s    txkB/s   rxcmp/s   txcmp/s  rxmcst/s   %ifutil
03:22:58           lo     31.00     31.00    397.99    397.99      0.00      0.00      0.00      0.00
03:22:58         eth0      1.00      0.00      0.20      0.00      0.00      0.00      1.00      0.00

03:22:58        CPU     %user     %nice   %system   %iowait    %steal     %idle
03:22:59        all     55.05      0.00      5.76      0.00      0.00     39.20

03:22:58          tps      rtps      wtps      dtps   bread/s   bwrtn/s   bdscd/s
03:22:59        39.00      0.00      2.00     37.00      0.00   1008.00   1608.00

03:22:58    kbmemfree   kbavail kbmemused  %memused kbbuffers  kbcached  kbcommit   %commit  kbactive   kbinact   kbdirty
03:22:59      2111564   2854620   4729044     59.27     57940    815240   9312968     92.42    455440   4810124      3036

03:22:58          DEV       tps     rkB/s     wkB/s     dkB/s   areq-sz    aqu-sz     await     %util
03:22:59          sda      0.00      0.00      0.00      0.00      0.00      0.00      0.00      0.00
03:22:59          sdb      0.00      0.00      0.00      0.00      0.00      0.00      0.00      0.00
03:22:59          sdc     39.00      0.00    504.00    804.00     33.54      0.02      0.31      2.00

03:22:58        IFACE   rxpck/s   txpck/s    rxkB/s    txkB/s   rxcmp/s   txcmp/s  rxmcst/s   %ifutil
03:22:59           lo     88.00     88.00    409.44    409.44      0.00      0.00      0.00      0.00
03:22:59         eth0      0.00      0.00      0.00      0.00      0.00      0.00      0.00      0.00

03:22:59        CPU     %user     %nice   %system   %iowait    %steal     %idle
03:23:00        all     41.71      0.00      6.89      0.00      0.00     51.40

03:22:59          tps      rtps      wtps      dtps   bread/s   bwrtn/s   bdscd/s
03:23:00        11.00      9.00      2.00      0.00    808.00    128.00      0.00

03:22:59    kbmemfree   kbavail kbmemused  %memused kbbuffers  kbcached  kbcommit   %commit  kbactive   kbinact   kbdirty
03:23:00      1923596   2667416   4916088     61.61     57940    815232   9171364     91.02    455860   4996300      2616

03:22:59          DEV       tps     rkB/s     wkB/s     dkB/s   areq-sz    aqu-sz     await     %util
03:23:00          sda      0.00      0.00      0.00      0.00      0.00      0.00      0.00      0.00
03:23:00          sdb      0.00      0.00      0.00      0.00      0.00      0.00      0.00      0.00
03:23:00          sdc     11.00    404.00     64.00      0.00     42.55      0.01      0.73      7.00

03:22:59        IFACE   rxpck/s   txpck/s    rxkB/s    txkB/s   rxcmp/s   txcmp/s  rxmcst/s   %ifutil
03:23:00           lo    361.00    361.00    839.36    839.36      0.00      0.00      0.00      0.00
03:23:00         eth0      0.00      0.00      0.00      0.00      0.00      0.00      0.00      0.00

03:23:00        CPU     %user     %nice   %system   %iowait    %steal     %idle
03:23:01        all     12.62      0.00      1.38      0.00      0.00     86.00

03:23:00          tps      rtps      wtps      dtps   bread/s   bwrtn/s   bdscd/s
03:23:01         8.91      0.99      7.92      0.00     23.76    158.42      0.00

03:23:00    kbmemfree   kbavail kbmemused  %memused kbbuffers  kbcached  kbcommit   %commit  kbactive   kbinact   kbdirty
03:23:01      2571908   3314268   4269496     53.51     57940    814616   8043008     79.82    455792   4346784      2004

03:23:00          DEV       tps     rkB/s     wkB/s     dkB/s   areq-sz    aqu-sz     await     %util
03:23:01          sda      0.00      0.00      0.00      0.00      0.00      0.00      0.00      0.00
03:23:01          sdb      0.00      0.00      0.00      0.00      0.00      0.00      0.00      0.00
03:23:01          sdc      8.91     11.88     79.21      0.00     10.22      0.01      0.67      5.94

03:23:00        IFACE   rxpck/s   txpck/s    rxkB/s    txkB/s   rxcmp/s   txcmp/s  rxmcst/s   %ifutil
03:23:01           lo    151.49    151.49    411.06    411.06      0.00      0.00      0.00      0.00
03:23:01         eth0      0.00      0.00      0.00      0.00      0.00      0.00      0.00      0.00

03:23:01        CPU     %user     %nice   %system   %iowait    %steal     %idle
03:23:02        all      0.44      0.00      0.37      0.00      0.00     99.19

03:23:01          tps      rtps      wtps      dtps   bread/s   bwrtn/s   bdscd/s
03:23:02         0.00      0.00      0.00      0.00      0.00      0.00      0.00

03:23:01    kbmemfree   kbavail kbmemused  %memused kbbuffers  kbcached  kbcommit   %commit  kbactive   kbinact   kbdirty
03:23:02      2571460   3313840   4269916     53.51     57940    814644   8043008     79.82    455808   4347152      2020

03:23:01          DEV       tps     rkB/s     wkB/s     dkB/s   areq-sz    aqu-sz     await     %util
03:23:02          sda      0.00      0.00      0.00      0.00      0.00      0.00      0.00      0.00
03:23:02          sdb      0.00      0.00      0.00      0.00      0.00      0.00      0.00      0.00
03:23:02          sdc      0.00      0.00      0.00      0.00      0.00      0.00      0.00      0.00

03:23:01        IFACE   rxpck/s   txpck/s    rxkB/s    txkB/s   rxcmp/s   txcmp/s  rxmcst/s   %ifutil
03:23:02           lo     31.00     31.00    397.79    397.79      0.00      0.00      0.00      0.00
03:23:02         eth0      0.00      0.00      0.00      0.00      0.00      0.00      0.00      0.00

03:23:02        CPU     %user     %nice   %system   %iowait    %steal     %idle
03:23:03        all      2.21      0.00      0.76      0.13      0.00     96.90

03:23:02          tps      rtps      wtps      dtps   bread/s   bwrtn/s   bdscd/s
03:23:03        19.00      0.00     19.00      0.00      0.00    136.00      0.00

03:23:02    kbmemfree   kbavail kbmemused  %memused kbbuffers  kbcached  kbcommit   %commit  kbactive   kbinact   kbdirty
03:23:03      2780796   3522908   4060852     50.89     57940    814404   7677560     76.19    455804   4145888      1780

03:23:02          DEV       tps     rkB/s     wkB/s     dkB/s   areq-sz    aqu-sz     await     %util
03:23:03          sda      0.00      0.00      0.00      0.00      0.00      0.00      0.00      0.00
03:23:03          sdb      0.00      0.00      0.00      0.00      0.00      0.00      0.00      0.00
03:23:03          sdc     19.00      0.00     68.00      0.00      3.58      0.03      0.89      7.00

03:23:02        IFACE   rxpck/s   txpck/s    rxkB/s    txkB/s   rxcmp/s   txcmp/s  rxmcst/s   %ifutil
03:23:03           lo     96.00     96.00    420.46    420.46      0.00      0.00      0.00      0.00
03:23:03         eth0      0.00      0.00      0.00      0.00      0.00      0.00      0.00      0.00

03:23:03        CPU     %user     %nice   %system   %iowait    %steal     %idle
03:23:04        all      0.13      0.00      0.44      0.19      0.00     99.25

03:23:03          tps      rtps      wtps      dtps   bread/s   bwrtn/s   bdscd/s
03:23:04       109.00      0.00     84.00     25.00      0.00   3400.00    488.00

03:23:03    kbmemfree   kbavail kbmemused  %memused kbbuffers  kbcached  kbcommit   %commit  kbactive   kbinact   kbdirty
03:23:04      2784788   3526412   4057676     50.85     57952    814296   7677560     76.19    455776   4146048       596

03:23:03          DEV       tps     rkB/s     wkB/s     dkB/s   areq-sz    aqu-sz     await     %util
03:23:04          sda      0.00      0.00      0.00      0.00      0.00      0.00      0.00      0.00
03:23:04          sdb      0.00      0.00      0.00      0.00      0.00      0.00      0.00      0.00
03:23:04          sdc    109.00      0.00   1700.00    244.00     17.83      0.10      0.84      6.00

03:23:03        IFACE   rxpck/s   txpck/s    rxkB/s    txkB/s   rxcmp/s   txcmp/s  rxmcst/s   %ifutil
03:23:04           lo     57.00     57.00    401.80    401.80      0.00      0.00      0.00      0.00
03:23:04         eth0      0.00      0.00      0.00      0.00      0.00      0.00      0.00      0.00

03:23:04        CPU     %user     %nice   %system   %iowait    %steal     %idle
03:23:05        all      0.56      0.00      0.19      0.06      0.00     99.19

03:23:04          tps      rtps      wtps      dtps   bread/s   bwrtn/s   bdscd/s
03:23:05        10.00      0.00     10.00      0.00      0.00     40.00      0.00

03:23:04    kbmemfree   kbavail kbmemused  %memused kbbuffers  kbcached  kbcommit   %commit  kbactive   kbinact   kbdirty
03:23:05      2784860   3526496   4057592     50.85     57952    814308   7678084     76.20    455788   4146388       628

03:23:04          DEV       tps     rkB/s     wkB/s     dkB/s   areq-sz    aqu-sz     await     %util
03:23:05          sda      0.00      0.00      0.00      0.00      0.00      0.00      0.00      0.00
03:23:05          sdb      0.00      0.00      0.00      0.00      0.00      0.00      0.00      0.00
03:23:05          sdc     10.00      0.00     20.00      0.00      2.00      0.02      1.00      4.00

03:23:04        IFACE   rxpck/s   txpck/s    rxkB/s    txkB/s   rxcmp/s   txcmp/s  rxmcst/s   %ifutil
03:23:05           lo     91.00     91.00    517.85    517.85      0.00      0.00      0.00      0.00
03:23:05         eth0      0.00      0.00      0.00      0.00      0.00      0.00      0.00      0.00

03:23:05        CPU     %user     %nice   %system   %iowait    %steal     %idle
03:23:06        all      0.38      0.00      0.19      0.06      0.00     99.37

03:23:05          tps      rtps      wtps      dtps   bread/s   bwrtn/s   bdscd/s
03:23:06        10.00      0.00     10.00      0.00      0.00     48.00      0.00

03:23:05    kbmemfree   kbavail kbmemused  %memused kbbuffers  kbcached  kbcommit   %commit  kbactive   kbinact   kbdirty
03:23:06      2785244   3527236   4056824     50.84     57952    814688   7678084     76.20    455788   4146832      1020

03:23:05          DEV       tps     rkB/s     wkB/s     dkB/s   areq-sz    aqu-sz     await     %util
03:23:06          sda      0.00      0.00      0.00      0.00      0.00      0.00      0.00      0.00
03:23:06          sdb      0.00      0.00      0.00      0.00      0.00      0.00      0.00      0.00
03:23:06          sdc     10.00      0.00     24.00      0.00      2.40      0.01      0.80      3.00

03:23:05        IFACE   rxpck/s   txpck/s    rxkB/s    txkB/s   rxcmp/s   txcmp/s  rxmcst/s   %ifutil
03:23:06           lo    108.00    108.00   1009.05   1009.05      0.00      0.00      0.00      0.00
03:23:06         eth0      0.00      0.00      0.00      0.00      0.00      0.00      0.00      0.00

03:23:06        CPU     %user     %nice   %system   %iowait    %steal     %idle
03:23:07        all      0.38      0.00      0.12      0.06      0.00     99.44

03:23:06          tps      rtps      wtps      dtps   bread/s   bwrtn/s   bdscd/s
03:23:07        10.00      0.00     10.00      0.00      0.00     40.00      0.00

03:23:06    kbmemfree   kbavail kbmemused  %memused kbbuffers  kbcached  kbcommit   %commit  kbactive   kbinact   kbdirty
03:23:07      2784796   3526808   4057272     50.85     57952    814696   7677868     76.20    455788   4146236      1032

03:23:06          DEV       tps     rkB/s     wkB/s     dkB/s   areq-sz    aqu-sz     await     %util
03:23:07          sda      0.00      0.00      0.00      0.00      0.00      0.00      0.00      0.00
03:23:07          sdb      0.00      0.00      0.00      0.00      0.00      0.00      0.00      0.00
03:23:07          sdc     10.00      0.00     20.00      0.00      2.00      0.01      0.80      3.00

03:23:06        IFACE   rxpck/s   txpck/s    rxkB/s    txkB/s   rxcmp/s   txcmp/s  rxmcst/s   %ifutil
03:23:07           lo     39.00     39.00    399.61    399.61      0.00      0.00      0.00      0.00
03:23:07         eth0      0.00      0.00      0.00      0.00      0.00      0.00      0.00      0.00

03:23:07        CPU     %user     %nice   %system   %iowait    %steal     %idle
03:23:08        all      2.21      0.00      1.39      0.06      0.00     96.34

03:23:07          tps      rtps      wtps      dtps   bread/s   bwrtn/s   bdscd/s
03:23:08        16.00      2.00     14.00      0.00     16.00     56.00      0.00

03:23:07    kbmemfree   kbavail kbmemused  %memused kbbuffers  kbcached  kbcommit   %commit  kbactive   kbinact   kbdirty
03:23:08      2731488   3473672   4110452     51.51     57952    814872   7843712     77.84    455792   4195848      1216

03:23:07          DEV       tps     rkB/s     wkB/s     dkB/s   areq-sz    aqu-sz     await     %util
03:23:08          sda      0.00      0.00      0.00      0.00      0.00      0.00      0.00      0.00
03:23:08          sdb      0.00      0.00      0.00      0.00      0.00      0.00      0.00      0.00
03:23:08          sdc     16.00      8.00     28.00      0.00      2.25      0.02      1.06      6.00

03:23:07        IFACE   rxpck/s   txpck/s    rxkB/s    txkB/s   rxcmp/s   txcmp/s  rxmcst/s   %ifutil
03:23:08           lo    104.00    104.00    688.04    688.04      0.00      0.00      0.00      0.00
03:23:08         eth0      0.00      0.00      0.00      0.00      0.00      0.00      0.00      0.00

03:23:08        CPU     %user     %nice   %system   %iowait    %steal     %idle
03:23:09        all      0.38      0.00      0.12      0.06      0.00     99.44

03:23:08          tps      rtps      wtps      dtps   bread/s   bwrtn/s   bdscd/s
03:23:09        91.00      0.00     91.00      0.00      0.00   2912.00      0.00

03:23:08    kbmemfree   kbavail kbmemused  %memused kbbuffers  kbcached  kbcommit   %commit  kbactive   kbinact   kbdirty
03:23:09      2730340   3472568   4111584     51.53     57960    814880   7843712     77.84    455792   4195960       148

03:23:08          DEV       tps     rkB/s     wkB/s     dkB/s   areq-sz    aqu-sz     await     %util
03:23:09          sda      0.00      0.00      0.00      0.00      0.00      0.00      0.00      0.00
03:23:09          sdb      0.00      0.00      0.00      0.00      0.00      0.00      0.00      0.00
03:23:09          sdc     91.00      0.00   1456.00      0.00     16.00      0.18      1.89      6.00

03:23:08        IFACE   rxpck/s   txpck/s    rxkB/s    txkB/s   rxcmp/s   txcmp/s  rxmcst/s   %ifutil
03:23:09           lo     56.00     56.00    401.46    401.46      0.00      0.00      0.00      0.00
03:23:09         eth0      0.00      0.00      0.00      0.00      0.00      0.00      0.00      0.00

03:23:09        CPU     %user     %nice   %system   %iowait    %steal     %idle
03:23:10        all      0.13      0.00      0.13      0.06      0.00     99.69

03:23:09          tps      rtps      wtps      dtps   bread/s   bwrtn/s   bdscd/s
03:23:10         7.92      0.00      7.92      0.00      0.00     31.68      0.00

03:23:09    kbmemfree   kbavail kbmemused  %memused kbbuffers  kbcached  kbcommit   %commit  kbactive   kbinact   kbdirty
03:23:10      2732200   3473664   4110488     51.51     57960    814116   7843712     77.84    455784   4195124       340

03:23:09          DEV       tps     rkB/s     wkB/s     dkB/s   areq-sz    aqu-sz     await     %util
03:23:10          sda      0.00      0.00      0.00      0.00      0.00      0.00      0.00      0.00
03:23:10          sdb      0.00      0.00      0.00      0.00      0.00      0.00      0.00      0.00
03:23:10          sdc      7.92      0.00     15.84      0.00      2.00      0.02      1.25      2.97

03:23:09        IFACE   rxpck/s   txpck/s    rxkB/s    txkB/s   rxcmp/s   txcmp/s  rxmcst/s   %ifutil
03:23:10           lo     49.50     49.50    396.03    396.03      0.00      0.00      0.00      0.00
03:23:10         eth0      0.00      0.00      0.00      0.00      0.00      0.00      0.00      0.00

03:23:10        CPU     %user     %nice   %system   %iowait    %steal     %idle
03:23:11        all      1.18      0.00      0.06      0.00      0.00     98.75

03:23:10          tps      rtps      wtps      dtps   bread/s   bwrtn/s   bdscd/s
03:23:11         8.00      0.00      8.00      0.00      0.00     32.00      0.00

03:23:10    kbmemfree   kbavail kbmemused  %memused kbbuffers  kbcached  kbcommit   %commit  kbactive   kbinact   kbdirty
03:23:11      2731976   3473712   4110440     51.51     57960    814396   7843712     77.84    455784   4195488       632

03:23:10          DEV       tps     rkB/s     wkB/s     dkB/s   areq-sz    aqu-sz     await     %util
03:23:11          sda      0.00      0.00      0.00      0.00      0.00      0.00      0.00      0.00
03:23:11          sdb      0.00      0.00      0.00      0.00      0.00      0.00      0.00      0.00
03:23:11          sdc      8.00      0.00     16.00      0.00      2.00      0.01      0.88      2.00

03:23:10        IFACE   rxpck/s   txpck/s    rxkB/s    txkB/s   rxcmp/s   txcmp/s  rxmcst/s   %ifutil
03:23:11           lo     59.00     59.00    659.79    659.79      0.00      0.00      0.00      0.00
03:23:11         eth0      0.00      0.00      0.00      0.00      0.00      0.00      0.00      0.00

03:23:11        CPU     %user     %nice   %system   %iowait    %steal     %idle
03:23:12        all      0.69      0.00      0.13      0.00      0.00     99.19

03:23:11          tps      rtps      wtps      dtps   bread/s   bwrtn/s   bdscd/s
03:23:12         2.00      0.00      2.00      0.00      0.00     16.00      0.00

03:23:11    kbmemfree   kbavail kbmemused  %memused kbbuffers  kbcached  kbcommit   %commit  kbactive   kbinact   kbdirty
03:23:12      2731528   3473264   4110880     51.52     57960    814412   7843700     77.84    455784   4195456       664

03:23:11          DEV       tps     rkB/s     wkB/s     dkB/s   areq-sz    aqu-sz     await     %util
03:23:12          sda      0.00      0.00      0.00      0.00      0.00      0.00      0.00      0.00
03:23:12          sdb      0.00      0.00      0.00      0.00      0.00      0.00      0.00      0.00
03:23:12          sdc      2.00      0.00      8.00      0.00      4.00      0.00      1.00      1.00

03:23:11        IFACE   rxpck/s   txpck/s    rxkB/s    txkB/s   rxcmp/s   txcmp/s  rxmcst/s   %ifutil
03:23:12           lo     51.00     51.00    405.83    405.83      0.00      0.00      0.00      0.00
03:23:12         eth0      0.00      0.00      0.00      0.00      0.00      0.00      0.00      0.00

03:23:12        CPU     %user     %nice   %system   %iowait    %steal     %idle
03:23:13        all      0.43      0.00      1.12      0.00      0.00     98.45

03:23:12          tps      rtps      wtps      dtps   bread/s   bwrtn/s   bdscd/s
03:23:13         0.00      0.00      0.00      0.00      0.00      0.00      0.00

03:23:12    kbmemfree   kbavail kbmemused  %memused kbbuffers  kbcached  kbcommit   %commit  kbactive   kbinact   kbdirty
03:23:13      3230756   3972388   3611808     45.26     57960    814352   7127276     70.73    455764   3698252       704

03:23:12          DEV       tps     rkB/s     wkB/s     dkB/s   areq-sz    aqu-sz     await     %util
03:23:13          sda      0.00      0.00      0.00      0.00      0.00      0.00      0.00      0.00
03:23:13          sdb      0.00      0.00      0.00      0.00      0.00      0.00      0.00      0.00
03:23:13          sdc      0.00      0.00      0.00      0.00      0.00      0.00      0.00      0.00

03:23:12        IFACE   rxpck/s   txpck/s    rxkB/s    txkB/s   rxcmp/s   txcmp/s  rxmcst/s   %ifutil
03:23:13           lo     64.00     64.00    401.73    401.73      0.00      0.00      0.00      0.00
03:23:13         eth0      0.00      0.00      0.00      0.00      0.00      0.00      0.00      0.00

03:23:13        CPU     %user     %nice   %system   %iowait    %steal     %idle
03:23:14        all      1.50      0.00      1.12      0.12      0.00     97.26

03:23:13          tps      rtps      wtps      dtps   bread/s   bwrtn/s   bdscd/s
03:23:14        80.00      0.00     36.00     44.00      0.00   2208.00 289256.00

03:23:13    kbmemfree   kbavail kbmemused  %memused kbbuffers  kbcached  kbcommit   %commit  kbactive   kbinact   kbdirty
03:23:14      3209684   3951872   3632580     45.52     57972    814484   7380364     73.24    455780   3717116      1220

03:23:13          DEV       tps     rkB/s     wkB/s     dkB/s   areq-sz    aqu-sz     await     %util
03:23:14          sda      0.00      0.00      0.00      0.00      0.00      0.00      0.00      0.00
03:23:14          sdb      0.00      0.00      0.00      0.00      0.00      0.00      0.00      0.00
03:23:14          sdc     80.00      0.00   1104.00 144628.00   1821.65      0.08      0.96      3.00

03:23:13        IFACE   rxpck/s   txpck/s    rxkB/s    txkB/s   rxcmp/s   txcmp/s  rxmcst/s   %ifutil
03:23:14           lo    165.00    165.00    953.42    953.42      0.00      0.00      0.00      0.00
03:23:14         eth0      0.00      0.00      0.00      0.00      0.00      0.00      0.00      0.00

03:23:14        CPU     %user     %nice   %system   %iowait    %steal     %idle
03:23:15        all     13.24      0.00      1.52      0.00      0.00     85.24

03:23:14          tps      rtps      wtps      dtps   bread/s   bwrtn/s   bdscd/s
03:23:15         0.00      0.00      0.00      0.00      0.00      0.00      0.00

03:23:14    kbmemfree   kbavail kbmemused  %memused kbbuffers  kbcached  kbcommit   %commit  kbactive   kbinact   kbdirty
03:23:15      3086564   3828248   3756000     47.07     57972    814420   7437952     73.81    455776   3843096      1356

03:23:14          DEV       tps     rkB/s     wkB/s     dkB/s   areq-sz    aqu-sz     await     %util
03:23:15          sda      0.00      0.00      0.00      0.00      0.00      0.00      0.00      0.00
03:23:15          sdb      0.00      0.00      0.00      0.00      0.00      0.00      0.00      0.00
03:23:15          sdc      0.00      0.00      0.00      0.00      0.00      0.00      0.00      0.00

03:23:14        IFACE   rxpck/s   txpck/s    rxkB/s    txkB/s   rxcmp/s   txcmp/s  rxmcst/s   %ifutil
03:23:15           lo     27.00     27.00    397.16    397.16      0.00      0.00      0.00      0.00
03:23:15         eth0      0.00      0.00      0.00      0.00      0.00      0.00      0.00      0.00

03:23:15        CPU     %user     %nice   %system   %iowait    %steal     %idle
03:23:14        all     14.21      0.00      2.68      0.00      0.00     83.12

03:23:15          tps      rtps      wtps      dtps   bread/s   bwrtn/s   bdscd/s
03:23:14         0.00      0.00      0.00      0.00      0.00      0.00      0.00

03:23:15    kbmemfree   kbavail kbmemused  %memused kbbuffers  kbcached  kbcommit   %commit  kbactive   kbinact   kbdirty
03:23:14      2931336   3673032   3911216     49.02     57972    814428   7644068     75.86    455784   3999500      1364

03:23:15          DEV       tps     rkB/s     wkB/s     dkB/s   areq-sz    aqu-sz     await     %util
03:23:14          sda      0.00      0.00      0.00      0.00      0.00      0.00      0.00      0.00
03:23:14          sdb      0.00      0.00      0.00      0.00      0.00      0.00      0.00      0.00
03:23:14          sdc      0.00      0.00      0.00      0.00      0.00      0.00      0.00      0.00

03:23:15        IFACE   rxpck/s   txpck/s    rxkB/s    txkB/s   rxcmp/s   txcmp/s  rxmcst/s   %ifutil
03:23:14           lo     81.00     81.00    403.94    403.94      0.00      0.00      0.00      0.00
03:23:14         eth0      1.00      1.00      0.09      0.09      0.00      0.00      0.00      0.00

03:23:14        CPU     %user     %nice   %system   %iowait    %steal     %idle
03:23:15        all     19.39      0.00      1.58      0.00      0.00     79.02

03:23:14          tps      rtps      wtps      dtps   bread/s   bwrtn/s   bdscd/s
03:23:15         0.00      0.00      0.00      0.00      0.00      0.00      0.00

03:23:14    kbmemfree   kbavail kbmemused  %memused kbbuffers  kbcached  kbcommit   %commit  kbactive   kbinact   kbdirty
03:23:15      2786176   3527904   4056344     50.84     57972    814456   7754564     76.96    455784   4138976      1452

03:23:14          DEV       tps     rkB/s     wkB/s     dkB/s   areq-sz    aqu-sz     await     %util
03:23:15          sda      0.00      0.00      0.00      0.00      0.00      0.00      0.00      0.00
03:23:15          sdb      0.00      0.00      0.00      0.00      0.00      0.00      0.00      0.00
03:23:15          sdc      0.00      0.00      0.00      0.00      0.00      0.00      0.00      0.00

03:23:14        IFACE   rxpck/s   txpck/s    rxkB/s    txkB/s   rxcmp/s   txcmp/s  rxmcst/s   %ifutil
03:23:15           lo     20.00     20.00    396.46    396.46      0.00      0.00      0.00      0.00
03:23:15         eth0      0.00      0.00      0.00      0.00      0.00      0.00      0.00      0.00

03:23:15        CPU     %user     %nice   %system   %iowait    %steal     %idle
03:23:16        all     12.71      0.00      0.75      0.13      0.00     86.41

03:23:15          tps      rtps      wtps      dtps   bread/s   bwrtn/s   bdscd/s
03:23:16        10.00      0.00     10.00      0.00      0.00     40.00      0.00

03:23:15    kbmemfree   kbavail kbmemused  %memused kbbuffers  kbcached  kbcommit   %commit  kbactive   kbinact   kbdirty
03:23:16      2762220   3504260   4079972     51.13     57972    814776   7820184     77.61    455784   4165076      1792

03:23:15          DEV       tps     rkB/s     wkB/s     dkB/s   areq-sz    aqu-sz     await     %util
03:23:16          sda      0.00      0.00      0.00      0.00      0.00      0.00      0.00      0.00
03:23:16          sdb      0.00      0.00      0.00      0.00      0.00      0.00      0.00      0.00
03:23:16          sdc     10.00      0.00     20.00      0.00      2.00      0.02      1.20      5.00

03:23:15        IFACE   rxpck/s   txpck/s    rxkB/s    txkB/s   rxcmp/s   txcmp/s  rxmcst/s   %ifutil
03:23:16           lo     94.00     94.00    705.44    705.44      0.00      0.00      0.00      0.00
03:23:16         eth0      0.00      0.00      0.00      0.00      0.00      0.00      0.00      0.00

03:23:16        CPU     %user     %nice   %system   %iowait    %steal     %idle
03:23:17        all      4.82      0.00      0.19      0.00      0.00     94.99

03:23:16          tps      rtps      wtps      dtps   bread/s   bwrtn/s   bdscd/s
03:23:17        89.00      0.00     89.00      0.00      0.00   3712.00      0.00

03:23:16    kbmemfree   kbavail kbmemused  %memused kbbuffers  kbcached  kbcommit   %commit  kbactive   kbinact   kbdirty
03:23:17      2761268   3503312   4080916     51.14     57980    814776   7820940     77.62    455784   4165744       316

03:23:16          DEV       tps     rkB/s     wkB/s     dkB/s   areq-sz    aqu-sz     await     %util
03:23:17          sda      0.00      0.00      0.00      0.00      0.00      0.00      0.00      0.00
03:23:17          sdb      0.00      0.00      0.00      0.00      0.00      0.00      0.00      0.00
03:23:17          sdc     89.00      0.00   1856.00      0.00     20.85      0.20      2.15      3.00

03:23:16        IFACE   rxpck/s   txpck/s    rxkB/s    txkB/s   rxcmp/s   txcmp/s  rxmcst/s   %ifutil
03:23:17           lo     36.00     36.00    398.50    398.50      0.00      0.00      0.00      0.00
03:23:17         eth0      0.00      0.00      0.00      0.00      0.00      0.00      0.00      0.00

03:23:17        CPU     %user     %nice   %system   %iowait    %steal     %idle
03:23:18        all      8.56      0.00      1.71      0.00      0.00     89.73

03:23:17          tps      rtps      wtps      dtps   bread/s   bwrtn/s   bdscd/s
03:23:18         0.00      0.00      0.00      0.00      0.00      0.00      0.00

03:23:17    kbmemfree   kbavail kbmemused  %memused kbbuffers  kbcached  kbcommit   %commit  kbactive   kbinact   kbdirty
03:23:18      2671468   3413660   4170572     52.27     57980    814916   8111392     80.50    455824   4254100       512

03:23:17          DEV       tps     rkB/s     wkB/s     dkB/s   areq-sz    aqu-sz     await     %util
03:23:18          sda      0.00      0.00      0.00      0.00      0.00      0.00      0.00      0.00
03:23:18          sdb      0.00      0.00      0.00      0.00      0.00      0.00      0.00      0.00
03:23:18          sdc      0.00      0.00      0.00      0.00      0.00      0.00      0.00      0.00

03:23:17        IFACE   rxpck/s   txpck/s    rxkB/s    txkB/s   rxcmp/s   txcmp/s  rxmcst/s   %ifutil
03:23:18           lo     56.00     56.00    402.79    402.79      0.00      0.00      0.00      0.00
03:23:18         eth0      0.00      0.00      0.00      0.00      0.00      0.00      0.00      0.00

03:23:18        CPU     %user     %nice   %system   %iowait    %steal     %idle
03:23:19        all     13.48      0.00      2.18      0.00      0.00     84.33

03:23:18          tps      rtps      wtps      dtps   bread/s   bwrtn/s   bdscd/s
03:23:19         0.00      0.00      0.00      0.00      0.00      0.00      0.00

03:23:18    kbmemfree   kbavail kbmemused  %memused kbbuffers  kbcached  kbcommit   %commit  kbactive   kbinact   kbdirty
03:23:19      2538376   3280880   4303360     53.93     57980    815260   8271784     82.09    455820   4393864       860

03:23:18          DEV       tps     rkB/s     wkB/s     dkB/s   areq-sz    aqu-sz     await     %util
03:23:19          sda      0.00      0.00      0.00      0.00      0.00      0.00      0.00      0.00
03:23:19          sdb      0.00      0.00      0.00      0.00      0.00      0.00      0.00      0.00
03:23:19          sdc      0.00      0.00      0.00      0.00      0.00      0.00      0.00      0.00

03:23:18        IFACE   rxpck/s   txpck/s    rxkB/s    txkB/s   rxcmp/s   txcmp/s  rxmcst/s   %ifutil
03:23:19           lo     54.00     54.00    401.34    401.34      0.00      0.00      0.00      0.00
03:23:19         eth0      1.00      1.00      0.04      0.04      0.00      0.00      0.00      0.00

03:23:19        CPU     %user     %nice   %system   %iowait    %steal     %idle
03:23:20        all      9.66      0.00      2.06      0.12      0.00     88.16

03:23:19          tps      rtps      wtps      dtps   bread/s   bwrtn/s   bdscd/s
03:23:20        11.00      4.00      7.00      0.00     72.00     88.00      0.00

03:23:19    kbmemfree   kbavail kbmemused  %memused kbbuffers  kbcached  kbcommit   %commit  kbactive   kbinact   kbdirty
03:23:20      2762836   3505120   4079108     51.12     57980    815068   7825868     77.66    455848   4169544       632

03:23:19          DEV       tps     rkB/s     wkB/s     dkB/s   areq-sz    aqu-sz     await     %util
03:23:20          sda      0.00      0.00      0.00      0.00      0.00      0.00      0.00      0.00
03:23:20          sdb      0.00      0.00      0.00      0.00      0.00      0.00      0.00      0.00
03:23:20          sdc     11.00     36.00     44.00      0.00      7.27      0.01      1.00      4.00

03:23:19        IFACE   rxpck/s   txpck/s    rxkB/s    txkB/s   rxcmp/s   txcmp/s  rxmcst/s   %ifutil
03:23:20           lo    109.00    109.00    419.00    419.00      0.00      0.00      0.00      0.00
03:23:20         eth0      0.00      0.00      0.00      0.00      0.00      0.00      0.00      0.00

03:23:20        CPU     %user     %nice   %system   %iowait    %steal     %idle
03:23:21        all      0.44      0.00      0.12      0.00      0.00     99.44

03:23:20          tps      rtps      wtps      dtps   bread/s   bwrtn/s   bdscd/s
03:23:21         0.00      0.00      0.00      0.00      0.00      0.00      0.00

03:23:20    kbmemfree   kbavail kbmemused  %memused kbbuffers  kbcached  kbcommit   %commit  kbactive   kbinact   kbdirty
03:23:21      2762216   3504396   4079848     51.13     57980    814948   7826008     77.67    455836   4169704       524

03:23:20          DEV       tps     rkB/s     wkB/s     dkB/s   areq-sz    aqu-sz     await     %util
03:23:21          sda      0.00      0.00      0.00      0.00      0.00      0.00      0.00      0.00
03:23:21          sdb      0.00      0.00      0.00      0.00      0.00      0.00      0.00      0.00
03:23:21          sdc      0.00      0.00      0.00      0.00      0.00      0.00      0.00      0.00

03:23:20        IFACE   rxpck/s   txpck/s    rxkB/s    txkB/s   rxcmp/s   txcmp/s  rxmcst/s   %ifutil
03:23:21           lo     35.64     35.64    393.55    393.55      0.00      0.00      0.00      0.00
03:23:21         eth0      0.00      0.00      0.00      0.00      0.00      0.00      0.00      0.00

03:23:21        CPU     %user     %nice   %system   %iowait    %steal     %idle
03:23:22        all      0.13      0.00      0.25      0.06      0.00     99.56

03:23:21          tps      rtps      wtps      dtps   bread/s   bwrtn/s   bdscd/s
03:23:22        53.00      0.00     47.00      6.00      0.00   1384.00    104.00

03:23:21    kbmemfree   kbavail kbmemused  %memused kbbuffers  kbcached  kbcommit   %commit  kbactive   kbinact   kbdirty
03:23:22      2762548   3504736   4079496     51.13     57992    814956   7825960     77.67    455844   4169464       132

03:23:21          DEV       tps     rkB/s     wkB/s     dkB/s   areq-sz    aqu-sz     await     %util
03:23:22          sda      0.00      0.00      0.00      0.00      0.00      0.00      0.00      0.00
03:23:22          sdb      0.00      0.00      0.00      0.00      0.00      0.00      0.00      0.00
03:23:22          sdc     53.00      0.00    692.00     52.00     14.04      0.10      1.79      3.00

03:23:21        IFACE   rxpck/s   txpck/s    rxkB/s    txkB/s   rxcmp/s   txcmp/s  rxmcst/s   %ifutil
03:23:22           lo     30.00     30.00    396.89    396.89      0.00      0.00      0.00      0.00
03:23:22         eth0      0.00      0.00      0.00      0.00      0.00      0.00      0.00      0.00

03:23:22        CPU     %user     %nice   %system   %iowait    %steal     %idle
03:23:23        all      9.49      0.00      1.59      0.00      0.00     88.92

03:23:22          tps      rtps      wtps      dtps   bread/s   bwrtn/s   bdscd/s
03:23:23         0.00      0.00      0.00      0.00      0.00      0.00      0.00

03:23:22    kbmemfree   kbavail kbmemused  %memused kbbuffers  kbcached  kbcommit   %commit  kbactive   kbinact   kbdirty
03:23:23      2645252   3387596   4196652     52.59     57992    815092   8121744     80.60    455880   4281840       492

03:23:22          DEV       tps     rkB/s     wkB/s     dkB/s   areq-sz    aqu-sz     await     %util
03:23:23          sda      0.00      0.00      0.00      0.00      0.00      0.00      0.00      0.00
03:23:23          sdb      0.00      0.00      0.00      0.00      0.00      0.00      0.00      0.00
03:23:23          sdc      0.00      0.00      0.00      0.00      0.00      0.00      0.00      0.00

03:23:22        IFACE   rxpck/s   txpck/s    rxkB/s    txkB/s   rxcmp/s   txcmp/s  rxmcst/s   %ifutil
03:23:23           lo     44.00     44.00    401.44    401.44      0.00      0.00      0.00      0.00
03:23:23         eth0      0.00      0.00      0.00      0.00      0.00      0.00      0.00      0.00

03:23:23        CPU     %user     %nice   %system   %iowait    %steal     %idle
03:23:24        all     12.47      0.00      2.43      0.06      0.00     85.04

03:23:23          tps      rtps      wtps      dtps   bread/s   bwrtn/s   bdscd/s
03:23:24         8.00      0.00      8.00      0.00      0.00     32.00      0.00

03:23:23    kbmemfree   kbavail kbmemused  %memused kbbuffers  kbcached  kbcommit   %commit  kbactive   kbinact   kbdirty
03:23:24      2519520   3262196   4322056     54.17     57992    815420   8280888     82.18    455876   4412000       832

03:23:23          DEV       tps     rkB/s     wkB/s     dkB/s   areq-sz    aqu-sz     await     %util
03:23:24          sda      0.00      0.00      0.00      0.00      0.00      0.00      0.00      0.00
03:23:24          sdb      0.00      0.00      0.00      0.00      0.00      0.00      0.00      0.00
03:23:24          sdc      8.00      0.00     16.00      0.00      2.00      0.02      1.38      4.00

03:23:23        IFACE   rxpck/s   txpck/s    rxkB/s    txkB/s   rxcmp/s   txcmp/s  rxmcst/s   %ifutil
03:23:24           lo     94.00     94.00    407.49    407.49      0.00      0.00      0.00      0.00
03:23:24         eth0      0.00      0.00      0.00      0.00      0.00      0.00      0.00      0.00

03:23:24        CPU     %user     %nice   %system   %iowait    %steal     %idle
03:23:25        all      0.62      0.00      0.12      0.00      0.00     99.25

03:23:24          tps      rtps      wtps      dtps   bread/s   bwrtn/s   bdscd/s
03:23:25         0.00      0.00      0.00      0.00      0.00      0.00      0.00

03:23:24    kbmemfree   kbavail kbmemused  %memused kbbuffers  kbcached  kbcommit   %commit  kbactive   kbinact   kbdirty
03:23:25      2519072   3261768   4322468     54.17     57992    815452   8281144     82.18    455876   4412592       864

03:23:24          DEV       tps     rkB/s     wkB/s     dkB/s   areq-sz    aqu-sz     await     %util
03:23:25          sda      0.00      0.00      0.00      0.00      0.00      0.00      0.00      0.00
03:23:25          sdb      0.00      0.00      0.00      0.00      0.00      0.00      0.00      0.00
03:23:25          sdc      0.00      0.00      0.00      0.00      0.00      0.00      0.00      0.00

03:23:24        IFACE   rxpck/s   txpck/s    rxkB/s    txkB/s   rxcmp/s   txcmp/s  rxmcst/s   %ifutil
03:23:25           lo     31.00     31.00    397.79    397.79      0.00      0.00      0.00      0.00
03:23:25         eth0      0.00      0.00      0.00      0.00      0.00      0.00      0.00      0.00

03:23:25        CPU     %user     %nice   %system   %iowait    %steal     %idle
03:23:26        all      1.51      0.00      0.50      0.13      0.00     97.86

03:23:25          tps      rtps      wtps      dtps   bread/s   bwrtn/s   bdscd/s
03:23:26        19.00      0.00     19.00      0.00      0.00    136.00      0.00

03:23:25    kbmemfree   kbavail kbmemused  %memused kbbuffers  kbcached  kbcommit   %commit  kbactive   kbinact   kbdirty
03:23:26      2748496   3490832   4093420     51.30     57992    815076   7829472     77.70    455872   4183240       520

03:23:25          DEV       tps     rkB/s     wkB/s     dkB/s   areq-sz    aqu-sz     await     %util
03:23:26          sda      0.00      0.00      0.00      0.00      0.00      0.00      0.00      0.00
03:23:26          sdb      0.00      0.00      0.00      0.00      0.00      0.00      0.00      0.00
03:23:26          sdc     19.00      0.00     68.00      0.00      3.58      0.03      1.05      9.00

03:23:25        IFACE   rxpck/s   txpck/s    rxkB/s    txkB/s   rxcmp/s   txcmp/s  rxmcst/s   %ifutil
03:23:26           lo     83.00     83.00     25.12     25.12      0.00      0.00      0.00      0.00
03:23:26         eth0      0.00      0.00      0.00      0.00      0.00      0.00      0.00      0.00

03:23:26        CPU     %user     %nice   %system   %iowait    %steal     %idle
03:23:27        all      0.31      0.00      0.06      0.06      0.00     99.56

03:23:26          tps      rtps      wtps      dtps   bread/s   bwrtn/s   bdscd/s
03:23:27        35.00      0.00     35.00      0.00      0.00    712.00      0.00

03:23:26    kbmemfree   kbavail kbmemused  %memused kbbuffers  kbcached  kbcommit   %commit  kbactive   kbinact   kbdirty
03:23:27      2747544   3489892   4094352     51.31     57992    815096   7830496     77.71    455872   4183332       132

03:23:26          DEV       tps     rkB/s     wkB/s     dkB/s   areq-sz    aqu-sz     await     %util
03:23:27          sda      0.00      0.00      0.00      0.00      0.00      0.00      0.00      0.00
03:23:27          sdb      0.00      0.00      0.00      0.00      0.00      0.00      0.00      0.00
03:23:27          sdc     35.00      0.00    356.00      0.00     10.17      0.06      1.71      3.00

03:23:26        IFACE   rxpck/s   txpck/s    rxkB/s    txkB/s   rxcmp/s   txcmp/s  rxmcst/s   %ifutil
03:23:27           lo     56.00     56.00    401.88    401.88      0.00      0.00      0.00      0.00
03:23:27         eth0      0.00      0.00      0.00      0.00      0.00      0.00      0.00      0.00

03:23:27        CPU     %user     %nice   %system   %iowait    %steal     %idle
03:23:28        all      0.56      0.00      0.19      0.06      0.00     99.19

03:23:27          tps      rtps      wtps      dtps   bread/s   bwrtn/s   bdscd/s
03:23:28        16.00      0.00     10.00      6.00      0.00    608.00    104.00

03:23:27    kbmemfree   kbavail kbmemused  %memused kbbuffers  kbcached  kbcommit   %commit  kbactive   kbinact   kbdirty
03:23:28      2747088   3489472   4094752     51.32     58004    815140   7831020     77.72    455872   4183632       468

03:23:27          DEV       tps     rkB/s     wkB/s     dkB/s   areq-sz    aqu-sz     await     %util
03:23:28          sda      0.00      0.00      0.00      0.00      0.00      0.00      0.00      0.00
03:23:28          sdb      0.00      0.00      0.00      0.00      0.00      0.00      0.00      0.00
03:23:28          sdc     16.00      0.00    304.00     52.00     22.25      0.02      0.94      5.00

03:23:27        IFACE   rxpck/s   txpck/s    rxkB/s    txkB/s   rxcmp/s   txcmp/s  rxmcst/s   %ifutil
03:23:28           lo     88.00     88.00    449.65    449.65      0.00      0.00      0.00      0.00
03:23:28         eth0      1.00      0.00      0.20      0.00      0.00      0.00      1.00      0.00

03:23:28        CPU     %user     %nice   %system   %iowait    %steal     %idle
03:23:29        all      0.44      0.00      0.06      0.06      0.00     99.44

03:23:28          tps      rtps      wtps      dtps   bread/s   bwrtn/s   bdscd/s
03:23:29        10.00      0.00     10.00      0.00      0.00     40.00      0.00

03:23:28    kbmemfree   kbavail kbmemused  %memused kbbuffers  kbcached  kbcommit   %commit  kbactive   kbinact   kbdirty
03:23:29      2746168   3488880   4095356     51.32     58004    815456   7831276     77.72    455884   4184144       784

03:23:28          DEV       tps     rkB/s     wkB/s     dkB/s   areq-sz    aqu-sz     await     %util
03:23:29          sda      0.00      0.00      0.00      0.00      0.00      0.00      0.00      0.00
03:23:29          sdb      0.00      0.00      0.00      0.00      0.00      0.00      0.00      0.00
03:23:29          sdc     10.00      0.00     20.00      0.00      2.00      0.01      0.80      3.00

03:23:28        IFACE   rxpck/s   txpck/s    rxkB/s    txkB/s   rxcmp/s   txcmp/s  rxmcst/s   %ifutil
03:23:29           lo    110.00    110.00   1008.03   1008.03      0.00      0.00      0.00      0.00
03:23:29         eth0      0.00      0.00      0.00      0.00      0.00      0.00      0.00      0.00

03:23:29        CPU     %user     %nice   %system   %iowait    %steal     %idle
03:23:30        all      0.44      0.00      0.00      0.06      0.00     99.50

03:23:29          tps      rtps      wtps      dtps   bread/s   bwrtn/s   bdscd/s
03:23:30        10.00      0.00     10.00      0.00      0.00     40.00      0.00

03:23:29    kbmemfree   kbavail kbmemused  %memused kbbuffers  kbcached  kbcommit   %commit  kbactive   kbinact   kbdirty
03:23:30      2747772   3490508   4093740     51.30     58004    815468   7831144     77.72    455884   4183480       816

03:23:29          DEV       tps     rkB/s     wkB/s     dkB/s   areq-sz    aqu-sz     await     %util
03:23:30          sda      0.00      0.00      0.00      0.00      0.00      0.00      0.00      0.00
03:23:30          sdb      0.00      0.00      0.00      0.00      0.00      0.00      0.00      0.00
03:23:30          sdc     10.00      0.00     20.00      0.00      2.00      0.02      1.00      3.00

03:23:29        IFACE   rxpck/s   txpck/s    rxkB/s    txkB/s   rxcmp/s   txcmp/s  rxmcst/s   %ifutil
03:23:30           lo     45.00     45.00    400.65    400.65      0.00      0.00      0.00      0.00
03:23:30         eth0      0.00      0.00      0.00      0.00      0.00      0.00      0.00      0.00

03:23:30        CPU     %user     %nice   %system   %iowait    %steal     %idle
03:23:31        all      0.38      0.00      0.31      0.00      0.00     99.31

03:23:30          tps      rtps      wtps      dtps   bread/s   bwrtn/s   bdscd/s
03:23:31         2.00      0.00      2.00      0.00      0.00      8.00      0.00

03:23:30    kbmemfree   kbavail kbmemused  %memused kbbuffers  kbcached  kbcommit   %commit  kbactive   kbinact   kbdirty
03:23:31      2755932   3498688   4085560     51.20     58004    815488   7805148     77.46    455884   4178136       844

03:23:30          DEV       tps     rkB/s     wkB/s     dkB/s   areq-sz    aqu-sz     await     %util
03:23:31          sda      0.00      0.00      0.00      0.00      0.00      0.00      0.00      0.00
03:23:31          sdb      0.00      0.00      0.00      0.00      0.00      0.00      0.00      0.00
03:23:31          sdc      2.00      0.00      4.00      0.00      2.00      0.00      1.50      2.00

03:23:30        IFACE   rxpck/s   txpck/s    rxkB/s    txkB/s   rxcmp/s   txcmp/s  rxmcst/s   %ifutil
03:23:31           lo     31.00     31.00    397.17    397.17      0.00      0.00      0.00      0.00
03:23:31         eth0      0.00      0.00      0.00      0.00      0.00      0.00      0.00      0.00
