2025-02-21 03:16:08,857 INFO client.DefaultNoHARMFailoverProxyProvider: Connecting to ResourceManager at localhost/127.0.0.1:8032
2025-02-21 03:16:09,164 INFO mapreduce.JobResourceUploader: Disabling Erasure Coding for path: /tmp/hadoop-yarn/staging/satkp/.staging/job_1740125186607_0003
2025-02-21 03:16:08,919 INFO input.FileInputFormat: Total input files to process : 300
2025-02-21 03:16:10,603 INFO mapreduce.JobSubmitter: number of splits:300
2025-02-21 03:16:11,912 INFO mapreduce.JobSubmitter: Submitting tokens for job: job_1740125186607_0003
2025-02-21 03:16:11,912 INFO mapreduce.JobSubmitter: Executing with tokens: []
2025-02-21 03:16:12,059 INFO conf.Configuration: resource-types.xml not found
2025-02-21 03:16:12,059 INFO resource.ResourceUtils: Unable to find 'resource-types.xml'.
2025-02-21 03:16:12,118 INFO impl.YarnClientImpl: Submitted application application_1740125186607_0003
2025-02-21 03:16:12,153 INFO mapreduce.Job: The url to track the job: http://Sathvik.:8088/proxy/application_1740125186607_0003/
2025-02-21 03:16:12,153 INFO mapreduce.Job: Running job: job_1740125186607_0003
2025-02-21 03:16:18,250 INFO mapreduce.Job: Job job_1740125186607_0003 running in uber mode : false
2025-02-21 03:16:18,251 INFO mapreduce.Job:  map 0% reduce 0%
2025-02-21 03:16:25,422 INFO mapreduce.Job:  map 1% reduce 0%
2025-02-21 03:16:26,430 INFO mapreduce.Job:  map 2% reduce 0%
2025-02-21 03:16:32,532 INFO mapreduce.Job:  map 4% reduce 0%
2025-02-21 03:16:38,609 INFO mapreduce.Job:  map 5% reduce 0%
2025-02-21 03:16:39,641 INFO mapreduce.Job:  map 6% reduce 0%
2025-02-21 03:16:44,947 INFO mapreduce.Job:  map 8% reduce 0%
2025-02-21 03:16:52,041 INFO mapreduce.Job:  map 10% reduce 0%
2025-02-21 03:16:57,116 INFO mapreduce.Job:  map 11% reduce 0%
2025-02-21 03:16:59,162 INFO mapreduce.Job:  map 12% reduce 0%
2025-02-21 03:17:03,219 INFO mapreduce.Job:  map 13% reduce 0%
2025-02-21 03:17:06,253 INFO mapreduce.Job:  map 14% reduce 0%
2025-02-21 03:17:09,333 INFO mapreduce.Job:  map 15% reduce 0%
2025-02-21 03:17:10,509 INFO mapreduce.Job:  map 16% reduce 0%
2025-02-21 03:17:13,534 INFO mapreduce.Job:  map 17% reduce 0%
2025-02-21 03:17:16,639 INFO mapreduce.Job:  map 18% reduce 0%
2025-02-21 03:17:19,681 INFO mapreduce.Job:  map 19% reduce 0%
2025-02-21 03:17:22,728 INFO mapreduce.Job:  map 20% reduce 0%
2025-02-21 03:17:26,759 INFO mapreduce.Job:  map 21% reduce 0%
2025-02-21 03:17:28,784 INFO mapreduce.Job:  map 22% reduce 0%
2025-02-21 03:17:31,820 INFO mapreduce.Job:  map 22% reduce 7%
2025-02-21 03:17:33,844 INFO mapreduce.Job:  map 23% reduce 7%
2025-02-21 03:17:36,879 INFO mapreduce.Job:  map 24% reduce 7%
2025-02-21 03:17:37,893 INFO mapreduce.Job:  map 24% reduce 8%
2025-02-21 03:17:39,917 INFO mapreduce.Job:  map 25% reduce 8%
2025-02-21 03:17:42,189 INFO mapreduce.Job:  map 26% reduce 8%
2025-02-21 03:17:45,217 INFO mapreduce.Job:  map 27% reduce 8%
2025-02-21 03:17:48,237 INFO mapreduce.Job:  map 27% reduce 9%
2025-02-21 03:17:49,256 INFO mapreduce.Job:  map 28% reduce 9%
2025-02-21 03:17:52,302 INFO mapreduce.Job:  map 29% reduce 9%
2025-02-21 03:17:54,322 INFO mapreduce.Job:  map 29% reduce 10%
2025-02-21 03:17:55,331 INFO mapreduce.Job:  map 30% reduce 10%
2025-02-21 03:17:58,362 INFO mapreduce.Job:  map 31% reduce 10%
2025-02-21 03:18:01,398 INFO mapreduce.Job:  map 32% reduce 10%
2025-02-21 03:18:05,430 INFO mapreduce.Job:  map 33% reduce 10%
2025-02-21 03:18:06,436 INFO mapreduce.Job:  map 33% reduce 11%
2025-02-21 03:18:07,444 INFO mapreduce.Job:  map 34% reduce 11%
2025-02-21 03:18:10,466 INFO mapreduce.Job:  map 35% reduce 11%
2025-02-21 03:18:10,688 INFO mapreduce.Job:  map 35% reduce 12%
2025-02-21 03:18:12,708 INFO mapreduce.Job:  map 36% reduce 12%
2025-02-21 03:18:15,737 INFO mapreduce.Job:  map 37% reduce 12%
2025-02-21 03:18:20,796 INFO mapreduce.Job:  map 38% reduce 12%
2025-02-21 03:18:22,814 INFO mapreduce.Job:  map 39% reduce 13%
2025-02-21 03:18:26,839 INFO mapreduce.Job:  map 40% reduce 13%
2025-02-21 03:18:29,859 INFO mapreduce.Job:  map 41% reduce 13%
2025-02-21 03:18:32,881 INFO mapreduce.Job:  map 42% reduce 13%
2025-02-21 03:18:34,895 INFO mapreduce.Job:  map 42% reduce 14%
2025-02-21 03:18:36,920 INFO mapreduce.Job:  map 43% reduce 14%
2025-02-21 03:18:37,928 INFO mapreduce.Job:  map 44% reduce 14%
2025-02-21 03:18:40,968 INFO mapreduce.Job:  map 44% reduce 15%
2025-02-21 03:18:41,183 INFO mapreduce.Job:  map 45% reduce 15%
2025-02-21 03:18:46,212 INFO mapreduce.Job:  map 46% reduce 15%
2025-02-21 03:18:47,219 INFO mapreduce.Job:  map 47% reduce 15%
2025-02-21 03:18:51,253 INFO mapreduce.Job:  map 48% reduce 16%
2025-02-21 03:18:52,257 INFO mapreduce.Job:  map 49% reduce 16%
2025-02-21 03:18:56,288 INFO mapreduce.Job:  map 50% reduce 16%
2025-02-21 03:19:01,316 INFO mapreduce.Job:  map 51% reduce 16%
2025-02-21 03:19:02,321 INFO mapreduce.Job:  map 52% reduce 17%
2025-02-21 03:19:07,369 INFO mapreduce.Job:  map 53% reduce 17%
2025-02-21 03:19:08,375 INFO mapreduce.Job:  map 54% reduce 18%
2025-02-21 03:19:10,525 INFO mapreduce.Job:  map 55% reduce 18%
2025-02-21 03:19:15,572 INFO mapreduce.Job:  map 56% reduce 18%
2025-02-21 03:19:16,580 INFO mapreduce.Job:  map 57% reduce 18%
2025-02-21 03:19:18,595 INFO mapreduce.Job:  map 57% reduce 19%
2025-02-21 03:19:22,646 INFO mapreduce.Job:  map 59% reduce 19%
2025-02-21 03:19:24,662 INFO mapreduce.Job:  map 59% reduce 20%
2025-02-21 03:19:28,690 INFO mapreduce.Job:  map 60% reduce 20%
2025-02-21 03:19:29,696 INFO mapreduce.Job:  map 61% reduce 20%
2025-02-21 03:19:33,723 INFO mapreduce.Job:  map 62% reduce 20%
2025-02-21 03:19:36,741 INFO mapreduce.Job:  map 62% reduce 21%
2025-02-21 03:19:38,753 INFO mapreduce.Job:  map 64% reduce 21%
2025-02-21 03:19:42,975 INFO mapreduce.Job:  map 65% reduce 21%
2025-02-21 03:19:43,981 INFO mapreduce.Job:  map 66% reduce 21%
2025-02-21 03:19:47,004 INFO mapreduce.Job:  map 66% reduce 22%
2025-02-21 03:19:49,019 INFO mapreduce.Job:  map 67% reduce 22%
2025-02-21 03:19:51,035 INFO mapreduce.Job:  map 68% reduce 22%
2025-02-21 03:19:53,047 INFO mapreduce.Job:  map 68% reduce 23%
2025-02-21 03:19:55,063 INFO mapreduce.Job:  map 69% reduce 23%
2025-02-21 03:20:01,107 INFO mapreduce.Job:  map 71% reduce 23%
2025-02-21 03:20:05,140 INFO mapreduce.Job:  map 71% reduce 24%
2025-02-21 03:20:07,155 INFO mapreduce.Job:  map 73% reduce 24%
2025-02-21 03:20:11,407 INFO mapreduce.Job:  map 74% reduce 24%
2025-02-21 03:20:15,447 INFO mapreduce.Job:  map 75% reduce 25%
2025-02-21 03:20:17,473 INFO mapreduce.Job:  map 76% reduce 25%
2025-02-21 03:20:22,507 INFO mapreduce.Job:  map 77% reduce 25%
2025-02-21 03:20:23,512 INFO mapreduce.Job:  map 78% reduce 25%
2025-02-21 03:20:27,535 INFO mapreduce.Job:  map 78% reduce 26%
2025-02-21 03:20:28,547 INFO mapreduce.Job:  map 79% reduce 26%
2025-02-21 03:20:29,556 INFO mapreduce.Job:  map 80% reduce 26%
2025-02-21 03:20:33,590 INFO mapreduce.Job:  map 81% reduce 27%
2025-02-21 03:20:36,604 INFO mapreduce.Job:  map 82% reduce 27%
2025-02-21 03:20:38,614 INFO mapreduce.Job:  map 83% reduce 27%
2025-02-21 03:20:39,621 INFO mapreduce.Job:  map 83% reduce 28%
2025-02-21 03:20:41,831 INFO mapreduce.Job:  map 84% reduce 28%
2025-02-21 03:20:42,840 INFO mapreduce.Job:  map 85% reduce 28%
2025-02-21 03:20:46,872 INFO mapreduce.Job:  map 86% reduce 28%
2025-02-21 03:20:48,887 INFO mapreduce.Job:  map 87% reduce 28%
2025-02-21 03:20:49,894 INFO mapreduce.Job:  map 87% reduce 29%
2025-02-21 03:20:52,912 INFO mapreduce.Job:  map 88% reduce 29%
2025-02-21 03:20:57,943 INFO mapreduce.Job:  map 90% reduce 29%
2025-02-21 03:21:00,958 INFO mapreduce.Job:  map 91% reduce 29%
2025-02-21 03:21:01,962 INFO mapreduce.Job:  map 92% reduce 30%
2025-02-21 03:21:06,989 INFO mapreduce.Job:  map 93% reduce 30%
2025-02-21 03:21:07,996 INFO mapreduce.Job:  map 93% reduce 31%
2025-02-21 03:21:10,012 INFO mapreduce.Job:  map 94% reduce 31%
2025-02-21 03:21:11,019 INFO mapreduce.Job:  map 95% reduce 31%
2025-02-21 03:21:12,223 INFO mapreduce.Job:  map 96% reduce 32%
2025-02-21 03:21:14,237 INFO mapreduce.Job:  map 97% reduce 32%
2025-02-21 03:21:19,273 INFO mapreduce.Job:  map 98% reduce 32%
2025-02-21 03:21:22,295 INFO mapreduce.Job:  map 99% reduce 32%
2025-02-21 03:21:24,304 INFO mapreduce.Job:  map 100% reduce 33%
2025-02-21 03:21:27,316 INFO mapreduce.Job:  map 100% reduce 100%
2025-02-21 03:21:32,336 INFO mapreduce.Job: Job job_1740125186607_0003 completed successfully
2025-02-21 03:21:32,428 INFO mapreduce.Job: Counters: 54
	File System Counters
		FILE: Number of bytes read=47088034
		FILE: Number of bytes written=187173451
		FILE: Number of read operations=0
		FILE: Number of large read operations=0
		FILE: Number of write operations=0
		HDFS: Number of bytes read=113881507
		HDFS: Number of bytes written=7317872
		HDFS: Number of read operations=905
		HDFS: Number of large read operations=0
		HDFS: Number of write operations=2
		HDFS: Number of bytes read erasure-coded=0
	Job Counters 
		Launched map tasks=300
		Launched reduce tasks=1
		Data-local map tasks=300
		Total time spent by all maps in occupied slots (ms)=1306481
		Total time spent by all reduces in occupied slots (ms)=251679
		Total time spent by all map tasks (ms)=1306481
		Total time spent by all reduce tasks (ms)=251679
		Total vcore-milliseconds taken by all map tasks=1306481
		Total vcore-milliseconds taken by all reduce tasks=251679
		Total megabyte-milliseconds taken by all map tasks=1337836544
		Total megabyte-milliseconds taken by all reduce tasks=257719296
	Map-Reduce Framework
		Map input records=2257447
		Map output records=19408177
		Map output bytes=187984758
		Map output materialized bytes=47089828
		Input split bytes=40284
		Combine input records=19408177
		Combine output records=3273569
		Reduce input groups=602544
		Reduce shuffle bytes=47089828
		Reduce input records=3273569
		Reduce output records=602544
		Spilled Records=6547138
		Shuffled Maps =300
		Failed Shuffles=0
		Merged Map outputs=300
		GC time elapsed (ms)=97348
		CPU time spent (ms)=1067340
		Physical memory (bytes) snapshot=135853445120
		Virtual memory (bytes) snapshot=781561430016
		Total committed heap usage (bytes)=125770399744
		Peak Map Physical memory (bytes)=523251712
		Peak Map Virtual memory (bytes)=2606129152
		Peak Reduce Physical memory (bytes)=430981120
		Peak Reduce Virtual memory (bytes)=2619752448
	Shuffle Errors
		BAD_ID=0
		CONNECTION=0
		IO_ERROR=0
		WRONG_LENGTH=0
		WRONG_MAP=0
		WRONG_REDUCE=0
	File Input Format Counters 
		Bytes Read=113841223
	File Output Format Counters 
		Bytes Written=7317872
