2025-02-21 13:19:16,135 INFO client.DefaultNoHARMFailoverProxyProvider: Connecting to ResourceManager at localhost/127.0.0.1:8032
2025-02-21 13:19:16,412 INFO mapreduce.JobResourceUploader: Disabling Erasure Coding for path: /tmp/hadoop-yarn/staging/satkp/.staging/job_1740161170175_0004
2025-02-21 13:19:17,009 INFO input.FileInputFormat: Total input files to process : 10
2025-02-21 13:19:19,459 INFO mapreduce.JobSubmitter: number of splits:10
2025-02-21 13:19:19,947 INFO mapreduce.JobSubmitter: Submitting tokens for job: job_1740161170175_0004
2025-02-21 13:19:19,947 INFO mapreduce.JobSubmitter: Executing with tokens: []
2025-02-21 13:19:20,073 INFO conf.Configuration: resource-types.xml not found
2025-02-21 13:19:20,074 INFO resource.ResourceUtils: Unable to find 'resource-types.xml'.
2025-02-21 13:19:20,138 INFO impl.YarnClientImpl: Submitted application application_1740161170175_0004
2025-02-21 13:19:20,166 INFO mapreduce.Job: The url to track the job: http://Sathvik.:8088/proxy/application_1740161170175_0004/
2025-02-21 13:19:20,166 INFO mapreduce.Job: Running job: job_1740161170175_0004
2025-02-21 13:19:25,235 INFO mapreduce.Job: Job job_1740161170175_0004 running in uber mode : false
2025-02-21 13:19:25,236 INFO mapreduce.Job:  map 0% reduce 0%
2025-02-21 13:19:30,300 INFO mapreduce.Job:  map 60% reduce 0%
2025-02-21 13:19:33,340 INFO mapreduce.Job:  map 100% reduce 0%
2025-02-21 13:19:36,170 INFO mapreduce.Job:  map 100% reduce 100%
2025-02-21 13:19:40,193 INFO mapreduce.Job: Job job_1740161170175_0004 completed successfully
2025-02-21 13:19:40,267 INFO mapreduce.Job: Counters: 54
	File System Counters
		FILE: Number of bytes read=1089
		FILE: Number of bytes written=3406083
		FILE: Number of read operations=0
		FILE: Number of large read operations=0
		FILE: Number of write operations=0
		HDFS: Number of bytes read=2728444
		HDFS: Number of bytes written=461
		HDFS: Number of read operations=35
		HDFS: Number of large read operations=0
		HDFS: Number of write operations=2
		HDFS: Number of bytes read erasure-coded=0
	Job Counters 
		Launched map tasks=10
		Launched reduce tasks=1
		Data-local map tasks=10
		Total time spent by all maps in occupied slots (ms)=30880
		Total time spent by all reduces in occupied slots (ms)=2271
		Total time spent by all map tasks (ms)=30880
		Total time spent by all reduce tasks (ms)=2271
		Total vcore-milliseconds taken by all map tasks=30880
		Total vcore-milliseconds taken by all reduce tasks=2271
		Total megabyte-milliseconds taken by all map tasks=31621120
		Total megabyte-milliseconds taken by all reduce tasks=2325504
	Map-Reduce Framework
		Map input records=50219
		Map output records=443
		Map output bytes=7292
		Map output materialized bytes=1143
		Input split bytes=1332
		Combine input records=443
		Combine output records=60
		Reduce input groups=16
		Reduce shuffle bytes=1143
		Reduce input records=60
		Reduce output records=16
		Spilled Records=120
		Shuffled Maps =10
		Failed Shuffles=0
		Merged Map outputs=10
		GC time elapsed (ms)=2887
		CPU time spent (ms)=19080
		Physical memory (bytes) snapshot=4335132672
		Virtual memory (bytes) snapshot=28498251776
		Total committed heap usage (bytes)=4028628992
		Peak Map Physical memory (bytes)=484036608
		Peak Map Virtual memory (bytes)=2591739904
		Peak Reduce Physical memory (bytes)=261050368
		Peak Reduce Virtual memory (bytes)=2597470208
	Shuffle Errors
		BAD_ID=0
		CONNECTION=0
		IO_ERROR=0
		WRONG_LENGTH=0
		WRONG_MAP=0
		WRONG_REDUCE=0
	File Input Format Counters 
		Bytes Read=2727112
	File Output Format Counters 
		Bytes Written=461
2025-02-21 13:19:40,294 INFO client.DefaultNoHARMFailoverProxyProvider: Connecting to ResourceManager at localhost/127.0.0.1:8032
2025-02-21 13:19:40,316 INFO mapreduce.JobResourceUploader: Disabling Erasure Coding for path: /tmp/hadoop-yarn/staging/satkp/.staging/job_1740161170175_0005
2025-02-21 13:19:40,748 INFO input.FileInputFormat: Total input files to process : 1
2025-02-21 13:19:43,206 INFO mapreduce.JobSubmitter: number of splits:1
2025-02-21 13:19:43,640 INFO mapreduce.JobSubmitter: Submitting tokens for job: job_1740161170175_0005
2025-02-21 13:19:43,640 INFO mapreduce.JobSubmitter: Executing with tokens: []
2025-02-21 13:19:43,656 INFO impl.YarnClientImpl: Submitted application application_1740161170175_0005
2025-02-21 13:19:43,661 INFO mapreduce.Job: The url to track the job: http://Sathvik.:8088/proxy/application_1740161170175_0005/
2025-02-21 13:19:43,661 INFO mapreduce.Job: Running job: job_1740161170175_0005
2025-02-21 13:19:50,722 INFO mapreduce.Job: Job job_1740161170175_0005 running in uber mode : false
2025-02-21 13:19:50,723 INFO mapreduce.Job:  map 0% reduce 0%
2025-02-21 13:19:54,748 INFO mapreduce.Job:  map 100% reduce 0%
2025-02-21 13:19:58,766 INFO mapreduce.Job:  map 100% reduce 100%
2025-02-21 13:20:02,790 INFO mapreduce.Job: Job job_1740161170175_0005 completed successfully
2025-02-21 13:20:02,815 INFO mapreduce.Job: Counters: 54
	File System Counters
		FILE: Number of bytes read=285
		FILE: Number of bytes written=618239
		FILE: Number of read operations=0
		FILE: Number of large read operations=0
		FILE: Number of write operations=0
		HDFS: Number of bytes read=591
		HDFS: Number of bytes written=162
		HDFS: Number of read operations=9
		HDFS: Number of large read operations=0
		HDFS: Number of write operations=2
		HDFS: Number of bytes read erasure-coded=0
	Job Counters 
		Launched map tasks=1
		Launched reduce tasks=1
		Data-local map tasks=1
		Total time spent by all maps in occupied slots (ms)=1541
		Total time spent by all reduces in occupied slots (ms)=1862
		Total time spent by all map tasks (ms)=1541
		Total time spent by all reduce tasks (ms)=1862
		Total vcore-milliseconds taken by all map tasks=1541
		Total vcore-milliseconds taken by all reduce tasks=1862
		Total megabyte-milliseconds taken by all map tasks=1577984
		Total megabyte-milliseconds taken by all reduce tasks=1906688
	Map-Reduce Framework
		Map input records=16
		Map output records=16
		Map output bytes=247
		Map output materialized bytes=285
		Input split bytes=130
		Combine input records=0
		Combine output records=0
		Reduce input groups=15
		Reduce shuffle bytes=285
		Reduce input records=16
		Reduce output records=16
		Spilled Records=32
		Shuffled Maps =1
		Failed Shuffles=0
		Merged Map outputs=1
		GC time elapsed (ms)=193
		CPU time spent (ms)=1920
		Physical memory (bytes) snapshot=937299968
		Virtual memory (bytes) snapshot=5185441792
		Total committed heap usage (bytes)=818937856
		Peak Map Physical memory (bytes)=676065280
		Peak Map Virtual memory (bytes)=2589941760
		Peak Reduce Physical memory (bytes)=261275648
		Peak Reduce Virtual memory (bytes)=2595500032
	Shuffle Errors
		BAD_ID=0
		CONNECTION=0
		IO_ERROR=0
		WRONG_LENGTH=0
		WRONG_MAP=0
		WRONG_REDUCE=0
	File Input Format Counters 
		Bytes Read=461
	File Output Format Counters 
		Bytes Written=162
