2025-02-21 03:25:49,682 INFO client.DefaultNoHARMFailoverProxyProvider: Connecting to ResourceManager at localhost/127.0.0.1:8032
2025-02-21 03:25:50,000 INFO mapreduce.JobResourceUploader: Disabling Erasure Coding for path: /tmp/hadoop-yarn/staging/satkp/.staging/job_1740125186607_0008
2025-02-21 03:25:50,708 INFO input.FileInputFormat: Total input files to process : 300
2025-02-21 03:25:53,202 INFO mapreduce.JobSubmitter: number of splits:300
2025-02-21 03:25:53,761 INFO mapreduce.JobSubmitter: Submitting tokens for job: job_1740125186607_0008
2025-02-21 03:25:53,761 INFO mapreduce.JobSubmitter: Executing with tokens: []
2025-02-21 03:25:53,917 INFO conf.Configuration: resource-types.xml not found
2025-02-21 03:25:53,918 INFO resource.ResourceUtils: Unable to find 'resource-types.xml'.
2025-02-21 03:25:53,986 INFO impl.YarnClientImpl: Submitted application application_1740125186607_0008
2025-02-21 03:25:54,018 INFO mapreduce.Job: The url to track the job: http://Sathvik.:8088/proxy/application_1740125186607_0008/
2025-02-21 03:25:54,018 INFO mapreduce.Job: Running job: job_1740125186607_0008
2025-02-21 03:25:59,104 INFO mapreduce.Job: Job job_1740125186607_0008 running in uber mode : false
2025-02-21 03:25:59,105 INFO mapreduce.Job:  map 0% reduce 0%
2025-02-21 03:26:05,235 INFO mapreduce.Job:  map 1% reduce 0%
2025-02-21 03:26:06,245 INFO mapreduce.Job:  map 2% reduce 0%
2025-02-21 03:26:11,318 INFO mapreduce.Job:  map 4% reduce 0%
2025-02-21 03:26:17,409 INFO mapreduce.Job:  map 6% reduce 0%
2025-02-21 03:26:19,623 INFO mapreduce.Job:  map 7% reduce 0%
2025-02-21 03:26:21,668 INFO mapreduce.Job:  map 8% reduce 0%
2025-02-21 03:26:25,719 INFO mapreduce.Job:  map 9% reduce 0%
2025-02-21 03:26:26,731 INFO mapreduce.Job:  map 10% reduce 0%
2025-02-21 03:26:31,844 INFO mapreduce.Job:  map 11% reduce 0%
2025-02-21 03:26:32,855 INFO mapreduce.Job:  map 12% reduce 0%
2025-02-21 03:26:38,949 INFO mapreduce.Job:  map 14% reduce 0%
2025-02-21 03:26:45,047 INFO mapreduce.Job:  map 15% reduce 0%
2025-02-21 03:26:46,056 INFO mapreduce.Job:  map 16% reduce 0%
2025-02-21 03:26:49,325 INFO mapreduce.Job:  map 17% reduce 0%
2025-02-21 03:26:50,335 INFO mapreduce.Job:  map 18% reduce 0%
2025-02-21 03:26:55,395 INFO mapreduce.Job:  map 19% reduce 0%
2025-02-21 03:26:56,407 INFO mapreduce.Job:  map 20% reduce 0%
2025-02-21 03:27:00,453 INFO mapreduce.Job:  map 21% reduce 0%
2025-02-21 03:27:03,512 INFO mapreduce.Job:  map 22% reduce 0%
2025-02-21 03:27:06,547 INFO mapreduce.Job:  map 23% reduce 0%
2025-02-21 03:27:07,556 INFO mapreduce.Job:  map 23% reduce 8%
2025-02-21 03:27:10,596 INFO mapreduce.Job:  map 24% reduce 8%
2025-02-21 03:27:11,605 INFO mapreduce.Job:  map 25% reduce 8%
2025-02-21 03:27:16,668 INFO mapreduce.Job:  map 26% reduce 8%
2025-02-21 03:27:17,678 INFO mapreduce.Job:  map 27% reduce 8%
2025-02-21 03:27:17,875 INFO mapreduce.Job:  map 27% reduce 9%
2025-02-21 03:27:18,882 INFO mapreduce.Job:  map 28% reduce 9%
2025-02-21 03:27:23,949 INFO mapreduce.Job:  map 29% reduce 9%
2025-02-21 03:27:24,957 INFO mapreduce.Job:  map 30% reduce 9%
2025-02-21 03:27:30,003 INFO mapreduce.Job:  map 31% reduce 10%
2025-02-21 03:27:31,013 INFO mapreduce.Job:  map 32% reduce 10%
2025-02-21 03:27:35,059 INFO mapreduce.Job:  map 33% reduce 11%
2025-02-21 03:27:39,096 INFO mapreduce.Job:  map 34% reduce 11%
2025-02-21 03:27:41,115 INFO mapreduce.Job:  map 35% reduce 11%
2025-02-21 03:27:45,153 INFO mapreduce.Job:  map 36% reduce 11%
2025-02-21 03:27:46,163 INFO mapreduce.Job:  map 37% reduce 11%
2025-02-21 03:27:47,171 INFO mapreduce.Job:  map 37% reduce 12%
2025-02-21 03:27:48,397 INFO mapreduce.Job:  map 38% reduce 12%
2025-02-21 03:27:51,433 INFO mapreduce.Job:  map 39% reduce 13%
2025-02-21 03:27:54,475 INFO mapreduce.Job:  map 40% reduce 13%
2025-02-21 03:27:58,505 INFO mapreduce.Job:  map 41% reduce 13%
2025-02-21 03:27:59,517 INFO mapreduce.Job:  map 42% reduce 13%
2025-02-21 03:28:03,576 INFO mapreduce.Job:  map 43% reduce 14%
2025-02-21 03:28:07,605 INFO mapreduce.Job:  map 44% reduce 14%
2025-02-21 03:28:09,626 INFO mapreduce.Job:  map 45% reduce 15%
2025-02-21 03:28:13,673 INFO mapreduce.Job:  map 46% reduce 15%
2025-02-21 03:28:14,682 INFO mapreduce.Job:  map 47% reduce 15%
2025-02-21 03:28:15,689 INFO mapreduce.Job:  map 47% reduce 16%
2025-02-21 03:28:18,710 INFO mapreduce.Job:  map 48% reduce 16%
2025-02-21 03:28:20,861 INFO mapreduce.Job:  map 49% reduce 16%
2025-02-21 03:28:22,894 INFO mapreduce.Job:  map 50% reduce 16%
2025-02-21 03:28:25,929 INFO mapreduce.Job:  map 50% reduce 17%
2025-02-21 03:28:26,939 INFO mapreduce.Job:  map 51% reduce 17%
2025-02-21 03:28:27,948 INFO mapreduce.Job:  map 52% reduce 17%
2025-02-21 03:28:31,979 INFO mapreduce.Job:  map 53% reduce 17%
2025-02-21 03:28:36,017 INFO mapreduce.Job:  map 54% reduce 17%
2025-02-21 03:28:38,032 INFO mapreduce.Job:  map 55% reduce 18%
2025-02-21 03:28:42,088 INFO mapreduce.Job:  map 56% reduce 18%
2025-02-21 03:28:44,105 INFO mapreduce.Job:  map 57% reduce 19%
2025-02-21 03:28:48,146 INFO mapreduce.Job:  map 58% reduce 19%
2025-02-21 03:28:49,329 INFO mapreduce.Job:  map 59% reduce 19%
2025-02-21 03:28:51,344 INFO mapreduce.Job:  map 60% reduce 19%
2025-02-21 03:28:54,373 INFO mapreduce.Job:  map 60% reduce 20%
2025-02-21 03:28:55,387 INFO mapreduce.Job:  map 61% reduce 20%
2025-02-21 03:28:56,399 INFO mapreduce.Job:  map 62% reduce 20%
2025-02-21 03:29:00,433 INFO mapreduce.Job:  map 63% reduce 21%
2025-02-21 03:29:05,521 INFO mapreduce.Job:  map 65% reduce 21%
2025-02-21 03:29:09,577 INFO mapreduce.Job:  map 66% reduce 21%
2025-02-21 03:29:10,586 INFO mapreduce.Job:  map 67% reduce 21%
2025-02-21 03:29:12,599 INFO mapreduce.Job:  map 67% reduce 22%
2025-02-21 03:29:15,624 INFO mapreduce.Job:  map 68% reduce 22%
2025-02-21 03:29:18,653 INFO mapreduce.Job:  map 68% reduce 23%
2025-02-21 03:29:20,678 INFO mapreduce.Job:  map 69% reduce 23%
2025-02-21 03:29:19,880 INFO mapreduce.Job:  map 70% reduce 23%
2025-02-21 03:29:23,913 INFO mapreduce.Job:  map 71% reduce 23%
2025-02-21 03:29:24,922 INFO mapreduce.Job:  map 72% reduce 23%
2025-02-21 03:29:28,954 INFO mapreduce.Job:  map 72% reduce 24%
2025-02-21 03:29:29,965 INFO mapreduce.Job:  map 73% reduce 24%
2025-02-21 03:29:34,008 INFO mapreduce.Job:  map 74% reduce 24%
2025-02-21 03:29:35,019 INFO mapreduce.Job:  map 75% reduce 25%
2025-02-21 03:29:39,043 INFO mapreduce.Job:  map 76% reduce 25%
2025-02-21 03:29:40,053 INFO mapreduce.Job:  map 77% reduce 25%
2025-02-21 03:29:46,115 INFO mapreduce.Job:  map 78% reduce 25%
2025-02-21 03:29:47,122 INFO mapreduce.Job:  map 78% reduce 26%
2025-02-21 03:29:48,137 INFO mapreduce.Job:  map 79% reduce 26%
2025-02-21 03:29:50,148 INFO mapreduce.Job:  map 80% reduce 26%
2025-02-21 03:29:50,331 INFO mapreduce.Job:  map 81% reduce 26%
2025-02-21 03:29:51,336 INFO mapreduce.Job:  map 81% reduce 27%
2025-02-21 03:29:53,349 INFO mapreduce.Job:  map 82% reduce 27%
2025-02-21 03:29:58,395 INFO mapreduce.Job:  map 83% reduce 27%
2025-02-21 03:30:00,422 INFO mapreduce.Job:  map 84% reduce 27%
2025-02-21 03:30:02,449 INFO mapreduce.Job:  map 84% reduce 28%
2025-02-21 03:30:03,458 INFO mapreduce.Job:  map 85% reduce 28%
2025-02-21 03:30:04,463 INFO mapreduce.Job:  map 86% reduce 28%
2025-02-21 03:30:08,487 INFO mapreduce.Job:  map 86% reduce 29%
2025-02-21 03:30:09,493 INFO mapreduce.Job:  map 87% reduce 29%
2025-02-21 03:30:11,505 INFO mapreduce.Job:  map 88% reduce 29%
2025-02-21 03:30:14,534 INFO mapreduce.Job:  map 89% reduce 30%
2025-02-21 03:30:18,568 INFO mapreduce.Job:  map 91% reduce 30%
2025-02-21 03:30:20,779 INFO mapreduce.Job:  map 92% reduce 30%
2025-02-21 03:30:23,796 INFO mapreduce.Job:  map 93% reduce 30%
2025-02-21 03:30:24,803 INFO mapreduce.Job:  map 93% reduce 31%
2025-02-21 03:30:25,809 INFO mapreduce.Job:  map 94% reduce 31%
2025-02-21 03:30:30,849 INFO mapreduce.Job:  map 96% reduce 32%
2025-02-21 03:30:34,873 INFO mapreduce.Job:  map 97% reduce 32%
2025-02-21 03:30:35,878 INFO mapreduce.Job:  map 98% reduce 32%
2025-02-21 03:30:36,884 INFO mapreduce.Job:  map 98% reduce 33%
2025-02-21 03:30:39,901 INFO mapreduce.Job:  map 99% reduce 33%
2025-02-21 03:30:42,913 INFO mapreduce.Job:  map 100% reduce 33%
2025-02-21 03:30:43,916 INFO mapreduce.Job:  map 100% reduce 100%
2025-02-21 03:30:48,936 INFO mapreduce.Job: Job job_1740125186607_0008 completed successfully
2025-02-21 03:30:49,088 INFO mapreduce.Job: Counters: 54
	File System Counters
		FILE: Number of bytes read=32913
		FILE: Number of bytes written=93211602
		FILE: Number of read operations=0
		FILE: Number of large read operations=0
		FILE: Number of write operations=0
		HDFS: Number of bytes read=113881507
		HDFS: Number of bytes written=461
		HDFS: Number of read operations=905
		HDFS: Number of large read operations=0
		HDFS: Number of write operations=2
		HDFS: Number of bytes read erasure-coded=0
	Job Counters 
		Launched map tasks=300
		Launched reduce tasks=1
		Data-local map tasks=300
		Total time spent by all maps in occupied slots (ms)=1187562
		Total time spent by all reduces in occupied slots (ms)=233234
		Total time spent by all map tasks (ms)=1187562
		Total time spent by all reduce tasks (ms)=233234
		Total vcore-milliseconds taken by all map tasks=1187562
		Total vcore-milliseconds taken by all reduce tasks=233234
		Total megabyte-milliseconds taken by all map tasks=1216063488
		Total megabyte-milliseconds taken by all reduce tasks=238831616
	Map-Reduce Framework
		Map input records=2257447
		Map output records=27857
		Map output bytes=443009
		Map output materialized bytes=34707
		Input split bytes=40284
		Combine input records=27857
		Combine output records=1819
		Reduce input groups=16
		Reduce shuffle bytes=34707
		Reduce input records=1819
		Reduce output records=16
		Spilled Records=3638
		Shuffled Maps =300
		Failed Shuffles=0
		Merged Map outputs=300
		GC time elapsed (ms)=96304
		CPU time spent (ms)=702020
		Physical memory (bytes) snapshot=129092046848
		Virtual memory (bytes) snapshot=779536416768
		Total committed heap usage (bytes)=125143351296
		Peak Map Physical memory (bytes)=492519424
		Peak Map Virtual memory (bytes)=2595966976
		Peak Reduce Physical memory (bytes)=267603968
		Peak Reduce Virtual memory (bytes)=2595442688
	Shuffle Errors
		BAD_ID=0
		CONNECTION=0
		IO_ERROR=0
		WRONG_LENGTH=0
		WRONG_MAP=0
		WRONG_REDUCE=0
	File Input Format Counters 
		Bytes Read=113841223
	File Output Format Counters 
		Bytes Written=461
2025-02-21 03:30:49,119 INFO client.DefaultNoHARMFailoverProxyProvider: Connecting to ResourceManager at localhost/127.0.0.1:8032
2025-02-21 03:30:49,135 INFO mapreduce.JobResourceUploader: Disabling Erasure Coding for path: /tmp/hadoop-yarn/staging/satkp/.staging/job_1740125186607_0009
2025-02-21 03:30:49,567 INFO input.FileInputFormat: Total input files to process : 1
2025-02-21 03:30:52,019 INFO mapreduce.JobSubmitter: number of splits:1
2025-02-21 03:30:51,406 INFO mapreduce.JobSubmitter: Submitting tokens for job: job_1740125186607_0009
2025-02-21 03:30:51,406 INFO mapreduce.JobSubmitter: Executing with tokens: []
2025-02-21 03:30:51,426 INFO impl.YarnClientImpl: Submitted application application_1740125186607_0009
2025-02-21 03:30:51,431 INFO mapreduce.Job: The url to track the job: http://Sathvik.:8088/proxy/application_1740125186607_0009/
2025-02-21 03:30:51,431 INFO mapreduce.Job: Running job: job_1740125186607_0009
2025-02-21 03:30:57,511 INFO mapreduce.Job: Job job_1740125186607_0009 running in uber mode : false
2025-02-21 03:30:57,511 INFO mapreduce.Job:  map 0% reduce 0%
2025-02-21 03:31:01,536 INFO mapreduce.Job:  map 100% reduce 0%
2025-02-21 03:31:05,556 INFO mapreduce.Job:  map 100% reduce 100%
2025-02-21 03:31:09,593 INFO mapreduce.Job: Job job_1740125186607_0009 completed successfully
2025-02-21 03:31:09,618 INFO mapreduce.Job: Counters: 54
	File System Counters
		FILE: Number of bytes read=285
		FILE: Number of bytes written=618237
		FILE: Number of read operations=0
		FILE: Number of large read operations=0
		FILE: Number of write operations=0
		HDFS: Number of bytes read=591
		HDFS: Number of bytes written=191
		HDFS: Number of read operations=9
		HDFS: Number of large read operations=0
		HDFS: Number of write operations=2
		HDFS: Number of bytes read erasure-coded=0
	Job Counters 
		Launched map tasks=1
		Launched reduce tasks=1
		Data-local map tasks=1
		Total time spent by all maps in occupied slots (ms)=1709
		Total time spent by all reduces in occupied slots (ms)=2068
		Total time spent by all map tasks (ms)=1709
		Total time spent by all reduce tasks (ms)=2068
		Total vcore-milliseconds taken by all map tasks=1709
		Total vcore-milliseconds taken by all reduce tasks=2068
		Total megabyte-milliseconds taken by all map tasks=1750016
		Total megabyte-milliseconds taken by all reduce tasks=2117632
	Map-Reduce Framework
		Map input records=16
		Map output records=16
		Map output bytes=247
		Map output materialized bytes=285
		Input split bytes=130
		Combine input records=0
		Combine output records=0
		Reduce input groups=16
		Reduce shuffle bytes=285
		Reduce input records=16
		Reduce output records=16
		Spilled Records=32
		Shuffled Maps =1
		Failed Shuffles=0
		Merged Map outputs=1
		GC time elapsed (ms)=223
		CPU time spent (ms)=2120
		Physical memory (bytes) snapshot=727134208
		Virtual memory (bytes) snapshot=5184348160
		Total committed heap usage (bytes)=689963008
		Peak Map Physical memory (bytes)=485441536
		Peak Map Virtual memory (bytes)=2588278784
		Peak Reduce Physical memory (bytes)=241692672
		Peak Reduce Virtual memory (bytes)=2596069376
	Shuffle Errors
		BAD_ID=0
		CONNECTION=0
		IO_ERROR=0
		WRONG_LENGTH=0
		WRONG_MAP=0
		WRONG_REDUCE=0
	File Input Format Counters 
		Bytes Read=461
	File Output Format Counters 
		Bytes Written=191
