2025-02-21 03:54:06,623 INFO client.DefaultNoHARMFailoverProxyProvider: Connecting to ResourceManager at localhost/127.0.0.1:8032
2025-02-21 03:54:06,952 INFO mapreduce.JobResourceUploader: Disabling Erasure Coding for path: /tmp/hadoop-yarn/staging/satkp/.staging/job_1740126767383_0007
2025-02-21 03:54:08,426 INFO input.FileInputFormat: Total input files to process : 100
2025-02-21 03:54:10,097 INFO mapreduce.JobSubmitter: number of splits:100
2025-02-21 03:54:11,409 INFO mapreduce.JobSubmitter: Submitting tokens for job: job_1740126767383_0007
2025-02-21 03:54:11,410 INFO mapreduce.JobSubmitter: Executing with tokens: []
2025-02-21 03:54:11,545 INFO conf.Configuration: resource-types.xml not found
2025-02-21 03:54:11,546 INFO resource.ResourceUtils: Unable to find 'resource-types.xml'.
2025-02-21 03:54:11,604 INFO impl.YarnClientImpl: Submitted application application_1740126767383_0007
2025-02-21 03:54:11,635 INFO mapreduce.Job: The url to track the job: http://Sathvik.:8088/proxy/application_1740126767383_0007/
2025-02-21 03:54:11,635 INFO mapreduce.Job: Running job: job_1740126767383_0007
2025-02-21 03:54:16,710 INFO mapreduce.Job: Job job_1740126767383_0007 running in uber mode : false
2025-02-21 03:54:16,711 INFO mapreduce.Job:  map 0% reduce 0%
2025-02-21 03:54:23,833 INFO mapreduce.Job:  map 6% reduce 0%
2025-02-21 03:54:27,092 INFO mapreduce.Job:  map 12% reduce 0%
2025-02-21 03:54:32,165 INFO mapreduce.Job:  map 18% reduce 0%
2025-02-21 03:54:36,216 INFO mapreduce.Job:  map 20% reduce 0%
2025-02-21 03:54:37,225 INFO mapreduce.Job:  map 24% reduce 0%
2025-02-21 03:54:42,312 INFO mapreduce.Job:  map 25% reduce 0%
2025-02-21 03:54:43,319 INFO mapreduce.Job:  map 29% reduce 0%
2025-02-21 03:54:48,382 INFO mapreduce.Job:  map 33% reduce 0%
2025-02-21 03:54:49,394 INFO mapreduce.Job:  map 34% reduce 0%
2025-02-21 03:54:52,444 INFO mapreduce.Job:  map 35% reduce 11%
2025-02-21 03:54:53,453 INFO mapreduce.Job:  map 36% reduce 11%
2025-02-21 03:54:54,461 INFO mapreduce.Job:  map 39% reduce 11%
2025-02-21 03:54:55,686 INFO mapreduce.Job:  map 41% reduce 11%
2025-02-21 03:54:56,694 INFO mapreduce.Job:  map 44% reduce 13%
2025-02-21 03:55:00,747 INFO mapreduce.Job:  map 46% reduce 13%
2025-02-21 03:55:01,761 INFO mapreduce.Job:  map 47% reduce 15%
2025-02-21 03:55:02,771 INFO mapreduce.Job:  map 49% reduce 15%
2025-02-21 03:55:05,798 INFO mapreduce.Job:  map 52% reduce 15%
2025-02-21 03:55:06,808 INFO mapreduce.Job:  map 53% reduce 15%
2025-02-21 03:55:07,817 INFO mapreduce.Job:  map 54% reduce 18%
2025-02-21 03:55:09,840 INFO mapreduce.Job:  map 56% reduce 18%
2025-02-21 03:55:10,853 INFO mapreduce.Job:  map 57% reduce 18%
2025-02-21 03:55:11,863 INFO mapreduce.Job:  map 59% reduce 18%
2025-02-21 03:55:13,890 INFO mapreduce.Job:  map 59% reduce 20%
2025-02-21 03:55:14,897 INFO mapreduce.Job:  map 62% reduce 20%
2025-02-21 03:55:15,908 INFO mapreduce.Job:  map 64% reduce 20%
2025-02-21 03:55:18,944 INFO mapreduce.Job:  map 65% reduce 20%
2025-02-21 03:55:19,951 INFO mapreduce.Job:  map 66% reduce 22%
2025-02-21 03:55:20,961 INFO mapreduce.Job:  map 69% reduce 22%
2025-02-21 03:55:25,025 INFO mapreduce.Job:  map 71% reduce 22%
2025-02-21 03:55:26,037 INFO mapreduce.Job:  map 74% reduce 24%
2025-02-21 03:55:28,249 INFO mapreduce.Job:  map 76% reduce 24%
2025-02-21 03:55:29,257 INFO mapreduce.Job:  map 79% reduce 24%
2025-02-21 03:55:30,263 INFO mapreduce.Job:  map 79% reduce 26%
2025-02-21 03:55:32,279 INFO mapreduce.Job:  map 80% reduce 26%
2025-02-21 03:55:33,285 INFO mapreduce.Job:  map 84% reduce 26%
2025-02-21 03:55:35,305 INFO mapreduce.Job:  map 85% reduce 26%
2025-02-21 03:55:36,322 INFO mapreduce.Job:  map 86% reduce 28%
2025-02-21 03:55:38,342 INFO mapreduce.Job:  map 89% reduce 28%
2025-02-21 03:55:40,362 INFO mapreduce.Job:  map 90% reduce 28%
2025-02-21 03:55:41,369 INFO mapreduce.Job:  map 91% reduce 28%
2025-02-21 03:55:42,379 INFO mapreduce.Job:  map 94% reduce 30%
2025-02-21 03:55:45,412 INFO mapreduce.Job:  map 96% reduce 30%
2025-02-21 03:55:46,418 INFO mapreduce.Job:  map 98% reduce 30%
2025-02-21 03:55:47,423 INFO mapreduce.Job:  map 99% reduce 30%
2025-02-21 03:55:48,429 INFO mapreduce.Job:  map 100% reduce 33%
2025-02-21 03:55:50,439 INFO mapreduce.Job:  map 100% reduce 100%
2025-02-21 03:55:54,460 INFO mapreduce.Job: Job job_1740126767383_0007 completed successfully
2025-02-21 03:55:54,563 INFO mapreduce.Job: Counters: 54
	File System Counters
		FILE: Number of bytes read=11876
		FILE: Number of bytes written=31278528
		FILE: Number of read operations=0
		FILE: Number of large read operations=0
		FILE: Number of write operations=0
		HDFS: Number of bytes read=32654859
		HDFS: Number of bytes written=461
		HDFS: Number of read operations=305
		HDFS: Number of large read operations=0
		HDFS: Number of write operations=2
		HDFS: Number of bytes read erasure-coded=0
	Job Counters 
		Launched map tasks=100
		Launched reduce tasks=1
		Data-local map tasks=100
		Total time spent by all maps in occupied slots (ms)=370211
		Total time spent by all reduces in occupied slots (ms)=73232
		Total time spent by all map tasks (ms)=370211
		Total time spent by all reduce tasks (ms)=73232
		Total vcore-milliseconds taken by all map tasks=370211
		Total vcore-milliseconds taken by all reduce tasks=73232
		Total megabyte-milliseconds taken by all map tasks=379096064
		Total megabyte-milliseconds taken by all reduce tasks=74989568
	Map-Reduce Framework
		Map input records=641966
		Map output records=8834
		Map output bytes=140727
		Map output materialized bytes=12470
		Input split bytes=13440
		Combine input records=8834
		Combine output records=659
		Reduce input groups=16
		Reduce shuffle bytes=12470
		Reduce input records=659
		Reduce output records=16
		Spilled Records=1318
		Shuffled Maps =100
		Failed Shuffles=0
		Merged Map outputs=100
		GC time elapsed (ms)=35606
		CPU time spent (ms)=224980
		Physical memory (bytes) snapshot=45092446208
		Virtual memory (bytes) snapshot=261622374400
		Total committed heap usage (bytes)=44930433024
		Peak Map Physical memory (bytes)=493039616
		Peak Map Virtual memory (bytes)=2595487744
		Peak Reduce Physical memory (bytes)=232329216
		Peak Reduce Virtual memory (bytes)=2602430464
	Shuffle Errors
		BAD_ID=0
		CONNECTION=0
		IO_ERROR=0
		WRONG_LENGTH=0
		WRONG_MAP=0
		WRONG_REDUCE=0
	File Input Format Counters 
		Bytes Read=32641419
	File Output Format Counters 
		Bytes Written=461
2025-02-21 03:55:54,599 INFO client.DefaultNoHARMFailoverProxyProvider: Connecting to ResourceManager at localhost/127.0.0.1:8032
2025-02-21 03:55:54,640 INFO mapreduce.JobResourceUploader: Disabling Erasure Coding for path: /tmp/hadoop-yarn/staging/satkp/.staging/job_1740126767383_0008
2025-02-21 03:55:55,881 INFO input.FileInputFormat: Total input files to process : 1
2025-02-21 03:55:55,672 INFO mapreduce.JobSubmitter: number of splits:1
2025-02-21 03:55:56,916 INFO mapreduce.JobSubmitter: Submitting tokens for job: job_1740126767383_0008
2025-02-21 03:55:56,917 INFO mapreduce.JobSubmitter: Executing with tokens: []
2025-02-21 03:55:56,932 INFO impl.YarnClientImpl: Submitted application application_1740126767383_0008
2025-02-21 03:55:56,936 INFO mapreduce.Job: The url to track the job: http://Sathvik.:8088/proxy/application_1740126767383_0008/
2025-02-21 03:55:56,936 INFO mapreduce.Job: Running job: job_1740126767383_0008
2025-02-21 03:56:03,027 INFO mapreduce.Job: Job job_1740126767383_0008 running in uber mode : false
2025-02-21 03:56:03,027 INFO mapreduce.Job:  map 0% reduce 0%
2025-02-21 03:56:07,103 INFO mapreduce.Job:  map 100% reduce 0%
2025-02-21 03:56:12,135 INFO mapreduce.Job:  map 100% reduce 100%
2025-02-21 03:56:16,164 INFO mapreduce.Job: Job job_1740126767383_0008 completed successfully
2025-02-21 03:56:16,195 INFO mapreduce.Job: Counters: 54
	File System Counters
		FILE: Number of bytes read=285
		FILE: Number of bytes written=618237
		FILE: Number of read operations=0
		FILE: Number of large read operations=0
		FILE: Number of write operations=0
		HDFS: Number of bytes read=590
		HDFS: Number of bytes written=185
		HDFS: Number of read operations=9
		HDFS: Number of large read operations=0
		HDFS: Number of write operations=2
		HDFS: Number of bytes read erasure-coded=0
	Job Counters 
		Launched map tasks=1
		Launched reduce tasks=1
		Data-local map tasks=1
		Total time spent by all maps in occupied slots (ms)=1672
		Total time spent by all reduces in occupied slots (ms)=2881
		Total time spent by all map tasks (ms)=1672
		Total time spent by all reduce tasks (ms)=2881
		Total vcore-milliseconds taken by all map tasks=1672
		Total vcore-milliseconds taken by all reduce tasks=2881
		Total megabyte-milliseconds taken by all map tasks=1712128
		Total megabyte-milliseconds taken by all reduce tasks=2950144
	Map-Reduce Framework
		Map input records=16
		Map output records=16
		Map output bytes=247
		Map output materialized bytes=285
		Input split bytes=129
		Combine input records=0
		Combine output records=0
		Reduce input groups=15
		Reduce shuffle bytes=285
		Reduce input records=16
		Reduce output records=16
		Spilled Records=32
		Shuffled Maps =1
		Failed Shuffles=0
		Merged Map outputs=1
		GC time elapsed (ms)=90
		CPU time spent (ms)=730
		Physical memory (bytes) snapshot=566521856
		Virtual memory (bytes) snapshot=5187260416
		Total committed heap usage (bytes)=441450496
		Peak Map Physical memory (bytes)=324947968
		Peak Map Virtual memory (bytes)=2589716480
		Peak Reduce Physical memory (bytes)=241573888
		Peak Reduce Virtual memory (bytes)=2597543936
	Shuffle Errors
		BAD_ID=0
		CONNECTION=0
		IO_ERROR=0
		WRONG_LENGTH=0
		WRONG_MAP=0
		WRONG_REDUCE=0
	File Input Format Counters 
		Bytes Read=461
	File Output Format Counters 
		Bytes Written=185
