2025-02-21 01:49:33,421 INFO client.DefaultNoHARMFailoverProxyProvider: Connecting to ResourceManager at localhost/127.0.0.1:8032
2025-02-21 01:49:33,805 INFO mapreduce.JobResourceUploader: Disabling Erasure Coding for path: /tmp/hadoop-yarn/staging/satkp/.staging/job_1740110622879_0021
2025-02-21 01:49:34,509 INFO input.FileInputFormat: Total input files to process : 10
2025-02-21 01:49:36,988 INFO mapreduce.JobSubmitter: number of splits:10
2025-02-21 01:49:37,512 INFO mapreduce.JobSubmitter: Submitting tokens for job: job_1740110622879_0021
2025-02-21 01:49:37,512 INFO mapreduce.JobSubmitter: Executing with tokens: []
2025-02-21 01:49:37,664 INFO conf.Configuration: resource-types.xml not found
2025-02-21 01:49:37,664 INFO resource.ResourceUtils: Unable to find 'resource-types.xml'.
2025-02-21 01:49:37,743 INFO impl.YarnClientImpl: Submitted application application_1740110622879_0021
2025-02-21 01:49:37,775 INFO mapreduce.Job: The url to track the job: http://Sathvik.:8088/proxy/application_1740110622879_0021/
2025-02-21 01:49:37,775 INFO mapreduce.Job: Running job: job_1740110622879_0021
2025-02-21 01:49:42,854 INFO mapreduce.Job: Job job_1740110622879_0021 running in uber mode : false
2025-02-21 01:49:42,855 INFO mapreduce.Job:  map 0% reduce 0%
2025-02-21 01:49:48,331 INFO mapreduce.Job:  map 30% reduce 0%
2025-02-21 01:49:49,341 INFO mapreduce.Job:  map 60% reduce 0%
2025-02-21 01:49:53,373 INFO mapreduce.Job:  map 100% reduce 0%
2025-02-21 01:49:55,383 INFO mapreduce.Job:  map 100% reduce 100%
2025-02-21 01:49:59,420 INFO mapreduce.Job: Job job_1740110622879_0021 completed successfully
2025-02-21 01:49:59,499 INFO mapreduce.Job: Counters: 55
	File System Counters
		FILE: Number of bytes read=1253490
		FILE: Number of bytes written=5905484
		FILE: Number of read operations=0
		FILE: Number of large read operations=0
		FILE: Number of write operations=0
		HDFS: Number of bytes read=2728444
		HDFS: Number of bytes written=528799
		HDFS: Number of read operations=35
		HDFS: Number of large read operations=0
		HDFS: Number of write operations=2
		HDFS: Number of bytes read erasure-coded=0
	Job Counters 
		Killed map tasks=1
		Launched map tasks=10
		Launched reduce tasks=1
		Data-local map tasks=10
		Total time spent by all maps in occupied slots (ms)=36320
		Total time spent by all reduces in occupied slots (ms)=4348
		Total time spent by all map tasks (ms)=36320
		Total time spent by all reduce tasks (ms)=4348
		Total vcore-milliseconds taken by all map tasks=36320
		Total vcore-milliseconds taken by all reduce tasks=4348
		Total megabyte-milliseconds taken by all map tasks=37191680
		Total megabyte-milliseconds taken by all reduce tasks=4452352
	Map-Reduce Framework
		Map input records=50219
		Map output records=469285
		Map output bytes=4537773
		Map output materialized bytes=1253544
		Input split bytes=1332
		Combine input records=469285
		Combine output records=87200
		Reduce input groups=47718
		Reduce shuffle bytes=1253544
		Reduce input records=87200
		Reduce output records=47718
		Spilled Records=174400
		Shuffled Maps =10
		Failed Shuffles=0
		Merged Map outputs=10
		GC time elapsed (ms)=6008
		CPU time spent (ms)=46030
		Physical memory (bytes) snapshot=5067350016
		Virtual memory (bytes) snapshot=28572835840
		Total committed heap usage (bytes)=4751097856
		Peak Map Physical memory (bytes)=516845568
		Peak Map Virtual memory (bytes)=2602237952
		Peak Reduce Physical memory (bytes)=322465792
		Peak Reduce Virtual memory (bytes)=2615570432
	Shuffle Errors
		BAD_ID=0
		CONNECTION=0
		IO_ERROR=0
		WRONG_LENGTH=0
		WRONG_MAP=0
		WRONG_REDUCE=0
	File Input Format Counters 
		Bytes Read=2727112
	File Output Format Counters 
		Bytes Written=528799
