2025-02-21 13:14:44,651 INFO client.DefaultNoHARMFailoverProxyProvider: Connecting to ResourceManager at localhost/127.0.0.1:8032
2025-02-21 13:14:44,918 INFO mapreduce.JobResourceUploader: Disabling Erasure Coding for path: /tmp/hadoop-yarn/staging/satkp/.staging/job_1740161170175_0003
2025-02-21 13:14:46,376 INFO input.FileInputFormat: Total input files to process : 300
2025-02-21 13:14:48,040 INFO mapreduce.JobSubmitter: number of splits:300
2025-02-21 13:14:49,346 INFO mapreduce.JobSubmitter: Submitting tokens for job: job_1740161170175_0003
2025-02-21 13:14:49,346 INFO mapreduce.JobSubmitter: Executing with tokens: []
2025-02-21 13:14:49,475 INFO conf.Configuration: resource-types.xml not found
2025-02-21 13:14:49,476 INFO resource.ResourceUtils: Unable to find 'resource-types.xml'.
2025-02-21 13:14:49,529 INFO impl.YarnClientImpl: Submitted application application_1740161170175_0003
2025-02-21 13:14:49,555 INFO mapreduce.Job: The url to track the job: http://Sathvik.:8088/proxy/application_1740161170175_0003/
2025-02-21 13:14:49,556 INFO mapreduce.Job: Running job: job_1740161170175_0003
2025-02-21 13:14:54,619 INFO mapreduce.Job: Job job_1740161170175_0003 running in uber mode : false
2025-02-21 13:14:54,619 INFO mapreduce.Job:  map 0% reduce 0%
2025-02-21 13:15:00,723 INFO mapreduce.Job:  map 2% reduce 0%
2025-02-21 13:15:05,764 INFO mapreduce.Job:  map 4% reduce 0%
2025-02-21 13:15:11,572 INFO mapreduce.Job:  map 6% reduce 0%
2025-02-21 13:15:16,604 INFO mapreduce.Job:  map 8% reduce 0%
2025-02-21 13:15:19,629 INFO mapreduce.Job:  map 9% reduce 0%
2025-02-21 13:15:21,639 INFO mapreduce.Job:  map 10% reduce 0%
2025-02-21 13:15:23,652 INFO mapreduce.Job:  map 11% reduce 0%
2025-02-21 13:15:26,679 INFO mapreduce.Job:  map 12% reduce 0%
2025-02-21 13:15:27,686 INFO mapreduce.Job:  map 13% reduce 0%
2025-02-21 13:15:31,713 INFO mapreduce.Job:  map 14% reduce 0%
2025-02-21 13:15:32,718 INFO mapreduce.Job:  map 15% reduce 0%
2025-02-21 13:15:36,765 INFO mapreduce.Job:  map 17% reduce 0%
2025-02-21 13:15:41,811 INFO mapreduce.Job:  map 19% reduce 0%
2025-02-21 13:15:47,588 INFO mapreduce.Job:  map 21% reduce 0%
2025-02-21 13:15:50,606 INFO mapreduce.Job:  map 22% reduce 0%
2025-02-21 13:15:54,633 INFO mapreduce.Job:  map 23% reduce 0%
2025-02-21 13:15:55,638 INFO mapreduce.Job:  map 24% reduce 8%
2025-02-21 13:15:59,663 INFO mapreduce.Job:  map 26% reduce 8%
2025-02-21 13:16:01,675 INFO mapreduce.Job:  map 26% reduce 9%
2025-02-21 13:16:02,679 INFO mapreduce.Job:  map 27% reduce 9%
2025-02-21 13:16:06,722 INFO mapreduce.Job:  map 28% reduce 9%
2025-02-21 13:16:07,728 INFO mapreduce.Job:  map 29% reduce 9%
2025-02-21 13:16:10,763 INFO mapreduce.Job:  map 30% reduce 9%
2025-02-21 13:16:12,774 INFO mapreduce.Job:  map 31% reduce 9%
2025-02-21 13:16:13,779 INFO mapreduce.Job:  map 31% reduce 10%
2025-02-21 13:16:14,785 INFO mapreduce.Job:  map 32% reduce 10%
2025-02-21 13:16:19,589 INFO mapreduce.Job:  map 33% reduce 10%
2025-02-21 13:16:20,597 INFO mapreduce.Job:  map 34% reduce 11%
2025-02-21 13:16:23,612 INFO mapreduce.Job:  map 35% reduce 11%
2025-02-21 13:16:25,624 INFO mapreduce.Job:  map 36% reduce 11%
2025-02-21 13:16:26,629 INFO mapreduce.Job:  map 36% reduce 12%
2025-02-21 13:16:27,634 INFO mapreduce.Job:  map 37% reduce 12%
2025-02-21 13:16:31,674 INFO mapreduce.Job:  map 38% reduce 12%
2025-02-21 13:16:32,680 INFO mapreduce.Job:  map 39% reduce 12%
2025-02-21 13:16:35,695 INFO mapreduce.Job:  map 40% reduce 12%
2025-02-21 13:16:37,705 INFO mapreduce.Job:  map 41% reduce 12%
2025-02-21 13:16:38,711 INFO mapreduce.Job:  map 41% reduce 14%
2025-02-21 13:16:39,716 INFO mapreduce.Job:  map 42% reduce 14%
2025-02-21 13:16:43,736 INFO mapreduce.Job:  map 43% reduce 14%
2025-02-21 13:16:44,742 INFO mapreduce.Job:  map 44% reduce 14%
2025-02-21 13:16:47,762 INFO mapreduce.Job:  map 45% reduce 14%
2025-02-21 13:16:48,765 INFO mapreduce.Job:  map 46% reduce 14%
2025-02-21 13:16:51,573 INFO mapreduce.Job:  map 46% reduce 15%
2025-02-21 13:16:52,579 INFO mapreduce.Job:  map 47% reduce 15%
2025-02-21 13:16:56,600 INFO mapreduce.Job:  map 48% reduce 15%
2025-02-21 13:16:57,605 INFO mapreduce.Job:  map 49% reduce 16%
2025-02-21 13:17:00,619 INFO mapreduce.Job:  map 50% reduce 16%
2025-02-21 13:17:01,623 INFO mapreduce.Job:  map 51% reduce 16%
2025-02-21 13:17:03,634 INFO mapreduce.Job:  map 51% reduce 17%
2025-02-21 13:17:04,638 INFO mapreduce.Job:  map 52% reduce 17%
2025-02-21 13:17:07,656 INFO mapreduce.Job:  map 53% reduce 17%
2025-02-21 13:17:09,665 INFO mapreduce.Job:  map 54% reduce 18%
2025-02-21 13:17:10,670 INFO mapreduce.Job:  map 55% reduce 18%
2025-02-21 13:17:13,684 INFO mapreduce.Job:  map 56% reduce 18%
2025-02-21 13:17:15,695 INFO mapreduce.Job:  map 57% reduce 19%
2025-02-21 13:17:18,709 INFO mapreduce.Job:  map 58% reduce 19%
2025-02-21 13:17:19,713 INFO mapreduce.Job:  map 59% reduce 19%
2025-02-21 13:17:21,724 INFO mapreduce.Job:  map 59% reduce 20%
2025-02-21 13:17:23,550 INFO mapreduce.Job:  map 60% reduce 20%
2025-02-21 13:17:26,565 INFO mapreduce.Job:  map 61% reduce 20%
2025-02-21 13:17:27,570 INFO mapreduce.Job:  map 62% reduce 20%
2025-02-21 13:17:31,589 INFO mapreduce.Job:  map 63% reduce 20%
2025-02-21 13:17:32,594 INFO mapreduce.Job:  map 64% reduce 20%
2025-02-21 13:17:34,606 INFO mapreduce.Job:  map 64% reduce 21%
2025-02-21 13:17:36,617 INFO mapreduce.Job:  map 65% reduce 21%
2025-02-21 13:17:37,622 INFO mapreduce.Job:  map 66% reduce 21%
2025-02-21 13:17:39,630 INFO mapreduce.Job:  map 67% reduce 21%
2025-02-21 13:17:40,632 INFO mapreduce.Job:  map 67% reduce 22%
2025-02-21 13:17:43,644 INFO mapreduce.Job:  map 68% reduce 22%
2025-02-21 13:17:44,648 INFO mapreduce.Job:  map 69% reduce 22%
2025-02-21 13:17:46,662 INFO mapreduce.Job:  map 69% reduce 23%
2025-02-21 13:17:47,667 INFO mapreduce.Job:  map 70% reduce 23%
2025-02-21 13:17:48,674 INFO mapreduce.Job:  map 71% reduce 23%
2025-02-21 13:17:52,695 INFO mapreduce.Job:  map 72% reduce 24%
2025-02-21 13:17:54,711 INFO mapreduce.Job:  map 73% reduce 24%
2025-02-21 13:17:57,486 INFO mapreduce.Job:  map 74% reduce 24%
2025-02-21 13:17:58,490 INFO mapreduce.Job:  map 75% reduce 24%
2025-02-21 13:17:59,495 INFO mapreduce.Job:  map 75% reduce 25%
2025-02-21 13:18:01,503 INFO mapreduce.Job:  map 76% reduce 25%
2025-02-21 13:18:05,519 INFO mapreduce.Job:  map 77% reduce 25%
2025-02-21 13:18:06,523 INFO mapreduce.Job:  map 78% reduce 25%
2025-02-21 13:18:09,538 INFO mapreduce.Job:  map 79% reduce 25%
2025-02-21 13:18:10,542 INFO mapreduce.Job:  map 80% reduce 25%
2025-02-21 13:18:11,558 INFO mapreduce.Job:  map 80% reduce 27%
2025-02-21 13:18:13,570 INFO mapreduce.Job:  map 81% reduce 27%
2025-02-21 13:18:17,608 INFO mapreduce.Job:  map 83% reduce 27%
2025-02-21 13:18:20,626 INFO mapreduce.Job:  map 84% reduce 27%
2025-02-21 13:18:21,632 INFO mapreduce.Job:  map 85% reduce 27%
2025-02-21 13:18:23,641 INFO mapreduce.Job:  map 85% reduce 28%
2025-02-21 13:18:25,649 INFO mapreduce.Job:  map 86% reduce 28%
2025-02-21 13:18:26,654 INFO mapreduce.Job:  map 87% reduce 28%
2025-02-21 13:18:29,428 INFO mapreduce.Job:  map 88% reduce 28%
2025-02-21 13:18:30,433 INFO mapreduce.Job:  map 88% reduce 29%
2025-02-21 13:18:32,443 INFO mapreduce.Job:  map 89% reduce 29%
2025-02-21 13:18:33,448 INFO mapreduce.Job:  map 90% reduce 29%
2025-02-21 13:18:36,461 INFO mapreduce.Job:  map 90% reduce 30%
2025-02-21 13:18:37,466 INFO mapreduce.Job:  map 92% reduce 30%
2025-02-21 13:18:41,483 INFO mapreduce.Job:  map 93% reduce 30%
2025-02-21 13:18:42,489 INFO mapreduce.Job:  map 94% reduce 31%
2025-02-21 13:18:45,500 INFO mapreduce.Job:  map 95% reduce 31%
2025-02-21 13:18:48,518 INFO mapreduce.Job:  map 95% reduce 32%
2025-02-21 13:18:49,521 INFO mapreduce.Job:  map 97% reduce 32%
2025-02-21 13:18:53,537 INFO mapreduce.Job:  map 98% reduce 32%
2025-02-21 13:18:54,541 INFO mapreduce.Job:  map 99% reduce 33%
2025-02-21 13:18:56,548 INFO mapreduce.Job:  map 100% reduce 33%
2025-02-21 13:19:00,559 INFO mapreduce.Job:  map 100% reduce 100%
2025-02-21 13:19:06,354 INFO mapreduce.Job: Job job_1740161170175_0003 completed successfully
2025-02-21 13:19:06,427 INFO mapreduce.Job: Counters: 54
	File System Counters
		FILE: Number of bytes read=47088034
		FILE: Number of bytes written=187174053
		FILE: Number of read operations=0
		FILE: Number of large read operations=0
		FILE: Number of write operations=0
		HDFS: Number of bytes read=113881507
		HDFS: Number of bytes written=7317872
		HDFS: Number of read operations=905
		HDFS: Number of large read operations=0
		HDFS: Number of write operations=2
		HDFS: Number of bytes read erasure-coded=0
	Job Counters 
		Launched map tasks=300
		Launched reduce tasks=1
		Data-local map tasks=300
		Total time spent by all maps in occupied slots (ms)=961776
		Total time spent by all reduces in occupied slots (ms)=199930
		Total time spent by all map tasks (ms)=961776
		Total time spent by all reduce tasks (ms)=199930
		Total vcore-milliseconds taken by all map tasks=961776
		Total vcore-milliseconds taken by all reduce tasks=199930
		Total megabyte-milliseconds taken by all map tasks=984858624
		Total megabyte-milliseconds taken by all reduce tasks=204728320
	Map-Reduce Framework
		Map input records=2257447
		Map output records=19408177
		Map output bytes=187984758
		Map output materialized bytes=47089828
		Input split bytes=40284
		Combine input records=19408177
		Combine output records=3273569
		Reduce input groups=602544
		Reduce shuffle bytes=47089828
		Reduce input records=3273569
		Reduce output records=602544
		Spilled Records=6547138
		Shuffled Maps =300
		Failed Shuffles=0
		Merged Map outputs=300
		GC time elapsed (ms)=55510
		CPU time spent (ms)=725790
		Physical memory (bytes) snapshot=129263009792
		Virtual memory (bytes) snapshot=781424058368
		Total committed heap usage (bytes)=116399276032
		Peak Map Physical memory (bytes)=524419072
		Peak Map Virtual memory (bytes)=2607017984
		Peak Reduce Physical memory (bytes)=423428096
		Peak Reduce Virtual memory (bytes)=2605416448
	Shuffle Errors
		BAD_ID=0
		CONNECTION=0
		IO_ERROR=0
		WRONG_LENGTH=0
		WRONG_MAP=0
		WRONG_REDUCE=0
	File Input Format Counters 
		Bytes Read=113841223
	File Output Format Counters 
		Bytes Written=7317872
