Linux 5.15.167.4-microsoft-standard-WSL2 (Sathvik) 	02/21/25 	_x86_64_	(16 CPU)

01:49:32        CPU     %user     %nice   %system   %iowait    %steal     %idle
01:49:33        all     14.40      0.00      2.50      0.13      0.00     82.97

01:49:32          tps      rtps      wtps      dtps   bread/s   bwrtn/s   bdscd/s
01:49:33        45.00     45.00      0.00      0.00   3272.00      0.00      0.00

01:49:32    kbmemfree   kbavail kbmemused  %memused kbbuffers  kbcached  kbcommit   %commit  kbactive   kbinact   kbdirty
01:49:33      3003136   3119216   4425132     55.46     10148    283504   8161300     80.99   2036092   2320064      1024

01:49:32          DEV       tps     rkB/s     wkB/s     dkB/s   areq-sz    aqu-sz     await     %util
01:49:33          sda      0.00      0.00      0.00      0.00      0.00      0.00      0.00      0.00
01:49:33          sdb      0.00      0.00      0.00      0.00      0.00      0.00      0.00      0.00
01:49:33          sdc     45.00   1636.00      0.00      0.00     36.36      0.03      0.60     15.00

01:49:32        IFACE   rxpck/s   txpck/s    rxkB/s    txkB/s   rxcmp/s   txcmp/s  rxmcst/s   %ifutil
01:49:33           lo     22.00     22.00    382.40    382.40      0.00      0.00      0.00      0.00
01:49:33         eth0      0.00      0.00      0.00      0.00      0.00      0.00      0.00      0.00

01:49:33        CPU     %user     %nice   %system   %iowait    %steal     %idle
01:49:34        all      5.68      0.00      0.57      0.57      0.00     93.18

01:49:33          tps      rtps      wtps      dtps   bread/s   bwrtn/s   bdscd/s
01:49:34       186.14    169.31     11.88      4.95   4483.17   1124.75   1235.64

01:49:33    kbmemfree   kbavail kbmemused  %memused kbbuffers  kbcached  kbcommit   %commit  kbactive   kbinact   kbdirty
01:49:34      2920984   3037804   4506312     56.47     10164    284468   8275684     82.13   2037276   2403644      1816

01:49:33          DEV       tps     rkB/s     wkB/s     dkB/s   areq-sz    aqu-sz     await     %util
01:49:34          sda      0.00      0.00      0.00      0.00      0.00      0.00      0.00      0.00
01:49:34          sdb      0.99      3.96      0.00      0.00      4.00      0.00      0.00      0.99
01:49:34          sdc    185.15   2237.62    562.38    617.82     18.46      0.10      0.50     32.67

01:49:33        IFACE   rxpck/s   txpck/s    rxkB/s    txkB/s   rxcmp/s   txcmp/s  rxmcst/s   %ifutil
01:49:34           lo     97.03     97.03    660.06    660.06      0.00      0.00      0.00      0.00
01:49:34         eth0      0.00      0.00      0.00      0.00      0.00      0.00      0.00      0.00

01:49:34        CPU     %user     %nice   %system   %iowait    %steal     %idle
01:49:35        all      0.93      0.00      0.75      0.37      0.00     97.95

01:49:34          tps      rtps      wtps      dtps   bread/s   bwrtn/s   bdscd/s
01:49:35        29.00     19.00     10.00      0.00   2488.00     48.00      0.00

01:49:34    kbmemfree   kbavail kbmemused  %memused kbbuffers  kbcached  kbcommit   %commit  kbactive   kbinact   kbdirty
01:49:35      2915584   3033224   4511092     56.53     10164    285088   8280872     82.18   2037376   2406528      1892

01:49:34          DEV       tps     rkB/s     wkB/s     dkB/s   areq-sz    aqu-sz     await     %util
01:49:35          sda      0.00      0.00      0.00      0.00      0.00      0.00      0.00      0.00
01:49:35          sdb      0.00      0.00      0.00      0.00      0.00      0.00      0.00      0.00
01:49:35          sdc     29.00   1244.00     24.00      0.00     43.72      0.07      2.03     14.00

01:49:34        IFACE   rxpck/s   txpck/s    rxkB/s    txkB/s   rxcmp/s   txcmp/s  rxmcst/s   %ifutil
01:49:35           lo     62.00     62.00    394.71    394.71      0.00      0.00      0.00      0.00
01:49:35         eth0      0.00      0.00      0.00      0.00      0.00      0.00      0.00      0.00

01:49:35        CPU     %user     %nice   %system   %iowait    %steal     %idle
01:49:36        all      0.19      0.00      0.06      0.13      0.00     99.62

01:49:35          tps      rtps      wtps      dtps   bread/s   bwrtn/s   bdscd/s
01:49:36        67.00     16.00     51.00      0.00   1952.00   3136.00      0.00

01:49:35    kbmemfree   kbavail kbmemused  %memused kbbuffers  kbcached  kbcommit   %commit  kbactive   kbinact   kbdirty
01:49:36      2914184   3031832   4512504     56.55     10164    285076   8280936     82.18   2037396   2406656       276

01:49:35          DEV       tps     rkB/s     wkB/s     dkB/s   areq-sz    aqu-sz     await     %util
01:49:36          sda      0.00      0.00      0.00      0.00      0.00      0.00      0.00      0.00
01:49:36          sdb      0.00      0.00      0.00      0.00      0.00      0.00      0.00      0.00
01:49:36          sdc     67.00    976.00   1568.00      0.00     37.97      0.16      2.30      7.00

01:49:35        IFACE   rxpck/s   txpck/s    rxkB/s    txkB/s   rxcmp/s   txcmp/s  rxmcst/s   %ifutil
01:49:36           lo     49.00     49.00    385.01    385.01      0.00      0.00      0.00      0.00
01:49:36         eth0      1.00      1.00      0.04      0.04      0.00      0.00      0.00      0.00

01:49:36        CPU     %user     %nice   %system   %iowait    %steal     %idle
01:49:37        all      2.13      0.00      0.69      0.19      0.00     96.99

01:49:36          tps      rtps      wtps      dtps   bread/s   bwrtn/s   bdscd/s
01:49:37        22.00     14.00      8.00      0.00   1552.00     32.00      0.00

01:49:36    kbmemfree   kbavail kbmemused  %memused kbbuffers  kbcached  kbcommit   %commit  kbactive   kbinact   kbdirty
01:49:37      2900192   3017324   4527028     56.73     10164    284544   8283764     82.21   2037432   2416808       116

01:49:36          DEV       tps     rkB/s     wkB/s     dkB/s   areq-sz    aqu-sz     await     %util
01:49:37          sda      0.00      0.00      0.00      0.00      0.00      0.00      0.00      0.00
01:49:37          sdb      0.00      0.00      0.00      0.00      0.00      0.00      0.00      0.00
01:49:37          sdc     22.00    776.00     16.00      0.00     36.00      0.03      0.86      6.00

01:49:36        IFACE   rxpck/s   txpck/s    rxkB/s    txkB/s   rxcmp/s   txcmp/s  rxmcst/s   %ifutil
01:49:37           lo     65.00     65.00    646.21    646.21      0.00      0.00      0.00      0.00
01:49:37         eth0      0.00      0.00      0.00      0.00      0.00      0.00      0.00      0.00

01:49:37        CPU     %user     %nice   %system   %iowait    %steal     %idle
01:49:38        all      7.17      0.00      1.51      0.25      0.00     91.06

01:49:37          tps      rtps      wtps      dtps   bread/s   bwrtn/s   bdscd/s
01:49:38       152.00    150.00      2.00      0.00   4416.00      8.00      0.00

01:49:37    kbmemfree   kbavail kbmemused  %memused kbbuffers  kbcached  kbcommit   %commit  kbactive   kbinact   kbdirty
01:49:38      2761312   2879516   4664768     58.46     10180    285572   8543124     84.78   2037756   2564916       680

01:49:37          DEV       tps     rkB/s     wkB/s     dkB/s   areq-sz    aqu-sz     await     %util
01:49:38          sda      0.00      0.00      0.00      0.00      0.00      0.00      0.00      0.00
01:49:38          sdb     79.00    468.00      0.00      0.00      5.92      0.02      0.30     16.00
01:49:38          sdc     73.00   1740.00      4.00      0.00     23.89      0.05      0.62     20.00

01:49:37        IFACE   rxpck/s   txpck/s    rxkB/s    txkB/s   rxcmp/s   txcmp/s  rxmcst/s   %ifutil
01:49:38           lo    217.00    217.00    952.71    952.71      0.00      0.00      0.00      0.00
01:49:38         eth0      0.00      0.00      0.00      0.00      0.00      0.00      0.00      0.00

01:49:38        CPU     %user     %nice   %system   %iowait    %steal     %idle
01:49:39        all     14.12      0.00      2.47      0.19      0.00     83.22

01:49:38          tps      rtps      wtps      dtps   bread/s   bwrtn/s   bdscd/s
01:49:39        50.00     48.00      2.00      0.00   3144.00   1376.00      0.00

01:49:38    kbmemfree   kbavail kbmemused  %memused kbbuffers  kbcached  kbcommit   %commit  kbactive   kbinact   kbdirty
01:49:39      2627352   2747196   4797016     60.12     10188    287116   8772100     87.06   2038636   2686712      1824

01:49:38          DEV       tps     rkB/s     wkB/s     dkB/s   areq-sz    aqu-sz     await     %util
01:49:39          sda      0.00      0.00      0.00      0.00      0.00      0.00      0.00      0.00
01:49:39          sdb      5.00     20.00      0.00      0.00      4.00      0.00      0.60      2.00
01:49:39          sdc     45.00   1552.00    688.00      0.00     49.78      0.04      0.76     13.00

01:49:38        IFACE   rxpck/s   txpck/s    rxkB/s    txkB/s   rxcmp/s   txcmp/s  rxmcst/s   %ifutil
01:49:39           lo     53.00     53.00    386.64    386.64      0.00      0.00      0.00      0.00
01:49:39         eth0      2.00      0.00      0.19      0.00      0.00      0.00      2.00      0.00

01:49:39        CPU     %user     %nice   %system   %iowait    %steal     %idle
01:49:40        all     15.46      0.00      1.92      0.81      0.00     81.81

01:49:39          tps      rtps      wtps      dtps   bread/s   bwrtn/s   bdscd/s
01:49:40       434.00    434.00      0.00      0.00   9864.00      0.00      0.00

01:49:39    kbmemfree   kbavail kbmemused  %memused kbbuffers  kbcached  kbcommit   %commit  kbactive   kbinact   kbdirty
01:49:40      2477892   2601112   4943044     61.95     10188    290548   8916064     88.48   2043336   2818616      1844

01:49:39          DEV       tps     rkB/s     wkB/s     dkB/s   areq-sz    aqu-sz     await     %util
01:49:40          sda      0.00      0.00      0.00      0.00      0.00      0.00      0.00      0.00
01:49:40          sdb      0.00      0.00      0.00      0.00      0.00      0.00      0.00      0.00
01:49:40          sdc    434.00   4932.00      0.00      0.00     11.36      0.20      0.45     66.00

01:49:39        IFACE   rxpck/s   txpck/s    rxkB/s    txkB/s   rxcmp/s   txcmp/s  rxmcst/s   %ifutil
01:49:40           lo     54.00     54.00    385.67    385.67      0.00      0.00      0.00      0.00
01:49:40         eth0      2.00      0.00      0.19      0.00      0.00      0.00      2.00      0.00

01:49:40        CPU     %user     %nice   %system   %iowait    %steal     %idle
01:49:41        all     22.59      0.00      2.73      0.43      0.00     74.24

01:49:40          tps      rtps      wtps      dtps   bread/s   bwrtn/s   bdscd/s
01:49:41       411.00    292.00    119.00      0.00   9632.00   3368.00      0.00

01:49:40    kbmemfree   kbavail kbmemused  %memused kbbuffers  kbcached  kbcommit   %commit  kbactive   kbinact   kbdirty
01:49:41      2310276   2437932   5106492     64.00     10188    294716   8994980     89.27   2046860   3004776        72

01:49:40          DEV       tps     rkB/s     wkB/s     dkB/s   areq-sz    aqu-sz     await     %util
01:49:41          sda      0.00      0.00      0.00      0.00      0.00      0.00      0.00      0.00
01:49:41          sdb      7.00     28.00      0.00      0.00      4.00      0.00      0.43      2.00
01:49:41          sdc    404.00   4788.00   1684.00      0.00     16.02      0.43      1.04     62.00

01:49:40        IFACE   rxpck/s   txpck/s    rxkB/s    txkB/s   rxcmp/s   txcmp/s  rxmcst/s   %ifutil
01:49:41           lo     49.00     49.00    386.32    386.32      0.00      0.00      0.00      0.00
01:49:41         eth0      0.00      0.00      0.00      0.00      0.00      0.00      0.00      0.00

01:49:41        CPU     %user     %nice   %system   %iowait    %steal     %idle
01:49:42        all      4.63      0.00      0.80      0.06      0.00     94.50

01:49:41          tps      rtps      wtps      dtps   bread/s   bwrtn/s   bdscd/s
01:49:42        30.39     26.47      3.92      0.00   1984.31     15.69      0.00

01:49:41    kbmemfree   kbavail kbmemused  %memused kbbuffers  kbcached  kbcommit   %commit  kbactive   kbinact   kbdirty
01:49:42      2293736   2421280   5122864     64.20     10188    294868   9003060     89.35   2047140   3019448       484

01:49:41          DEV       tps     rkB/s     wkB/s     dkB/s   areq-sz    aqu-sz     await     %util
01:49:42          sda      0.00      0.00      0.00      0.00      0.00      0.00      0.00      0.00
01:49:42          sdb      0.98     15.69      0.00      0.00     16.00      0.00      1.00      0.98
01:49:42          sdc     29.41    976.47      7.84      0.00     33.47      0.02      0.57      9.80

01:49:41        IFACE   rxpck/s   txpck/s    rxkB/s    txkB/s   rxcmp/s   txcmp/s  rxmcst/s   %ifutil
01:49:42           lo     80.39     80.39    685.50    685.50      0.00      0.00      0.00      0.00
01:49:42         eth0      0.00      0.00      0.00      0.00      0.00      0.00      0.00      0.00

01:49:42        CPU     %user     %nice   %system   %iowait    %steal     %idle
01:49:43        all      0.62      0.00      0.25      0.12      0.00     99.00

01:49:42          tps      rtps      wtps      dtps   bread/s   bwrtn/s   bdscd/s
01:49:43        26.00     24.00      2.00      0.00   1080.00      8.00      0.00

01:49:42    kbmemfree   kbavail kbmemused  %memused kbbuffers  kbcached  kbcommit   %commit  kbactive   kbinact   kbdirty
01:49:43      2307844   2434828   5109356     64.03     10188    294268   9003560     89.35   2047196   3005244       496

01:49:42          DEV       tps     rkB/s     wkB/s     dkB/s   areq-sz    aqu-sz     await     %util
01:49:43          sda      0.00      0.00      0.00      0.00      0.00      0.00      0.00      0.00
01:49:43          sdb      0.00      0.00      0.00      0.00      0.00      0.00      0.00      0.00
01:49:43          sdc     26.00    540.00      4.00      0.00     20.92      0.02      0.58      6.00

01:49:42        IFACE   rxpck/s   txpck/s    rxkB/s    txkB/s   rxcmp/s   txcmp/s  rxmcst/s   %ifutil
01:49:43           lo     40.00     40.00    386.20    386.20      0.00      0.00      0.00      0.00
01:49:43         eth0      0.00      0.00      0.00      0.00      0.00      0.00      0.00      0.00

01:49:43        CPU     %user     %nice   %system   %iowait    %steal     %idle
01:49:44        all     40.62      0.00     11.25      0.19      0.00     47.93

01:49:43          tps      rtps      wtps      dtps   bread/s   bwrtn/s   bdscd/s
01:49:44        70.00     68.00      2.00      0.00   3064.00   1352.00      0.00

01:49:43    kbmemfree   kbavail kbmemused  %memused kbbuffers  kbcached  kbcommit   %commit  kbactive   kbinact   kbdirty
01:49:44      1874564   2004812   5536328     69.38     10216    296308  10585788    105.05   2048076   3420680      1872

01:49:43          DEV       tps     rkB/s     wkB/s     dkB/s   areq-sz    aqu-sz     await     %util
01:49:44          sda      0.00      0.00      0.00      0.00      0.00      0.00      0.00      0.00
01:49:44          sdb     32.00    184.00      0.00      0.00      5.75      0.01      0.41      9.00
01:49:44          sdc     38.00   1348.00    676.00      0.00     53.26      0.03      0.74      8.00

01:49:43        IFACE   rxpck/s   txpck/s    rxkB/s    txkB/s   rxcmp/s   txcmp/s  rxmcst/s   %ifutil
01:49:44           lo    122.00    122.00    406.95    406.95      0.00      0.00      0.00      0.00
01:49:44         eth0      0.00      0.00      0.00      0.00      0.00      0.00      0.00      0.00

01:49:44        CPU     %user     %nice   %system   %iowait    %steal     %idle
01:49:45        all     70.43      0.00      8.15      0.26      0.00     21.17

01:49:44          tps      rtps      wtps      dtps   bread/s   bwrtn/s   bdscd/s
01:49:45        49.00     49.00      0.00      0.00   9088.00      0.00      0.00

01:49:44    kbmemfree   kbavail kbmemused  %memused kbbuffers  kbcached  kbcommit   %commit  kbactive   kbinact   kbdirty
01:49:45      1645920   1780260   5760364     72.19     10220    300560  10813816    107.32   2049612   3653936      1920

01:49:44          DEV       tps     rkB/s     wkB/s     dkB/s   areq-sz    aqu-sz     await     %util
01:49:45          sda      2.00    100.00      0.00      0.00     50.00      0.00      0.50      1.00
01:49:45          sdb      0.00      0.00      0.00      0.00      0.00      0.00      0.00      0.00
01:49:45          sdc     47.00   4444.00      0.00      0.00     94.55      0.04      0.85     14.00

01:49:44        IFACE   rxpck/s   txpck/s    rxkB/s    txkB/s   rxcmp/s   txcmp/s  rxmcst/s   %ifutil
01:49:45           lo     95.00     95.00    394.42    394.42      0.00      0.00      0.00      0.00
01:49:45         eth0      0.00      0.00      0.00      0.00      0.00      0.00      0.00      0.00

01:49:45        CPU     %user     %nice   %system   %iowait    %steal     %idle
01:49:46        all     72.11      0.00      7.59      1.40      0.00     18.89

01:49:45          tps      rtps      wtps      dtps   bread/s   bwrtn/s   bdscd/s
01:49:46       154.46    154.46      0.00      0.00  29013.86      0.00      0.00

01:49:45    kbmemfree   kbavail kbmemused  %memused kbbuffers  kbcached  kbcommit   %commit  kbactive   kbinact   kbdirty
01:49:46      1261796   1420240   6119500     76.69     10220    324132  11099404    110.15   2059072   4023136      3876

01:49:45          DEV       tps     rkB/s     wkB/s     dkB/s   areq-sz    aqu-sz     await     %util
01:49:46          sda      0.00      0.00      0.00      0.00      0.00      0.00      0.00      0.00
01:49:46          sdb      0.00      0.00      0.00      0.00      0.00      0.00      0.00      0.00
01:49:46          sdc    154.46  14506.93      0.00      0.00     93.92      0.09      0.59     27.72

01:49:45        IFACE   rxpck/s   txpck/s    rxkB/s    txkB/s   rxcmp/s   txcmp/s  rxmcst/s   %ifutil
01:49:46           lo     31.68     31.68    380.30    380.30      0.00      0.00      0.00      0.00
01:49:46         eth0      0.00      0.00      0.00      0.00      0.00      0.00      0.00      0.00

01:49:46        CPU     %user     %nice   %system   %iowait    %steal     %idle
01:49:45        all     69.26      0.00     14.77      0.82      0.00     15.15

01:49:46          tps      rtps      wtps      dtps   bread/s   bwrtn/s   bdscd/s
01:49:45       291.00    146.00    138.00      7.00  22784.00  30144.00    192.00

01:49:46    kbmemfree   kbavail kbmemused  %memused kbbuffers  kbcached  kbcommit   %commit  kbactive   kbinact   kbdirty
01:49:45       111212    287240   7251992     90.88     10372    341168  12494072    123.99   1991392   5251996       104

01:49:46          DEV       tps     rkB/s     wkB/s     dkB/s   areq-sz    aqu-sz     await     %util
01:49:45          sda      0.00      0.00      0.00      0.00      0.00      0.00      0.00      0.00
01:49:45          sdb     31.00     48.00  11048.00      0.00    357.94      0.13      4.35     10.00
01:49:45          sdc    260.00  11344.00   4024.00     96.00     59.48      0.20      0.76     30.00

01:49:46        IFACE   rxpck/s   txpck/s    rxkB/s    txkB/s   rxcmp/s   txcmp/s  rxmcst/s   %ifutil
01:49:45           lo    506.00    506.00   2508.62   2508.62      0.00      0.00      0.00      0.00
01:49:45         eth0      1.00      1.00      0.09      0.09      0.00      0.00      0.00      0.00

01:49:45        CPU     %user     %nice   %system   %iowait    %steal     %idle
01:49:46        all     68.35      0.00     31.08      0.00      0.00      0.57

01:49:45          tps      rtps      wtps      dtps   bread/s   bwrtn/s   bdscd/s
01:49:46      3172.00     35.00   3137.00      0.00   3288.00 289248.00      0.00

01:49:45    kbmemfree   kbavail kbmemused  %memused kbbuffers  kbcached  kbcommit   %commit  kbactive   kbinact   kbdirty
01:49:46       102580    224080   7320884     91.75      9556    292368  12759800    126.63   1759128   5526588       564

01:49:45          DEV       tps     rkB/s     wkB/s     dkB/s   areq-sz    aqu-sz     await     %util
01:49:46          sda      0.00      0.00      0.00      0.00      0.00      0.00      0.00      0.00
01:49:46          sdb   3143.00     28.00 144624.00      0.00     46.02     14.68      4.67     93.00
01:49:46          sdc     29.00   1616.00      0.00      0.00     55.72      0.03      0.86     12.00

01:49:45        IFACE   rxpck/s   txpck/s    rxkB/s    txkB/s   rxcmp/s   txcmp/s  rxmcst/s   %ifutil
01:49:46           lo     91.00     91.00    678.14    678.14      0.00      0.00      0.00      0.00
01:49:46         eth0      0.00      0.00      0.00      0.00      0.00      0.00      0.00      0.00

01:49:46        CPU     %user     %nice   %system   %iowait    %steal     %idle
01:49:47        all     58.11      0.00     18.88      2.47      0.00     20.53

01:49:46          tps      rtps      wtps      dtps   bread/s   bwrtn/s   bdscd/s
01:49:47      2162.00   1028.00   1134.00      0.00  77808.00 167560.00      0.00

01:49:46    kbmemfree   kbavail kbmemused  %memused kbbuffers  kbcached  kbcommit   %commit  kbactive   kbinact   kbdirty
01:49:47      1826720   1964516   5588044     70.03      7440    316880  10151992    100.75   1614532   3939748       392

01:49:46          DEV       tps     rkB/s     wkB/s     dkB/s   areq-sz    aqu-sz     await     %util
01:49:47          sda      0.00      0.00      0.00      0.00      0.00      0.00      0.00      0.00
01:49:47          sdb   1524.00   2268.00  82512.00      0.00     55.63      5.29      3.47     75.00
01:49:47          sdc    638.00  36636.00   1268.00      0.00     59.41      0.52      0.81     94.00

01:49:46        IFACE   rxpck/s   txpck/s    rxkB/s    txkB/s   rxcmp/s   txcmp/s  rxmcst/s   %ifutil
01:49:47           lo    209.00    209.00    440.40    440.40      0.00      0.00      0.00      0.00
01:49:47         eth0     20.00     26.00     12.69     11.30      0.00      0.00      0.00      0.00

01:49:47        CPU     %user     %nice   %system   %iowait    %steal     %idle
01:49:48        all     41.18      0.00     15.39      4.30      0.00     39.13

01:49:47          tps      rtps      wtps      dtps   bread/s   bwrtn/s   bdscd/s
01:49:48      1099.00    959.00     64.00     76.00  69488.00   6928.00  13024.00

01:49:47    kbmemfree   kbavail kbmemused  %memused kbbuffers  kbcached  kbcommit   %commit  kbactive   kbinact   kbdirty
01:49:48      2612452   2813752   4778620     59.89      8516    343244   9109024     90.40   1612812   3144820      1720

01:49:47          DEV       tps     rkB/s     wkB/s     dkB/s   areq-sz    aqu-sz     await     %util
01:49:48          sda      3.00    104.00      0.00      0.00     34.67      0.00      0.67      1.00
01:49:48          sdb    458.00   3924.00      0.00      0.00      8.57      0.13      0.29     42.00
01:49:48          sdc    638.00  30716.00   3464.00   6512.00     63.78      0.37      0.53     70.00

01:49:47        IFACE   rxpck/s   txpck/s    rxkB/s    txkB/s   rxcmp/s   txcmp/s  rxmcst/s   %ifutil
01:49:48           lo    146.00    146.00    409.91    409.91      0.00      0.00      0.00      0.00
01:49:48         eth0     26.00     29.00      6.48      9.05      0.00      0.00      0.00      0.00

01:49:48        CPU     %user     %nice   %system   %iowait    %steal     %idle
01:49:49        all     53.51      0.00      7.21      0.32      0.00     38.97

01:49:48          tps      rtps      wtps      dtps   bread/s   bwrtn/s   bdscd/s
01:49:49       136.00    136.00      0.00      0.00   3072.00      0.00      0.00

01:49:48    kbmemfree   kbavail kbmemused  %memused kbbuffers  kbcached  kbcommit   %commit  kbactive   kbinact   kbdirty
01:49:49      2351456   2554616   5036936     63.12      8516    343988   9430416     93.59   1622160   3389056      1684

01:49:48          DEV       tps     rkB/s     wkB/s     dkB/s   areq-sz    aqu-sz     await     %util
01:49:49          sda      0.00      0.00      0.00      0.00      0.00      0.00      0.00      0.00
01:49:49          sdb     21.00     84.00      0.00      0.00      4.00      0.01      0.29      5.00
01:49:49          sdc    115.00   1452.00      0.00      0.00     12.63      0.05      0.47     32.00

01:49:48        IFACE   rxpck/s   txpck/s    rxkB/s    txkB/s   rxcmp/s   txcmp/s  rxmcst/s   %ifutil
01:49:49           lo     77.00     77.00    392.02    392.02      0.00      0.00      0.00      0.00
01:49:49         eth0     16.00     14.00      5.59     16.86      0.00      0.00      0.00      0.00

01:49:49        CPU     %user     %nice   %system   %iowait    %steal     %idle
01:49:50        all     56.03      0.00      7.89      0.32      0.00     35.77

01:49:49          tps      rtps      wtps      dtps   bread/s   bwrtn/s   bdscd/s
01:49:50       103.00    103.00      0.00      0.00   3928.00      0.00      0.00

01:49:49    kbmemfree   kbavail kbmemused  %memused kbbuffers  kbcached  kbcommit   %commit  kbactive   kbinact   kbdirty
01:49:50      1799548   2004880   5586228     70.01      8648    346072  10496868    104.17   1625008   3939740      3084

01:49:49          DEV       tps     rkB/s     wkB/s     dkB/s   areq-sz    aqu-sz     await     %util
01:49:50          sda      0.00      0.00      0.00      0.00      0.00      0.00      0.00      0.00
01:49:50          sdb      5.00     20.00      0.00      0.00      4.00      0.00      0.40      3.00
01:49:50          sdc     98.00   1944.00      0.00      0.00     19.84      0.05      0.48     32.00

01:49:49        IFACE   rxpck/s   txpck/s    rxkB/s    txkB/s   rxcmp/s   txcmp/s  rxmcst/s   %ifutil
01:49:50           lo    283.00    283.00    829.40    829.40      0.00      0.00      0.00      0.00
01:49:50         eth0     12.00     17.00     10.27      6.20      0.00      0.00      0.00      0.00

01:49:50        CPU     %user     %nice   %system   %iowait    %steal     %idle
01:49:51        all     67.61      0.00     10.78      0.06      0.00     21.55

01:49:50          tps      rtps      wtps      dtps   bread/s   bwrtn/s   bdscd/s
01:49:51        17.00     17.00      0.00      0.00   2592.00      0.00      0.00

01:49:50    kbmemfree   kbavail kbmemused  %memused kbbuffers  kbcached  kbcommit   %commit  kbactive   kbinact   kbdirty
01:49:51      1039028   1245832   6345292     79.52      8648    347148  11119624    110.35   1625800   4725628      3380

01:49:50          DEV       tps     rkB/s     wkB/s     dkB/s   areq-sz    aqu-sz     await     %util
01:49:51          sda      0.00      0.00      0.00      0.00      0.00      0.00      0.00      0.00
01:49:51          sdb      6.00     36.00      0.00      0.00      6.00      0.01      2.33      4.00
01:49:51          sdc     11.00   1260.00      0.00      0.00    114.55      0.02      1.55      5.00

01:49:50        IFACE   rxpck/s   txpck/s    rxkB/s    txkB/s   rxcmp/s   txcmp/s  rxmcst/s   %ifutil
01:49:51           lo    137.00    137.00    415.91    415.91      0.00      0.00      0.00      0.00
01:49:51         eth0     16.00      3.00      3.33      0.22      0.00      0.00     12.00      0.00

01:49:51        CPU     %user     %nice   %system   %iowait    %steal     %idle
01:49:52        all     17.46      0.00      2.44      1.94      0.00     78.16

01:49:51          tps      rtps      wtps      dtps   bread/s   bwrtn/s   bdscd/s
01:49:52        91.00     85.00      6.00      0.00   3520.00    264.00      0.00

01:49:51    kbmemfree   kbavail kbmemused  %memused kbbuffers  kbcached  kbcommit   %commit  kbactive   kbinact   kbdirty
01:49:52      2698796   2905100   4687096     58.74      8652    347100   8428648     83.65   1637808   3049540      3368

01:49:51          DEV       tps     rkB/s     wkB/s     dkB/s   areq-sz    aqu-sz     await     %util
01:49:52          sda      0.00      0.00      0.00      0.00      0.00      0.00      0.00      0.00
01:49:52          sdb     42.00    224.00      0.00      0.00      5.33      0.12      2.83     17.00
01:49:52          sdc     49.00   1536.00    132.00      0.00     34.04      0.28      5.14     43.00

01:49:51        IFACE   rxpck/s   txpck/s    rxkB/s    txkB/s   rxcmp/s   txcmp/s  rxmcst/s   %ifutil
01:49:52           lo    163.00    163.00   1622.55   1622.55      0.00      0.00      0.00      0.00
01:49:52         eth0      0.00      0.00      0.00      0.00      0.00      0.00      0.00      0.00

01:49:52        CPU     %user     %nice   %system   %iowait    %steal     %idle
01:49:53        all      6.34      0.00      0.94      0.69      0.00     92.03

01:49:52          tps      rtps      wtps      dtps   bread/s   bwrtn/s   bdscd/s
01:49:53        58.00     26.00      6.00     26.00   1944.00   1064.00  59096.00

01:49:52    kbmemfree   kbavail kbmemused  %memused kbbuffers  kbcached  kbcommit   %commit  kbactive   kbinact   kbdirty
01:49:53      2649852   2855724   4736492     59.36      8668    346688   8445960     83.82   1638120   3097084      2684

01:49:52          DEV       tps     rkB/s     wkB/s     dkB/s   areq-sz    aqu-sz     await     %util
01:49:53          sda      0.00      0.00      0.00      0.00      0.00      0.00      0.00      0.00
01:49:53          sdb      0.00      0.00      0.00      0.00      0.00      0.00      0.00      0.00
01:49:53          sdc     58.00    972.00    532.00  29548.00    535.38      0.18      2.64     20.00

01:49:52        IFACE   rxpck/s   txpck/s    rxkB/s    txkB/s   rxcmp/s   txcmp/s  rxmcst/s   %ifutil
01:49:53           lo     84.00     84.00    909.37    909.37      0.00      0.00      0.00      0.00
01:49:53         eth0      0.00      0.00      0.00      0.00      0.00      0.00      0.00      0.00

01:49:53        CPU     %user     %nice   %system   %iowait    %steal     %idle
01:49:54        all      1.50      0.00      0.94      3.69      0.00     93.86

01:49:53          tps      rtps      wtps      dtps   bread/s   bwrtn/s   bdscd/s
01:49:54       245.00    227.00     18.00      0.00   4056.00     80.00      0.00

01:49:53    kbmemfree   kbavail kbmemused  %memused kbbuffers  kbcached  kbcommit   %commit  kbactive   kbinact   kbdirty
01:49:54      2944324   3149912   4442308     55.67      8800    346300   7968004     79.08   1638864   2810192      2832

01:49:53          DEV       tps     rkB/s     wkB/s     dkB/s   areq-sz    aqu-sz     await     %util
01:49:54          sda      0.00      0.00      0.00      0.00      0.00      0.00      0.00      0.00
01:49:54          sdb    198.00    952.00      0.00      0.00      4.81      0.26      1.33     29.00
01:49:54          sdc     47.00   1076.00     40.00      0.00     23.74      0.26      3.57     24.00

01:49:53        IFACE   rxpck/s   txpck/s    rxkB/s    txkB/s   rxcmp/s   txcmp/s  rxmcst/s   %ifutil
01:49:54           lo     93.00     93.00    406.21    406.21      0.00      0.00      0.00      0.00
01:49:54         eth0      0.00      0.00      0.00      0.00      0.00      0.00      0.00      0.00

01:49:54        CPU     %user     %nice   %system   %iowait    %steal     %idle
01:49:55        all      0.84      0.00      0.45     10.05      0.00     88.66

01:49:54          tps      rtps      wtps      dtps   bread/s   bwrtn/s   bdscd/s
01:49:55        39.00     30.00      9.00      0.00   2280.00     96.00      0.00

01:49:54    kbmemfree   kbavail kbmemused  %memused kbbuffers  kbcached  kbcommit   %commit  kbactive   kbinact   kbdirty
01:49:55      2944096   3149096   4443628     55.69      8804    346008   7967008     79.07   1639204   2809184      2464

01:49:54          DEV       tps     rkB/s     wkB/s     dkB/s   areq-sz    aqu-sz     await     %util
01:49:55          sda      0.00      0.00      0.00      0.00      0.00      0.00      0.00      0.00
01:49:55          sdb      7.00     44.00      0.00      0.00      6.29      0.41     58.57     44.00
01:49:55          sdc     32.00   1096.00     48.00      0.00     35.75      1.84     43.03     63.00

01:49:54        IFACE   rxpck/s   txpck/s    rxkB/s    txkB/s   rxcmp/s   txcmp/s  rxmcst/s   %ifutil
01:49:55           lo     64.00     64.00    387.41    387.41      0.00      0.00      0.00      0.00
01:49:55         eth0      0.00      0.00      0.00      0.00      0.00      0.00      0.00      0.00

01:49:55        CPU     %user     %nice   %system   %iowait    %steal     %idle
01:49:56        all      1.88      0.00      0.50      0.69      0.00     96.94

01:49:55          tps      rtps      wtps      dtps   bread/s   bwrtn/s   bdscd/s
01:49:56        21.00     11.00     10.00      0.00   2600.00     40.00      0.00

01:49:55    kbmemfree   kbavail kbmemused  %memused kbbuffers  kbcached  kbcommit   %commit  kbactive   kbinact   kbdirty
01:49:56      2941344   3146696   4446040     55.72      8804    346364   7966480     79.06   1639252   2809932      2536

01:49:55          DEV       tps     rkB/s     wkB/s     dkB/s   areq-sz    aqu-sz     await     %util
01:49:56          sda      0.00      0.00      0.00      0.00      0.00      0.00      0.00      0.00
01:49:56          sdb      1.00      4.00      0.00      0.00      4.00      0.00      1.00      1.00
01:49:56          sdc     20.00   1296.00     20.00      0.00     65.80      0.16      5.00     14.00

01:49:55        IFACE   rxpck/s   txpck/s    rxkB/s    txkB/s   rxcmp/s   txcmp/s  rxmcst/s   %ifutil
01:49:56           lo     96.00     96.00    505.13    505.13      0.00      0.00      0.00      0.00
01:49:56         eth0      0.00      0.00      0.00      0.00      0.00      0.00      0.00      0.00

01:49:56        CPU     %user     %nice   %system   %iowait    %steal     %idle
01:49:57        all      0.50      0.00      0.25      0.19      0.00     99.06

01:49:56          tps      rtps      wtps      dtps   bread/s   bwrtn/s   bdscd/s
01:49:57        28.00     18.00     10.00      0.00   1520.00     40.00      0.00

01:49:56    kbmemfree   kbavail kbmemused  %memused kbbuffers  kbcached  kbcommit   %commit  kbactive   kbinact   kbdirty
01:49:57      2940728   3146412   4446352     55.72      8804    346668   7966468     79.06   1639300   2811740      2668

01:49:56          DEV       tps     rkB/s     wkB/s     dkB/s   areq-sz    aqu-sz     await     %util
01:49:57          sda      0.00      0.00      0.00      0.00      0.00      0.00      0.00      0.00
01:49:57          sdb     15.00     60.00      0.00      0.00      4.00      0.01      0.40      7.00
01:49:57          sdc     13.00    700.00     20.00      0.00     55.38      0.02      0.85      4.00

01:49:56        IFACE   rxpck/s   txpck/s    rxkB/s    txkB/s   rxcmp/s   txcmp/s  rxmcst/s   %ifutil
01:49:57           lo    115.00    115.00    994.73    994.73      0.00      0.00      0.00      0.00
01:49:57         eth0      0.00      0.00      0.00      0.00      0.00      0.00      0.00      0.00

01:49:57        CPU     %user     %nice   %system   %iowait    %steal     %idle
01:49:58        all      2.82      0.00      0.69      0.00      0.00     96.49

01:49:57          tps      rtps      wtps      dtps   bread/s   bwrtn/s   bdscd/s
01:49:58        32.00     15.00     12.00      5.00   2152.00    536.00     96.00

01:49:57    kbmemfree   kbavail kbmemused  %memused kbbuffers  kbcached  kbcommit   %commit  kbactive   kbinact   kbdirty
01:49:58      2927624   3133028   4459676     55.89      8816    346468   7971344     79.11   1639352   2824432      2888

01:49:57          DEV       tps     rkB/s     wkB/s     dkB/s   areq-sz    aqu-sz     await     %util
01:49:58          sda      0.00      0.00      0.00      0.00      0.00      0.00      0.00      0.00
01:49:58          sdb      3.00     12.00      0.00      0.00      4.00      0.00      0.33      2.00
01:49:58          sdc     29.00   1064.00    268.00     48.00     47.59      0.03      0.72      8.00

01:49:57        IFACE   rxpck/s   txpck/s    rxkB/s    txkB/s   rxcmp/s   txcmp/s  rxmcst/s   %ifutil
01:49:58           lo     39.00     39.00    385.18    385.18      0.00      0.00      0.00      0.00
01:49:58         eth0      0.00      0.00      0.00      0.00      0.00      0.00      0.00      0.00

01:49:58        CPU     %user     %nice   %system   %iowait    %steal     %idle
01:49:59        all      0.94      0.00      0.63      0.06      0.00     98.37

01:49:58          tps      rtps      wtps      dtps   bread/s   bwrtn/s   bdscd/s
01:49:59        39.00     37.00      2.00      0.00   2864.00      8.00      0.00

01:49:58    kbmemfree   kbavail kbmemused  %memused kbbuffers  kbcached  kbcommit   %commit  kbactive   kbinact   kbdirty
01:49:59      2898772   3104416   4488516     56.25      8972    346604   7946552     78.86   1639876   2849212      2936

01:49:58          DEV       tps     rkB/s     wkB/s     dkB/s   areq-sz    aqu-sz     await     %util
01:49:59          sda      0.00      0.00      0.00      0.00      0.00      0.00      0.00      0.00
01:49:59          sdb      4.00     20.00      0.00      0.00      5.00      0.01      1.25      2.00
01:49:59          sdc     35.00   1412.00      4.00      0.00     40.46      0.02      0.54      6.00

01:49:58        IFACE   rxpck/s   txpck/s    rxkB/s    txkB/s   rxcmp/s   txcmp/s  rxmcst/s   %ifutil
01:49:59           lo     52.00     52.00    391.55    391.55      0.00      0.00      0.00      0.00
01:49:59         eth0      0.00      0.00      0.00      0.00      0.00      0.00      0.00      0.00
