2025-02-21 04:38:09,174 INFO client.DefaultNoHARMFailoverProxyProvider: Connecting to ResourceManager at localhost/127.0.0.1:8032
2025-02-21 04:38:09,510 INFO mapreduce.JobResourceUploader: Disabling Erasure Coding for path: /tmp/hadoop-yarn/staging/satkp/.staging/job_1740130328852_0001
2025-02-21 04:38:11,006 INFO input.FileInputFormat: Total input files to process : 10
2025-02-21 04:38:12,681 INFO mapreduce.JobSubmitter: number of splits:10
2025-02-21 04:38:14,030 INFO mapreduce.JobSubmitter: Submitting tokens for job: job_1740130328852_0001
2025-02-21 04:38:14,030 INFO mapreduce.JobSubmitter: Executing with tokens: []
2025-02-21 04:38:14,163 INFO conf.Configuration: resource-types.xml not found
2025-02-21 04:38:14,163 INFO resource.ResourceUtils: Unable to find 'resource-types.xml'.
2025-02-21 04:38:14,573 INFO impl.YarnClientImpl: Submitted application application_1740130328852_0001
2025-02-21 04:38:14,601 INFO mapreduce.Job: The url to track the job: http://Sathvik.:8088/proxy/application_1740130328852_0001/
2025-02-21 04:38:14,602 INFO mapreduce.Job: Running job: job_1740130328852_0001
2025-02-21 04:38:20,692 INFO mapreduce.Job: Job job_1740130328852_0001 running in uber mode : false
2025-02-21 04:38:20,693 INFO mapreduce.Job:  map 0% reduce 0%
2025-02-21 04:38:27,893 INFO mapreduce.Job:  map 60% reduce 0%
2025-02-21 04:38:30,052 INFO mapreduce.Job:  map 90% reduce 0%
2025-02-21 04:38:31,058 INFO mapreduce.Job:  map 100% reduce 0%
2025-02-21 04:38:32,065 INFO mapreduce.Job:  map 100% reduce 100%
2025-02-21 04:38:37,173 INFO mapreduce.Job: Job job_1740130328852_0001 completed successfully
2025-02-21 04:38:37,261 INFO mapreduce.Job: Counters: 55
	File System Counters
		FILE: Number of bytes read=1253490
		FILE: Number of bytes written=5905451
		FILE: Number of read operations=0
		FILE: Number of large read operations=0
		FILE: Number of write operations=0
		HDFS: Number of bytes read=2728444
		HDFS: Number of bytes written=528799
		HDFS: Number of read operations=35
		HDFS: Number of large read operations=0
		HDFS: Number of write operations=2
		HDFS: Number of bytes read erasure-coded=0
	Job Counters 
		Killed map tasks=1
		Launched map tasks=10
		Launched reduce tasks=1
		Data-local map tasks=10
		Total time spent by all maps in occupied slots (ms)=35697
		Total time spent by all reduces in occupied slots (ms)=2759
		Total time spent by all map tasks (ms)=35697
		Total time spent by all reduce tasks (ms)=2759
		Total vcore-milliseconds taken by all map tasks=35697
		Total vcore-milliseconds taken by all reduce tasks=2759
		Total megabyte-milliseconds taken by all map tasks=36553728
		Total megabyte-milliseconds taken by all reduce tasks=2825216
	Map-Reduce Framework
		Map input records=50219
		Map output records=469285
		Map output bytes=4537773
		Map output materialized bytes=1253544
		Input split bytes=1332
		Combine input records=469285
		Combine output records=87200
		Reduce input groups=47718
		Reduce shuffle bytes=1253544
		Reduce input records=87200
		Reduce output records=47718
		Spilled Records=174400
		Shuffled Maps =10
		Failed Shuffles=0
		Merged Map outputs=10
		GC time elapsed (ms)=6065
		CPU time spent (ms)=35450
		Physical memory (bytes) snapshot=5069467648
		Virtual memory (bytes) snapshot=28583268352
		Total committed heap usage (bytes)=4712300544
		Peak Map Physical memory (bytes)=518352896
		Peak Map Virtual memory (bytes)=2606850048
		Peak Reduce Physical memory (bytes)=320757760
		Peak Reduce Virtual memory (bytes)=2612523008
	Shuffle Errors
		BAD_ID=0
		CONNECTION=0
		IO_ERROR=0
		WRONG_LENGTH=0
		WRONG_MAP=0
		WRONG_REDUCE=0
	File Input Format Counters 
		Bytes Read=2727112
	File Output Format Counters 
		Bytes Written=528799
