2025-02-21 04:23:46,403 INFO client.DefaultNoHARMFailoverProxyProvider: Connecting to ResourceManager at localhost/127.0.0.1:8032
2025-02-21 04:23:46,680 INFO mapreduce.JobResourceUploader: Disabling Erasure Coding for path: /tmp/hadoop-yarn/staging/satkp/.staging/job_1740128722058_0008
2025-02-21 04:23:48,171 INFO input.FileInputFormat: Total input files to process : 100
2025-02-21 04:23:48,779 INFO mapreduce.JobSubmitter: number of splits:100
2025-02-21 04:23:49,287 INFO mapreduce.JobSubmitter: Submitting tokens for job: job_1740128722058_0008
2025-02-21 04:23:49,287 INFO mapreduce.JobSubmitter: Executing with tokens: []
2025-02-21 04:23:49,429 INFO conf.Configuration: resource-types.xml not found
2025-02-21 04:23:49,429 INFO resource.ResourceUtils: Unable to find 'resource-types.xml'.
2025-02-21 04:23:49,491 INFO impl.YarnClientImpl: Submitted application application_1740128722058_0008
2025-02-21 04:23:49,524 INFO mapreduce.Job: The url to track the job: http://Sathvik.:8088/proxy/application_1740128722058_0008/
2025-02-21 04:23:49,524 INFO mapreduce.Job: Running job: job_1740128722058_0008
2025-02-21 04:23:54,618 INFO mapreduce.Job: Job job_1740128722058_0008 running in uber mode : false
2025-02-21 04:23:54,619 INFO mapreduce.Job:  map 0% reduce 0%
2025-02-21 04:24:00,746 INFO mapreduce.Job:  map 6% reduce 0%
2025-02-21 04:24:05,802 INFO mapreduce.Job:  map 12% reduce 0%
2025-02-21 04:24:09,842 INFO mapreduce.Job:  map 13% reduce 0%
2025-02-21 04:24:10,849 INFO mapreduce.Job:  map 18% reduce 0%
2025-02-21 04:24:14,936 INFO mapreduce.Job:  map 24% reduce 0%
2025-02-21 04:24:18,959 INFO mapreduce.Job:  map 26% reduce 0%
2025-02-21 04:24:18,133 INFO mapreduce.Job:  map 29% reduce 0%
2025-02-21 04:24:21,156 INFO mapreduce.Job:  map 31% reduce 0%
2025-02-21 04:24:22,163 INFO mapreduce.Job:  map 34% reduce 0%
2025-02-21 04:24:24,179 INFO mapreduce.Job:  map 36% reduce 0%
2025-02-21 04:24:25,186 INFO mapreduce.Job:  map 39% reduce 0%
2025-02-21 04:24:27,200 INFO mapreduce.Job:  map 41% reduce 0%
2025-02-21 04:24:28,209 INFO mapreduce.Job:  map 44% reduce 14%
2025-02-21 04:24:30,225 INFO mapreduce.Job:  map 46% reduce 14%
2025-02-21 04:24:31,231 INFO mapreduce.Job:  map 49% reduce 14%
2025-02-21 04:24:33,250 INFO mapreduce.Job:  map 51% reduce 14%
2025-02-21 04:24:34,258 INFO mapreduce.Job:  map 51% reduce 17%
2025-02-21 04:24:35,265 INFO mapreduce.Job:  map 54% reduce 17%
2025-02-21 04:24:36,271 INFO mapreduce.Job:  map 56% reduce 17%
2025-02-21 04:24:39,292 INFO mapreduce.Job:  map 59% reduce 17%
2025-02-21 04:24:40,298 INFO mapreduce.Job:  map 61% reduce 20%
2025-02-21 04:24:41,306 INFO mapreduce.Job:  map 62% reduce 20%
2025-02-21 04:24:43,321 INFO mapreduce.Job:  map 64% reduce 20%
2025-02-21 04:24:44,326 INFO mapreduce.Job:  map 67% reduce 20%
2025-02-21 04:24:46,341 INFO mapreduce.Job:  map 67% reduce 22%
2025-02-21 04:24:47,347 INFO mapreduce.Job:  map 69% reduce 22%
2025-02-21 04:24:48,355 INFO mapreduce.Job:  map 72% reduce 22%
2025-02-21 04:24:49,527 INFO mapreduce.Job:  map 74% reduce 22%
2025-02-21 04:24:50,532 INFO mapreduce.Job:  map 75% reduce 25%
2025-02-21 04:24:51,539 INFO mapreduce.Job:  map 77% reduce 25%
2025-02-21 04:24:53,556 INFO mapreduce.Job:  map 79% reduce 25%
2025-02-21 04:24:54,565 INFO mapreduce.Job:  map 82% reduce 25%
2025-02-21 04:24:56,582 INFO mapreduce.Job:  map 82% reduce 27%
2025-02-21 04:24:57,588 INFO mapreduce.Job:  map 84% reduce 27%
2025-02-21 04:24:58,595 INFO mapreduce.Job:  map 87% reduce 27%
2025-02-21 04:25:00,606 INFO mapreduce.Job:  map 89% reduce 27%
2025-02-21 04:25:02,618 INFO mapreduce.Job:  map 92% reduce 30%
2025-02-21 04:25:04,629 INFO mapreduce.Job:  map 94% reduce 30%
2025-02-21 04:25:05,637 INFO mapreduce.Job:  map 97% reduce 30%
2025-02-21 04:25:07,649 INFO mapreduce.Job:  map 99% reduce 30%
2025-02-21 04:25:08,655 INFO mapreduce.Job:  map 100% reduce 33%
2025-02-21 04:25:09,661 INFO mapreduce.Job:  map 100% reduce 100%
2025-02-21 04:25:13,689 INFO mapreduce.Job: Job job_1740128722058_0008 completed successfully
2025-02-21 04:25:13,802 INFO mapreduce.Job: Counters: 54
	File System Counters
		FILE: Number of bytes read=11876
		FILE: Number of bytes written=31278730
		FILE: Number of read operations=0
		FILE: Number of large read operations=0
		FILE: Number of write operations=0
		HDFS: Number of bytes read=32654859
		HDFS: Number of bytes written=461
		HDFS: Number of read operations=305
		HDFS: Number of large read operations=0
		HDFS: Number of write operations=2
		HDFS: Number of bytes read erasure-coded=0
	Job Counters 
		Launched map tasks=100
		Launched reduce tasks=1
		Data-local map tasks=100
		Total time spent by all maps in occupied slots (ms)=287605
		Total time spent by all reduces in occupied slots (ms)=53562
		Total time spent by all map tasks (ms)=287605
		Total time spent by all reduce tasks (ms)=53562
		Total vcore-milliseconds taken by all map tasks=287605
		Total vcore-milliseconds taken by all reduce tasks=53562
		Total megabyte-milliseconds taken by all map tasks=294507520
		Total megabyte-milliseconds taken by all reduce tasks=54847488
	Map-Reduce Framework
		Map input records=641966
		Map output records=8834
		Map output bytes=140727
		Map output materialized bytes=12470
		Input split bytes=13440
		Combine input records=8834
		Combine output records=659
		Reduce input groups=16
		Reduce shuffle bytes=12470
		Reduce input records=659
		Reduce output records=16
		Spilled Records=1318
		Shuffled Maps =100
		Failed Shuffles=0
		Merged Map outputs=100
		GC time elapsed (ms)=23224
		CPU time spent (ms)=146900
		Physical memory (bytes) snapshot=43079999488
		Virtual memory (bytes) snapshot=261576232960
		Total committed heap usage (bytes)=41719169024
		Peak Map Physical memory (bytes)=495529984
		Peak Map Virtual memory (bytes)=2595229696
		Peak Reduce Physical memory (bytes)=267440128
		Peak Reduce Virtual memory (bytes)=2598576128
	Shuffle Errors
		BAD_ID=0
		CONNECTION=0
		IO_ERROR=0
		WRONG_LENGTH=0
		WRONG_MAP=0
		WRONG_REDUCE=0
	File Input Format Counters 
		Bytes Read=32641419
	File Output Format Counters 
		Bytes Written=461
2025-02-21 04:25:13,831 INFO client.DefaultNoHARMFailoverProxyProvider: Connecting to ResourceManager at localhost/127.0.0.1:8032
2025-02-21 04:25:13,847 INFO mapreduce.JobResourceUploader: Disabling Erasure Coding for path: /tmp/hadoop-yarn/staging/satkp/.staging/job_1740128722058_0009
2025-02-21 04:25:14,284 INFO input.FileInputFormat: Total input files to process : 1
2025-02-21 04:25:16,725 INFO mapreduce.JobSubmitter: number of splits:1
2025-02-21 04:25:17,211 INFO mapreduce.JobSubmitter: Submitting tokens for job: job_1740128722058_0009
2025-02-21 04:25:17,211 INFO mapreduce.JobSubmitter: Executing with tokens: []
2025-02-21 04:25:17,228 INFO impl.YarnClientImpl: Submitted application application_1740128722058_0009
2025-02-21 04:25:17,233 INFO mapreduce.Job: The url to track the job: http://Sathvik.:8088/proxy/application_1740128722058_0009/
2025-02-21 04:25:17,233 INFO mapreduce.Job: Running job: job_1740128722058_0009
2025-02-21 04:25:22,372 INFO mapreduce.Job: Job job_1740128722058_0009 running in uber mode : false
2025-02-21 04:25:22,372 INFO mapreduce.Job:  map 0% reduce 0%
2025-02-21 04:25:26,412 INFO mapreduce.Job:  map 100% reduce 0%
2025-02-21 04:25:31,456 INFO mapreduce.Job:  map 100% reduce 100%
2025-02-21 04:25:35,483 INFO mapreduce.Job: Job job_1740128722058_0009 completed successfully
2025-02-21 04:25:35,509 INFO mapreduce.Job: Counters: 54
	File System Counters
		FILE: Number of bytes read=285
		FILE: Number of bytes written=618241
		FILE: Number of read operations=0
		FILE: Number of large read operations=0
		FILE: Number of write operations=0
		HDFS: Number of bytes read=592
		HDFS: Number of bytes written=185
		HDFS: Number of read operations=9
		HDFS: Number of large read operations=0
		HDFS: Number of write operations=2
		HDFS: Number of bytes read erasure-coded=0
	Job Counters 
		Launched map tasks=1
		Launched reduce tasks=1
		Data-local map tasks=1
		Total time spent by all maps in occupied slots (ms)=1686
		Total time spent by all reduces in occupied slots (ms)=2852
		Total time spent by all map tasks (ms)=1686
		Total time spent by all reduce tasks (ms)=2852
		Total vcore-milliseconds taken by all map tasks=1686
		Total vcore-milliseconds taken by all reduce tasks=2852
		Total megabyte-milliseconds taken by all map tasks=1726464
		Total megabyte-milliseconds taken by all reduce tasks=2920448
	Map-Reduce Framework
		Map input records=16
		Map output records=16
		Map output bytes=247
		Map output materialized bytes=285
		Input split bytes=131
		Combine input records=0
		Combine output records=0
		Reduce input groups=15
		Reduce shuffle bytes=285
		Reduce input records=16
		Reduce output records=16
		Spilled Records=32
		Shuffled Maps =1
		Failed Shuffles=0
		Merged Map outputs=1
		GC time elapsed (ms)=245
		CPU time spent (ms)=2220
		Physical memory (bytes) snapshot=942706688
		Virtual memory (bytes) snapshot=5191348224
		Total committed heap usage (bytes)=819462144
		Peak Map Physical memory (bytes)=682049536
		Peak Map Virtual memory (bytes)=2594762752
		Peak Reduce Physical memory (bytes)=260657152
		Peak Reduce Virtual memory (bytes)=2596585472
	Shuffle Errors
		BAD_ID=0
		CONNECTION=0
		IO_ERROR=0
		WRONG_LENGTH=0
		WRONG_MAP=0
		WRONG_REDUCE=0
	File Input Format Counters 
		Bytes Read=461
	File Output Format Counters 
		Bytes Written=185
