2025-02-21 04:25:40,473 INFO client.DefaultNoHARMFailoverProxyProvider: Connecting to ResourceManager at localhost/127.0.0.1:8032
2025-02-21 04:25:40,748 INFO mapreduce.JobResourceUploader: Disabling Erasure Coding for path: /tmp/hadoop-yarn/staging/satkp/.staging/job_1740128722058_0010
2025-02-21 04:25:42,233 INFO input.FileInputFormat: Total input files to process : 300
2025-02-21 04:25:43,924 INFO mapreduce.JobSubmitter: number of splits:300
2025-02-21 04:25:45,239 INFO mapreduce.JobSubmitter: Submitting tokens for job: job_1740128722058_0010
2025-02-21 04:25:45,239 INFO mapreduce.JobSubmitter: Executing with tokens: []
2025-02-21 04:25:45,367 INFO conf.Configuration: resource-types.xml not found
2025-02-21 04:25:45,367 INFO resource.ResourceUtils: Unable to find 'resource-types.xml'.
2025-02-21 04:25:45,424 INFO impl.YarnClientImpl: Submitted application application_1740128722058_0010
2025-02-21 04:25:45,454 INFO mapreduce.Job: The url to track the job: http://Sathvik.:8088/proxy/application_1740128722058_0010/
2025-02-21 04:25:45,455 INFO mapreduce.Job: Running job: job_1740128722058_0010
2025-02-21 04:25:49,552 INFO mapreduce.Job: Job job_1740128722058_0010 running in uber mode : false
2025-02-21 04:25:49,553 INFO mapreduce.Job:  map 0% reduce 0%
2025-02-21 04:25:53,787 INFO mapreduce.Job:  map 2% reduce 0%
2025-02-21 04:25:58,853 INFO mapreduce.Job:  map 4% reduce 0%
2025-02-21 04:26:03,908 INFO mapreduce.Job:  map 6% reduce 0%
2025-02-21 04:26:07,966 INFO mapreduce.Job:  map 7% reduce 0%
2025-02-21 04:26:08,979 INFO mapreduce.Job:  map 8% reduce 0%
2025-02-21 04:26:10,999 INFO mapreduce.Job:  map 9% reduce 0%
2025-02-21 04:26:12,005 INFO mapreduce.Job:  map 10% reduce 0%
2025-02-21 04:26:15,024 INFO mapreduce.Job:  map 11% reduce 0%
2025-02-21 04:26:16,032 INFO mapreduce.Job:  map 12% reduce 0%
2025-02-21 04:26:18,045 INFO mapreduce.Job:  map 13% reduce 0%
2025-02-21 04:26:19,239 INFO mapreduce.Job:  map 14% reduce 0%
2025-02-21 04:26:21,263 INFO mapreduce.Job:  map 15% reduce 0%
2025-02-21 04:26:23,292 INFO mapreduce.Job:  map 16% reduce 0%
2025-02-21 04:26:26,357 INFO mapreduce.Job:  map 17% reduce 0%
2025-02-21 04:26:28,374 INFO mapreduce.Job:  map 18% reduce 0%
2025-02-21 04:26:31,397 INFO mapreduce.Job:  map 19% reduce 0%
2025-02-21 04:26:32,415 INFO mapreduce.Job:  map 20% reduce 0%
2025-02-21 04:26:36,475 INFO mapreduce.Job:  map 22% reduce 0%
2025-02-21 04:26:41,517 INFO mapreduce.Job:  map 23% reduce 0%
2025-02-21 04:26:45,543 INFO mapreduce.Job:  map 25% reduce 0%
2025-02-21 04:26:46,555 INFO mapreduce.Job:  map 25% reduce 8%
2025-02-21 04:26:50,629 INFO mapreduce.Job:  map 27% reduce 8%
2025-02-21 04:26:50,794 INFO mapreduce.Job:  map 27% reduce 9%
2025-02-21 04:26:54,830 INFO mapreduce.Job:  map 28% reduce 9%
2025-02-21 04:26:58,860 INFO mapreduce.Job:  map 29% reduce 9%
2025-02-21 04:26:59,865 INFO mapreduce.Job:  map 30% reduce 9%
2025-02-21 04:27:01,876 INFO mapreduce.Job:  map 30% reduce 10%
2025-02-21 04:27:03,891 INFO mapreduce.Job:  map 31% reduce 10%
2025-02-21 04:27:04,898 INFO mapreduce.Job:  map 32% reduce 10%
2025-02-21 04:27:07,953 INFO mapreduce.Job:  map 33% reduce 11%
2025-02-21 04:27:11,996 INFO mapreduce.Job:  map 34% reduce 11%
2025-02-21 04:27:13,004 INFO mapreduce.Job:  map 35% reduce 11%
2025-02-21 04:27:14,011 INFO mapreduce.Job:  map 35% reduce 12%
2025-02-21 04:27:17,039 INFO mapreduce.Job:  map 36% reduce 12%
2025-02-21 04:27:18,044 INFO mapreduce.Job:  map 37% reduce 12%
2025-02-21 04:27:21,062 INFO mapreduce.Job:  map 38% reduce 12%
2025-02-21 04:27:22,209 INFO mapreduce.Job:  map 39% reduce 12%
2025-02-21 04:27:23,215 INFO mapreduce.Job:  map 40% reduce 12%
2025-02-21 04:27:24,225 INFO mapreduce.Job:  map 40% reduce 13%
2025-02-21 04:27:28,292 INFO mapreduce.Job:  map 42% reduce 13%
2025-02-21 04:27:30,309 INFO mapreduce.Job:  map 42% reduce 14%
2025-02-21 04:27:32,321 INFO mapreduce.Job:  map 43% reduce 14%
2025-02-21 04:27:33,330 INFO mapreduce.Job:  map 44% reduce 14%
2025-02-21 04:27:36,358 INFO mapreduce.Job:  map 44% reduce 15%
2025-02-21 04:27:37,365 INFO mapreduce.Job:  map 45% reduce 15%
2025-02-21 04:27:41,393 INFO mapreduce.Job:  map 47% reduce 15%
2025-02-21 04:27:42,399 INFO mapreduce.Job:  map 47% reduce 16%
2025-02-21 04:27:45,421 INFO mapreduce.Job:  map 49% reduce 16%
2025-02-21 04:27:49,461 INFO mapreduce.Job:  map 50% reduce 16%
2025-02-21 04:27:51,598 INFO mapreduce.Job:  map 52% reduce 16%
2025-02-21 04:27:52,603 INFO mapreduce.Job:  map 52% reduce 17%
2025-02-21 04:27:56,659 INFO mapreduce.Job:  map 54% reduce 17%
2025-02-21 04:27:58,673 INFO mapreduce.Job:  map 54% reduce 18%
2025-02-21 04:28:01,698 INFO mapreduce.Job:  map 55% reduce 18%
2025-02-21 04:28:03,708 INFO mapreduce.Job:  map 56% reduce 18%
2025-02-21 04:28:04,714 INFO mapreduce.Job:  map 57% reduce 19%
2025-02-21 04:28:08,736 INFO mapreduce.Job:  map 58% reduce 19%
2025-02-21 04:28:09,749 INFO mapreduce.Job:  map 59% reduce 19%
2025-02-21 04:28:10,766 INFO mapreduce.Job:  map 59% reduce 20%
2025-02-21 04:28:13,796 INFO mapreduce.Job:  map 60% reduce 20%
2025-02-21 04:28:14,801 INFO mapreduce.Job:  map 61% reduce 20%
2025-02-21 04:28:17,815 INFO mapreduce.Job:  map 62% reduce 20%
2025-02-21 04:28:20,948 INFO mapreduce.Job:  map 64% reduce 21%
2025-02-21 04:28:24,970 INFO mapreduce.Job:  map 66% reduce 21%
2025-02-21 04:28:26,989 INFO mapreduce.Job:  map 66% reduce 22%
2025-02-21 04:28:30,021 INFO mapreduce.Job:  map 68% reduce 22%
2025-02-21 04:28:33,039 INFO mapreduce.Job:  map 68% reduce 23%
2025-02-21 04:28:34,044 INFO mapreduce.Job:  map 69% reduce 23%
2025-02-21 04:28:36,059 INFO mapreduce.Job:  map 70% reduce 23%
2025-02-21 04:28:39,077 INFO mapreduce.Job:  map 71% reduce 23%
2025-02-21 04:28:41,087 INFO mapreduce.Job:  map 72% reduce 23%
2025-02-21 04:28:43,097 INFO mapreduce.Job:  map 73% reduce 23%
2025-02-21 04:28:45,109 INFO mapreduce.Job:  map 73% reduce 24%
2025-02-21 04:28:47,130 INFO mapreduce.Job:  map 74% reduce 24%
2025-02-21 04:28:48,140 INFO mapreduce.Job:  map 75% reduce 24%
2025-02-21 04:28:51,194 INFO mapreduce.Job:  map 75% reduce 25%
2025-02-21 04:28:52,199 INFO mapreduce.Job:  map 77% reduce 25%
2025-02-21 04:28:54,386 INFO mapreduce.Job:  map 78% reduce 25%
2025-02-21 04:28:55,398 INFO mapreduce.Job:  map 78% reduce 26%
2025-02-21 04:28:59,434 INFO mapreduce.Job:  map 80% reduce 26%
2025-02-21 04:29:01,450 INFO mapreduce.Job:  map 80% reduce 27%
2025-02-21 04:29:04,465 INFO mapreduce.Job:  map 82% reduce 27%
2025-02-21 04:29:09,496 INFO mapreduce.Job:  map 83% reduce 27%
2025-02-21 04:29:10,501 INFO mapreduce.Job:  map 84% reduce 27%
2025-02-21 04:29:13,515 INFO mapreduce.Job:  map 85% reduce 28%
2025-02-21 04:29:14,522 INFO mapreduce.Job:  map 86% reduce 28%
2025-02-21 04:29:17,537 INFO mapreduce.Job:  map 87% reduce 28%
2025-02-21 04:29:19,550 INFO mapreduce.Job:  map 87% reduce 29%
2025-02-21 04:29:22,583 INFO mapreduce.Job:  map 89% reduce 29%
2025-02-21 04:29:23,753 INFO mapreduce.Job:  map 89% reduce 30%
2025-02-21 04:29:25,767 INFO mapreduce.Job:  map 91% reduce 30%
2025-02-21 04:29:30,797 INFO mapreduce.Job:  map 92% reduce 30%
2025-02-21 04:29:32,809 INFO mapreduce.Job:  map 93% reduce 30%
2025-02-21 04:29:34,818 INFO mapreduce.Job:  map 94% reduce 30%
2025-02-21 04:29:35,822 INFO mapreduce.Job:  map 94% reduce 31%
2025-02-21 04:29:36,827 INFO mapreduce.Job:  map 95% reduce 31%
2025-02-21 04:29:38,837 INFO mapreduce.Job:  map 96% reduce 31%
2025-02-21 04:29:41,851 INFO mapreduce.Job:  map 97% reduce 32%
2025-02-21 04:29:43,866 INFO mapreduce.Job:  map 98% reduce 32%
2025-02-21 04:29:46,882 INFO mapreduce.Job:  map 99% reduce 32%
2025-02-21 04:29:47,890 INFO mapreduce.Job:  map 99% reduce 33%
2025-02-21 04:29:49,920 INFO mapreduce.Job:  map 100% reduce 33%
2025-02-21 04:29:51,929 INFO mapreduce.Job:  map 100% reduce 100%
2025-02-21 04:29:54,011 INFO mapreduce.Job: Job job_1740128722058_0010 completed successfully
2025-02-21 04:29:54,152 INFO mapreduce.Job: Counters: 54
	File System Counters
		FILE: Number of bytes read=32913
		FILE: Number of bytes written=93212204
		FILE: Number of read operations=0
		FILE: Number of large read operations=0
		FILE: Number of write operations=0
		HDFS: Number of bytes read=113881507
		HDFS: Number of bytes written=461
		HDFS: Number of read operations=905
		HDFS: Number of large read operations=0
		HDFS: Number of write operations=2
		HDFS: Number of bytes read erasure-coded=0
	Job Counters 
		Launched map tasks=300
		Launched reduce tasks=1
		Data-local map tasks=300
		Total time spent by all maps in occupied slots (ms)=967370
		Total time spent by all reduces in occupied slots (ms)=199818
		Total time spent by all map tasks (ms)=967370
		Total time spent by all reduce tasks (ms)=199818
		Total vcore-milliseconds taken by all map tasks=967370
		Total vcore-milliseconds taken by all reduce tasks=199818
		Total megabyte-milliseconds taken by all map tasks=990586880
		Total megabyte-milliseconds taken by all reduce tasks=204613632
	Map-Reduce Framework
		Map input records=2257447
		Map output records=27857
		Map output bytes=443009
		Map output materialized bytes=34707
		Input split bytes=40284
		Combine input records=27857
		Combine output records=1819
		Reduce input groups=16
		Reduce shuffle bytes=34707
		Reduce input records=1819
		Reduce output records=16
		Spilled Records=3638
		Shuffled Maps =300
		Failed Shuffles=0
		Merged Map outputs=300
		GC time elapsed (ms)=80371
		CPU time spent (ms)=523300
		Physical memory (bytes) snapshot=129123123200
		Virtual memory (bytes) snapshot=779534815232
		Total committed heap usage (bytes)=125548625920
		Peak Map Physical memory (bytes)=495853568
		Peak Map Virtual memory (bytes)=2595454976
		Peak Reduce Physical memory (bytes)=263421952
		Peak Reduce Virtual memory (bytes)=2595926016
	Shuffle Errors
		BAD_ID=0
		CONNECTION=0
		IO_ERROR=0
		WRONG_LENGTH=0
		WRONG_MAP=0
		WRONG_REDUCE=0
	File Input Format Counters 
		Bytes Read=113841223
	File Output Format Counters 
		Bytes Written=461
2025-02-21 04:29:54,179 INFO client.DefaultNoHARMFailoverProxyProvider: Connecting to ResourceManager at localhost/127.0.0.1:8032
2025-02-21 04:29:54,197 INFO mapreduce.JobResourceUploader: Disabling Erasure Coding for path: /tmp/hadoop-yarn/staging/satkp/.staging/job_1740128722058_0011
2025-02-21 04:29:55,439 INFO input.FileInputFormat: Total input files to process : 1
2025-02-21 04:29:57,092 INFO mapreduce.JobSubmitter: number of splits:1
2025-02-21 04:29:58,338 INFO mapreduce.JobSubmitter: Submitting tokens for job: job_1740128722058_0011
2025-02-21 04:29:58,338 INFO mapreduce.JobSubmitter: Executing with tokens: []
2025-02-21 04:29:58,354 INFO impl.YarnClientImpl: Submitted application application_1740128722058_0011
2025-02-21 04:29:58,358 INFO mapreduce.Job: The url to track the job: http://Sathvik.:8088/proxy/application_1740128722058_0011/
2025-02-21 04:29:58,358 INFO mapreduce.Job: Running job: job_1740128722058_0011
2025-02-21 04:30:04,423 INFO mapreduce.Job: Job job_1740128722058_0011 running in uber mode : false
2025-02-21 04:30:04,424 INFO mapreduce.Job:  map 0% reduce 0%
2025-02-21 04:30:08,449 INFO mapreduce.Job:  map 100% reduce 0%
2025-02-21 04:30:13,474 INFO mapreduce.Job:  map 100% reduce 100%
2025-02-21 04:30:17,500 INFO mapreduce.Job: Job job_1740128722058_0011 completed successfully
2025-02-21 04:30:17,527 INFO mapreduce.Job: Counters: 54
	File System Counters
		FILE: Number of bytes read=285
		FILE: Number of bytes written=618241
		FILE: Number of read operations=0
		FILE: Number of large read operations=0
		FILE: Number of write operations=0
		HDFS: Number of bytes read=592
		HDFS: Number of bytes written=191
		HDFS: Number of read operations=9
		HDFS: Number of large read operations=0
		HDFS: Number of write operations=2
		HDFS: Number of bytes read erasure-coded=0
	Job Counters 
		Launched map tasks=1
		Launched reduce tasks=1
		Data-local map tasks=1
		Total time spent by all maps in occupied slots (ms)=1706
		Total time spent by all reduces in occupied slots (ms)=2827
		Total time spent by all map tasks (ms)=1706
		Total time spent by all reduce tasks (ms)=2827
		Total vcore-milliseconds taken by all map tasks=1706
		Total vcore-milliseconds taken by all reduce tasks=2827
		Total megabyte-milliseconds taken by all map tasks=1746944
		Total megabyte-milliseconds taken by all reduce tasks=2894848
	Map-Reduce Framework
		Map input records=16
		Map output records=16
		Map output bytes=247
		Map output materialized bytes=285
		Input split bytes=131
		Combine input records=0
		Combine output records=0
		Reduce input groups=16
		Reduce shuffle bytes=285
		Reduce input records=16
		Reduce output records=16
		Spilled Records=32
		Shuffled Maps =1
		Failed Shuffles=0
		Merged Map outputs=1
		GC time elapsed (ms)=240
		CPU time spent (ms)=2280
		Physical memory (bytes) snapshot=945696768
		Virtual memory (bytes) snapshot=5186473984
		Total committed heap usage (bytes)=804782080
		Peak Map Physical memory (bytes)=682270720
		Peak Map Virtual memory (bytes)=2589724672
		Peak Reduce Physical memory (bytes)=263426048
		Peak Reduce Virtual memory (bytes)=2596749312
	Shuffle Errors
		BAD_ID=0
		CONNECTION=0
		IO_ERROR=0
		WRONG_LENGTH=0
		WRONG_MAP=0
		WRONG_REDUCE=0
	File Input Format Counters 
		Bytes Read=461
	File Output Format Counters 
		Bytes Written=191
