2025-02-21 03:22:43,958 INFO client.DefaultNoHARMFailoverProxyProvider: Connecting to ResourceManager at localhost/127.0.0.1:8032
2025-02-21 03:22:44,267 INFO mapreduce.JobResourceUploader: Disabling Erasure Coding for path: /tmp/hadoop-yarn/staging/satkp/.staging/job_1740125186607_0004
2025-02-21 03:22:44,930 INFO input.FileInputFormat: Total input files to process : 10
2025-02-21 03:22:45,571 INFO mapreduce.JobSubmitter: number of splits:10
2025-02-21 03:22:46,080 INFO mapreduce.JobSubmitter: Submitting tokens for job: job_1740125186607_0004
2025-02-21 03:22:46,080 INFO mapreduce.JobSubmitter: Executing with tokens: []
2025-02-21 03:22:46,241 INFO conf.Configuration: resource-types.xml not found
2025-02-21 03:22:46,242 INFO resource.ResourceUtils: Unable to find 'resource-types.xml'.
2025-02-21 03:22:46,335 INFO impl.YarnClientImpl: Submitted application application_1740125186607_0004
2025-02-21 03:22:46,367 INFO mapreduce.Job: The url to track the job: http://Sathvik.:8088/proxy/application_1740125186607_0004/
2025-02-21 03:22:46,368 INFO mapreduce.Job: Running job: job_1740125186607_0004
2025-02-21 03:22:51,450 INFO mapreduce.Job: Job job_1740125186607_0004 running in uber mode : false
2025-02-21 03:22:51,451 INFO mapreduce.Job:  map 0% reduce 0%
2025-02-21 03:22:57,550 INFO mapreduce.Job:  map 60% reduce 0%
2025-02-21 03:23:01,588 INFO mapreduce.Job:  map 100% reduce 0%
2025-02-21 03:23:03,598 INFO mapreduce.Job:  map 100% reduce 100%
2025-02-21 03:23:07,631 INFO mapreduce.Job: Job job_1740125186607_0004 completed successfully
2025-02-21 03:23:07,798 INFO mapreduce.Job: Counters: 55
	File System Counters
		FILE: Number of bytes read=1089
		FILE: Number of bytes written=3406061
		FILE: Number of read operations=0
		FILE: Number of large read operations=0
		FILE: Number of write operations=0
		HDFS: Number of bytes read=2728444
		HDFS: Number of bytes written=461
		HDFS: Number of read operations=35
		HDFS: Number of large read operations=0
		HDFS: Number of write operations=2
		HDFS: Number of bytes read erasure-coded=0
	Job Counters 
		Killed map tasks=1
		Launched map tasks=10
		Launched reduce tasks=1
		Data-local map tasks=10
		Total time spent by all maps in occupied slots (ms)=37112
		Total time spent by all reduces in occupied slots (ms)=3344
		Total time spent by all map tasks (ms)=37112
		Total time spent by all reduce tasks (ms)=3344
		Total vcore-milliseconds taken by all map tasks=37112
		Total vcore-milliseconds taken by all reduce tasks=3344
		Total megabyte-milliseconds taken by all map tasks=38002688
		Total megabyte-milliseconds taken by all reduce tasks=3424256
	Map-Reduce Framework
		Map input records=50219
		Map output records=443
		Map output bytes=7292
		Map output materialized bytes=1143
		Input split bytes=1332
		Combine input records=443
		Combine output records=60
		Reduce input groups=16
		Reduce shuffle bytes=1143
		Reduce input records=60
		Reduce output records=16
		Spilled Records=120
		Shuffled Maps =10
		Failed Shuffles=0
		Merged Map outputs=10
		GC time elapsed (ms)=3637
		CPU time spent (ms)=20640
		Physical memory (bytes) snapshot=4496986112
		Virtual memory (bytes) snapshot=28498669568
		Total committed heap usage (bytes)=4241489920
		Peak Map Physical memory (bytes)=490708992
		Peak Map Virtual memory (bytes)=2592419840
		Peak Reduce Physical memory (bytes)=245477376
		Peak Reduce Virtual memory (bytes)=2599112704
	Shuffle Errors
		BAD_ID=0
		CONNECTION=0
		IO_ERROR=0
		WRONG_LENGTH=0
		WRONG_MAP=0
		WRONG_REDUCE=0
	File Input Format Counters 
		Bytes Read=2727112
	File Output Format Counters 
		Bytes Written=461
2025-02-21 03:23:07,837 INFO client.DefaultNoHARMFailoverProxyProvider: Connecting to ResourceManager at localhost/127.0.0.1:8032
2025-02-21 03:23:07,866 INFO mapreduce.JobResourceUploader: Disabling Erasure Coding for path: /tmp/hadoop-yarn/staging/satkp/.staging/job_1740125186607_0005
2025-02-21 03:23:08,328 INFO input.FileInputFormat: Total input files to process : 1
2025-02-21 03:23:10,776 INFO mapreduce.JobSubmitter: number of splits:1
2025-02-21 03:23:11,213 INFO mapreduce.JobSubmitter: Submitting tokens for job: job_1740125186607_0005
2025-02-21 03:23:11,213 INFO mapreduce.JobSubmitter: Executing with tokens: []
2025-02-21 03:23:11,230 INFO impl.YarnClientImpl: Submitted application application_1740125186607_0005
2025-02-21 03:23:11,235 INFO mapreduce.Job: The url to track the job: http://Sathvik.:8088/proxy/application_1740125186607_0005/
2025-02-21 03:23:11,235 INFO mapreduce.Job: Running job: job_1740125186607_0005
2025-02-21 03:23:16,515 INFO mapreduce.Job: Job job_1740125186607_0005 running in uber mode : false
2025-02-21 03:23:16,515 INFO mapreduce.Job:  map 0% reduce 0%
2025-02-21 03:23:20,601 INFO mapreduce.Job:  map 100% reduce 0%
2025-02-21 03:23:26,637 INFO mapreduce.Job:  map 100% reduce 100%
2025-02-21 03:23:31,671 INFO mapreduce.Job: Job job_1740125186607_0005 completed successfully
2025-02-21 03:23:31,702 INFO mapreduce.Job: Counters: 54
	File System Counters
		FILE: Number of bytes read=285
		FILE: Number of bytes written=618235
		FILE: Number of read operations=0
		FILE: Number of large read operations=0
		FILE: Number of write operations=0
		HDFS: Number of bytes read=591
		HDFS: Number of bytes written=162
		HDFS: Number of read operations=9
		HDFS: Number of large read operations=0
		HDFS: Number of write operations=2
		HDFS: Number of bytes read erasure-coded=0
	Job Counters 
		Launched map tasks=1
		Launched reduce tasks=1
		Data-local map tasks=1
		Total time spent by all maps in occupied slots (ms)=1881
		Total time spent by all reduces in occupied slots (ms)=2968
		Total time spent by all map tasks (ms)=1881
		Total time spent by all reduce tasks (ms)=2968
		Total vcore-milliseconds taken by all map tasks=1881
		Total vcore-milliseconds taken by all reduce tasks=2968
		Total megabyte-milliseconds taken by all map tasks=1926144
		Total megabyte-milliseconds taken by all reduce tasks=3039232
	Map-Reduce Framework
		Map input records=16
		Map output records=16
		Map output bytes=247
		Map output materialized bytes=285
		Input split bytes=130
		Combine input records=0
		Combine output records=0
		Reduce input groups=15
		Reduce shuffle bytes=285
		Reduce input records=16
		Reduce output records=16
		Spilled Records=32
		Shuffled Maps =1
		Failed Shuffles=0
		Merged Map outputs=1
		GC time elapsed (ms)=226
		CPU time spent (ms)=2270
		Physical memory (bytes) snapshot=747642880
		Virtual memory (bytes) snapshot=5186600960
		Total committed heap usage (bytes)=700448768
		Peak Map Physical memory (bytes)=484667392
		Peak Map Virtual memory (bytes)=2589581312
		Peak Reduce Physical memory (bytes)=262975488
		Peak Reduce Virtual memory (bytes)=2597019648
	Shuffle Errors
		BAD_ID=0
		CONNECTION=0
		IO_ERROR=0
		WRONG_LENGTH=0
		WRONG_MAP=0
		WRONG_REDUCE=0
	File Input Format Counters 
		Bytes Read=461
	File Output Format Counters 
		Bytes Written=162
