2025-02-21 04:38:42,218 INFO client.DefaultNoHARMFailoverProxyProvider: Connecting to ResourceManager at localhost/127.0.0.1:8032
2025-02-21 04:38:42,513 INFO mapreduce.JobResourceUploader: Disabling Erasure Coding for path: /tmp/hadoop-yarn/staging/satkp/.staging/job_1740130328852_0002
2025-02-21 04:38:43,168 INFO input.FileInputFormat: Total input files to process : 100
2025-02-21 04:38:45,646 INFO mapreduce.JobSubmitter: number of splits:100
2025-02-21 04:38:46,148 INFO mapreduce.JobSubmitter: Submitting tokens for job: job_1740130328852_0002
2025-02-21 04:38:46,148 INFO mapreduce.JobSubmitter: Executing with tokens: []
2025-02-21 04:38:46,297 INFO conf.Configuration: resource-types.xml not found
2025-02-21 04:38:46,297 INFO resource.ResourceUtils: Unable to find 'resource-types.xml'.
2025-02-21 04:38:46,368 INFO impl.YarnClientImpl: Submitted application application_1740130328852_0002
2025-02-21 04:38:46,406 INFO mapreduce.Job: The url to track the job: http://Sathvik.:8088/proxy/application_1740130328852_0002/
2025-02-21 04:38:46,407 INFO mapreduce.Job: Running job: job_1740130328852_0002
2025-02-21 04:38:51,488 INFO mapreduce.Job: Job job_1740130328852_0002 running in uber mode : false
2025-02-21 04:38:51,489 INFO mapreduce.Job:  map 0% reduce 0%
2025-02-21 04:38:58,638 INFO mapreduce.Job:  map 5% reduce 0%
2025-02-21 04:38:59,644 INFO mapreduce.Job:  map 6% reduce 0%
2025-02-21 04:39:02,866 INFO mapreduce.Job:  map 12% reduce 0%
2025-02-21 04:39:05,910 INFO mapreduce.Job:  map 13% reduce 0%
2025-02-21 04:39:07,938 INFO mapreduce.Job:  map 17% reduce 0%
2025-02-21 04:39:08,945 INFO mapreduce.Job:  map 18% reduce 0%
2025-02-21 04:39:09,955 INFO mapreduce.Job:  map 19% reduce 0%
2025-02-21 04:39:12,981 INFO mapreduce.Job:  map 24% reduce 0%
2025-02-21 04:39:18,037 INFO mapreduce.Job:  map 29% reduce 0%
2025-02-21 04:39:23,090 INFO mapreduce.Job:  map 34% reduce 0%
2025-02-21 04:39:26,121 INFO mapreduce.Job:  map 34% reduce 11%
2025-02-21 04:39:28,133 INFO mapreduce.Job:  map 39% reduce 11%
2025-02-21 04:39:30,323 INFO mapreduce.Job:  map 39% reduce 13%
2025-02-21 04:39:31,330 INFO mapreduce.Job:  map 44% reduce 13%
2025-02-21 04:39:36,381 INFO mapreduce.Job:  map 45% reduce 15%
2025-02-21 04:39:37,392 INFO mapreduce.Job:  map 49% reduce 15%
2025-02-21 04:39:41,437 INFO mapreduce.Job:  map 51% reduce 15%
2025-02-21 04:39:42,443 INFO mapreduce.Job:  map 54% reduce 17%
2025-02-21 04:39:45,466 INFO mapreduce.Job:  map 56% reduce 17%
2025-02-21 04:39:46,475 INFO mapreduce.Job:  map 59% reduce 17%
2025-02-21 04:39:48,498 INFO mapreduce.Job:  map 59% reduce 20%
2025-02-21 04:39:50,525 INFO mapreduce.Job:  map 61% reduce 20%
2025-02-21 04:39:51,535 INFO mapreduce.Job:  map 64% reduce 20%
2025-02-21 04:39:54,571 INFO mapreduce.Job:  map 64% reduce 21%
2025-02-21 04:39:55,580 INFO mapreduce.Job:  map 66% reduce 21%
2025-02-21 04:39:56,588 INFO mapreduce.Job:  map 69% reduce 21%
2025-02-21 04:39:59,611 INFO mapreduce.Job:  map 70% reduce 21%
2025-02-21 04:40:00,622 INFO mapreduce.Job:  map 71% reduce 23%
2025-02-21 04:39:59,731 INFO mapreduce.Job:  map 74% reduce 23%
2025-02-21 04:40:00,740 INFO mapreduce.Job:  map 75% reduce 23%
2025-02-21 04:40:03,785 INFO mapreduce.Job:  map 77% reduce 23%
2025-02-21 04:40:04,795 INFO mapreduce.Job:  map 79% reduce 26%
2025-02-21 04:40:05,802 INFO mapreduce.Job:  map 80% reduce 26%
2025-02-21 04:40:07,816 INFO mapreduce.Job:  map 82% reduce 26%
2025-02-21 04:40:08,824 INFO mapreduce.Job:  map 84% reduce 26%
2025-02-21 04:40:09,837 INFO mapreduce.Job:  map 85% reduce 26%
2025-02-21 04:40:10,846 INFO mapreduce.Job:  map 85% reduce 28%
2025-02-21 04:40:12,862 INFO mapreduce.Job:  map 87% reduce 28%
2025-02-21 04:40:13,874 INFO mapreduce.Job:  map 89% reduce 28%
2025-02-21 04:40:14,885 INFO mapreduce.Job:  map 90% reduce 28%
2025-02-21 04:40:16,901 INFO mapreduce.Job:  map 90% reduce 30%
2025-02-21 04:40:17,909 INFO mapreduce.Job:  map 92% reduce 30%
2025-02-21 04:40:18,920 INFO mapreduce.Job:  map 95% reduce 30%
2025-02-21 04:40:21,947 INFO mapreduce.Job:  map 97% reduce 30%
2025-02-21 04:40:22,954 INFO mapreduce.Job:  map 100% reduce 32%
2025-02-21 04:40:24,968 INFO mapreduce.Job:  map 100% reduce 100%
2025-02-21 04:40:28,999 INFO mapreduce.Job: Job job_1740130328852_0002 completed successfully
2025-02-21 04:40:29,085 INFO mapreduce.Job: Counters: 55
	File System Counters
		FILE: Number of bytes read=14477063
		FILE: Number of bytes written=60159311
		FILE: Number of read operations=0
		FILE: Number of large read operations=0
		FILE: Number of write operations=0
		HDFS: Number of bytes read=32654859
		HDFS: Number of bytes written=3171284
		HDFS: Number of read operations=305
		HDFS: Number of large read operations=0
		HDFS: Number of write operations=2
		HDFS: Number of bytes read erasure-coded=0
	Job Counters 
		Killed map tasks=1
		Launched map tasks=100
		Launched reduce tasks=1
		Data-local map tasks=100
		Total time spent by all maps in occupied slots (ms)=376166
		Total time spent by all reduces in occupied slots (ms)=74126
		Total time spent by all map tasks (ms)=376166
		Total time spent by all reduce tasks (ms)=74126
		Total vcore-milliseconds taken by all map tasks=376166
		Total vcore-milliseconds taken by all reduce tasks=74126
		Total megabyte-milliseconds taken by all map tasks=385193984
		Total megabyte-milliseconds taken by all reduce tasks=75905024
	Map-Reduce Framework
		Map input records=641966
		Map output records=5518773
		Map output bytes=53248706
		Map output materialized bytes=14477657
		Input split bytes=13440
		Combine input records=5518773
		Combine output records=1010648
		Reduce input groups=269426
		Reduce shuffle bytes=14477657
		Reduce input records=1010648
		Reduce output records=269426
		Spilled Records=2021296
		Shuffled Maps =100
		Failed Shuffles=0
		Merged Map outputs=100
		GC time elapsed (ms)=38168
		CPU time spent (ms)=315400
		Physical memory (bytes) snapshot=47633453056
		Virtual memory (bytes) snapshot=262190698496
		Total committed heap usage (bytes)=45612007424
		Peak Map Physical memory (bytes)=522883072
		Peak Map Virtual memory (bytes)=2607505408
		Peak Reduce Physical memory (bytes)=332001280
		Peak Reduce Virtual memory (bytes)=2611605504
	Shuffle Errors
		BAD_ID=0
		CONNECTION=0
		IO_ERROR=0
		WRONG_LENGTH=0
		WRONG_MAP=0
		WRONG_REDUCE=0
	File Input Format Counters 
		Bytes Read=32641419
	File Output Format Counters 
		Bytes Written=3171284
