2025-02-21 12:51:04,325 INFO client.DefaultNoHARMFailoverProxyProvider: Connecting to ResourceManager at localhost/127.0.0.1:8032
2025-02-21 12:51:04,624 INFO mapreduce.JobResourceUploader: Disabling Erasure Coding for path: /tmp/hadoop-yarn/staging/satkp/.staging/job_1740159575390_0003
2025-02-21 12:51:05,298 INFO input.FileInputFormat: Total input files to process : 300
2025-02-21 12:51:06,964 INFO mapreduce.JobSubmitter: number of splits:300
2025-02-21 12:51:08,248 INFO mapreduce.JobSubmitter: Submitting tokens for job: job_1740159575390_0003
2025-02-21 12:51:08,248 INFO mapreduce.JobSubmitter: Executing with tokens: []
2025-02-21 12:51:08,387 INFO conf.Configuration: resource-types.xml not found
2025-02-21 12:51:08,388 INFO resource.ResourceUtils: Unable to find 'resource-types.xml'.
2025-02-21 12:51:08,442 INFO impl.YarnClientImpl: Submitted application application_1740159575390_0003
2025-02-21 12:51:08,471 INFO mapreduce.Job: The url to track the job: http://Sathvik.:8088/proxy/application_1740159575390_0003/
2025-02-21 12:51:08,471 INFO mapreduce.Job: Running job: job_1740159575390_0003
2025-02-21 12:51:12,552 INFO mapreduce.Job: Job job_1740159575390_0003 running in uber mode : false
2025-02-21 12:51:12,553 INFO mapreduce.Job:  map 0% reduce 0%
2025-02-21 12:51:18,825 INFO mapreduce.Job:  map 1% reduce 0%
2025-02-21 12:51:19,847 INFO mapreduce.Job:  map 2% reduce 0%
2025-02-21 12:51:23,877 INFO mapreduce.Job:  map 4% reduce 0%
2025-02-21 12:51:26,901 INFO mapreduce.Job:  map 5% reduce 0%
2025-02-21 12:51:27,905 INFO mapreduce.Job:  map 6% reduce 0%
2025-02-21 12:51:31,937 INFO mapreduce.Job:  map 7% reduce 0%
2025-02-21 12:51:32,945 INFO mapreduce.Job:  map 8% reduce 0%
2025-02-21 12:51:36,659 INFO mapreduce.Job:  map 9% reduce 0%
2025-02-21 12:51:38,684 INFO mapreduce.Job:  map 10% reduce 0%
2025-02-21 12:51:41,717 INFO mapreduce.Job:  map 11% reduce 0%
2025-02-21 12:51:42,724 INFO mapreduce.Job:  map 12% reduce 0%
2025-02-21 12:51:46,750 INFO mapreduce.Job:  map 13% reduce 0%
2025-02-21 12:51:47,756 INFO mapreduce.Job:  map 14% reduce 0%
2025-02-21 12:51:52,811 INFO mapreduce.Job:  map 16% reduce 0%
2025-02-21 12:51:56,849 INFO mapreduce.Job:  map 17% reduce 0%
2025-02-21 12:51:57,856 INFO mapreduce.Job:  map 18% reduce 0%
2025-02-21 12:52:00,878 INFO mapreduce.Job:  map 19% reduce 0%
2025-02-21 12:52:01,883 INFO mapreduce.Job:  map 20% reduce 0%
2025-02-21 12:52:04,902 INFO mapreduce.Job:  map 21% reduce 0%
2025-02-21 12:52:05,907 INFO mapreduce.Job:  map 22% reduce 0%
2025-02-21 12:52:09,679 INFO mapreduce.Job:  map 23% reduce 0%
2025-02-21 12:52:13,699 INFO mapreduce.Job:  map 24% reduce 0%
2025-02-21 12:52:14,704 INFO mapreduce.Job:  map 25% reduce 8%
2025-02-21 12:52:17,725 INFO mapreduce.Job:  map 26% reduce 8%
2025-02-21 12:52:18,732 INFO mapreduce.Job:  map 27% reduce 8%
2025-02-21 12:52:20,749 INFO mapreduce.Job:  map 27% reduce 9%
2025-02-21 12:52:22,767 INFO mapreduce.Job:  map 28% reduce 9%
2025-02-21 12:52:26,789 INFO mapreduce.Job:  map 30% reduce 9%
2025-02-21 12:52:29,809 INFO mapreduce.Job:  map 31% reduce 9%
2025-02-21 12:52:31,822 INFO mapreduce.Job:  map 32% reduce 9%
2025-02-21 12:52:32,831 INFO mapreduce.Job:  map 32% reduce 11%
2025-02-21 12:52:34,841 INFO mapreduce.Job:  map 33% reduce 11%
2025-02-21 12:52:37,859 INFO mapreduce.Job:  map 34% reduce 11%
2025-02-21 12:52:38,863 INFO mapreduce.Job:  map 35% reduce 11%
2025-02-21 12:52:42,585 INFO mapreduce.Job:  map 36% reduce 11%
2025-02-21 12:52:44,600 INFO mapreduce.Job:  map 37% reduce 11%
2025-02-21 12:52:45,610 INFO mapreduce.Job:  map 37% reduce 12%
2025-02-21 12:52:47,621 INFO mapreduce.Job:  map 38% reduce 12%
2025-02-21 12:52:50,637 INFO mapreduce.Job:  map 39% reduce 12%
2025-02-21 12:52:51,645 INFO mapreduce.Job:  map 40% reduce 13%
2025-02-21 12:52:54,662 INFO mapreduce.Job:  map 41% reduce 13%
2025-02-21 12:52:56,671 INFO mapreduce.Job:  map 42% reduce 13%
2025-02-21 12:52:57,676 INFO mapreduce.Job:  map 42% reduce 14%
2025-02-21 12:52:59,685 INFO mapreduce.Job:  map 43% reduce 14%
2025-02-21 12:53:02,704 INFO mapreduce.Job:  map 44% reduce 14%
2025-02-21 12:53:03,712 INFO mapreduce.Job:  map 45% reduce 15%
2025-02-21 12:53:06,728 INFO mapreduce.Job:  map 46% reduce 15%
2025-02-21 12:53:07,733 INFO mapreduce.Job:  map 47% reduce 15%
2025-02-21 12:53:09,750 INFO mapreduce.Job:  map 47% reduce 16%
2025-02-21 12:53:10,756 INFO mapreduce.Job:  map 48% reduce 16%
2025-02-21 12:53:14,545 INFO mapreduce.Job:  map 49% reduce 16%
2025-02-21 12:53:16,557 INFO mapreduce.Job:  map 50% reduce 16%
2025-02-21 12:53:18,580 INFO mapreduce.Job:  map 51% reduce 16%
2025-02-21 12:53:20,594 INFO mapreduce.Job:  map 52% reduce 16%
2025-02-21 12:53:22,603 INFO mapreduce.Job:  map 53% reduce 17%
2025-02-21 12:53:26,630 INFO mapreduce.Job:  map 54% reduce 17%
2025-02-21 12:53:27,636 INFO mapreduce.Job:  map 55% reduce 17%
2025-02-21 12:53:28,644 INFO mapreduce.Job:  map 55% reduce 18%
2025-02-21 12:53:30,654 INFO mapreduce.Job:  map 56% reduce 18%
2025-02-21 12:53:31,659 INFO mapreduce.Job:  map 57% reduce 18%
2025-02-21 12:53:34,674 INFO mapreduce.Job:  map 58% reduce 19%
2025-02-21 12:53:37,693 INFO mapreduce.Job:  map 59% reduce 19%
2025-02-21 12:53:39,706 INFO mapreduce.Job:  map 60% reduce 19%
2025-02-21 12:53:40,712 INFO mapreduce.Job:  map 60% reduce 20%
2025-02-21 12:53:41,717 INFO mapreduce.Job:  map 61% reduce 20%
2025-02-21 12:53:43,728 INFO mapreduce.Job:  map 62% reduce 20%
2025-02-21 12:53:47,494 INFO mapreduce.Job:  map 63% reduce 21%
2025-02-21 12:53:50,526 INFO mapreduce.Job:  map 64% reduce 21%
2025-02-21 12:53:52,539 INFO mapreduce.Job:  map 65% reduce 21%
2025-02-21 12:53:54,549 INFO mapreduce.Job:  map 66% reduce 21%
2025-02-21 12:53:56,559 INFO mapreduce.Job:  map 67% reduce 21%
2025-02-21 12:53:58,569 INFO mapreduce.Job:  map 68% reduce 22%
2025-02-21 12:54:01,584 INFO mapreduce.Job:  map 69% reduce 22%
2025-02-21 12:54:04,595 INFO mapreduce.Job:  map 70% reduce 23%
2025-02-21 12:54:05,602 INFO mapreduce.Job:  map 71% reduce 23%
2025-02-21 12:54:08,619 INFO mapreduce.Job:  map 72% reduce 23%
2025-02-21 12:54:09,631 INFO mapreduce.Job:  map 73% reduce 23%
2025-02-21 12:54:10,644 INFO mapreduce.Job:  map 73% reduce 24%
2025-02-21 12:54:12,653 INFO mapreduce.Job:  map 74% reduce 24%
2025-02-21 12:54:16,679 INFO mapreduce.Job:  map 74% reduce 25%
2025-02-21 12:54:17,684 INFO mapreduce.Job:  map 76% reduce 25%
2025-02-21 12:54:22,476 INFO mapreduce.Job:  map 77% reduce 25%
2025-02-21 12:54:23,481 INFO mapreduce.Job:  map 78% reduce 26%
2025-02-21 12:54:26,502 INFO mapreduce.Job:  map 79% reduce 26%
2025-02-21 12:54:29,520 INFO mapreduce.Job:  map 80% reduce 26%
2025-02-21 12:54:31,531 INFO mapreduce.Job:  map 81% reduce 26%
2025-02-21 12:54:32,541 INFO mapreduce.Job:  map 82% reduce 26%
2025-02-21 12:54:34,550 INFO mapreduce.Job:  map 83% reduce 26%
2025-02-21 12:54:35,554 INFO mapreduce.Job:  map 83% reduce 28%
2025-02-21 12:54:37,562 INFO mapreduce.Job:  map 84% reduce 28%
2025-02-21 12:54:41,580 INFO mapreduce.Job:  map 86% reduce 28%
2025-02-21 12:54:45,605 INFO mapreduce.Job:  map 87% reduce 28%
2025-02-21 12:54:46,610 INFO mapreduce.Job:  map 88% reduce 28%
2025-02-21 12:54:47,616 INFO mapreduce.Job:  map 88% reduce 29%
2025-02-21 12:54:49,624 INFO mapreduce.Job:  map 89% reduce 29%
2025-02-21 12:54:54,363 INFO mapreduce.Job:  map 91% reduce 30%
2025-02-21 12:54:58,397 INFO mapreduce.Job:  map 93% reduce 30%
2025-02-21 12:55:00,418 INFO mapreduce.Job:  map 93% reduce 31%
2025-02-21 12:55:02,425 INFO mapreduce.Job:  map 94% reduce 31%
2025-02-21 12:55:05,437 INFO mapreduce.Job:  map 96% reduce 31%
2025-02-21 12:55:06,443 INFO mapreduce.Job:  map 96% reduce 32%
2025-02-21 12:55:09,455 INFO mapreduce.Job:  map 98% reduce 32%
2025-02-21 12:55:12,472 INFO mapreduce.Job:  map 98% reduce 33%
2025-02-21 12:55:13,476 INFO mapreduce.Job:  map 99% reduce 33%
2025-02-21 12:55:16,489 INFO mapreduce.Job:  map 100% reduce 33%
2025-02-21 12:55:18,495 INFO mapreduce.Job:  map 100% reduce 88%
2025-02-21 12:55:19,497 INFO mapreduce.Job:  map 100% reduce 100%
2025-02-21 12:55:23,605 INFO mapreduce.Job: Job job_1740159575390_0003 completed successfully
2025-02-21 12:55:23,678 INFO mapreduce.Job: Counters: 55
	File System Counters
		FILE: Number of bytes read=47088034
		FILE: Number of bytes written=187174053
		FILE: Number of read operations=0
		FILE: Number of large read operations=0
		FILE: Number of write operations=0
		HDFS: Number of bytes read=113881507
		HDFS: Number of bytes written=7317872
		HDFS: Number of read operations=905
		HDFS: Number of large read operations=0
		HDFS: Number of write operations=2
		HDFS: Number of bytes read erasure-coded=0
	Job Counters 
		Killed map tasks=1
		Launched map tasks=300
		Launched reduce tasks=1
		Data-local map tasks=300
		Total time spent by all maps in occupied slots (ms)=969539
		Total time spent by all reduces in occupied slots (ms)=200558
		Total time spent by all map tasks (ms)=969539
		Total time spent by all reduce tasks (ms)=200558
		Total vcore-milliseconds taken by all map tasks=969539
		Total vcore-milliseconds taken by all reduce tasks=200558
		Total megabyte-milliseconds taken by all map tasks=992807936
		Total megabyte-milliseconds taken by all reduce tasks=205371392
	Map-Reduce Framework
		Map input records=2257447
		Map output records=19408177
		Map output bytes=187984758
		Map output materialized bytes=47089828
		Input split bytes=40284
		Combine input records=19408177
		Combine output records=3273569
		Reduce input groups=602544
		Reduce shuffle bytes=47089828
		Reduce input records=3273569
		Reduce output records=602544
		Spilled Records=6547138
		Shuffled Maps =300
		Failed Shuffles=0
		Merged Map outputs=300
		GC time elapsed (ms)=59412
		CPU time spent (ms)=740290
		Physical memory (bytes) snapshot=131358457856
		Virtual memory (bytes) snapshot=781542113280
		Total committed heap usage (bytes)=119843323904
		Peak Map Physical memory (bytes)=597577728
		Peak Map Virtual memory (bytes)=2606477312
		Peak Reduce Physical memory (bytes)=464343040
		Peak Reduce Virtual memory (bytes)=2625650688
	Shuffle Errors
		BAD_ID=0
		CONNECTION=0
		IO_ERROR=0
		WRONG_LENGTH=0
		WRONG_MAP=0
		WRONG_REDUCE=0
	File Input Format Counters 
		Bytes Read=113841223
	File Output Format Counters 
		Bytes Written=7317872
