2025-02-21 04:15:30,843 INFO client.DefaultNoHARMFailoverProxyProvider: Connecting to ResourceManager at localhost/127.0.0.1:8032
2025-02-21 04:15:31,126 INFO mapreduce.JobResourceUploader: Disabling Erasure Coding for path: /tmp/hadoop-yarn/staging/satkp/.staging/job_1740128722058_0004
2025-02-21 04:15:31,791 INFO input.FileInputFormat: Total input files to process : 100
2025-02-21 04:15:33,462 INFO mapreduce.JobSubmitter: number of splits:100
2025-02-21 04:15:34,777 INFO mapreduce.JobSubmitter: Submitting tokens for job: job_1740128722058_0004
2025-02-21 04:15:34,777 INFO mapreduce.JobSubmitter: Executing with tokens: []
2025-02-21 04:15:34,910 INFO conf.Configuration: resource-types.xml not found
2025-02-21 04:15:34,910 INFO resource.ResourceUtils: Unable to find 'resource-types.xml'.
2025-02-21 04:15:34,969 INFO impl.YarnClientImpl: Submitted application application_1740128722058_0004
2025-02-21 04:15:34,999 INFO mapreduce.Job: The url to track the job: http://Sathvik.:8088/proxy/application_1740128722058_0004/
2025-02-21 04:15:35,000 INFO mapreduce.Job: Running job: job_1740128722058_0004
2025-02-21 04:15:40,088 INFO mapreduce.Job: Job job_1740128722058_0004 running in uber mode : false
2025-02-21 04:15:40,090 INFO mapreduce.Job:  map 0% reduce 0%
2025-02-21 04:15:45,420 INFO mapreduce.Job:  map 1% reduce 0%
2025-02-21 04:15:46,449 INFO mapreduce.Job:  map 6% reduce 0%
2025-02-21 04:15:52,515 INFO mapreduce.Job:  map 12% reduce 0%
2025-02-21 04:15:58,610 INFO mapreduce.Job:  map 18% reduce 0%
2025-02-21 04:16:05,718 INFO mapreduce.Job:  map 20% reduce 0%
2025-02-21 04:16:06,726 INFO mapreduce.Job:  map 24% reduce 0%
2025-02-21 04:16:10,762 INFO mapreduce.Job:  map 25% reduce 0%
2025-02-21 04:16:11,771 INFO mapreduce.Job:  map 27% reduce 0%
2025-02-21 04:16:12,778 INFO mapreduce.Job:  map 29% reduce 0%
2025-02-21 04:16:12,926 INFO mapreduce.Job:  map 30% reduce 0%
2025-02-21 04:16:13,938 INFO mapreduce.Job:  map 31% reduce 0%
2025-02-21 04:16:14,947 INFO mapreduce.Job:  map 32% reduce 0%
2025-02-21 04:16:15,956 INFO mapreduce.Job:  map 34% reduce 0%
2025-02-21 04:16:17,989 INFO mapreduce.Job:  map 35% reduce 0%
2025-02-21 04:16:19,003 INFO mapreduce.Job:  map 36% reduce 0%
2025-02-21 04:16:20,024 INFO mapreduce.Job:  map 37% reduce 12%
2025-02-21 04:16:21,032 INFO mapreduce.Job:  map 39% reduce 12%
2025-02-21 04:16:24,067 INFO mapreduce.Job:  map 41% reduce 12%
2025-02-21 04:16:25,083 INFO mapreduce.Job:  map 42% reduce 12%
2025-02-21 04:16:26,092 INFO mapreduce.Job:  map 44% reduce 14%
2025-02-21 04:16:30,128 INFO mapreduce.Job:  map 46% reduce 14%
2025-02-21 04:16:31,143 INFO mapreduce.Job:  map 48% reduce 14%
2025-02-21 04:16:32,166 INFO mapreduce.Job:  map 49% reduce 16%
2025-02-21 04:16:35,190 INFO mapreduce.Job:  map 51% reduce 16%
2025-02-21 04:16:36,198 INFO mapreduce.Job:  map 52% reduce 16%
2025-02-21 04:16:38,215 INFO mapreduce.Job:  map 54% reduce 17%
2025-02-21 04:16:40,239 INFO mapreduce.Job:  map 56% reduce 17%
2025-02-21 04:16:41,249 INFO mapreduce.Job:  map 57% reduce 17%
2025-02-21 04:16:43,265 INFO mapreduce.Job:  map 59% reduce 17%
2025-02-21 04:16:42,391 INFO mapreduce.Job:  map 59% reduce 19%
2025-02-21 04:16:43,400 INFO mapreduce.Job:  map 61% reduce 19%
2025-02-21 04:16:44,406 INFO mapreduce.Job:  map 62% reduce 19%
2025-02-21 04:16:46,423 INFO mapreduce.Job:  map 64% reduce 19%
2025-02-21 04:16:47,437 INFO mapreduce.Job:  map 64% reduce 21%
2025-02-21 04:16:48,445 INFO mapreduce.Job:  map 66% reduce 21%
2025-02-21 04:16:49,453 INFO mapreduce.Job:  map 67% reduce 21%
2025-02-21 04:16:52,477 INFO mapreduce.Job:  map 69% reduce 21%
2025-02-21 04:16:53,486 INFO mapreduce.Job:  map 69% reduce 23%
2025-02-21 04:16:54,494 INFO mapreduce.Job:  map 72% reduce 23%
2025-02-21 04:16:56,507 INFO mapreduce.Job:  map 74% reduce 23%
2025-02-21 04:16:59,535 INFO mapreduce.Job:  map 75% reduce 25%
2025-02-21 04:17:00,544 INFO mapreduce.Job:  map 77% reduce 25%
2025-02-21 04:17:02,570 INFO mapreduce.Job:  map 79% reduce 25%
2025-02-21 04:17:04,585 INFO mapreduce.Job:  map 80% reduce 25%
2025-02-21 04:17:05,591 INFO mapreduce.Job:  map 82% reduce 27%
2025-02-21 04:17:07,612 INFO mapreduce.Job:  map 83% reduce 27%
2025-02-21 04:17:08,618 INFO mapreduce.Job:  map 84% reduce 27%
2025-02-21 04:17:09,625 INFO mapreduce.Job:  map 85% reduce 27%
2025-02-21 04:17:10,632 INFO mapreduce.Job:  map 87% reduce 27%
2025-02-21 04:17:11,646 INFO mapreduce.Job:  map 88% reduce 29%
2025-02-21 04:17:13,668 INFO mapreduce.Job:  map 89% reduce 29%
2025-02-21 04:17:12,836 INFO mapreduce.Job:  map 92% reduce 29%
2025-02-21 04:17:13,843 INFO mapreduce.Job:  map 93% reduce 29%
2025-02-21 04:17:15,869 INFO mapreduce.Job:  map 94% reduce 31%
2025-02-21 04:17:16,878 INFO mapreduce.Job:  map 95% reduce 31%
2025-02-21 04:17:18,903 INFO mapreduce.Job:  map 98% reduce 31%
2025-02-21 04:17:19,909 INFO mapreduce.Job:  map 99% reduce 31%
2025-02-21 04:17:20,916 INFO mapreduce.Job:  map 100% reduce 31%
2025-02-21 04:17:21,923 INFO mapreduce.Job:  map 100% reduce 72%
2025-02-21 04:17:22,927 INFO mapreduce.Job:  map 100% reduce 100%
2025-02-21 04:17:26,956 INFO mapreduce.Job: Job job_1740128722058_0004 completed successfully
2025-02-21 04:17:27,047 INFO mapreduce.Job: Counters: 54
	File System Counters
		FILE: Number of bytes read=14477063
		FILE: Number of bytes written=60159210
		FILE: Number of read operations=0
		FILE: Number of large read operations=0
		FILE: Number of write operations=0
		HDFS: Number of bytes read=32654859
		HDFS: Number of bytes written=3171284
		HDFS: Number of read operations=305
		HDFS: Number of large read operations=0
		HDFS: Number of write operations=2
		HDFS: Number of bytes read erasure-coded=0
	Job Counters 
		Launched map tasks=100
		Launched reduce tasks=1
		Data-local map tasks=100
		Total time spent by all maps in occupied slots (ms)=419350
		Total time spent by all reduces in occupied slots (ms)=76223
		Total time spent by all map tasks (ms)=419350
		Total time spent by all reduce tasks (ms)=76223
		Total vcore-milliseconds taken by all map tasks=419350
		Total vcore-milliseconds taken by all reduce tasks=76223
		Total megabyte-milliseconds taken by all map tasks=429414400
		Total megabyte-milliseconds taken by all reduce tasks=78052352
	Map-Reduce Framework
		Map input records=641966
		Map output records=5518773
		Map output bytes=53248706
		Map output materialized bytes=14477657
		Input split bytes=13440
		Combine input records=5518773
		Combine output records=1010648
		Reduce input groups=269426
		Reduce shuffle bytes=14477657
		Reduce input records=1010648
		Reduce output records=269426
		Spilled Records=2021296
		Shuffled Maps =100
		Failed Shuffles=0
		Merged Map outputs=100
		GC time elapsed (ms)=33420
		CPU time spent (ms)=340920
		Physical memory (bytes) snapshot=44715483136
		Virtual memory (bytes) snapshot=262270091264
		Total committed heap usage (bytes)=40886075392
		Peak Map Physical memory (bytes)=523595776
		Peak Map Virtual memory (bytes)=2606063616
		Peak Reduce Physical memory (bytes)=333107200
		Peak Reduce Virtual memory (bytes)=2609246208
	Shuffle Errors
		BAD_ID=0
		CONNECTION=0
		IO_ERROR=0
		WRONG_LENGTH=0
		WRONG_MAP=0
		WRONG_REDUCE=0
	File Input Format Counters 
		Bytes Read=32641419
	File Output Format Counters 
		Bytes Written=3171284
