2025-02-21 03:14:06,140 INFO client.DefaultNoHARMFailoverProxyProvider: Connecting to ResourceManager at localhost/127.0.0.1:8032
2025-02-21 03:14:06,450 INFO mapreduce.JobResourceUploader: Disabling Erasure Coding for path: /tmp/hadoop-yarn/staging/satkp/.staging/job_1740125186607_0002
2025-02-21 03:14:07,156 INFO input.FileInputFormat: Total input files to process : 100
2025-02-21 03:14:07,841 INFO mapreduce.JobSubmitter: number of splits:100
2025-02-21 03:14:08,352 INFO mapreduce.JobSubmitter: Submitting tokens for job: job_1740125186607_0002
2025-02-21 03:14:08,352 INFO mapreduce.JobSubmitter: Executing with tokens: []
2025-02-21 03:14:08,482 INFO conf.Configuration: resource-types.xml not found
2025-02-21 03:14:08,483 INFO resource.ResourceUtils: Unable to find 'resource-types.xml'.
2025-02-21 03:14:08,538 INFO impl.YarnClientImpl: Submitted application application_1740125186607_0002
2025-02-21 03:14:08,567 INFO mapreduce.Job: The url to track the job: http://Sathvik.:8088/proxy/application_1740125186607_0002/
2025-02-21 03:14:08,568 INFO mapreduce.Job: Running job: job_1740125186607_0002
2025-02-21 03:14:14,666 INFO mapreduce.Job: Job job_1740125186607_0002 running in uber mode : false
2025-02-21 03:14:14,667 INFO mapreduce.Job:  map 0% reduce 0%
2025-02-21 03:14:21,801 INFO mapreduce.Job:  map 4% reduce 0%
2025-02-21 03:14:22,810 INFO mapreduce.Job:  map 6% reduce 0%
2025-02-21 03:14:25,883 INFO mapreduce.Job:  map 7% reduce 0%
2025-02-21 03:14:28,918 INFO mapreduce.Job:  map 12% reduce 0%
2025-02-21 03:14:31,971 INFO mapreduce.Job:  map 13% reduce 0%
2025-02-21 03:14:35,065 INFO mapreduce.Job:  map 16% reduce 0%
2025-02-21 03:14:36,076 INFO mapreduce.Job:  map 18% reduce 0%
2025-02-21 03:14:37,296 INFO mapreduce.Job:  map 19% reduce 0%
2025-02-21 03:14:40,335 INFO mapreduce.Job:  map 21% reduce 0%
2025-02-21 03:14:41,346 INFO mapreduce.Job:  map 24% reduce 0%
2025-02-21 03:14:45,380 INFO mapreduce.Job:  map 26% reduce 0%
2025-02-21 03:14:46,387 INFO mapreduce.Job:  map 29% reduce 0%
2025-02-21 03:14:50,418 INFO mapreduce.Job:  map 31% reduce 0%
2025-02-21 03:14:51,452 INFO mapreduce.Job:  map 32% reduce 0%
2025-02-21 03:14:52,460 INFO mapreduce.Job:  map 34% reduce 0%
2025-02-21 03:14:54,482 INFO mapreduce.Job:  map 34% reduce 11%
2025-02-21 03:14:55,514 INFO mapreduce.Job:  map 35% reduce 11%
2025-02-21 03:14:56,525 INFO mapreduce.Job:  map 36% reduce 11%
2025-02-21 03:14:57,536 INFO mapreduce.Job:  map 39% reduce 11%
2025-02-21 03:15:00,566 INFO mapreduce.Job:  map 39% reduce 13%
2025-02-21 03:15:01,576 INFO mapreduce.Job:  map 41% reduce 13%
2025-02-21 03:15:02,582 INFO mapreduce.Job:  map 42% reduce 13%
2025-02-21 03:15:03,590 INFO mapreduce.Job:  map 44% reduce 13%
2025-02-21 03:15:05,605 INFO mapreduce.Job:  map 45% reduce 13%
2025-02-21 03:15:06,614 INFO mapreduce.Job:  map 46% reduce 15%
2025-02-21 03:15:07,622 INFO mapreduce.Job:  map 48% reduce 15%
2025-02-21 03:15:08,631 INFO mapreduce.Job:  map 49% reduce 15%
2025-02-21 03:15:09,846 INFO mapreduce.Job:  map 50% reduce 15%
2025-02-21 03:15:10,860 INFO mapreduce.Job:  map 52% reduce 17%
2025-02-21 03:15:11,874 INFO mapreduce.Job:  map 54% reduce 17%
2025-02-21 03:15:14,912 INFO mapreduce.Job:  map 55% reduce 17%
2025-02-21 03:15:15,918 INFO mapreduce.Job:  map 57% reduce 17%
2025-02-21 03:15:16,926 INFO mapreduce.Job:  map 59% reduce 18%
2025-02-21 03:15:18,941 INFO mapreduce.Job:  map 60% reduce 18%
2025-02-21 03:15:20,956 INFO mapreduce.Job:  map 62% reduce 18%
2025-02-21 03:15:21,969 INFO mapreduce.Job:  map 63% reduce 18%
2025-02-21 03:15:22,976 INFO mapreduce.Job:  map 64% reduce 21%
2025-02-21 03:15:23,983 INFO mapreduce.Job:  map 65% reduce 21%
2025-02-21 03:15:25,997 INFO mapreduce.Job:  map 68% reduce 21%
2025-02-21 03:15:27,007 INFO mapreduce.Job:  map 69% reduce 21%
2025-02-21 03:15:29,037 INFO mapreduce.Job:  map 69% reduce 23%
2025-02-21 03:15:30,044 INFO mapreduce.Job:  map 70% reduce 23%
2025-02-21 03:15:31,054 INFO mapreduce.Job:  map 73% reduce 23%
2025-02-21 03:15:32,065 INFO mapreduce.Job:  map 74% reduce 23%
2025-02-21 03:15:34,095 INFO mapreduce.Job:  map 74% reduce 25%
2025-02-21 03:15:35,103 INFO mapreduce.Job:  map 75% reduce 25%
2025-02-21 03:15:36,112 INFO mapreduce.Job:  map 77% reduce 25%
2025-02-21 03:15:37,120 INFO mapreduce.Job:  map 79% reduce 25%
2025-02-21 03:15:38,366 INFO mapreduce.Job:  map 80% reduce 27%
2025-02-21 03:15:39,375 INFO mapreduce.Job:  map 82% reduce 27%
2025-02-21 03:15:40,383 INFO mapreduce.Job:  map 84% reduce 27%
2025-02-21 03:15:43,423 INFO mapreduce.Job:  map 85% reduce 27%
2025-02-21 03:15:44,435 INFO mapreduce.Job:  map 87% reduce 28%
2025-02-21 03:15:45,444 INFO mapreduce.Job:  map 89% reduce 28%
2025-02-21 03:15:48,469 INFO mapreduce.Job:  map 90% reduce 28%
2025-02-21 03:15:50,488 INFO mapreduce.Job:  map 94% reduce 31%
2025-02-21 03:15:54,545 INFO mapreduce.Job:  map 95% reduce 31%
2025-02-21 03:15:55,553 INFO mapreduce.Job:  map 98% reduce 31%
2025-02-21 03:15:56,559 INFO mapreduce.Job:  map 99% reduce 33%
2025-02-21 03:15:57,567 INFO mapreduce.Job:  map 100% reduce 33%
2025-02-21 03:15:59,581 INFO mapreduce.Job:  map 100% reduce 100%
2025-02-21 03:16:03,606 INFO mapreduce.Job: Job job_1740125186607_0002 completed successfully
2025-02-21 03:16:03,685 INFO mapreduce.Job: Counters: 55
	File System Counters
		FILE: Number of bytes read=14477063
		FILE: Number of bytes written=60159109
		FILE: Number of read operations=0
		FILE: Number of large read operations=0
		FILE: Number of write operations=0
		HDFS: Number of bytes read=32654859
		HDFS: Number of bytes written=3171284
		HDFS: Number of read operations=305
		HDFS: Number of large read operations=0
		HDFS: Number of write operations=2
		HDFS: Number of bytes read erasure-coded=0
	Job Counters 
		Killed map tasks=1
		Launched map tasks=100
		Launched reduce tasks=1
		Data-local map tasks=100
		Total time spent by all maps in occupied slots (ms)=429892
		Total time spent by all reduces in occupied slots (ms)=79794
		Total time spent by all map tasks (ms)=429892
		Total time spent by all reduce tasks (ms)=79794
		Total vcore-milliseconds taken by all map tasks=429892
		Total vcore-milliseconds taken by all reduce tasks=79794
		Total megabyte-milliseconds taken by all map tasks=440209408
		Total megabyte-milliseconds taken by all reduce tasks=81709056
	Map-Reduce Framework
		Map input records=641966
		Map output records=5518773
		Map output bytes=53248706
		Map output materialized bytes=14477657
		Input split bytes=13440
		Combine input records=5518773
		Combine output records=1010648
		Reduce input groups=269426
		Reduce shuffle bytes=14477657
		Reduce input records=1010648
		Reduce output records=269426
		Spilled Records=2021296
		Shuffled Maps =100
		Failed Shuffles=0
		Merged Map outputs=100
		GC time elapsed (ms)=29595
		CPU time spent (ms)=330760
		Physical memory (bytes) snapshot=44863791104
		Virtual memory (bytes) snapshot=262266961920
		Total committed heap usage (bytes)=41149267968
		Peak Map Physical memory (bytes)=521564160
		Peak Map Virtual memory (bytes)=2608619520
		Peak Reduce Physical memory (bytes)=320049152
		Peak Reduce Virtual memory (bytes)=2610597888
	Shuffle Errors
		BAD_ID=0
		CONNECTION=0
		IO_ERROR=0
		WRONG_LENGTH=0
		WRONG_MAP=0
		WRONG_REDUCE=0
	File Input Format Counters 
		Bytes Read=32641419
	File Output Format Counters 
		Bytes Written=3171284
