2025-02-21 02:05:32,884 INFO client.DefaultNoHARMFailoverProxyProvider: Connecting to ResourceManager at localhost/127.0.0.1:8032
2025-02-21 02:05:33,167 INFO mapreduce.JobResourceUploader: Disabling Erasure Coding for path: /tmp/hadoop-yarn/staging/satkp/.staging/job_1740110622879_0028
2025-02-21 02:05:32,959 INFO input.FileInputFormat: Total input files to process : 300
2025-02-21 02:05:34,638 INFO mapreduce.JobSubmitter: number of splits:300
2025-02-21 02:05:35,937 INFO mapreduce.JobSubmitter: Submitting tokens for job: job_1740110622879_0028
2025-02-21 02:05:35,937 INFO mapreduce.JobSubmitter: Executing with tokens: []
2025-02-21 02:05:36,081 INFO conf.Configuration: resource-types.xml not found
2025-02-21 02:05:36,081 INFO resource.ResourceUtils: Unable to find 'resource-types.xml'.
2025-02-21 02:05:36,147 INFO impl.YarnClientImpl: Submitted application application_1740110622879_0028
2025-02-21 02:05:36,189 INFO mapreduce.Job: The url to track the job: http://Sathvik.:8088/proxy/application_1740110622879_0028/
2025-02-21 02:05:36,190 INFO mapreduce.Job: Running job: job_1740110622879_0028
2025-02-21 02:05:41,310 INFO mapreduce.Job: Job job_1740110622879_0028 running in uber mode : false
2025-02-21 02:05:41,311 INFO mapreduce.Job:  map 0% reduce 0%
2025-02-21 02:05:47,550 INFO mapreduce.Job:  map 1% reduce 0%
2025-02-21 02:05:48,561 INFO mapreduce.Job:  map 2% reduce 0%
2025-02-21 02:05:53,624 INFO mapreduce.Job:  map 3% reduce 0%
2025-02-21 02:05:54,635 INFO mapreduce.Job:  map 4% reduce 0%
2025-02-21 02:05:58,689 INFO mapreduce.Job:  map 6% reduce 0%
2025-02-21 02:06:02,029 INFO mapreduce.Job:  map 8% reduce 0%
2025-02-21 02:06:07,078 INFO mapreduce.Job:  map 10% reduce 0%
2025-02-21 02:06:13,133 INFO mapreduce.Job:  map 12% reduce 0%
2025-02-21 02:06:18,190 INFO mapreduce.Job:  map 14% reduce 0%
2025-02-21 02:06:23,307 INFO mapreduce.Job:  map 16% reduce 0%
2025-02-21 02:06:27,340 INFO mapreduce.Job:  map 17% reduce 0%
2025-02-21 02:06:28,346 INFO mapreduce.Job:  map 18% reduce 0%
2025-02-21 02:06:32,416 INFO mapreduce.Job:  map 19% reduce 0%
2025-02-21 02:06:33,427 INFO mapreduce.Job:  map 20% reduce 0%
2025-02-21 02:06:36,753 INFO mapreduce.Job:  map 22% reduce 0%
2025-02-21 02:06:41,830 INFO mapreduce.Job:  map 23% reduce 0%
2025-02-21 02:06:46,866 INFO mapreduce.Job:  map 25% reduce 0%
2025-02-21 02:06:47,875 INFO mapreduce.Job:  map 25% reduce 8%
2025-02-21 02:06:51,899 INFO mapreduce.Job:  map 26% reduce 8%
2025-02-21 02:06:52,909 INFO mapreduce.Job:  map 27% reduce 8%
2025-02-21 02:06:53,915 INFO mapreduce.Job:  map 27% reduce 9%
2025-02-21 02:06:56,940 INFO mapreduce.Job:  map 28% reduce 9%
2025-02-21 02:07:00,978 INFO mapreduce.Job:  map 29% reduce 9%
2025-02-21 02:07:01,986 INFO mapreduce.Job:  map 30% reduce 9%
2025-02-21 02:07:04,332 INFO mapreduce.Job:  map 31% reduce 10%
2025-02-21 02:07:05,342 INFO mapreduce.Job:  map 32% reduce 10%
2025-02-21 02:07:09,372 INFO mapreduce.Job:  map 33% reduce 10%
2025-02-21 02:07:10,379 INFO mapreduce.Job:  map 33% reduce 11%
2025-02-21 02:07:12,390 INFO mapreduce.Job:  map 34% reduce 11%
2025-02-21 02:07:13,396 INFO mapreduce.Job:  map 35% reduce 11%
2025-02-21 02:07:16,413 INFO mapreduce.Job:  map 36% reduce 12%
2025-02-21 02:07:17,421 INFO mapreduce.Job:  map 37% reduce 12%
2025-02-21 02:07:21,442 INFO mapreduce.Job:  map 38% reduce 12%
2025-02-21 02:07:22,459 INFO mapreduce.Job:  map 38% reduce 13%
2025-02-21 02:07:24,500 INFO mapreduce.Job:  map 39% reduce 13%
2025-02-21 02:07:26,516 INFO mapreduce.Job:  map 40% reduce 13%
2025-02-21 02:07:28,527 INFO mapreduce.Job:  map 41% reduce 13%
2025-02-21 02:07:30,540 INFO mapreduce.Job:  map 42% reduce 13%
2025-02-21 02:07:33,559 INFO mapreduce.Job:  map 43% reduce 13%
2025-02-21 02:07:34,565 INFO mapreduce.Job:  map 43% reduce 14%
2025-02-21 02:07:34,829 INFO mapreduce.Job:  map 44% reduce 14%
2025-02-21 02:07:36,849 INFO mapreduce.Job:  map 45% reduce 14%
2025-02-21 02:07:38,870 INFO mapreduce.Job:  map 46% reduce 15%
2025-02-21 02:07:40,887 INFO mapreduce.Job:  map 47% reduce 15%
2025-02-21 02:07:42,901 INFO mapreduce.Job:  map 48% reduce 15%
2025-02-21 02:07:44,916 INFO mapreduce.Job:  map 48% reduce 16%
2025-02-21 02:07:46,926 INFO mapreduce.Job:  map 49% reduce 16%
2025-02-21 02:07:47,934 INFO mapreduce.Job:  map 50% reduce 16%
2025-02-21 02:07:50,953 INFO mapreduce.Job:  map 51% reduce 17%
2025-02-21 02:07:51,959 INFO mapreduce.Job:  map 52% reduce 17%
2025-02-21 02:07:54,975 INFO mapreduce.Job:  map 53% reduce 17%
2025-02-21 02:07:56,987 INFO mapreduce.Job:  map 53% reduce 18%
2025-02-21 02:07:58,998 INFO mapreduce.Job:  map 54% reduce 18%
2025-02-21 02:08:01,015 INFO mapreduce.Job:  map 55% reduce 18%
2025-02-21 02:08:04,050 INFO mapreduce.Job:  map 56% reduce 18%
2025-02-21 02:08:04,373 INFO mapreduce.Job:  map 57% reduce 18%
2025-02-21 02:08:07,390 INFO mapreduce.Job:  map 58% reduce 19%
2025-02-21 02:08:10,405 INFO mapreduce.Job:  map 59% reduce 19%
2025-02-21 02:08:12,416 INFO mapreduce.Job:  map 60% reduce 19%
2025-02-21 02:08:13,423 INFO mapreduce.Job:  map 60% reduce 20%
2025-02-21 02:08:16,437 INFO mapreduce.Job:  map 62% reduce 20%
2025-02-21 02:08:19,453 INFO mapreduce.Job:  map 62% reduce 21%
2025-02-21 02:08:20,460 INFO mapreduce.Job:  map 63% reduce 21%
2025-02-21 02:08:21,467 INFO mapreduce.Job:  map 64% reduce 21%
2025-02-21 02:08:26,516 INFO mapreduce.Job:  map 65% reduce 21%
2025-02-21 02:08:29,549 INFO mapreduce.Job:  map 66% reduce 21%
2025-02-21 02:08:30,556 INFO mapreduce.Job:  map 67% reduce 21%
2025-02-21 02:08:31,562 INFO mapreduce.Job:  map 67% reduce 22%
2025-02-21 02:08:33,576 INFO mapreduce.Job:  map 68% reduce 22%
2025-02-21 02:08:35,588 INFO mapreduce.Job:  map 69% reduce 22%
2025-02-21 02:08:35,887 INFO mapreduce.Job:  map 69% reduce 23%
2025-02-21 02:08:36,899 INFO mapreduce.Job:  map 70% reduce 23%
2025-02-21 02:08:39,919 INFO mapreduce.Job:  map 71% reduce 23%
2025-02-21 02:08:40,931 INFO mapreduce.Job:  map 72% reduce 23%
2025-02-21 02:08:41,937 INFO mapreduce.Job:  map 72% reduce 24%
2025-02-21 02:08:43,951 INFO mapreduce.Job:  map 73% reduce 24%
2025-02-21 02:08:45,966 INFO mapreduce.Job:  map 74% reduce 24%
2025-02-21 02:08:47,981 INFO mapreduce.Job:  map 74% reduce 25%
2025-02-21 02:08:48,987 INFO mapreduce.Job:  map 75% reduce 25%
2025-02-21 02:08:52,003 INFO mapreduce.Job:  map 76% reduce 25%
2025-02-21 02:08:53,010 INFO mapreduce.Job:  map 77% reduce 25%
2025-02-21 02:08:54,018 INFO mapreduce.Job:  map 77% reduce 26%
2025-02-21 02:08:57,048 INFO mapreduce.Job:  map 78% reduce 26%
2025-02-21 02:08:58,053 INFO mapreduce.Job:  map 79% reduce 26%
2025-02-21 02:09:02,070 INFO mapreduce.Job:  map 80% reduce 26%
2025-02-21 02:09:05,092 INFO mapreduce.Job:  map 81% reduce 26%
2025-02-21 02:09:06,096 INFO mapreduce.Job:  map 81% reduce 27%
2025-02-21 02:09:05,390 INFO mapreduce.Job:  map 82% reduce 27%
2025-02-21 02:09:08,410 INFO mapreduce.Job:  map 83% reduce 27%
2025-02-21 02:09:10,423 INFO mapreduce.Job:  map 84% reduce 28%
2025-02-21 02:09:15,458 INFO mapreduce.Job:  map 85% reduce 28%
2025-02-21 02:09:16,467 INFO mapreduce.Job:  map 86% reduce 28%
2025-02-21 02:09:20,487 INFO mapreduce.Job:  map 88% reduce 28%
2025-02-21 02:09:21,494 INFO mapreduce.Job:  map 88% reduce 29%
2025-02-21 02:09:25,510 INFO mapreduce.Job:  map 89% reduce 29%
2025-02-21 02:09:27,524 INFO mapreduce.Job:  map 89% reduce 30%
2025-02-21 02:09:30,537 INFO mapreduce.Job:  map 91% reduce 30%
2025-02-21 02:09:35,563 INFO mapreduce.Job:  map 93% reduce 30%
2025-02-21 02:09:37,868 INFO mapreduce.Job:  map 93% reduce 31%
2025-02-21 02:09:38,872 INFO mapreduce.Job:  map 94% reduce 31%
2025-02-21 02:09:42,900 INFO mapreduce.Job:  map 96% reduce 31%
2025-02-21 02:09:43,907 INFO mapreduce.Job:  map 96% reduce 32%
2025-02-21 02:09:47,987 INFO mapreduce.Job:  map 98% reduce 32%
2025-02-21 02:09:49,998 INFO mapreduce.Job:  map 98% reduce 33%
2025-02-21 02:09:53,028 INFO mapreduce.Job:  map 99% reduce 33%
2025-02-21 02:09:56,056 INFO mapreduce.Job:  map 100% reduce 33%
2025-02-21 02:09:58,077 INFO mapreduce.Job:  map 100% reduce 100%
2025-02-21 02:10:02,115 INFO mapreduce.Job: Job job_1740110622879_0028 completed successfully
2025-02-21 02:10:02,266 INFO mapreduce.Job: Counters: 55
	File System Counters
		FILE: Number of bytes read=32913
		FILE: Number of bytes written=93213408
		FILE: Number of read operations=0
		FILE: Number of large read operations=0
		FILE: Number of write operations=0
		HDFS: Number of bytes read=113881507
		HDFS: Number of bytes written=461
		HDFS: Number of read operations=905
		HDFS: Number of large read operations=0
		HDFS: Number of write operations=2
		HDFS: Number of bytes read erasure-coded=0
	Job Counters 
		Killed map tasks=1
		Launched map tasks=300
		Launched reduce tasks=1
		Data-local map tasks=300
		Total time spent by all maps in occupied slots (ms)=1037858
		Total time spent by all reduces in occupied slots (ms)=204736
		Total time spent by all map tasks (ms)=1037858
		Total time spent by all reduce tasks (ms)=204736
		Total vcore-milliseconds taken by all map tasks=1037858
		Total vcore-milliseconds taken by all reduce tasks=204736
		Total megabyte-milliseconds taken by all map tasks=1062766592
		Total megabyte-milliseconds taken by all reduce tasks=209649664
	Map-Reduce Framework
		Map input records=2257447
		Map output records=27857
		Map output bytes=443009
		Map output materialized bytes=34707
		Input split bytes=40284
		Combine input records=27857
		Combine output records=1819
		Reduce input groups=16
		Reduce shuffle bytes=34707
		Reduce input records=1819
		Reduce output records=16
		Spilled Records=3638
		Shuffled Maps =300
		Failed Shuffles=0
		Merged Map outputs=300
		GC time elapsed (ms)=85881
		CPU time spent (ms)=559280
		Physical memory (bytes) snapshot=127933247488
		Virtual memory (bytes) snapshot=779592351744
		Total committed heap usage (bytes)=123284750336
		Peak Map Physical memory (bytes)=500510720
		Peak Map Virtual memory (bytes)=2595459072
		Peak Reduce Physical memory (bytes)=266219520
		Peak Reduce Virtual memory (bytes)=2595405824
	Shuffle Errors
		BAD_ID=0
		CONNECTION=0
		IO_ERROR=0
		WRONG_LENGTH=0
		WRONG_MAP=0
		WRONG_REDUCE=0
	File Input Format Counters 
		Bytes Read=113841223
	File Output Format Counters 
		Bytes Written=461
2025-02-21 02:10:02,307 INFO client.DefaultNoHARMFailoverProxyProvider: Connecting to ResourceManager at localhost/127.0.0.1:8032
2025-02-21 02:10:02,330 INFO mapreduce.JobResourceUploader: Disabling Erasure Coding for path: /tmp/hadoop-yarn/staging/satkp/.staging/job_1740110622879_0029
2025-02-21 02:10:03,571 INFO input.FileInputFormat: Total input files to process : 1
2025-02-21 02:10:06,028 INFO mapreduce.JobSubmitter: number of splits:1
2025-02-21 02:10:06,464 INFO mapreduce.JobSubmitter: Submitting tokens for job: job_1740110622879_0029
2025-02-21 02:10:06,464 INFO mapreduce.JobSubmitter: Executing with tokens: []
2025-02-21 02:10:06,485 INFO impl.YarnClientImpl: Submitted application application_1740110622879_0029
2025-02-21 02:10:06,489 INFO mapreduce.Job: The url to track the job: http://Sathvik.:8088/proxy/application_1740110622879_0029/
2025-02-21 02:10:06,490 INFO mapreduce.Job: Running job: job_1740110622879_0029
2025-02-21 02:10:10,814 INFO mapreduce.Job: Job job_1740110622879_0029 running in uber mode : false
2025-02-21 02:10:10,814 INFO mapreduce.Job:  map 0% reduce 0%
2025-02-21 02:10:14,842 INFO mapreduce.Job:  map 100% reduce 0%
2025-02-21 02:10:18,861 INFO mapreduce.Job:  map 100% reduce 100%
2025-02-21 02:10:23,894 INFO mapreduce.Job: Job job_1740110622879_0029 completed successfully
2025-02-21 02:10:23,921 INFO mapreduce.Job: Counters: 54
	File System Counters
		FILE: Number of bytes read=285
		FILE: Number of bytes written=618249
		FILE: Number of read operations=0
		FILE: Number of large read operations=0
		FILE: Number of write operations=0
		HDFS: Number of bytes read=592
		HDFS: Number of bytes written=191
		HDFS: Number of read operations=9
		HDFS: Number of large read operations=0
		HDFS: Number of write operations=2
		HDFS: Number of bytes read erasure-coded=0
	Job Counters 
		Launched map tasks=1
		Launched reduce tasks=1
		Data-local map tasks=1
		Total time spent by all maps in occupied slots (ms)=1789
		Total time spent by all reduces in occupied slots (ms)=2053
		Total time spent by all map tasks (ms)=1789
		Total time spent by all reduce tasks (ms)=2053
		Total vcore-milliseconds taken by all map tasks=1789
		Total vcore-milliseconds taken by all reduce tasks=2053
		Total megabyte-milliseconds taken by all map tasks=1831936
		Total megabyte-milliseconds taken by all reduce tasks=2102272
	Map-Reduce Framework
		Map input records=16
		Map output records=16
		Map output bytes=247
		Map output materialized bytes=285
		Input split bytes=131
		Combine input records=0
		Combine output records=0
		Reduce input groups=16
		Reduce shuffle bytes=285
		Reduce input records=16
		Reduce output records=16
		Spilled Records=32
		Shuffled Maps =1
		Failed Shuffles=0
		Merged Map outputs=1
		GC time elapsed (ms)=251
		CPU time spent (ms)=2460
		Physical memory (bytes) snapshot=621318144
		Virtual memory (bytes) snapshot=5185200128
		Total committed heap usage (bytes)=609746944
		Peak Map Physical memory (bytes)=374530048
		Peak Map Virtual memory (bytes)=2589302784
		Peak Reduce Physical memory (bytes)=246788096
		Peak Reduce Virtual memory (bytes)=2595897344
	Shuffle Errors
		BAD_ID=0
		CONNECTION=0
		IO_ERROR=0
		WRONG_LENGTH=0
		WRONG_MAP=0
		WRONG_REDUCE=0
	File Input Format Counters 
		Bytes Read=461
	File Output Format Counters 
		Bytes Written=191
