2025-02-21 04:22:55,447 INFO client.DefaultNoHARMFailoverProxyProvider: Connecting to ResourceManager at localhost/127.0.0.1:8032
2025-02-21 04:22:55,751 INFO mapreduce.JobResourceUploader: Disabling Erasure Coding for path: /tmp/hadoop-yarn/staging/satkp/.staging/job_1740128722058_0006
2025-02-21 04:22:56,364 INFO input.FileInputFormat: Total input files to process : 10
2025-02-21 04:22:58,829 INFO mapreduce.JobSubmitter: number of splits:10
2025-02-21 04:23:00,129 INFO mapreduce.JobSubmitter: Submitting tokens for job: job_1740128722058_0006
2025-02-21 04:23:00,130 INFO mapreduce.JobSubmitter: Executing with tokens: []
2025-02-21 04:23:00,260 INFO conf.Configuration: resource-types.xml not found
2025-02-21 04:23:00,260 INFO resource.ResourceUtils: Unable to find 'resource-types.xml'.
2025-02-21 04:23:00,321 INFO impl.YarnClientImpl: Submitted application application_1740128722058_0006
2025-02-21 04:23:00,352 INFO mapreduce.Job: The url to track the job: http://Sathvik.:8088/proxy/application_1740128722058_0006/
2025-02-21 04:23:00,353 INFO mapreduce.Job: Running job: job_1740128722058_0006
2025-02-21 04:23:05,434 INFO mapreduce.Job: Job job_1740128722058_0006 running in uber mode : false
2025-02-21 04:23:05,434 INFO mapreduce.Job:  map 0% reduce 0%
2025-02-21 04:23:10,549 INFO mapreduce.Job:  map 20% reduce 0%
2025-02-21 04:23:11,562 INFO mapreduce.Job:  map 60% reduce 0%
2025-02-21 04:23:14,601 INFO mapreduce.Job:  map 80% reduce 0%
2025-02-21 04:23:15,607 INFO mapreduce.Job:  map 100% reduce 0%
2025-02-21 04:23:16,614 INFO mapreduce.Job:  map 100% reduce 100%
2025-02-21 04:23:18,727 INFO mapreduce.Job: Job job_1740128722058_0006 completed successfully
2025-02-21 04:23:18,802 INFO mapreduce.Job: Counters: 54
	File System Counters
		FILE: Number of bytes read=1089
		FILE: Number of bytes written=3406061
		FILE: Number of read operations=0
		FILE: Number of large read operations=0
		FILE: Number of write operations=0
		HDFS: Number of bytes read=2728444
		HDFS: Number of bytes written=461
		HDFS: Number of read operations=35
		HDFS: Number of large read operations=0
		HDFS: Number of write operations=2
		HDFS: Number of bytes read erasure-coded=0
	Job Counters 
		Launched map tasks=10
		Launched reduce tasks=1
		Data-local map tasks=10
		Total time spent by all maps in occupied slots (ms)=31299
		Total time spent by all reduces in occupied slots (ms)=2720
		Total time spent by all map tasks (ms)=31299
		Total time spent by all reduce tasks (ms)=2720
		Total vcore-milliseconds taken by all map tasks=31299
		Total vcore-milliseconds taken by all reduce tasks=2720
		Total megabyte-milliseconds taken by all map tasks=32050176
		Total megabyte-milliseconds taken by all reduce tasks=2785280
	Map-Reduce Framework
		Map input records=50219
		Map output records=443
		Map output bytes=7292
		Map output materialized bytes=1143
		Input split bytes=1332
		Combine input records=443
		Combine output records=60
		Reduce input groups=16
		Reduce shuffle bytes=1143
		Reduce input records=60
		Reduce output records=16
		Spilled Records=120
		Shuffled Maps =10
		Failed Shuffles=0
		Merged Map outputs=10
		GC time elapsed (ms)=3187
		CPU time spent (ms)=20460
		Physical memory (bytes) snapshot=4803276800
		Virtual memory (bytes) snapshot=28495605760
		Total committed heap usage (bytes)=4746379264
		Peak Map Physical memory (bytes)=489832448
		Peak Map Virtual memory (bytes)=2592980992
		Peak Reduce Physical memory (bytes)=262746112
		Peak Reduce Virtual memory (bytes)=2597769216
	Shuffle Errors
		BAD_ID=0
		CONNECTION=0
		IO_ERROR=0
		WRONG_LENGTH=0
		WRONG_MAP=0
		WRONG_REDUCE=0
	File Input Format Counters 
		Bytes Read=2727112
	File Output Format Counters 
		Bytes Written=461
2025-02-21 04:23:18,827 INFO client.DefaultNoHARMFailoverProxyProvider: Connecting to ResourceManager at localhost/127.0.0.1:8032
2025-02-21 04:23:18,847 INFO mapreduce.JobResourceUploader: Disabling Erasure Coding for path: /tmp/hadoop-yarn/staging/satkp/.staging/job_1740128722058_0007
2025-02-21 04:23:20,113 INFO input.FileInputFormat: Total input files to process : 1
2025-02-21 04:23:21,761 INFO mapreduce.JobSubmitter: number of splits:1
2025-02-21 04:23:23,008 INFO mapreduce.JobSubmitter: Submitting tokens for job: job_1740128722058_0007
2025-02-21 04:23:23,008 INFO mapreduce.JobSubmitter: Executing with tokens: []
2025-02-21 04:23:23,232 INFO impl.YarnClientImpl: Submitted application application_1740128722058_0007
2025-02-21 04:23:23,238 INFO mapreduce.Job: The url to track the job: http://Sathvik.:8088/proxy/application_1740128722058_0007/
2025-02-21 04:23:23,238 INFO mapreduce.Job: Running job: job_1740128722058_0007
2025-02-21 04:23:29,306 INFO mapreduce.Job: Job job_1740128722058_0007 running in uber mode : false
2025-02-21 04:23:29,306 INFO mapreduce.Job:  map 0% reduce 0%
2025-02-21 04:23:32,327 INFO mapreduce.Job:  map 100% reduce 0%
2025-02-21 04:23:38,364 INFO mapreduce.Job:  map 100% reduce 100%
2025-02-21 04:23:41,394 INFO mapreduce.Job: Job job_1740128722058_0007 completed successfully
2025-02-21 04:23:41,420 INFO mapreduce.Job: Counters: 54
	File System Counters
		FILE: Number of bytes read=285
		FILE: Number of bytes written=618235
		FILE: Number of read operations=0
		FILE: Number of large read operations=0
		FILE: Number of write operations=0
		HDFS: Number of bytes read=590
		HDFS: Number of bytes written=162
		HDFS: Number of read operations=9
		HDFS: Number of large read operations=0
		HDFS: Number of write operations=2
		HDFS: Number of bytes read erasure-coded=0
	Job Counters 
		Launched map tasks=1
		Launched reduce tasks=1
		Data-local map tasks=1
		Total time spent by all maps in occupied slots (ms)=1582
		Total time spent by all reduces in occupied slots (ms)=2877
		Total time spent by all map tasks (ms)=1582
		Total time spent by all reduce tasks (ms)=2877
		Total vcore-milliseconds taken by all map tasks=1582
		Total vcore-milliseconds taken by all reduce tasks=2877
		Total megabyte-milliseconds taken by all map tasks=1619968
		Total megabyte-milliseconds taken by all reduce tasks=2946048
	Map-Reduce Framework
		Map input records=16
		Map output records=16
		Map output bytes=247
		Map output materialized bytes=285
		Input split bytes=129
		Combine input records=0
		Combine output records=0
		Reduce input groups=15
		Reduce shuffle bytes=285
		Reduce input records=16
		Reduce output records=16
		Spilled Records=32
		Shuffled Maps =1
		Failed Shuffles=0
		Merged Map outputs=1
		GC time elapsed (ms)=106
		CPU time spent (ms)=890
		Physical memory (bytes) snapshot=527892480
		Virtual memory (bytes) snapshot=5185531904
		Total committed heap usage (bytes)=463994880
		Peak Map Physical memory (bytes)=267218944
		Peak Map Virtual memory (bytes)=2589601792
		Peak Reduce Physical memory (bytes)=260673536
		Peak Reduce Virtual memory (bytes)=2595930112
	Shuffle Errors
		BAD_ID=0
		CONNECTION=0
		IO_ERROR=0
		WRONG_LENGTH=0
		WRONG_MAP=0
		WRONG_REDUCE=0
	File Input Format Counters 
		Bytes Read=461
	File Output Format Counters 
		Bytes Written=162
