Linux 5.15.167.4-microsoft-standard-WSL2 (Sathvik) 	02/21/25 	_x86_64_	(16 CPU)

03:53:13        CPU     %user     %nice   %system   %iowait    %steal     %idle
03:53:14        all     13.69      0.00      1.96      0.00      0.00     84.35

03:53:13          tps      rtps      wtps      dtps   bread/s   bwrtn/s   bdscd/s
03:53:14         1.00      1.00      0.00      0.00      8.00      0.00      0.00

03:53:13    kbmemfree   kbavail kbmemused  %memused kbbuffers  kbcached  kbcommit   %commit  kbactive   kbinact   kbdirty
03:53:14      3388048   3954052   3630508     45.50     56688    640944   6963416     69.11    682512   3330152       988

03:53:13          DEV       tps     rkB/s     wkB/s     dkB/s   areq-sz    aqu-sz     await     %util
03:53:14          sda      0.00      0.00      0.00      0.00      0.00      0.00      0.00      0.00
03:53:14          sdb      0.00      0.00      0.00      0.00      0.00      0.00      0.00      0.00
03:53:14          sdc      1.00      4.00      0.00      0.00      4.00      0.00      0.00      1.00

03:53:13        IFACE   rxpck/s   txpck/s    rxkB/s    txkB/s   rxcmp/s   txcmp/s  rxmcst/s   %ifutil
03:53:14           lo     17.00     17.00    400.36    400.36      0.00      0.00      0.00      0.00
03:53:14         eth0      0.00      0.00      0.00      0.00      0.00      0.00      0.00      0.00

03:53:14        CPU     %user     %nice   %system   %iowait    %steal     %idle
03:53:15        all      8.63      0.00      0.50      0.13      0.00     90.74

03:53:14          tps      rtps      wtps      dtps   bread/s   bwrtn/s   bdscd/s
03:53:15        26.00     14.00     12.00      0.00    184.00     48.00      0.00

03:53:14    kbmemfree   kbavail kbmemused  %memused kbbuffers  kbcached  kbcommit   %commit  kbactive   kbinact   kbdirty
03:53:15      3333380   3899764   3684788     46.18     56688    641332   7073724     70.20    682604   3387804      1300

03:53:14          DEV       tps     rkB/s     wkB/s     dkB/s   areq-sz    aqu-sz     await     %util
03:53:15          sda      0.00      0.00      0.00      0.00      0.00      0.00      0.00      0.00
03:53:15          sdb      0.00      0.00      0.00      0.00      0.00      0.00      0.00      0.00
03:53:15          sdc     26.00     92.00     24.00      0.00      4.46      0.03      0.77      9.00

03:53:14        IFACE   rxpck/s   txpck/s    rxkB/s    txkB/s   rxcmp/s   txcmp/s  rxmcst/s   %ifutil
03:53:15           lo     90.00     90.00    684.82    684.82      0.00      0.00      0.00      0.00
03:53:15         eth0      0.00      0.00      0.00      0.00      0.00      0.00      0.00      0.00

03:53:15        CPU     %user     %nice   %system   %iowait    %steal     %idle
03:53:16        all      0.56      0.00      0.19      0.19      0.00     99.06

03:53:15          tps      rtps      wtps      dtps   bread/s   bwrtn/s   bdscd/s
03:53:16        16.00      0.00     14.00      2.00      0.00    600.00    128.00

03:53:15    kbmemfree   kbavail kbmemused  %memused kbbuffers  kbcached  kbcommit   %commit  kbactive   kbinact   kbdirty
03:53:16      3315912   3882312   3702228     46.40     56696    641352   7079232     70.25    682604   3403796      1580

03:53:15          DEV       tps     rkB/s     wkB/s     dkB/s   areq-sz    aqu-sz     await     %util
03:53:16          sda      0.00      0.00      0.00      0.00      0.00      0.00      0.00      0.00
03:53:16          sdb      0.00      0.00      0.00      0.00      0.00      0.00      0.00      0.00
03:53:16          sdc     16.00      0.00    300.00     64.00     22.75      0.03      1.12      7.00

03:53:15        IFACE   rxpck/s   txpck/s    rxkB/s    txkB/s   rxcmp/s   txcmp/s  rxmcst/s   %ifutil
03:53:16           lo     56.00     56.00    413.00    413.00      0.00      0.00      0.00      0.00
03:53:16         eth0      0.00      0.00      0.00      0.00      0.00      0.00      0.00      0.00

03:53:16        CPU     %user     %nice   %system   %iowait    %steal     %idle
03:53:17        all      2.01      0.00      0.50      0.06      0.00     97.42

03:53:16          tps      rtps      wtps      dtps   bread/s   bwrtn/s   bdscd/s
03:53:17        17.00      1.00     16.00      0.00      8.00     72.00      0.00

03:53:16    kbmemfree   kbavail kbmemused  %memused kbbuffers  kbcached  kbcommit   %commit  kbactive   kbinact   kbdirty
03:53:17      3287560   3854244   3730312     46.75     56696    641620   7081740     70.28    682612   3433832      1852

03:53:16          DEV       tps     rkB/s     wkB/s     dkB/s   areq-sz    aqu-sz     await     %util
03:53:17          sda      0.00      0.00      0.00      0.00      0.00      0.00      0.00      0.00
03:53:17          sdb      0.00      0.00      0.00      0.00      0.00      0.00      0.00      0.00
03:53:17          sdc     17.00      4.00     36.00      0.00      2.35      0.03      1.00      6.00

03:53:16        IFACE   rxpck/s   txpck/s    rxkB/s    txkB/s   rxcmp/s   txcmp/s  rxmcst/s   %ifutil
03:53:17           lo     90.00     90.00    669.43    669.43      0.00      0.00      0.00      0.00
03:53:17         eth0      0.00      0.00      0.00      0.00      0.00      0.00      0.00      0.00

03:53:17        CPU     %user     %nice   %system   %iowait    %steal     %idle
03:53:18        all      0.19      0.00      0.06      0.00      0.00     99.75

03:53:17          tps      rtps      wtps      dtps   bread/s   bwrtn/s   bdscd/s
03:53:18        53.00      0.00     53.00      0.00      0.00   3560.00      0.00

03:53:17    kbmemfree   kbavail kbmemused  %memused kbbuffers  kbcached  kbcommit   %commit  kbactive   kbinact   kbdirty
03:53:18      3285964   3852672   3731844     46.77     56696    641652   7081804     70.28    682612   3434440        56

03:53:17          DEV       tps     rkB/s     wkB/s     dkB/s   areq-sz    aqu-sz     await     %util
03:53:18          sda      0.00      0.00      0.00      0.00      0.00      0.00      0.00      0.00
03:53:18          sdb      0.00      0.00      0.00      0.00      0.00      0.00      0.00      0.00
03:53:18          sdc     53.00      0.00   1780.00      0.00     33.58      0.04      0.83      1.00

03:53:17        IFACE   rxpck/s   txpck/s    rxkB/s    txkB/s   rxcmp/s   txcmp/s  rxmcst/s   %ifutil
03:53:18           lo     20.00     20.00    400.86    400.86      0.00      0.00      0.00      0.00
03:53:18         eth0      0.00      0.00      0.00      0.00      0.00      0.00      0.00      0.00

03:53:18        CPU     %user     %nice   %system   %iowait    %steal     %idle
03:53:19        all      7.78      0.00      2.09      0.06      0.00     90.06

03:53:18          tps      rtps      wtps      dtps   bread/s   bwrtn/s   bdscd/s
03:53:19        17.00     15.00      2.00      0.00    160.00      8.00      0.00

03:53:18    kbmemfree   kbavail kbmemused  %memused kbbuffers  kbcached  kbcommit   %commit  kbactive   kbinact   kbdirty
03:53:19      3182368   3749908   3834688     48.06     56696    642420   7343896     72.88    682712   3534588       836

03:53:18          DEV       tps     rkB/s     wkB/s     dkB/s   areq-sz    aqu-sz     await     %util
03:53:19          sda      0.00      0.00      0.00      0.00      0.00      0.00      0.00      0.00
03:53:19          sdb      4.00     20.00      0.00      0.00      5.00      0.00      0.50      1.00
03:53:19          sdc     13.00     60.00      4.00      0.00      4.92      0.01      0.77      7.00

03:53:18        IFACE   rxpck/s   txpck/s    rxkB/s    txkB/s   rxcmp/s   txcmp/s  rxmcst/s   %ifutil
03:53:19           lo    198.00    198.00    968.15    968.15      0.00      0.00      0.00      0.00
03:53:19         eth0      0.00      0.00      0.00      0.00      0.00      0.00      0.00      0.00

03:53:19        CPU     %user     %nice   %system   %iowait    %steal     %idle
03:53:20        all     13.20      0.00      1.59      0.06      0.00     85.15

03:53:19          tps      rtps      wtps      dtps   bread/s   bwrtn/s   bdscd/s
03:53:20        29.00     29.00      0.00      0.00    360.00      0.00      0.00

03:53:19    kbmemfree   kbavail kbmemused  %memused kbbuffers  kbcached  kbcommit   %commit  kbactive   kbinact   kbdirty
03:53:20      3065360   3632936   3951664     49.52     56696    642452   7568772     75.11    682860   3631580       860

03:53:19          DEV       tps     rkB/s     wkB/s     dkB/s   areq-sz    aqu-sz     await     %util
03:53:20          sda      0.00      0.00      0.00      0.00      0.00      0.00      0.00      0.00
03:53:20          sdb      2.00      8.00      0.00      0.00      4.00      0.00      1.00      1.00
03:53:20          sdc     27.00    172.00      0.00      0.00      6.37      0.02      0.63     11.00

03:53:19        IFACE   rxpck/s   txpck/s    rxkB/s    txkB/s   rxcmp/s   txcmp/s  rxmcst/s   %ifutil
03:53:20           lo     55.00     55.00    406.56    406.56      0.00      0.00      0.00      0.00
03:53:20         eth0      0.00      0.00      0.00      0.00      0.00      0.00      0.00      0.00

03:53:20        CPU     %user     %nice   %system   %iowait    %steal     %idle
03:53:21        all     14.70      0.00      1.31      0.38      0.00     83.61

03:53:20          tps      rtps      wtps      dtps   bread/s   bwrtn/s   bdscd/s
03:53:21       222.00    220.00      2.00      0.00   2896.00    728.00      0.00

03:53:20    kbmemfree   kbavail kbmemused  %memused kbbuffers  kbcached  kbcommit   %commit  kbactive   kbinact   kbdirty
03:53:21      2927904   3497124   4087476     51.23     56704    644088   7705840     76.47    684492   3772464      1236

03:53:20          DEV       tps     rkB/s     wkB/s     dkB/s   areq-sz    aqu-sz     await     %util
03:53:21          sda      0.00      0.00      0.00      0.00      0.00      0.00      0.00      0.00
03:53:21          sdb      0.00      0.00      0.00      0.00      0.00      0.00      0.00      0.00
03:53:21          sdc    222.00   1448.00    364.00      0.00      8.16      0.10      0.44     50.00

03:53:20        IFACE   rxpck/s   txpck/s    rxkB/s    txkB/s   rxcmp/s   txcmp/s  rxmcst/s   %ifutil
03:53:21           lo     51.00     51.00    404.91    404.91      0.00      0.00      0.00      0.00
03:53:21         eth0      0.00      0.00      0.00      0.00      0.00      0.00      0.00      0.00

03:53:21        CPU     %user     %nice   %system   %iowait    %steal     %idle
03:53:22        all     24.00      0.00      1.62      0.19      0.00     74.19

03:53:21          tps      rtps      wtps      dtps   bread/s   bwrtn/s   bdscd/s
03:53:22        53.00     49.00      4.00      0.00    584.00     16.00      0.00

03:53:21    kbmemfree   kbavail kbmemused  %memused kbbuffers  kbcached  kbcommit   %commit  kbactive   kbinact   kbdirty
03:53:22      2751056   3320572   4264024     53.44     56704    644388   7785436     77.26    684780   3958860      1252

03:53:21          DEV       tps     rkB/s     wkB/s     dkB/s   areq-sz    aqu-sz     await     %util
03:53:22          sda      0.00      0.00      0.00      0.00      0.00      0.00      0.00      0.00
03:53:22          sdb      1.00      4.00      0.00      0.00      4.00      0.00      2.00      1.00
03:53:22          sdc     52.00    288.00      8.00      0.00      5.69      0.04      0.69     15.00

03:53:21        IFACE   rxpck/s   txpck/s    rxkB/s    txkB/s   rxcmp/s   txcmp/s  rxmcst/s   %ifutil
03:53:22           lo     37.00     37.00    404.27    404.27      0.00      0.00      0.00      0.00
03:53:22         eth0      0.00      0.00      0.00      0.00      0.00      0.00      0.00      0.00

03:53:22        CPU     %user     %nice   %system   %iowait    %steal     %idle
03:53:23        all      7.54      0.00      0.25      0.00      0.00     92.21

03:53:22          tps      rtps      wtps      dtps   bread/s   bwrtn/s   bdscd/s
03:53:23        63.00      3.00     60.00      0.00     24.00   2888.00      0.00

03:53:22    kbmemfree   kbavail kbmemused  %memused kbbuffers  kbcached  kbcommit   %commit  kbactive   kbinact   kbdirty
03:53:23      2754752   3324596   4259996     53.39     56704    644720   7794608     77.35    684800   3964436       128

03:53:22          DEV       tps     rkB/s     wkB/s     dkB/s   areq-sz    aqu-sz     await     %util
03:53:23          sda      0.00      0.00      0.00      0.00      0.00      0.00      0.00      0.00
03:53:23          sdb      0.00      0.00      0.00      0.00      0.00      0.00      0.00      0.00
03:53:23          sdc     63.00     12.00   1444.00      0.00     23.11      0.09      1.32      4.00

03:53:22        IFACE   rxpck/s   txpck/s    rxkB/s    txkB/s   rxcmp/s   txcmp/s  rxmcst/s   %ifutil
03:53:23           lo     81.00     81.00    709.62    709.62      0.00      0.00      0.00      0.00
03:53:23         eth0      0.00      0.00      0.00      0.00      0.00      0.00      0.00      0.00

03:53:23        CPU     %user     %nice   %system   %iowait    %steal     %idle
03:53:24        all      0.25      0.00      0.00      0.06      0.00     99.69

03:53:23          tps      rtps      wtps      dtps   bread/s   bwrtn/s   bdscd/s
03:53:24         3.00      1.00      2.00      0.00      8.00      8.00      0.00

03:53:23    kbmemfree   kbavail kbmemused  %memused kbbuffers  kbcached  kbcommit   %commit  kbactive   kbinact   kbdirty
03:53:24      2769964   3339820   4244760     53.20     56704    644744   7795364     77.36    684800   3947468       156

03:53:23          DEV       tps     rkB/s     wkB/s     dkB/s   areq-sz    aqu-sz     await     %util
03:53:24          sda      0.00      0.00      0.00      0.00      0.00      0.00      0.00      0.00
03:53:24          sdb      1.00      4.00      0.00      0.00      4.00      0.00      2.00      1.00
03:53:24          sdc      2.00      0.00      4.00      0.00      2.00      0.00      1.00      2.00

03:53:23        IFACE   rxpck/s   txpck/s    rxkB/s    txkB/s   rxcmp/s   txcmp/s  rxmcst/s   %ifutil
03:53:24           lo     30.00     30.00    402.47    402.47      0.00      0.00      0.00      0.00
03:53:24         eth0      0.00      0.00      0.00      0.00      0.00      0.00      0.00      0.00

03:53:24        CPU     %user     %nice   %system   %iowait    %steal     %idle
03:53:23        all     33.69      0.00      8.17      0.00      0.00     58.14

03:53:24          tps      rtps      wtps      dtps   bread/s   bwrtn/s   bdscd/s
03:53:23         6.00      6.00      0.00      0.00     88.00      0.00      0.00

03:53:24    kbmemfree   kbavail kbmemused  %memused kbbuffers  kbcached  kbcommit   %commit  kbactive   kbinact   kbdirty
03:53:23      2386508   2958324   4625172     57.96     56704    645532   9340592     92.70    685000   4313024       868

03:53:24          DEV       tps     rkB/s     wkB/s     dkB/s   areq-sz    aqu-sz     await     %util
03:53:23          sda      0.00      0.00      0.00      0.00      0.00      0.00      0.00      0.00
03:53:23          sdb      0.00      0.00      0.00      0.00      0.00      0.00      0.00      0.00
03:53:23          sdc      6.00     44.00      0.00      0.00      7.33      0.00      0.67      3.00

03:53:24        IFACE   rxpck/s   txpck/s    rxkB/s    txkB/s   rxcmp/s   txcmp/s  rxmcst/s   %ifutil
03:53:23           lo    118.00    118.00    427.48    427.48      0.00      0.00      0.00      0.00
03:53:23         eth0      1.00      1.00      0.09      0.09      0.00      0.00      0.00      0.00

03:53:23        CPU     %user     %nice   %system   %iowait    %steal     %idle
03:53:24        all     71.32      0.00      9.43      0.00      0.00     19.25

03:53:23          tps      rtps      wtps      dtps   bread/s   bwrtn/s   bdscd/s
03:53:24         2.00      0.00      2.00      0.00      0.00   1184.00      0.00

03:53:23    kbmemfree   kbavail kbmemused  %memused kbbuffers  kbcached  kbcommit   %commit  kbactive   kbinact   kbdirty
03:53:24      2147212   2719380   4863956     60.96     56712    645556   9580648     95.08    685008   4551540      1564

03:53:23          DEV       tps     rkB/s     wkB/s     dkB/s   areq-sz    aqu-sz     await     %util
03:53:24          sda      0.00      0.00      0.00      0.00      0.00      0.00      0.00      0.00
03:53:24          sdb      0.00      0.00      0.00      0.00      0.00      0.00      0.00      0.00
03:53:24          sdc      2.00      0.00    592.00      0.00    296.00      0.01      2.00      1.00

03:53:23        IFACE   rxpck/s   txpck/s    rxkB/s    txkB/s   rxcmp/s   txcmp/s  rxmcst/s   %ifutil
03:53:24           lo     40.00     40.00    405.04    405.04      0.00      0.00      0.00      0.00
03:53:24         eth0      0.00      0.00      0.00      0.00      0.00      0.00      0.00      0.00

03:53:24        CPU     %user     %nice   %system   %iowait    %steal     %idle
03:53:25        all     73.78      0.00      7.81      0.06      0.00     18.35

03:53:24          tps      rtps      wtps      dtps   bread/s   bwrtn/s   bdscd/s
03:53:25        77.00     77.00      0.00      0.00    656.00      0.00      0.00

03:53:24    kbmemfree   kbavail kbmemused  %memused kbbuffers  kbcached  kbcommit   %commit  kbactive   kbinact   kbdirty
03:53:25      1849168   2423164   5159940     64.67     56712    647392   9925860     98.51    685036   4848744      3400

03:53:24          DEV       tps     rkB/s     wkB/s     dkB/s   areq-sz    aqu-sz     await     %util
03:53:25          sda      0.00      0.00      0.00      0.00      0.00      0.00      0.00      0.00
03:53:25          sdb     77.00    328.00      0.00      0.00      4.26      0.03      0.39      6.00
03:53:25          sdc      0.00      0.00      0.00      0.00      0.00      0.00      0.00      0.00

03:53:24        IFACE   rxpck/s   txpck/s    rxkB/s    txkB/s   rxcmp/s   txcmp/s  rxmcst/s   %ifutil
03:53:25           lo     84.00     84.00    412.59    412.59      0.00      0.00      0.00      0.00
03:53:25         eth0      0.00      0.00      0.00      0.00      0.00      0.00      0.00      0.00

03:53:25        CPU     %user     %nice   %system   %iowait    %steal     %idle
03:53:26        all     64.10      0.00      8.33      0.00      0.00     27.57

03:53:25          tps      rtps      wtps      dtps   bread/s   bwrtn/s   bdscd/s
03:53:26         1.00      1.00      0.00      0.00      8.00      0.00      0.00

03:53:25    kbmemfree   kbavail kbmemused  %memused kbbuffers  kbcached  kbcommit   %commit  kbactive   kbinact   kbdirty
03:53:26      1049868   1624380   5958460     74.67     56716    647528  10916760    108.34    686592   5633964      3552

03:53:25          DEV       tps     rkB/s     wkB/s     dkB/s   areq-sz    aqu-sz     await     %util
03:53:26          sda      0.00      0.00      0.00      0.00      0.00      0.00      0.00      0.00
03:53:26          sdb      0.00      0.00      0.00      0.00      0.00      0.00      0.00      0.00
03:53:26          sdc      1.00      4.00      0.00      0.00      4.00      0.00      2.00      1.00

03:53:25        IFACE   rxpck/s   txpck/s    rxkB/s    txkB/s   rxcmp/s   txcmp/s  rxmcst/s   %ifutil
03:53:26           lo    463.00    463.00   1840.17   1840.17      0.00      0.00      0.00      0.00
03:53:26         eth0      0.00      0.00      0.00      0.00      0.00      0.00      0.00      0.00

03:53:26        CPU     %user     %nice   %system   %iowait    %steal     %idle
03:53:27        all     62.06      0.00      9.25      0.00      0.00     28.69

03:53:26          tps      rtps      wtps      dtps   bread/s   bwrtn/s   bdscd/s
03:53:27        94.00      1.00     93.00      0.00     16.00   6576.00      0.00

03:53:26    kbmemfree   kbavail kbmemused  %memused kbbuffers  kbcached  kbcommit   %commit  kbactive   kbinact   kbdirty
03:53:27      1402212   1975172   5607852     70.28     56716    646632   9933444     98.58    687076   5290032       396

03:53:26          DEV       tps     rkB/s     wkB/s     dkB/s   areq-sz    aqu-sz     await     %util
03:53:27          sda      0.00      0.00      0.00      0.00      0.00      0.00      0.00      0.00
03:53:27          sdb      0.00      0.00      0.00      0.00      0.00      0.00      0.00      0.00
03:53:27          sdc     94.00      8.00   3288.00      0.00     35.06      0.27      2.85      3.00

03:53:26        IFACE   rxpck/s   txpck/s    rxkB/s    txkB/s   rxcmp/s   txcmp/s  rxmcst/s   %ifutil
03:53:27           lo    270.00    270.00   1375.11   1375.11      0.00      0.00      0.00      0.00
03:53:27         eth0      0.00      0.00      0.00      0.00      0.00      0.00      0.00      0.00

03:53:27        CPU     %user     %nice   %system   %iowait    %steal     %idle
03:53:28        all     38.76      0.00      6.78      0.00      0.00     54.46

03:53:27          tps      rtps      wtps      dtps   bread/s   bwrtn/s   bdscd/s
03:53:28         1.00      1.00      0.00      0.00      8.00      0.00      0.00

03:53:27    kbmemfree   kbavail kbmemused  %memused kbbuffers  kbcached  kbcommit   %commit  kbactive   kbinact   kbdirty
03:53:28      2489204   3061432   4521992     56.67     56716    645668   8645704     85.80    687044   4208748       696

03:53:27          DEV       tps     rkB/s     wkB/s     dkB/s   areq-sz    aqu-sz     await     %util
03:53:28          sda      0.00      0.00      0.00      0.00      0.00      0.00      0.00      0.00
03:53:28          sdb      1.00      4.00      0.00      0.00      4.00      0.00      1.00      1.00
03:53:28          sdc      0.00      0.00      0.00      0.00      0.00      0.00      0.00      0.00

03:53:27        IFACE   rxpck/s   txpck/s    rxkB/s    txkB/s   rxcmp/s   txcmp/s  rxmcst/s   %ifutil
03:53:28           lo     90.00     90.00    417.34    417.34      0.00      0.00      0.00      0.00
03:53:28         eth0      0.00      0.00      0.00      0.00      0.00      0.00      0.00      0.00

03:53:28        CPU     %user     %nice   %system   %iowait    %steal     %idle
03:53:29        all     49.84      0.00      5.71      0.06      0.00     44.39

03:53:28          tps      rtps      wtps      dtps   bread/s   bwrtn/s   bdscd/s
03:53:29        47.00      0.00      2.00     45.00      0.00   1080.00   6744.00

03:53:28    kbmemfree   kbavail kbmemused  %memused kbbuffers  kbcached  kbcommit   %commit  kbactive   kbinact   kbdirty
03:53:29      2232676   2805796   4777580     59.87     56728    646604   9119196     90.50    687064   4468904      2152

03:53:28          DEV       tps     rkB/s     wkB/s     dkB/s   areq-sz    aqu-sz     await     %util
03:53:29          sda      0.00      0.00      0.00      0.00      0.00      0.00      0.00      0.00
03:53:29          sdb      0.00      0.00      0.00      0.00      0.00      0.00      0.00      0.00
03:53:29          sdc     47.00      0.00    540.00   3372.00     83.23      0.03      0.49      3.00

03:53:28        IFACE   rxpck/s   txpck/s    rxkB/s    txkB/s   rxcmp/s   txcmp/s  rxmcst/s   %ifutil
03:53:29           lo     74.00     74.00    412.70    412.70      0.00      0.00      0.00      0.00
03:53:29         eth0      1.00      1.00      0.04      0.04      0.00      0.00      0.00      0.00

03:53:29        CPU     %user     %nice   %system   %iowait    %steal     %idle
03:53:30        all     51.47      0.00      8.37      0.00      0.00     40.17

03:53:29          tps      rtps      wtps      dtps   bread/s   bwrtn/s   bdscd/s
03:53:30         0.00      0.00      0.00      0.00      0.00      0.00      0.00

03:53:29    kbmemfree   kbavail kbmemused  %memused kbbuffers  kbcached  kbcommit   %commit  kbactive   kbinact   kbdirty
03:53:30      1641600   2215136   5368256     67.28     56728    646924   9943172     98.68    687092   5045600      2468

03:53:29          DEV       tps     rkB/s     wkB/s     dkB/s   areq-sz    aqu-sz     await     %util
03:53:30          sda      0.00      0.00      0.00      0.00      0.00      0.00      0.00      0.00
03:53:30          sdb      0.00      0.00      0.00      0.00      0.00      0.00      0.00      0.00
03:53:30          sdc      0.00      0.00      0.00      0.00      0.00      0.00      0.00      0.00

03:53:29        IFACE   rxpck/s   txpck/s    rxkB/s    txkB/s   rxcmp/s   txcmp/s  rxmcst/s   %ifutil
03:53:30           lo    230.69    230.69    660.22    660.22      0.00      0.00      0.00      0.00
03:53:30         eth0      0.00      0.00      0.00      0.00      0.00      0.00      0.00      0.00

03:53:30        CPU     %user     %nice   %system   %iowait    %steal     %idle
03:53:31        all     45.84      0.00      6.33      0.06      0.00     47.76

03:53:30          tps      rtps      wtps      dtps   bread/s   bwrtn/s   bdscd/s
03:53:31         3.00      0.00      3.00      0.00      0.00    192.00      0.00

03:53:30    kbmemfree   kbavail kbmemused  %memused kbbuffers  kbcached  kbcommit   %commit  kbactive   kbinact   kbdirty
03:53:31      2287852   2860140   4723420     59.20     56728    646404   8650236     85.85    687352   4404588      1952

03:53:30          DEV       tps     rkB/s     wkB/s     dkB/s   areq-sz    aqu-sz     await     %util
03:53:31          sda      0.00      0.00      0.00      0.00      0.00      0.00      0.00      0.00
03:53:31          sdb      0.00      0.00      0.00      0.00      0.00      0.00      0.00      0.00
03:53:31          sdc      3.00      0.00     96.00      0.00     32.00      0.00      0.67      3.00

03:53:30        IFACE   rxpck/s   txpck/s    rxkB/s    txkB/s   rxcmp/s   txcmp/s  rxmcst/s   %ifutil
03:53:31           lo    228.00    228.00    591.01    591.01      0.00      0.00      0.00      0.00
03:53:31         eth0      0.00      0.00      0.00      0.00      0.00      0.00      0.00      0.00

03:53:31        CPU     %user     %nice   %system   %iowait    %steal     %idle
03:53:32        all      7.78      0.00      1.49      0.06      0.00     90.67

03:53:31          tps      rtps      wtps      dtps   bread/s   bwrtn/s   bdscd/s
03:53:32        26.00     15.00     11.00      0.00    360.00    104.00      0.00

03:53:31    kbmemfree   kbavail kbmemused  %memused kbbuffers  kbcached  kbcommit   %commit  kbactive   kbinact   kbdirty
03:53:32      2515496   3087124   4496632     56.35     56876    646112   8275724     82.13    687540   4185148      1656

03:53:31          DEV       tps     rkB/s     wkB/s     dkB/s   areq-sz    aqu-sz     await     %util
03:53:32          sda      0.00      0.00      0.00      0.00      0.00      0.00      0.00      0.00
03:53:32          sdb      6.00     24.00      0.00      0.00      4.00      0.00      0.33      2.00
03:53:32          sdc     20.00    156.00     52.00      0.00     10.40      0.02      0.75      7.00

03:53:31        IFACE   rxpck/s   txpck/s    rxkB/s    txkB/s   rxcmp/s   txcmp/s  rxmcst/s   %ifutil
03:53:32           lo    143.00    143.00    419.65    419.65      0.00      0.00      0.00      0.00
03:53:32         eth0      0.00      0.00      0.00      0.00      0.00      0.00      0.00      0.00

03:53:32        CPU     %user     %nice   %system   %iowait    %steal     %idle
03:53:33        all      3.01      0.00      0.94      0.25      0.00     95.80

03:53:32          tps      rtps      wtps      dtps   bread/s   bwrtn/s   bdscd/s
03:53:33       114.00     97.00     17.00      0.00   3832.00    136.00      0.00

03:53:32    kbmemfree   kbavail kbmemused  %memused kbbuffers  kbcached  kbcommit   %commit  kbactive   kbinact   kbdirty
03:53:33      2752108   3325088   4258940     53.37     56924    647480   7816752     77.57    689632   3953560      1296

03:53:32          DEV       tps     rkB/s     wkB/s     dkB/s   areq-sz    aqu-sz     await     %util
03:53:33          sda      0.00      0.00      0.00      0.00      0.00      0.00      0.00      0.00
03:53:33          sdb      7.00    136.00      0.00      0.00     19.43      0.01      0.71      2.00
03:53:33          sdc    107.00   1780.00     68.00      0.00     17.27      0.07      0.59     22.00

03:53:32        IFACE   rxpck/s   txpck/s    rxkB/s    txkB/s   rxcmp/s   txcmp/s  rxmcst/s   %ifutil
03:53:33           lo     82.00     82.00    422.74    422.74      0.00      0.00      0.00      0.00
03:53:33         eth0      0.00      0.00      0.00      0.00      0.00      0.00      0.00      0.00

03:53:33        CPU     %user     %nice   %system   %iowait    %steal     %idle
03:53:34        all      0.31      0.00      0.31      0.13      0.00     99.25

03:53:33          tps      rtps      wtps      dtps   bread/s   bwrtn/s   bdscd/s
03:53:34        34.00      0.00     10.00     24.00      0.00    872.00    496.00

03:53:33    kbmemfree   kbavail kbmemused  %memused kbbuffers  kbcached  kbcommit   %commit  kbactive   kbinact   kbdirty
03:53:34      2751660   3324628   4259368     53.38     56936    647496   7816752     77.57    689612   3953600      1448

03:53:33          DEV       tps     rkB/s     wkB/s     dkB/s   areq-sz    aqu-sz     await     %util
03:53:34          sda      0.00      0.00      0.00      0.00      0.00      0.00      0.00      0.00
03:53:34          sdb      0.00      0.00      0.00      0.00      0.00      0.00      0.00      0.00
03:53:34          sdc     34.00      0.00    436.00    248.00     20.12      0.02      0.47      5.00

03:53:33        IFACE   rxpck/s   txpck/s    rxkB/s    txkB/s   rxcmp/s   txcmp/s  rxmcst/s   %ifutil
03:53:34           lo     56.00     56.00    406.64    406.64      0.00      0.00      0.00      0.00
03:53:34         eth0      0.00      0.00      0.00      0.00      0.00      0.00      0.00      0.00

03:53:34        CPU     %user     %nice   %system   %iowait    %steal     %idle
03:53:35        all      0.69      0.00      0.31      0.12      0.00     98.88

03:53:34          tps      rtps      wtps      dtps   bread/s   bwrtn/s   bdscd/s
03:53:35        21.00      1.00     20.00      0.00      8.00     80.00      0.00

03:53:34    kbmemfree   kbavail kbmemused  %memused kbbuffers  kbcached  kbcommit   %commit  kbactive   kbinact   kbdirty
03:53:35      2750960   3324260   4259748     53.38     56936    647816   7817276     77.58    689628   3954400      1772

03:53:34          DEV       tps     rkB/s     wkB/s     dkB/s   areq-sz    aqu-sz     await     %util
03:53:35          sda      0.00      0.00      0.00      0.00      0.00      0.00      0.00      0.00
03:53:35          sdb      0.00      0.00      0.00      0.00      0.00      0.00      0.00      0.00
03:53:35          sdc     21.00      4.00     40.00      0.00      2.10      0.03      0.81      7.00

03:53:34        IFACE   rxpck/s   txpck/s    rxkB/s    txkB/s   rxcmp/s   txcmp/s  rxmcst/s   %ifutil
03:53:35           lo    169.00    169.00   1133.95   1133.95      0.00      0.00      0.00      0.00
03:53:35         eth0      0.00      0.00      0.00      0.00      0.00      0.00      0.00      0.00

03:53:35        CPU     %user     %nice   %system   %iowait    %steal     %idle
03:53:36        all      0.13      0.00      0.31      0.00      0.00     99.56

03:53:35          tps      rtps      wtps      dtps   bread/s   bwrtn/s   bdscd/s
03:53:36         0.00      0.00      0.00      0.00      0.00      0.00      0.00

03:53:35    kbmemfree   kbavail kbmemused  %memused kbbuffers  kbcached  kbcommit   %commit  kbactive   kbinact   kbdirty
03:53:36      2750512   3323876   4260120     53.39     56936    647892   7817340     77.58    689628   3954404      1848

03:53:35          DEV       tps     rkB/s     wkB/s     dkB/s   areq-sz    aqu-sz     await     %util
03:53:36          sda      0.00      0.00      0.00      0.00      0.00      0.00      0.00      0.00
03:53:36          sdb      0.00      0.00      0.00      0.00      0.00      0.00      0.00      0.00
03:53:36          sdc      0.00      0.00      0.00      0.00      0.00      0.00      0.00      0.00

03:53:35        IFACE   rxpck/s   txpck/s    rxkB/s    txkB/s   rxcmp/s   txcmp/s  rxmcst/s   %ifutil
03:53:36           lo     34.00     34.00    403.48    403.48      0.00      0.00      0.00      0.00
03:53:36         eth0      1.00      0.00      0.20      0.00      0.00      0.00      1.00      0.00

03:53:36        CPU     %user     %nice   %system   %iowait    %steal     %idle
03:53:37        all      0.19      0.00      0.00      0.06      0.00     99.75

03:53:36          tps      rtps      wtps      dtps   bread/s   bwrtn/s   bdscd/s
03:53:37       105.00      0.00    105.00      0.00      0.00   3232.00      0.00

03:53:36    kbmemfree   kbavail kbmemused  %memused kbbuffers  kbcached  kbcommit   %commit  kbactive   kbinact   kbdirty
03:53:37      2749840   3323236   4260860     53.40     56936    647896   7817148     77.58    689628   3953612        88

03:53:36          DEV       tps     rkB/s     wkB/s     dkB/s   areq-sz    aqu-sz     await     %util
03:53:37          sda      0.00      0.00      0.00      0.00      0.00      0.00      0.00      0.00
03:53:37          sdb      0.00      0.00      0.00      0.00      0.00      0.00      0.00      0.00
03:53:37          sdc    105.00      0.00   1616.00      0.00     15.39      0.16      1.49      4.00

03:53:36        IFACE   rxpck/s   txpck/s    rxkB/s    txkB/s   rxcmp/s   txcmp/s  rxmcst/s   %ifutil
03:53:37           lo     41.00     41.00    404.73    404.73      0.00      0.00      0.00      0.00
03:53:37         eth0      0.00      0.00      0.00      0.00      0.00      0.00      0.00      0.00

03:53:37        CPU     %user     %nice   %system   %iowait    %steal     %idle
03:53:38        all      2.01      0.00      0.31      0.13      0.00     97.55

03:53:37          tps      rtps      wtps      dtps   bread/s   bwrtn/s   bdscd/s
03:53:38        15.00      1.00     14.00      0.00      8.00     64.00      0.00

03:53:37    kbmemfree   kbavail kbmemused  %memused kbbuffers  kbcached  kbcommit   %commit  kbactive   kbinact   kbdirty
03:53:38      2742968   3316620   4267524     53.48     56936    648160   7794612     77.35    689628   3957996       432

03:53:37          DEV       tps     rkB/s     wkB/s     dkB/s   areq-sz    aqu-sz     await     %util
03:53:38          sda      0.00      0.00      0.00      0.00      0.00      0.00      0.00      0.00
03:53:38          sdb      0.00      0.00      0.00      0.00      0.00      0.00      0.00      0.00
03:53:38          sdc     15.00      4.00     32.00      0.00      2.40      0.03      0.93      5.00

03:53:37        IFACE   rxpck/s   txpck/s    rxkB/s    txkB/s   rxcmp/s   txcmp/s  rxmcst/s   %ifutil
03:53:38           lo    106.00    106.00    693.29    693.29      0.00      0.00      0.00      0.00
03:53:38         eth0      0.00      0.00      0.00      0.00      0.00      0.00      0.00      0.00

03:53:38        CPU     %user     %nice   %system   %iowait    %steal     %idle
03:53:39        all      0.25      0.00      0.00      0.06      0.00     99.69

03:53:38          tps      rtps      wtps      dtps   bread/s   bwrtn/s   bdscd/s
03:53:39        14.00      0.00     14.00      0.00      0.00    664.00      0.00

03:53:38    kbmemfree   kbavail kbmemused  %memused kbbuffers  kbcached  kbcommit   %commit  kbactive   kbinact   kbdirty
03:53:39      2742844   3315660   4268476     53.49     56944    647332   7795636     77.36    689612   3957192       720

03:53:38          DEV       tps     rkB/s     wkB/s     dkB/s   areq-sz    aqu-sz     await     %util
03:53:39          sda      0.00      0.00      0.00      0.00      0.00      0.00      0.00      0.00
03:53:39          sdb      0.00      0.00      0.00      0.00      0.00      0.00      0.00      0.00
03:53:39          sdc     14.00      0.00    332.00      0.00     23.71      0.03      1.14      5.00

03:53:38        IFACE   rxpck/s   txpck/s    rxkB/s    txkB/s   rxcmp/s   txcmp/s  rxmcst/s   %ifutil
03:53:39           lo     59.00     59.00    407.43    407.43      0.00      0.00      0.00      0.00
03:53:39         eth0      0.00      0.00      0.00      0.00      0.00      0.00      0.00      0.00

03:53:39        CPU     %user     %nice   %system   %iowait    %steal     %idle
03:53:40        all      0.38      0.00      0.19      0.06      0.00     99.37

03:53:39          tps      rtps      wtps      dtps   bread/s   bwrtn/s   bdscd/s
03:53:40        12.00      0.00     12.00      0.00      0.00     48.00      0.00

03:53:39    kbmemfree   kbavail kbmemused  %memused kbbuffers  kbcached  kbcommit   %commit  kbactive   kbinact   kbdirty
03:53:40      2742144   3314932   4269204     53.50     56944    647304   7795636     77.36    689612   3957232       728

03:53:39          DEV       tps     rkB/s     wkB/s     dkB/s   areq-sz    aqu-sz     await     %util
03:53:40          sda      0.00      0.00      0.00      0.00      0.00      0.00      0.00      0.00
03:53:40          sdb      0.00      0.00      0.00      0.00      0.00      0.00      0.00      0.00
03:53:40          sdc     12.00      0.00     24.00      0.00      2.00      0.02      1.08      4.00

03:53:39        IFACE   rxpck/s   txpck/s    rxkB/s    txkB/s   rxcmp/s   txcmp/s  rxmcst/s   %ifutil
03:53:40           lo     53.00     53.00    405.20    405.20      0.00      0.00      0.00      0.00
03:53:40         eth0      0.00      0.00      0.00      0.00      0.00      0.00      0.00      0.00

03:53:40        CPU     %user     %nice   %system   %iowait    %steal     %idle
03:53:41        all      0.44      0.00      0.00      0.06      0.00     99.50

03:53:40          tps      rtps      wtps      dtps   bread/s   bwrtn/s   bdscd/s
03:53:41         2.00      0.00      2.00      0.00      0.00      8.00      0.00

03:53:40    kbmemfree   kbavail kbmemused  %memused kbbuffers  kbcached  kbcommit   %commit  kbactive   kbinact   kbdirty
03:53:41      2742936   3316008   4268124     53.49     56944    647600   7795636     77.36    689612   3957464      1032

03:53:40          DEV       tps     rkB/s     wkB/s     dkB/s   areq-sz    aqu-sz     await     %util
03:53:41          sda      0.00      0.00      0.00      0.00      0.00      0.00      0.00      0.00
03:53:41          sdb      0.00      0.00      0.00      0.00      0.00      0.00      0.00      0.00
03:53:41          sdc      2.00      0.00      4.00      0.00      2.00      0.01      2.00      1.00

03:53:40        IFACE   rxpck/s   txpck/s    rxkB/s    txkB/s   rxcmp/s   txcmp/s  rxmcst/s   %ifutil
03:53:41           lo     54.00     54.00    664.20    664.20      0.00      0.00      0.00      0.00
03:53:41         eth0      0.00      0.00      0.00      0.00      0.00      0.00      0.00      0.00

03:53:41        CPU     %user     %nice   %system   %iowait    %steal     %idle
03:53:42        all      0.43      0.00      0.37      0.00      0.00     99.20

03:53:41          tps      rtps      wtps      dtps   bread/s   bwrtn/s   bdscd/s
03:53:42        55.45      0.00     55.45      0.00      0.00   1940.59      0.00

03:53:41    kbmemfree   kbavail kbmemused  %memused kbbuffers  kbcached  kbcommit   %commit  kbactive   kbinact   kbdirty
03:53:42      2742588   3315680   4268468     53.49     56944    647604   7795624     77.36    689612   3957440       144

03:53:41          DEV       tps     rkB/s     wkB/s     dkB/s   areq-sz    aqu-sz     await     %util
03:53:42          sda      0.00      0.00      0.00      0.00      0.00      0.00      0.00      0.00
03:53:42          sdb      0.00      0.00      0.00      0.00      0.00      0.00      0.00      0.00
03:53:42          sdc     55.45      0.00    970.30      0.00     17.50      0.10      1.73      1.98

03:53:41        IFACE   rxpck/s   txpck/s    rxkB/s    txkB/s   rxcmp/s   txcmp/s  rxmcst/s   %ifutil
03:53:42           lo     56.44     56.44    408.70    408.70      0.00      0.00      0.00      0.00
03:53:42         eth0      0.00      0.00      0.00      0.00      0.00      0.00      0.00      0.00

03:53:42        CPU     %user     %nice   %system   %iowait    %steal     %idle
03:53:43        all      1.06      0.00      0.37      0.00      0.00     98.57

03:53:42          tps      rtps      wtps      dtps   bread/s   bwrtn/s   bdscd/s
03:53:43         0.00      0.00      0.00      0.00      0.00      0.00      0.00

03:53:42    kbmemfree   kbavail kbmemused  %memused kbbuffers  kbcached  kbcommit   %commit  kbactive   kbinact   kbdirty
03:53:43      3236868   3809796   3774392     47.30     56944    647520   7091136     70.37    689592   3464500       168

03:53:42          DEV       tps     rkB/s     wkB/s     dkB/s   areq-sz    aqu-sz     await     %util
03:53:43          sda      0.00      0.00      0.00      0.00      0.00      0.00      0.00      0.00
03:53:43          sdb      0.00      0.00      0.00      0.00      0.00      0.00      0.00      0.00
03:53:43          sdc      0.00      0.00      0.00      0.00      0.00      0.00      0.00      0.00

03:53:42        IFACE   rxpck/s   txpck/s    rxkB/s    txkB/s   rxcmp/s   txcmp/s  rxmcst/s   %ifutil
03:53:43           lo     58.00     58.00    406.18    406.18      0.00      0.00      0.00      0.00
03:53:43         eth0      0.00      0.00      0.00      0.00      0.00      0.00      0.00      0.00

03:53:43        CPU     %user     %nice   %system   %iowait    %steal     %idle
03:53:44        all      1.94      0.00      0.88      0.06      0.00     97.12

03:53:43          tps      rtps      wtps      dtps   bread/s   bwrtn/s   bdscd/s
03:53:44        38.61      0.99      1.98     35.64     15.84    966.34   3516.83

03:53:43    kbmemfree   kbavail kbmemused  %memused kbbuffers  kbcached  kbcommit   %commit  kbactive   kbinact   kbdirty
03:53:44      3199356   3772484   3811700     47.77     56956    647592   7345476     72.90    689456   3496840      1340

03:53:43          DEV       tps     rkB/s     wkB/s     dkB/s   areq-sz    aqu-sz     await     %util
03:53:44          sda      0.00      0.00      0.00      0.00      0.00      0.00      0.00      0.00
03:53:44          sdb      0.99      7.92      0.00      0.00      8.00      0.00      3.00      0.99
03:53:44          sdc     37.62      0.00    483.17   1758.42     59.58      0.01      0.21      1.98

03:53:43        IFACE   rxpck/s   txpck/s    rxkB/s    txkB/s   rxcmp/s   txcmp/s  rxmcst/s   %ifutil
03:53:44           lo    163.37    163.37    949.12    949.12      0.00      0.00      0.00      0.00
03:53:44         eth0      0.00      0.00      0.00      0.00      0.00      0.00      0.00      0.00

03:53:44        CPU     %user     %nice   %system   %iowait    %steal     %idle
03:53:45        all     14.97      0.00      3.11      0.00      0.00     81.93

03:53:44          tps      rtps      wtps      dtps   bread/s   bwrtn/s   bdscd/s
03:53:45         0.00      0.00      0.00      0.00      0.00      0.00      0.00

03:53:44    kbmemfree   kbavail kbmemused  %memused kbbuffers  kbcached  kbcommit   %commit  kbactive   kbinact   kbdirty
03:53:45      3083608   3656748   3927448     49.22     56956    647624   7466312     74.10    689608   3616024      1372

03:53:44          DEV       tps     rkB/s     wkB/s     dkB/s   areq-sz    aqu-sz     await     %util
03:53:45          sda      0.00      0.00      0.00      0.00      0.00      0.00      0.00      0.00
03:53:45          sdb      0.00      0.00      0.00      0.00      0.00      0.00      0.00      0.00
03:53:45          sdc      0.00      0.00      0.00      0.00      0.00      0.00      0.00      0.00

03:53:44        IFACE   rxpck/s   txpck/s    rxkB/s    txkB/s   rxcmp/s   txcmp/s  rxmcst/s   %ifutil
03:53:45           lo     28.00     28.00    402.85    402.85      0.00      0.00      0.00      0.00
03:53:45         eth0      0.00      0.00      0.00      0.00      0.00      0.00      0.00      0.00

03:53:45        CPU     %user     %nice   %system   %iowait    %steal     %idle
03:53:46        all     15.62      0.00      1.19      0.00      0.00     83.19

03:53:45          tps      rtps      wtps      dtps   bread/s   bwrtn/s   bdscd/s
03:53:46         0.00      0.00      0.00      0.00      0.00      0.00      0.00

03:53:45    kbmemfree   kbavail kbmemused  %memused kbbuffers  kbcached  kbcommit   %commit  kbactive   kbinact   kbdirty
03:53:46      2930876   3504032   4080172     51.13     56956    647632   7715796     76.57    689608   3768152      1380

03:53:45          DEV       tps     rkB/s     wkB/s     dkB/s   areq-sz    aqu-sz     await     %util
03:53:46          sda      0.00      0.00      0.00      0.00      0.00      0.00      0.00      0.00
03:53:46          sdb      0.00      0.00      0.00      0.00      0.00      0.00      0.00      0.00
03:53:46          sdc      0.00      0.00      0.00      0.00      0.00      0.00      0.00      0.00

03:53:45        IFACE   rxpck/s   txpck/s    rxkB/s    txkB/s   rxcmp/s   txcmp/s  rxmcst/s   %ifutil
03:53:46           lo     80.00     80.00    408.66    408.66      0.00      0.00      0.00      0.00
03:53:46         eth0      0.00      0.00      0.00      0.00      0.00      0.00      0.00      0.00

03:53:46        CPU     %user     %nice   %system   %iowait    %steal     %idle
03:53:47        all     18.01      0.00      2.16      0.00      0.00     79.84

03:53:46          tps      rtps      wtps      dtps   bread/s   bwrtn/s   bdscd/s
03:53:47        83.00      0.00     83.00      0.00      0.00   2512.00      0.00

03:53:46    kbmemfree   kbavail kbmemused  %memused kbbuffers  kbcached  kbcommit   %commit  kbactive   kbinact   kbdirty
03:53:47      2787460   3360636   4223572     52.93     56956    647648   7744020     76.85    689616   3908956       116

03:53:46          DEV       tps     rkB/s     wkB/s     dkB/s   areq-sz    aqu-sz     await     %util
03:53:47          sda      0.00      0.00      0.00      0.00      0.00      0.00      0.00      0.00
03:53:47          sdb      0.00      0.00      0.00      0.00      0.00      0.00      0.00      0.00
03:53:47          sdc     83.00      0.00   1256.00      0.00     15.13      0.22      2.63      1.00

03:53:46        IFACE   rxpck/s   txpck/s    rxkB/s    txkB/s   rxcmp/s   txcmp/s  rxmcst/s   %ifutil
03:53:47           lo     18.00     18.00    398.40    398.40      0.00      0.00      0.00      0.00
03:53:47         eth0      0.00      0.00      0.00      0.00      0.00      0.00      0.00      0.00

03:53:47        CPU     %user     %nice   %system   %iowait    %steal     %idle
03:53:48        all     13.29      0.00      1.32      0.06      0.00     85.33

03:53:47          tps      rtps      wtps      dtps   bread/s   bwrtn/s   bdscd/s
03:53:48        10.00      0.00     10.00      0.00      0.00     40.00      0.00

03:53:47    kbmemfree   kbavail kbmemused  %memused kbbuffers  kbcached  kbcommit   %commit  kbactive   kbinact   kbdirty
03:53:48      2741808   3315300   4268908     53.50     56956    647964   7804316     77.45    689616   3959640       480

03:53:47          DEV       tps     rkB/s     wkB/s     dkB/s   areq-sz    aqu-sz     await     %util
03:53:48          sda      0.00      0.00      0.00      0.00      0.00      0.00      0.00      0.00
03:53:48          sdb      0.00      0.00      0.00      0.00      0.00      0.00      0.00      0.00
03:53:48          sdc     10.00      0.00     20.00      0.00      2.00      0.02      1.20      4.00

03:53:47        IFACE   rxpck/s   txpck/s    rxkB/s    txkB/s   rxcmp/s   txcmp/s  rxmcst/s   %ifutil
03:53:48           lo     89.00     89.00    314.22    314.22      0.00      0.00      0.00      0.00
03:53:48         eth0      0.00      0.00      0.00      0.00      0.00      0.00      0.00      0.00

03:53:48        CPU     %user     %nice   %system   %iowait    %steal     %idle
03:53:49        all      0.62      0.00      0.00      0.00      0.00     99.38

03:53:48          tps      rtps      wtps      dtps   bread/s   bwrtn/s   bdscd/s
03:53:49         1.98      0.00      1.98      0.00      0.00      7.92      0.00

03:53:48    kbmemfree   kbavail kbmemused  %memused kbbuffers  kbcached  kbcommit   %commit  kbactive   kbinact   kbdirty
03:53:49      2742908   3316408   4267796     53.49     56956    647976   7805136     77.46    689616   3960264       496

03:53:48          DEV       tps     rkB/s     wkB/s     dkB/s   areq-sz    aqu-sz     await     %util
03:53:49          sda      0.00      0.00      0.00      0.00      0.00      0.00      0.00      0.00
03:53:49          sdb      0.00      0.00      0.00      0.00      0.00      0.00      0.00      0.00
03:53:49          sdc      1.98      0.00      3.96      0.00      2.00      0.00      1.50      0.99

03:53:48        IFACE   rxpck/s   txpck/s    rxkB/s    txkB/s   rxcmp/s   txcmp/s  rxmcst/s   %ifutil
03:53:49           lo     37.62     37.62    400.25    400.25      0.00      0.00      0.00      0.00
03:53:49         eth0      0.00      0.00      0.00      0.00      0.00      0.00      0.00      0.00

03:53:49        CPU     %user     %nice   %system   %iowait    %steal     %idle
03:53:50        all      7.68      0.00      1.46      0.00      0.00     90.86

03:53:49          tps      rtps      wtps      dtps   bread/s   bwrtn/s   bdscd/s
03:53:50         2.00      0.00      2.00      0.00      0.00    472.00      0.00

03:53:49    kbmemfree   kbavail kbmemused  %memused kbbuffers  kbcached  kbcommit   %commit  kbactive   kbinact   kbdirty
03:53:50      2653164   3226704   4357504     54.61     56964    648004   8062968     80.02    689632   4045340       744

03:53:49          DEV       tps     rkB/s     wkB/s     dkB/s   areq-sz    aqu-sz     await     %util
03:53:50          sda      0.00      0.00      0.00      0.00      0.00      0.00      0.00      0.00
03:53:50          sdb      0.00      0.00      0.00      0.00      0.00      0.00      0.00      0.00
03:53:50          sdc      2.00      0.00    236.00      0.00    118.00      0.01      2.50      2.00

03:53:49        IFACE   rxpck/s   txpck/s    rxkB/s    txkB/s   rxcmp/s   txcmp/s  rxmcst/s   %ifutil
03:53:50           lo     49.00     49.00    407.61    407.61      0.00      0.00      0.00      0.00
03:53:50         eth0      0.00      0.00      0.00      0.00      0.00      0.00      0.00      0.00

03:53:50        CPU     %user     %nice   %system   %iowait    %steal     %idle
03:53:51        all     15.78      0.00      1.62      0.00      0.00     82.60

03:53:50          tps      rtps      wtps      dtps   bread/s   bwrtn/s   bdscd/s
03:53:51         0.00      0.00      0.00      0.00      0.00      0.00      0.00

03:53:50    kbmemfree   kbavail kbmemused  %memused kbbuffers  kbcached  kbcommit   %commit  kbactive   kbinact   kbdirty
03:53:51      2581880   3155836   4428380     55.50     56964    648452   8158324     80.96    689648   4126544      1196

03:53:50          DEV       tps     rkB/s     wkB/s     dkB/s   areq-sz    aqu-sz     await     %util
03:53:51          sda      0.00      0.00      0.00      0.00      0.00      0.00      0.00      0.00
03:53:51          sdb      0.00      0.00      0.00      0.00      0.00      0.00      0.00      0.00
03:53:51          sdc      0.00      0.00      0.00      0.00      0.00      0.00      0.00      0.00

03:53:50        IFACE   rxpck/s   txpck/s    rxkB/s    txkB/s   rxcmp/s   txcmp/s  rxmcst/s   %ifutil
03:53:51           lo     47.52     47.52    401.86    401.86      0.00      0.00      0.00      0.00
03:53:51         eth0      0.00      0.00      0.00      0.00      0.00      0.00      0.00      0.00

03:53:51        CPU     %user     %nice   %system   %iowait    %steal     %idle
03:53:52        all      2.19      0.00      1.06      0.13      0.00     96.62

03:53:51          tps      rtps      wtps      dtps   bread/s   bwrtn/s   bdscd/s
03:53:52        58.00      4.00     54.00      0.00     56.00   2232.00      0.00

03:53:51    kbmemfree   kbavail kbmemused  %memused kbbuffers  kbcached  kbcommit   %commit  kbactive   kbinact   kbdirty
03:53:52      2746860   3320456   4263760     53.43     56964    648124   7810260     77.51    689660   3964056       172

03:53:51          DEV       tps     rkB/s     wkB/s     dkB/s   areq-sz    aqu-sz     await     %util
03:53:52          sda      0.00      0.00      0.00      0.00      0.00      0.00      0.00      0.00
03:53:52          sdb      0.00      0.00      0.00      0.00      0.00      0.00      0.00      0.00
03:53:52          sdc     58.00     28.00   1116.00      0.00     19.72      0.09      1.48      5.00

03:53:51        IFACE   rxpck/s   txpck/s    rxkB/s    txkB/s   rxcmp/s   txcmp/s  rxmcst/s   %ifutil
03:53:52           lo    113.00    113.00    424.29    424.29      0.00      0.00      0.00      0.00
03:53:52         eth0      0.00      0.00      0.00      0.00      0.00      0.00      0.00      0.00

03:53:52        CPU     %user     %nice   %system   %iowait    %steal     %idle
03:53:53        all      0.06      0.00      0.19      0.00      0.00     99.75

03:53:52          tps      rtps      wtps      dtps   bread/s   bwrtn/s   bdscd/s
03:53:53         0.00      0.00      0.00      0.00      0.00      0.00      0.00

03:53:52    kbmemfree   kbavail kbmemused  %memused kbbuffers  kbcached  kbcommit   %commit  kbactive   kbinact   kbdirty
03:53:53      2746412   3320008   4264200     53.44     56964    648132   7810368     77.51    689660   3964048       204

03:53:52          DEV       tps     rkB/s     wkB/s     dkB/s   areq-sz    aqu-sz     await     %util
03:53:53          sda      0.00      0.00      0.00      0.00      0.00      0.00      0.00      0.00
03:53:53          sdb      0.00      0.00      0.00      0.00      0.00      0.00      0.00      0.00
03:53:53          sdc      0.00      0.00      0.00      0.00      0.00      0.00      0.00      0.00

03:53:52        IFACE   rxpck/s   txpck/s    rxkB/s    txkB/s   rxcmp/s   txcmp/s  rxmcst/s   %ifutil
03:53:53           lo     31.00     31.00    402.63    402.63      0.00      0.00      0.00      0.00
03:53:53         eth0      0.00      0.00      0.00      0.00      0.00      0.00      0.00      0.00

03:53:53        CPU     %user     %nice   %system   %iowait    %steal     %idle
03:53:54        all      0.06      0.00      0.06      0.00      0.00     99.88

03:53:53          tps      rtps      wtps      dtps   bread/s   bwrtn/s   bdscd/s
03:53:54         0.00      0.00      0.00      0.00      0.00      0.00      0.00

03:53:53    kbmemfree   kbavail kbmemused  %memused kbbuffers  kbcached  kbcommit   %commit  kbactive   kbinact   kbdirty
03:53:54      2745964   3319564   4264668     53.45     56964    648144   7810340     77.51    689660   3963892       224

03:53:53          DEV       tps     rkB/s     wkB/s     dkB/s   areq-sz    aqu-sz     await     %util
03:53:54          sda      0.00      0.00      0.00      0.00      0.00      0.00      0.00      0.00
03:53:54          sdb      0.00      0.00      0.00      0.00      0.00      0.00      0.00      0.00
03:53:54          sdc      0.00      0.00      0.00      0.00      0.00      0.00      0.00      0.00

03:53:53        IFACE   rxpck/s   txpck/s    rxkB/s    txkB/s   rxcmp/s   txcmp/s  rxmcst/s   %ifutil
03:53:54           lo     30.00     30.00    402.10    402.10      0.00      0.00      0.00      0.00
03:53:54         eth0      0.00      0.00      0.00      0.00      0.00      0.00      0.00      0.00

03:53:54        CPU     %user     %nice   %system   %iowait    %steal     %idle
03:53:55        all     10.18      0.00      1.75      0.06      0.00     88.01

03:53:54          tps      rtps      wtps      dtps   bread/s   bwrtn/s   bdscd/s
03:53:55        11.00      0.00      2.00      9.00      0.00    504.00   1304.00

03:53:54    kbmemfree   kbavail kbmemused  %memused kbbuffers  kbcached  kbcommit   %commit  kbactive   kbinact   kbdirty
03:53:55      2657656   3231416   4352832     54.55     56976    648276   8073936     80.13    689696   4052992       584

03:53:54          DEV       tps     rkB/s     wkB/s     dkB/s   areq-sz    aqu-sz     await     %util
03:53:55          sda      0.00      0.00      0.00      0.00      0.00      0.00      0.00      0.00
03:53:55          sdb      0.00      0.00      0.00      0.00      0.00      0.00      0.00      0.00
03:53:55          sdc     11.00      0.00    252.00    652.00     82.18      0.01      0.64      2.00

03:53:54        IFACE   rxpck/s   txpck/s    rxkB/s    txkB/s   rxcmp/s   txcmp/s  rxmcst/s   %ifutil
03:53:55           lo     45.00     45.00    406.68    406.68      0.00      0.00      0.00      0.00
03:53:55         eth0      0.00      0.00      0.00      0.00      0.00      0.00      0.00      0.00

03:53:55        CPU     %user     %nice   %system   %iowait    %steal     %idle
03:53:54        all     13.46      0.00      2.49      0.06      0.00     83.99

03:53:55          tps      rtps      wtps      dtps   bread/s   bwrtn/s   bdscd/s
03:53:54         8.00      0.00      8.00      0.00      0.00     32.00      0.00

03:53:55    kbmemfree   kbavail kbmemused  %memused kbbuffers  kbcached  kbcommit   %commit  kbactive   kbinact   kbdirty
03:53:54      2553496   3127568   4456688     55.85     56976    648620   8176160     81.14    689696   4148568      1016

03:53:55          DEV       tps     rkB/s     wkB/s     dkB/s   areq-sz    aqu-sz     await     %util
03:53:54          sda      0.00      0.00      0.00      0.00      0.00      0.00      0.00      0.00
03:53:54          sdb      0.00      0.00      0.00      0.00      0.00      0.00      0.00      0.00
03:53:54          sdc      8.00      0.00     16.00      0.00      2.00      0.01      0.88      4.00

03:53:55        IFACE   rxpck/s   txpck/s    rxkB/s    txkB/s   rxcmp/s   txcmp/s  rxmcst/s   %ifutil
03:53:54           lo     74.00     74.00    410.39    410.39      0.00      0.00      0.00      0.00
03:53:54         eth0      1.00      1.00      0.09      0.09      0.00      0.00      0.00      0.00

03:53:54        CPU     %user     %nice   %system   %iowait    %steal     %idle
03:53:55        all      2.32      0.00      0.44      0.13      0.00     97.11

03:53:54          tps      rtps      wtps      dtps   bread/s   bwrtn/s   bdscd/s
03:53:55        65.00      1.00     64.00      0.00     16.00   1776.00      0.00

03:53:54    kbmemfree   kbavail kbmemused  %memused kbbuffers  kbcached  kbcommit   %commit  kbactive   kbinact   kbdirty
03:53:55      2746620   3320300   4263960     53.44     56976    648264   7813632     77.54    689696   3964624       168

03:53:54          DEV       tps     rkB/s     wkB/s     dkB/s   areq-sz    aqu-sz     await     %util
03:53:55          sda      0.00      0.00      0.00      0.00      0.00      0.00      0.00      0.00
03:53:55          sdb      1.00      8.00      0.00      0.00      8.00      0.00      1.00      1.00
03:53:55          sdc     64.00      0.00    888.00      0.00     13.88      0.08      1.06      7.00

03:53:54        IFACE   rxpck/s   txpck/s    rxkB/s    txkB/s   rxcmp/s   txcmp/s  rxmcst/s   %ifutil
03:53:55           lo    110.00    110.00    427.01    427.01      0.00      0.00      0.00      0.00
03:53:55         eth0      0.00      0.00      0.00      0.00      0.00      0.00      0.00      0.00

03:53:55        CPU     %user     %nice   %system   %iowait    %steal     %idle
03:53:56        all      0.37      0.00      0.19      0.00      0.00     99.44

03:53:55          tps      rtps      wtps      dtps   bread/s   bwrtn/s   bdscd/s
03:53:56         8.00      0.00      8.00      0.00      0.00     32.00      0.00

03:53:55    kbmemfree   kbavail kbmemused  %memused kbbuffers  kbcached  kbcommit   %commit  kbactive   kbinact   kbdirty
03:53:56      2743876   3317572   4266720     53.47     56976    648280   7814632     77.55    689696   3964632       188

03:53:55          DEV       tps     rkB/s     wkB/s     dkB/s   areq-sz    aqu-sz     await     %util
03:53:56          sda      0.00      0.00      0.00      0.00      0.00      0.00      0.00      0.00
03:53:56          sdb      0.00      0.00      0.00      0.00      0.00      0.00      0.00      0.00
03:53:56          sdc      8.00      0.00     16.00      0.00      2.00      0.01      1.00      2.00

03:53:55        IFACE   rxpck/s   txpck/s    rxkB/s    txkB/s   rxcmp/s   txcmp/s  rxmcst/s   %ifutil
03:53:56           lo     57.00     57.00    406.75    406.75      0.00      0.00      0.00      0.00
03:53:56         eth0      0.00      0.00      0.00      0.00      0.00      0.00      0.00      0.00

03:53:56        CPU     %user     %nice   %system   %iowait    %steal     %idle
03:53:57        all      0.69      0.00      0.19      0.06      0.00     99.06

03:53:56          tps      rtps      wtps      dtps   bread/s   bwrtn/s   bdscd/s
03:53:57         7.92      0.00      7.92      0.00      0.00     31.68      0.00

03:53:56    kbmemfree   kbavail kbmemused  %memused kbbuffers  kbcached  kbcommit   %commit  kbactive   kbinact   kbdirty
03:53:57      2744496   3318236   4266052     53.46     56976    648328   7815156     77.56    689696   3964856       248

03:53:56          DEV       tps     rkB/s     wkB/s     dkB/s   areq-sz    aqu-sz     await     %util
03:53:57          sda      0.00      0.00      0.00      0.00      0.00      0.00      0.00      0.00
03:53:57          sdb      0.00      0.00      0.00      0.00      0.00      0.00      0.00      0.00
03:53:57          sdc      7.92      0.00     15.84      0.00      2.00      0.01      0.88      1.98

03:53:56        IFACE   rxpck/s   txpck/s    rxkB/s    txkB/s   rxcmp/s   txcmp/s  rxmcst/s   %ifutil
03:53:57           lo     90.10     90.10    450.89    450.89      0.00      0.00      0.00      0.00
03:53:57         eth0      0.00      0.00      0.00      0.00      0.00      0.00      0.00      0.00

03:53:57        CPU     %user     %nice   %system   %iowait    %steal     %idle
03:53:58        all      0.38      0.00      0.19      0.00      0.00     99.44

03:53:57          tps      rtps      wtps      dtps   bread/s   bwrtn/s   bdscd/s
03:53:58        22.00      1.00     12.00      9.00      8.00    608.00   1304.00

03:53:57    kbmemfree   kbavail kbmemused  %memused kbbuffers  kbcached  kbcommit   %commit  kbactive   kbinact   kbdirty
03:53:58      2744020   3318076   4266196     53.47     56988    648648   7815156     77.56    689696   3965172       832

03:53:57          DEV       tps     rkB/s     wkB/s     dkB/s   areq-sz    aqu-sz     await     %util
03:53:58          sda      0.00      0.00      0.00      0.00      0.00      0.00      0.00      0.00
03:53:58          sdb      0.00      0.00      0.00      0.00      0.00      0.00      0.00      0.00
03:53:58          sdc     22.00      4.00    304.00    652.00     43.64      0.03      0.64      4.00

03:53:57        IFACE   rxpck/s   txpck/s    rxkB/s    txkB/s   rxcmp/s   txcmp/s  rxmcst/s   %ifutil
03:53:58           lo    108.00    108.00   1013.14   1013.14      0.00      0.00      0.00      0.00
03:53:58         eth0      0.00      0.00      0.00      0.00      0.00      0.00      0.00      0.00

03:53:58        CPU     %user     %nice   %system   %iowait    %steal     %idle
03:53:59        all      0.50      0.00      0.25      0.06      0.00     99.19

03:53:58          tps      rtps      wtps      dtps   bread/s   bwrtn/s   bdscd/s
03:53:59        10.00      0.00     10.00      0.00      0.00     40.00      0.00

03:53:58    kbmemfree   kbavail kbmemused  %memused kbbuffers  kbcached  kbcommit   %commit  kbactive   kbinact   kbdirty
03:53:59      2745832   3319888   4264372     53.44     56988    648660   7815036     77.56    689696   3965012       852

03:53:58          DEV       tps     rkB/s     wkB/s     dkB/s   areq-sz    aqu-sz     await     %util
03:53:59          sda      0.00      0.00      0.00      0.00      0.00      0.00      0.00      0.00
03:53:59          sdb      0.00      0.00      0.00      0.00      0.00      0.00      0.00      0.00
03:53:59          sdc     10.00      0.00     20.00      0.00      2.00      0.01      0.90      3.00

03:53:58        IFACE   rxpck/s   txpck/s    rxkB/s    txkB/s   rxcmp/s   txcmp/s  rxmcst/s   %ifutil
03:53:59           lo     46.00     46.00    405.90    405.90      0.00      0.00      0.00      0.00
03:53:59         eth0      1.00      1.00      0.04      0.04      0.00      0.00      0.00      0.00

03:53:59        CPU     %user     %nice   %system   %iowait    %steal     %idle
03:54:00        all      0.19      0.00      0.19      0.06      0.00     99.56

03:53:59          tps      rtps      wtps      dtps   bread/s   bwrtn/s   bdscd/s
03:54:00        53.00      0.00     53.00      0.00      0.00   1512.00      0.00

03:53:59    kbmemfree   kbavail kbmemused  %memused kbbuffers  kbcached  kbcommit   %commit  kbactive   kbinact   kbdirty
03:54:00      2745832   3319940   4264388     53.44     56988    648676   7801632     77.42    689708   3961540       120

03:53:59          DEV       tps     rkB/s     wkB/s     dkB/s   areq-sz    aqu-sz     await     %util
03:54:00          sda      0.00      0.00      0.00      0.00      0.00      0.00      0.00      0.00
03:54:00          sdb      0.00      0.00      0.00      0.00      0.00      0.00      0.00      0.00
03:54:00          sdc     53.00      0.00    756.00      0.00     14.26      0.06      1.09      2.00

03:53:59        IFACE   rxpck/s   txpck/s    rxkB/s    txkB/s   rxcmp/s   txcmp/s  rxmcst/s   %ifutil
03:54:00           lo     28.00     28.00    402.23    402.23      0.00      0.00      0.00      0.00
03:54:00         eth0      0.00      0.00      0.00      0.00      0.00      0.00      0.00      0.00

03:54:00        CPU     %user     %nice   %system   %iowait    %steal     %idle
03:54:01        all      0.81      0.00      0.19      0.00      0.00     99.00

03:54:00          tps      rtps      wtps      dtps   bread/s   bwrtn/s   bdscd/s
03:54:01         2.00      0.00      2.00      0.00      0.00      8.00      0.00

03:54:00    kbmemfree   kbavail kbmemused  %memused kbbuffers  kbcached  kbcommit   %commit  kbactive   kbinact   kbdirty
03:54:01      2745052   3318292   4266032     53.46     56988    647812   7802284     77.43    689708   3964344       160

03:54:00          DEV       tps     rkB/s     wkB/s     dkB/s   areq-sz    aqu-sz     await     %util
03:54:01          sda      0.00      0.00      0.00      0.00      0.00      0.00      0.00      0.00
03:54:01          sdb      0.00      0.00      0.00      0.00      0.00      0.00      0.00      0.00
03:54:01          sdc      2.00      0.00      4.00      0.00      2.00      0.00      1.00      2.00

03:54:00        IFACE   rxpck/s   txpck/s    rxkB/s    txkB/s   rxcmp/s   txcmp/s  rxmcst/s   %ifutil
03:54:01           lo     39.00     39.00    408.67    408.67      0.00      0.00      0.00      0.00
03:54:01         eth0      0.00      0.00      0.00      0.00      0.00      0.00      0.00      0.00
