2025-02-21 13:12:30,473 INFO client.DefaultNoHARMFailoverProxyProvider: Connecting to ResourceManager at localhost/127.0.0.1:8032
2025-02-21 13:12:30,780 INFO mapreduce.JobResourceUploader: Disabling Erasure Coding for path: /tmp/hadoop-yarn/staging/satkp/.staging/job_1740161170175_0001
2025-02-21 13:12:31,384 INFO input.FileInputFormat: Total input files to process : 10
2025-02-21 13:12:33,054 INFO mapreduce.JobSubmitter: number of splits:10
2025-02-21 13:12:34,333 INFO mapreduce.JobSubmitter: Submitting tokens for job: job_1740161170175_0001
2025-02-21 13:12:34,333 INFO mapreduce.JobSubmitter: Executing with tokens: []
2025-02-21 13:12:34,453 INFO conf.Configuration: resource-types.xml not found
2025-02-21 13:12:34,454 INFO resource.ResourceUtils: Unable to find 'resource-types.xml'.
2025-02-21 13:12:34,846 INFO impl.YarnClientImpl: Submitted application application_1740161170175_0001
2025-02-21 13:12:34,871 INFO mapreduce.Job: The url to track the job: http://Sathvik.:8088/proxy/application_1740161170175_0001/
2025-02-21 13:12:34,871 INFO mapreduce.Job: Running job: job_1740161170175_0001
2025-02-21 13:12:39,943 INFO mapreduce.Job: Job job_1740161170175_0001 running in uber mode : false
2025-02-21 13:12:39,944 INFO mapreduce.Job:  map 0% reduce 0%
2025-02-21 13:12:46,009 INFO mapreduce.Job:  map 50% reduce 0%
2025-02-21 13:12:47,018 INFO mapreduce.Job:  map 60% reduce 0%
2025-02-21 13:12:50,034 INFO mapreduce.Job:  map 100% reduce 0%
2025-02-21 13:12:52,042 INFO mapreduce.Job:  map 100% reduce 100%
2025-02-21 13:12:56,064 INFO mapreduce.Job: Job job_1740161170175_0001 completed successfully
2025-02-21 13:12:56,132 INFO mapreduce.Job: Counters: 54
	File System Counters
		FILE: Number of bytes read=1253490
		FILE: Number of bytes written=5905451
		FILE: Number of read operations=0
		FILE: Number of large read operations=0
		FILE: Number of write operations=0
		HDFS: Number of bytes read=2728444
		HDFS: Number of bytes written=528799
		HDFS: Number of read operations=35
		HDFS: Number of large read operations=0
		HDFS: Number of write operations=2
		HDFS: Number of bytes read erasure-coded=0
	Job Counters 
		Launched map tasks=10
		Launched reduce tasks=1
		Data-local map tasks=10
		Total time spent by all maps in occupied slots (ms)=34428
		Total time spent by all reduces in occupied slots (ms)=3770
		Total time spent by all map tasks (ms)=34428
		Total time spent by all reduce tasks (ms)=3770
		Total vcore-milliseconds taken by all map tasks=34428
		Total vcore-milliseconds taken by all reduce tasks=3770
		Total megabyte-milliseconds taken by all map tasks=35254272
		Total megabyte-milliseconds taken by all reduce tasks=3860480
	Map-Reduce Framework
		Map input records=50219
		Map output records=469285
		Map output bytes=4537773
		Map output materialized bytes=1253544
		Input split bytes=1332
		Combine input records=469285
		Combine output records=87200
		Reduce input groups=47718
		Reduce shuffle bytes=1253544
		Reduce input records=87200
		Reduce output records=47718
		Spilled Records=174400
		Shuffled Maps =10
		Failed Shuffles=0
		Merged Map outputs=10
		GC time elapsed (ms)=3842
		CPU time spent (ms)=29180
		Physical memory (bytes) snapshot=4848902144
		Virtual memory (bytes) snapshot=28558479360
		Total committed heap usage (bytes)=4430233600
		Peak Map Physical memory (bytes)=514027520
		Peak Map Virtual memory (bytes)=2600075264
		Peak Reduce Physical memory (bytes)=306524160
		Peak Reduce Virtual memory (bytes)=2608533504
	Shuffle Errors
		BAD_ID=0
		CONNECTION=0
		IO_ERROR=0
		WRONG_LENGTH=0
		WRONG_MAP=0
		WRONG_REDUCE=0
	File Input Format Counters 
		Bytes Read=2727112
	File Output Format Counters 
		Bytes Written=528799
