Linux 5.15.167.4-microsoft-standard-WSL2 (Sathvik) 	02/21/25 	_x86_64_	(16 CPU)

04:14:59        CPU     %user     %nice   %system   %iowait    %steal     %idle
04:15:00        all     15.30      0.00      2.11      0.06      0.00     82.52

04:14:59          tps      rtps      wtps      dtps   bread/s   bwrtn/s   bdscd/s
04:15:00         6.00      0.00      2.00      4.00      0.00    592.00    256.00

04:14:59    kbmemfree   kbavail kbmemused  %memused kbbuffers  kbcached  kbcommit   %commit  kbactive   kbinact   kbdirty
04:15:00      3507024   4254344   3331368     41.75     59048    820036   6607212     65.57    527808   3365628      1312

04:14:59          DEV       tps     rkB/s     wkB/s     dkB/s   areq-sz    aqu-sz     await     %util
04:15:00          sda      0.00      0.00      0.00      0.00      0.00      0.00      0.00      0.00
04:15:00          sdb      0.00      0.00      0.00      0.00      0.00      0.00      0.00      0.00
04:15:00          sdc      6.00      0.00    296.00    128.00     70.67      0.01      1.17      2.00

04:14:59        IFACE   rxpck/s   txpck/s    rxkB/s    txkB/s   rxcmp/s   txcmp/s  rxmcst/s   %ifutil
04:15:00           lo     13.00     13.00    404.83    404.83      0.00      0.00      0.00      0.00
04:15:00         eth0      0.00      0.00      0.00      0.00      0.00      0.00      0.00      0.00

04:15:00        CPU     %user     %nice   %system   %iowait    %steal     %idle
04:15:01        all      7.67      0.00      1.31      0.12      0.00     90.90

04:15:00          tps      rtps      wtps      dtps   bread/s   bwrtn/s   bdscd/s
04:15:01        19.00      0.00     19.00      0.00      0.00    216.00      0.00

04:15:00    kbmemfree   kbavail kbmemused  %memused kbbuffers  kbcached  kbcommit   %commit  kbactive   kbinact   kbdirty
04:15:01      3441488   4189092   3396608     42.57     59056    820324   6714292     66.63    527808   3428280      1784

04:15:00          DEV       tps     rkB/s     wkB/s     dkB/s   areq-sz    aqu-sz     await     %util
04:15:01          sda      0.00      0.00      0.00      0.00      0.00      0.00      0.00      0.00
04:15:01          sdb      0.00      0.00      0.00      0.00      0.00      0.00      0.00      0.00
04:15:01          sdc     19.00      0.00    108.00      0.00      5.68      0.04      1.11      7.00

04:15:00        IFACE   rxpck/s   txpck/s    rxkB/s    txkB/s   rxcmp/s   txcmp/s  rxmcst/s   %ifutil
04:15:01           lo    104.00    104.00    698.16    698.16      0.00      0.00      0.00      0.00
04:15:01         eth0      0.00      0.00      0.00      0.00      0.00      0.00      0.00      0.00

04:15:01        CPU     %user     %nice   %system   %iowait    %steal     %idle
04:15:02        all      0.50      0.00      0.19      0.00      0.00     99.32

04:15:01          tps      rtps      wtps      dtps   bread/s   bwrtn/s   bdscd/s
04:15:02         7.92      0.00      7.92      0.00      0.00     31.68      0.00

04:15:01    kbmemfree   kbavail kbmemused  %memused kbbuffers  kbcached  kbcommit   %commit  kbactive   kbinact   kbdirty
04:15:02      3434692   4182320   3403384     42.65     59056    820344   6716712     66.66    527824   3437504      1804

04:15:01          DEV       tps     rkB/s     wkB/s     dkB/s   areq-sz    aqu-sz     await     %util
04:15:02          sda      0.00      0.00      0.00      0.00      0.00      0.00      0.00      0.00
04:15:02          sdb      0.00      0.00      0.00      0.00      0.00      0.00      0.00      0.00
04:15:02          sdc      7.92      0.00     15.84      0.00      2.00      0.01      1.00      1.98

04:15:01        IFACE   rxpck/s   txpck/s    rxkB/s    txkB/s   rxcmp/s   txcmp/s  rxmcst/s   %ifutil
04:15:02           lo     45.54     45.54    406.31    406.31      0.00      0.00      0.00      0.00
04:15:02         eth0      0.00      0.00      0.00      0.00      0.00      0.00      0.00      0.00

04:15:02        CPU     %user     %nice   %system   %iowait    %steal     %idle
04:15:03        all      1.31      0.00      0.25      0.06      0.00     98.38

04:15:02          tps      rtps      wtps      dtps   bread/s   bwrtn/s   bdscd/s
04:15:03        95.00      0.00     95.00      0.00      0.00   3400.00      0.00

04:15:02    kbmemfree   kbavail kbmemused  %memused kbbuffers  kbcached  kbcommit   %commit  kbactive   kbinact   kbdirty
04:15:03      3431328   4178980   3406732     42.69     59056    820360   6706260     66.55    527824   3439824       108

04:15:02          DEV       tps     rkB/s     wkB/s     dkB/s   areq-sz    aqu-sz     await     %util
04:15:03          sda      0.00      0.00      0.00      0.00      0.00      0.00      0.00      0.00
04:15:03          sdb      0.00      0.00      0.00      0.00      0.00      0.00      0.00      0.00
04:15:03          sdc     95.00      0.00   1700.00      0.00     17.89      0.23      2.34      2.00

04:15:02        IFACE   rxpck/s   txpck/s    rxkB/s    txkB/s   rxcmp/s   txcmp/s  rxmcst/s   %ifutil
04:15:03           lo     47.00     47.00    409.42    409.42      0.00      0.00      0.00      0.00
04:15:03         eth0      0.00      0.00      0.00      0.00      0.00      0.00      0.00      0.00

04:15:03        CPU     %user     %nice   %system   %iowait    %steal     %idle
04:15:04        all      2.67      0.00      0.43      0.06      0.00     96.83

04:15:03          tps      rtps      wtps      dtps   bread/s   bwrtn/s   bdscd/s
04:15:04         8.91      0.00      8.91      0.00      0.00     39.60      0.00

04:15:03    kbmemfree   kbavail kbmemused  %memused kbbuffers  kbcached  kbcommit   %commit  kbactive   kbinact   kbdirty
04:15:04      3397448   4145364   3440348     43.12     59056    820624   6707880     66.57    527824   3467228       380

04:15:03          DEV       tps     rkB/s     wkB/s     dkB/s   areq-sz    aqu-sz     await     %util
04:15:04          sda      0.00      0.00      0.00      0.00      0.00      0.00      0.00      0.00
04:15:04          sdb      0.00      0.00      0.00      0.00      0.00      0.00      0.00      0.00
04:15:04          sdc      8.91      0.00     19.80      0.00      2.22      0.02      1.33      4.95

04:15:03        IFACE   rxpck/s   txpck/s    rxkB/s    txkB/s   rxcmp/s   txcmp/s  rxmcst/s   %ifutil
04:15:04           lo     61.39     61.39    664.18    664.18      0.00      0.00      0.00      0.00
04:15:04         eth0      0.00      0.00      0.00      0.00      0.00      0.00      0.00      0.00

04:15:04        CPU     %user     %nice   %system   %iowait    %steal     %idle
04:15:05        all     11.43      0.00      2.42      0.06      0.00     86.09

04:15:04          tps      rtps      wtps      dtps   bread/s   bwrtn/s   bdscd/s
04:15:05         1.00      0.00      1.00      0.00      0.00      0.00      0.00

04:15:04    kbmemfree   kbavail kbmemused  %memused kbbuffers  kbcached  kbcommit   %commit  kbactive   kbinact   kbdirty
04:15:05      3288420   4037160   3548512     44.47     59056    821348   6999672     69.47    527848   3583200      1144

04:15:04          DEV       tps     rkB/s     wkB/s     dkB/s   areq-sz    aqu-sz     await     %util
04:15:05          sda      0.00      0.00      0.00      0.00      0.00      0.00      0.00      0.00
04:15:05          sdb      0.00      0.00      0.00      0.00      0.00      0.00      0.00      0.00
04:15:05          sdc      1.00      0.00      0.00      0.00      0.00      0.00      2.00      0.00

04:15:04        IFACE   rxpck/s   txpck/s    rxkB/s    txkB/s   rxcmp/s   txcmp/s  rxmcst/s   %ifutil
04:15:05           lo    198.00    198.00    974.16    974.16      0.00      0.00      0.00      0.00
04:15:05         eth0      0.00      0.00      0.00      0.00      0.00      0.00      0.00      0.00

04:15:05        CPU     %user     %nice   %system   %iowait    %steal     %idle
04:15:06        all     12.33      0.00      2.09      0.06      0.00     85.52

04:15:05          tps      rtps      wtps      dtps   bread/s   bwrtn/s   bdscd/s
04:15:06         2.00      0.00      2.00      0.00      0.00    664.00      0.00

04:15:05    kbmemfree   kbavail kbmemused  %memused kbbuffers  kbcached  kbcommit   %commit  kbactive   kbinact   kbdirty
04:15:06      3176944   3925712   3659952     45.87     59064    821376   7092928     70.39    527988   3700360      1424

04:15:05          DEV       tps     rkB/s     wkB/s     dkB/s   areq-sz    aqu-sz     await     %util
04:15:06          sda      0.00      0.00      0.00      0.00      0.00      0.00      0.00      0.00
04:15:06          sdb      0.00      0.00      0.00      0.00      0.00      0.00      0.00      0.00
04:15:06          sdc      2.00      0.00    332.00      0.00    166.00      0.01      2.50      2.00

04:15:05        IFACE   rxpck/s   txpck/s    rxkB/s    txkB/s   rxcmp/s   txcmp/s  rxmcst/s   %ifutil
04:15:06           lo     52.00     52.00    411.07    411.07      0.00      0.00      0.00      0.00
04:15:06         eth0      0.00      0.00      0.00      0.00      0.00      0.00      0.00      0.00

04:15:06        CPU     %user     %nice   %system   %iowait    %steal     %idle
04:15:07        all     14.28      0.00      2.11      0.00      0.00     83.61

04:15:06          tps      rtps      wtps      dtps   bread/s   bwrtn/s   bdscd/s
04:15:07         0.00      0.00      0.00      0.00      0.00      0.00      0.00

04:15:06    kbmemfree   kbavail kbmemused  %memused kbbuffers  kbcached  kbcommit   %commit  kbactive   kbinact   kbdirty
04:15:07      3065380   3814176   3771460     47.27     59064    821400   7253932     71.99    528004   3803856      1520

04:15:06          DEV       tps     rkB/s     wkB/s     dkB/s   areq-sz    aqu-sz     await     %util
04:15:07          sda      0.00      0.00      0.00      0.00      0.00      0.00      0.00      0.00
04:15:07          sdb      0.00      0.00      0.00      0.00      0.00      0.00      0.00      0.00
04:15:07          sdc      0.00      0.00      0.00      0.00      0.00      0.00      0.00      0.00

04:15:06        IFACE   rxpck/s   txpck/s    rxkB/s    txkB/s   rxcmp/s   txcmp/s  rxmcst/s   %ifutil
04:15:07           lo     55.00     55.00    410.61    410.61      0.00      0.00      0.00      0.00
04:15:07         eth0      0.00      0.00      0.00      0.00      0.00      0.00      0.00      0.00

04:15:07        CPU     %user     %nice   %system   %iowait    %steal     %idle
04:15:08        all     26.26      0.00      2.45      0.13      0.00     71.17

04:15:07          tps      rtps      wtps      dtps   bread/s   bwrtn/s   bdscd/s
04:15:08        76.24      0.00     76.24      0.00      0.00   2906.93      0.00

04:15:07    kbmemfree   kbavail kbmemused  %memused kbbuffers  kbcached  kbcommit   %commit  kbactive   kbinact   kbdirty
04:15:08      2910924   3660044   3925396     49.19     59064    821724   7420568     73.64    528004   3957592       472

04:15:07          DEV       tps     rkB/s     wkB/s     dkB/s   areq-sz    aqu-sz     await     %util
04:15:08          sda      0.00      0.00      0.00      0.00      0.00      0.00      0.00      0.00
04:15:08          sdb      0.00      0.00      0.00      0.00      0.00      0.00      0.00      0.00
04:15:08          sdc     76.24      0.00   1453.47      0.00     19.06      0.16      1.95      5.94

04:15:07        IFACE   rxpck/s   txpck/s    rxkB/s    txkB/s   rxcmp/s   txcmp/s  rxmcst/s   %ifutil
04:15:08           lo     83.17     83.17    707.70    707.70      0.00      0.00      0.00      0.00
04:15:08         eth0      0.00      0.00      0.00      0.00      0.00      0.00      0.00      0.00

04:15:08        CPU     %user     %nice   %system   %iowait    %steal     %idle
04:15:10        all      1.17      0.00      0.18      0.00      0.00     98.65

04:15:08          tps      rtps      wtps      dtps   bread/s   bwrtn/s   bdscd/s
04:15:10         1.96      0.00      1.96      0.00      0.00      7.84      0.00

04:15:08    kbmemfree   kbavail kbmemused  %memused kbbuffers  kbcached  kbcommit   %commit  kbactive   kbinact   kbdirty
04:15:10      2908264   3657392   3928048     49.23     59064    821732   7422252     73.66    528004   3959736       492

04:15:08          DEV       tps     rkB/s     wkB/s     dkB/s   areq-sz    aqu-sz     await     %util
04:15:10          sda      0.00      0.00      0.00      0.00      0.00      0.00      0.00      0.00
04:15:10          sdb      0.00      0.00      0.00      0.00      0.00      0.00      0.00      0.00
04:15:10          sdc      1.96      0.00      3.92      0.00      2.00      0.01      2.00      0.98

04:15:08        IFACE   rxpck/s   txpck/s    rxkB/s    txkB/s   rxcmp/s   txcmp/s  rxmcst/s   %ifutil
04:15:10           lo     37.25     37.25    400.59    400.59      0.00      0.00      0.00      0.00
04:15:10         eth0      0.00      0.00      0.00      0.00      0.00      0.00      0.00      0.00

04:15:10        CPU     %user     %nice   %system   %iowait    %steal     %idle
04:15:11        all      6.62      0.00      1.64      0.00      0.00     91.74

04:15:10          tps      rtps      wtps      dtps   bread/s   bwrtn/s   bdscd/s
04:15:11         0.00      0.00      0.00      0.00      0.00      0.00      0.00

04:15:10    kbmemfree   kbavail kbmemused  %memused kbbuffers  kbcached  kbcommit   %commit  kbactive   kbinact   kbdirty
04:15:11      2847424   3597672   3987412     49.97     59064    821916   8838688     87.72    528024   4015080       676

04:15:10          DEV       tps     rkB/s     wkB/s     dkB/s   areq-sz    aqu-sz     await     %util
04:15:11          sda      0.00      0.00      0.00      0.00      0.00      0.00      0.00      0.00
04:15:11          sdb      0.00      0.00      0.00      0.00      0.00      0.00      0.00      0.00
04:15:11          sdc      0.00      0.00      0.00      0.00      0.00      0.00      0.00      0.00

04:15:10        IFACE   rxpck/s   txpck/s    rxkB/s    txkB/s   rxcmp/s   txcmp/s  rxmcst/s   %ifutil
04:15:11           lo    129.00    129.00    433.43    433.43      0.00      0.00      0.00      0.00
04:15:11         eth0      0.00      0.00      0.00      0.00      0.00      0.00      0.00      0.00

04:15:11        CPU     %user     %nice   %system   %iowait    %steal     %idle
04:15:12        all     58.81      0.00      8.48      0.00      0.00     32.71

04:15:11          tps      rtps      wtps      dtps   bread/s   bwrtn/s   bdscd/s
04:15:12         2.00      0.00      2.00      0.00      0.00    816.00      0.00

04:15:11    kbmemfree   kbavail kbmemused  %memused kbbuffers  kbcached  kbcommit   %commit  kbactive   kbinact   kbdirty
04:15:12      2421208   3172224   4411588     55.29     59072    822484   9070816     90.02    528172   4439644      1604

04:15:11          DEV       tps     rkB/s     wkB/s     dkB/s   areq-sz    aqu-sz     await     %util
04:15:12          sda      0.00      0.00      0.00      0.00      0.00      0.00      0.00      0.00
04:15:12          sdb      0.00      0.00      0.00      0.00      0.00      0.00      0.00      0.00
04:15:12          sdc      2.00      0.00    408.00      0.00    204.00      0.01      2.50      2.00

04:15:11        IFACE   rxpck/s   txpck/s    rxkB/s    txkB/s   rxcmp/s   txcmp/s  rxmcst/s   %ifutil
04:15:12           lo     24.00     24.00    407.45    407.45      0.00      0.00      0.00      0.00
04:15:12         eth0      0.00      0.00      0.00      0.00      0.00      0.00      0.00      0.00

04:15:12        CPU     %user     %nice   %system   %iowait    %steal     %idle
04:15:11        all     66.86      0.00      8.11      0.00      0.00     25.03

04:15:12          tps      rtps      wtps      dtps   bread/s   bwrtn/s   bdscd/s
04:15:11         3.00      3.00      0.00      0.00     24.00      0.00      0.00

04:15:12    kbmemfree   kbavail kbmemused  %memused kbbuffers  kbcached  kbcommit   %commit  kbactive   kbinact   kbdirty
04:15:11      2154216   2905444   4678128     58.63     59072    822536   9234420     91.64    528184   4700720      1740

04:15:12          DEV       tps     rkB/s     wkB/s     dkB/s   areq-sz    aqu-sz     await     %util
04:15:11          sda      0.00      0.00      0.00      0.00      0.00      0.00      0.00      0.00
04:15:11          sdb      0.00      0.00      0.00      0.00      0.00      0.00      0.00      0.00
04:15:11          sdc      3.00     12.00      0.00      0.00      4.00      0.01      1.67      2.00

04:15:12        IFACE   rxpck/s   txpck/s    rxkB/s    txkB/s   rxcmp/s   txcmp/s  rxmcst/s   %ifutil
04:15:11           lo     98.00     98.00    419.61    419.61      0.00      0.00      0.00      0.00
04:15:11         eth0      1.00      1.00      0.09      0.09      0.00      0.00      0.00      0.00

04:15:11        CPU     %user     %nice   %system   %iowait    %steal     %idle
04:15:12        all     69.12      0.00      5.97      0.00      0.00     24.90

04:15:11          tps      rtps      wtps      dtps   bread/s   bwrtn/s   bdscd/s
04:15:12        85.00      1.00     84.00      0.00      8.00   6352.00      0.00

04:15:11    kbmemfree   kbavail kbmemused  %memused kbbuffers  kbcached  kbcommit   %commit  kbactive   kbinact   kbdirty
04:15:12      1790284   2544016   5039448     63.16     59076    824500   9544008     94.72    528192   5069552       624

04:15:11          DEV       tps     rkB/s     wkB/s     dkB/s   areq-sz    aqu-sz     await     %util
04:15:12          sda      0.00      0.00      0.00      0.00      0.00      0.00      0.00      0.00
04:15:12          sdb      0.00      0.00      0.00      0.00      0.00      0.00      0.00      0.00
04:15:12          sdc     85.00      4.00   3176.00      0.00     37.41      0.15      1.82      1.00

04:15:11        IFACE   rxpck/s   txpck/s    rxkB/s    txkB/s   rxcmp/s   txcmp/s  rxmcst/s   %ifutil
04:15:12           lo     62.00     62.00     10.63     10.63      0.00      0.00      0.00      0.00
04:15:12         eth0      1.00      0.00      0.20      0.00      0.00      0.00      1.00      0.00

04:15:12        CPU     %user     %nice   %system   %iowait    %steal     %idle
04:15:13        all     75.97      0.00     13.87      0.00      0.00     10.16

04:15:12          tps      rtps      wtps      dtps   bread/s   bwrtn/s   bdscd/s
04:15:13         0.00      0.00      0.00      0.00      0.00      0.00      0.00

04:15:12    kbmemfree   kbavail kbmemused  %memused kbbuffers  kbcached  kbcommit   %commit  kbactive   kbinact   kbdirty
04:15:13       745832   1499348   6083952     76.25     59076    824508  10908016    108.25    528200   6103116       688

04:15:12          DEV       tps     rkB/s     wkB/s     dkB/s   areq-sz    aqu-sz     await     %util
04:15:13          sda      0.00      0.00      0.00      0.00      0.00      0.00      0.00      0.00
04:15:13          sdb      0.00      0.00      0.00      0.00      0.00      0.00      0.00      0.00
04:15:13          sdc      0.00      0.00      0.00      0.00      0.00      0.00      0.00      0.00

04:15:12        IFACE   rxpck/s   txpck/s    rxkB/s    txkB/s   rxcmp/s   txcmp/s  rxmcst/s   %ifutil
04:15:13           lo    464.00    464.00   2857.35   2857.35      0.00      0.00      0.00      0.00
04:15:13         eth0      0.00      0.00      0.00      0.00      0.00      0.00      0.00      0.00

04:15:13        CPU     %user     %nice   %system   %iowait    %steal     %idle
04:15:14        all     78.95      0.00     10.72      0.00      0.00     10.34

04:15:13          tps      rtps      wtps      dtps   bread/s   bwrtn/s   bdscd/s
04:15:14         4.00      0.00      4.00      0.00      0.00     16.00      0.00

04:15:13    kbmemfree   kbavail kbmemused  %memused kbbuffers  kbcached  kbcommit   %commit  kbactive   kbinact   kbdirty
04:15:14       389268   1143800   6439480     80.70     59076    825528  11292408    112.07    528200   6474120      1712

04:15:13          DEV       tps     rkB/s     wkB/s     dkB/s   areq-sz    aqu-sz     await     %util
04:15:14          sda      0.00      0.00      0.00      0.00      0.00      0.00      0.00      0.00
04:15:14          sdb      0.00      0.00      0.00      0.00      0.00      0.00      0.00      0.00
04:15:14          sdc      4.00      0.00      8.00      0.00      2.00      0.02      2.50      4.00

04:15:13        IFACE   rxpck/s   txpck/s    rxkB/s    txkB/s   rxcmp/s   txcmp/s  rxmcst/s   %ifutil
04:15:14           lo    157.00    157.00    454.12    454.12      0.00      0.00      0.00      0.00
04:15:14         eth0      0.00      0.00      0.00      0.00      0.00      0.00      0.00      0.00

04:15:14        CPU     %user     %nice   %system   %iowait    %steal     %idle
04:15:15        all     10.89      0.00      3.48      0.06      0.00     85.56

04:15:14          tps      rtps      wtps      dtps   bread/s   bwrtn/s   bdscd/s
04:15:15        36.00      0.00      2.00     34.00      0.00    624.00   8856.00

04:15:14    kbmemfree   kbavail kbmemused  %memused kbbuffers  kbcached  kbcommit   %commit  kbactive   kbinact   kbdirty
04:15:15      2847192   3598316   3986232     49.96     59088    823432   8396168     83.32    528084   4015792      1876

04:15:14          DEV       tps     rkB/s     wkB/s     dkB/s   areq-sz    aqu-sz     await     %util
04:15:15          sda      0.00      0.00      0.00      0.00      0.00      0.00      0.00      0.00
04:15:15          sdb      0.00      0.00      0.00      0.00      0.00      0.00      0.00      0.00
04:15:15          sdc     36.00      0.00    312.00   4428.00    131.67      0.01      0.31      2.00

04:15:14        IFACE   rxpck/s   txpck/s    rxkB/s    txkB/s   rxcmp/s   txcmp/s  rxmcst/s   %ifutil
04:15:15           lo    139.00    139.00    436.75    436.75      0.00      0.00      0.00      0.00
04:15:15         eth0      0.00      0.00      0.00      0.00      0.00      0.00      0.00      0.00

04:15:15        CPU     %user     %nice   %system   %iowait    %steal     %idle
04:15:16        all     50.91      0.00      6.53      0.00      0.00     42.56

04:15:15          tps      rtps      wtps      dtps   bread/s   bwrtn/s   bdscd/s
04:15:16         0.00      0.00      0.00      0.00      0.00      0.00      0.00

04:15:15    kbmemfree   kbavail kbmemused  %memused kbbuffers  kbcached  kbcommit   %commit  kbactive   kbinact   kbdirty
04:15:16      2548204   3299964   4284316     53.69     59088    823788   8485148     84.21    528164   4315488      2208

04:15:15          DEV       tps     rkB/s     wkB/s     dkB/s   areq-sz    aqu-sz     await     %util
04:15:16          sda      0.00      0.00      0.00      0.00      0.00      0.00      0.00      0.00
04:15:16          sdb      0.00      0.00      0.00      0.00      0.00      0.00      0.00      0.00
04:15:16          sdc      0.00      0.00      0.00      0.00      0.00      0.00      0.00      0.00

04:15:15        IFACE   rxpck/s   txpck/s    rxkB/s    txkB/s   rxcmp/s   txcmp/s  rxmcst/s   %ifutil
04:15:16           lo     43.00     43.00    412.08    412.08      0.00      0.00      0.00      0.00
04:15:16         eth0      1.00      1.00      0.04      0.04      0.00      0.00      0.00      0.00

04:15:16        CPU     %user     %nice   %system   %iowait    %steal     %idle
04:15:17        all     61.94      0.00      7.92      0.00      0.00     30.14

04:15:16          tps      rtps      wtps      dtps   bread/s   bwrtn/s   bdscd/s
04:15:17         0.00      0.00      0.00      0.00      0.00      0.00      0.00

04:15:16    kbmemfree   kbavail kbmemused  %memused kbbuffers  kbcached  kbcommit   %commit  kbactive   kbinact   kbdirty
04:15:17      2271316   3024620   4559264     57.14     59088    825108   9054116     89.85    528188   4586524      3536

04:15:16          DEV       tps     rkB/s     wkB/s     dkB/s   areq-sz    aqu-sz     await     %util
04:15:17          sda      0.00      0.00      0.00      0.00      0.00      0.00      0.00      0.00
04:15:17          sdb      0.00      0.00      0.00      0.00      0.00      0.00      0.00      0.00
04:15:17          sdc      0.00      0.00      0.00      0.00      0.00      0.00      0.00      0.00

04:15:16        IFACE   rxpck/s   txpck/s    rxkB/s    txkB/s   rxcmp/s   txcmp/s  rxmcst/s   %ifutil
04:15:17           lo     71.29     71.29    411.41    411.41      0.00      0.00      0.00      0.00
04:15:17         eth0      0.00      0.00      0.00      0.00      0.00      0.00      0.00      0.00

04:15:17        CPU     %user     %nice   %system   %iowait    %steal     %idle
04:15:18        all     62.02      0.00      7.95      0.00      0.00     30.03

04:15:17          tps      rtps      wtps      dtps   bread/s   bwrtn/s   bdscd/s
04:15:18         0.00      0.00      0.00      0.00      0.00      0.00      0.00

04:15:17    kbmemfree   kbavail kbmemused  %memused kbbuffers  kbcached  kbcommit   %commit  kbactive   kbinact   kbdirty
04:15:18      1413780   2167552   5416104     67.88     59088    825260   9889968     98.15    528188   5444756      3692

04:15:17          DEV       tps     rkB/s     wkB/s     dkB/s   areq-sz    aqu-sz     await     %util
04:15:18          sda      0.00      0.00      0.00      0.00      0.00      0.00      0.00      0.00
04:15:18          sdb      0.00      0.00      0.00      0.00      0.00      0.00      0.00      0.00
04:15:18          sdc      0.00      0.00      0.00      0.00      0.00      0.00      0.00      0.00

04:15:17        IFACE   rxpck/s   txpck/s    rxkB/s    txkB/s   rxcmp/s   txcmp/s  rxmcst/s   %ifutil
04:15:18           lo    294.00    294.00    886.33    886.33      0.00      0.00      0.00      0.00
04:15:18         eth0      0.00      0.00      0.00      0.00      0.00      0.00      0.00      0.00

04:15:18        CPU     %user     %nice   %system   %iowait    %steal     %idle
04:15:19        all     27.44      0.00      2.87      0.26      0.00     69.43

04:15:18          tps      rtps      wtps      dtps   bread/s   bwrtn/s   bdscd/s
04:15:19        57.00     45.00     12.00      0.00    880.00    288.00      0.00

04:15:18    kbmemfree   kbavail kbmemused  %memused kbbuffers  kbcached  kbcommit   %commit  kbactive   kbinact   kbdirty
04:15:19      2617856   3371136   4212856     52.80     59088    825244   7915672     78.56    528644   4249336      3252

04:15:18          DEV       tps     rkB/s     wkB/s     dkB/s   areq-sz    aqu-sz     await     %util
04:15:19          sda      0.00      0.00      0.00      0.00      0.00      0.00      0.00      0.00
04:15:19          sdb      0.00      0.00      0.00      0.00      0.00      0.00      0.00      0.00
04:15:19          sdc     57.00    440.00    144.00      0.00     10.25      0.04      0.56     17.00

04:15:18        IFACE   rxpck/s   txpck/s    rxkB/s    txkB/s   rxcmp/s   txcmp/s  rxmcst/s   %ifutil
04:15:19           lo    272.00    272.00   2197.62   2197.62      0.00      0.00      0.00      0.00
04:15:19         eth0      0.00      0.00      0.00      0.00      0.00      0.00      0.00      0.00

04:15:19        CPU     %user     %nice   %system   %iowait    %steal     %idle
04:15:20        all      1.88      0.00      0.44      0.06      0.00     97.62

04:15:19          tps      rtps      wtps      dtps   bread/s   bwrtn/s   bdscd/s
04:15:20        46.00      0.00     21.00     25.00      0.00    696.00    520.00

04:15:19    kbmemfree   kbavail kbmemused  %memused kbbuffers  kbcached  kbcommit   %commit  kbactive   kbinact   kbdirty
04:15:20      2907736   3660464   3923864     49.18     59100    825016   7437424     73.81    528640   3961192      3036

04:15:19          DEV       tps     rkB/s     wkB/s     dkB/s   areq-sz    aqu-sz     await     %util
04:15:20          sda      0.00      0.00      0.00      0.00      0.00      0.00      0.00      0.00
04:15:20          sdb      0.00      0.00      0.00      0.00      0.00      0.00      0.00      0.00
04:15:20          sdc     46.00      0.00    348.00    260.00     13.22      0.03      0.43      9.00

04:15:19        IFACE   rxpck/s   txpck/s    rxkB/s    txkB/s   rxcmp/s   txcmp/s  rxmcst/s   %ifutil
04:15:20           lo     96.00     96.00    430.38    430.38      0.00      0.00      0.00      0.00
04:15:20         eth0      0.00      0.00      0.00      0.00      0.00      0.00      0.00      0.00

04:15:20        CPU     %user     %nice   %system   %iowait    %steal     %idle
04:15:21        all      0.82      0.00      0.44      0.00      0.00     98.75

04:15:20          tps      rtps      wtps      dtps   bread/s   bwrtn/s   bdscd/s
04:15:21         8.00      0.00      8.00      0.00      0.00     40.00      0.00

04:15:20    kbmemfree   kbavail kbmemused  %memused kbbuffers  kbcached  kbcommit   %commit  kbactive   kbinact   kbdirty
04:15:21      2907024   3659440   3925052     49.19     59100    824892   7437412     73.81    528636   3960552      3008

04:15:20          DEV       tps     rkB/s     wkB/s     dkB/s   areq-sz    aqu-sz     await     %util
04:15:21          sda      0.00      0.00      0.00      0.00      0.00      0.00      0.00      0.00
04:15:21          sdb      0.00      0.00      0.00      0.00      0.00      0.00      0.00      0.00
04:15:21          sdc      8.00      0.00     20.00      0.00      2.50      0.01      1.00      2.00

04:15:20        IFACE   rxpck/s   txpck/s    rxkB/s    txkB/s   rxcmp/s   txcmp/s  rxmcst/s   %ifutil
04:15:21           lo     53.00     53.00    411.17    411.17      0.00      0.00      0.00      0.00
04:15:21         eth0      0.00      0.00      0.00      0.00      0.00      0.00      0.00      0.00

04:15:21        CPU     %user     %nice   %system   %iowait    %steal     %idle
04:15:22        all      0.25      0.00      0.13      0.13      0.00     99.50

04:15:21          tps      rtps      wtps      dtps   bread/s   bwrtn/s   bdscd/s
04:15:22        84.00      0.00     84.00      0.00      0.00   5984.00      0.00

04:15:21    kbmemfree   kbavail kbmemused  %memused kbbuffers  kbcached  kbcommit   %commit  kbactive   kbinact   kbdirty
04:15:22      2907128   3659620   3924872     49.19     59100    824968   7437936     73.81    528636   3961040       100

04:15:21          DEV       tps     rkB/s     wkB/s     dkB/s   areq-sz    aqu-sz     await     %util
04:15:22          sda      0.00      0.00      0.00      0.00      0.00      0.00      0.00      0.00
04:15:22          sdb      0.00      0.00      0.00      0.00      0.00      0.00      0.00      0.00
04:15:22          sdc     84.00      0.00   2992.00      0.00     35.62      0.13      1.45      5.00

04:15:21        IFACE   rxpck/s   txpck/s    rxkB/s    txkB/s   rxcmp/s   txcmp/s  rxmcst/s   %ifutil
04:15:22           lo     98.00     98.00    529.47    529.47      0.00      0.00      0.00      0.00
04:15:22         eth0      0.00      0.00      0.00      0.00      0.00      0.00      0.00      0.00

04:15:22        CPU     %user     %nice   %system   %iowait    %steal     %idle
04:15:23        all      0.56      0.00      0.50      0.06      0.00     98.87

04:15:22          tps      rtps      wtps      dtps   bread/s   bwrtn/s   bdscd/s
04:15:23        10.00      0.00     10.00      0.00      0.00     40.00      0.00

04:15:22    kbmemfree   kbavail kbmemused  %memused kbbuffers  kbcached  kbcommit   %commit  kbactive   kbinact   kbdirty
04:15:23      2906532   3659288   3925212     49.19     59100    825224   7437928     73.81    528636   3961404       392

04:15:22          DEV       tps     rkB/s     wkB/s     dkB/s   areq-sz    aqu-sz     await     %util
04:15:23          sda      0.00      0.00      0.00      0.00      0.00      0.00      0.00      0.00
04:15:23          sdb      0.00      0.00      0.00      0.00      0.00      0.00      0.00      0.00
04:15:23          sdc     10.00      0.00     20.00      0.00      2.00      0.01      0.90      3.00

04:15:22        IFACE   rxpck/s   txpck/s    rxkB/s    txkB/s   rxcmp/s   txcmp/s  rxmcst/s   %ifutil
04:15:23           lo    110.00    110.00   1018.48   1018.48      0.00      0.00      0.00      0.00
04:15:23         eth0      0.00      0.00      0.00      0.00      0.00      0.00      0.00      0.00

04:15:23        CPU     %user     %nice   %system   %iowait    %steal     %idle
04:15:24        all      1.63      0.00      0.06      0.00      0.00     98.31

04:15:23          tps      rtps      wtps      dtps   bread/s   bwrtn/s   bdscd/s
04:15:24        10.00      0.00     10.00      0.00      0.00     40.00      0.00

04:15:23    kbmemfree   kbavail kbmemused  %memused kbbuffers  kbcached  kbcommit   %commit  kbactive   kbinact   kbdirty
04:15:24      2906364   3659188   3925336     49.19     59100    825296   7437852     73.81    528636   3960504       480

04:15:23          DEV       tps     rkB/s     wkB/s     dkB/s   areq-sz    aqu-sz     await     %util
04:15:24          sda      0.00      0.00      0.00      0.00      0.00      0.00      0.00      0.00
04:15:24          sdb      0.00      0.00      0.00      0.00      0.00      0.00      0.00      0.00
04:15:24          sdc     10.00      0.00     20.00      0.00      2.00      0.01      0.90      2.00

04:15:23        IFACE   rxpck/s   txpck/s    rxkB/s    txkB/s   rxcmp/s   txcmp/s  rxmcst/s   %ifutil
04:15:24           lo     41.00     41.00    410.01    410.01      0.00      0.00      0.00      0.00
04:15:24         eth0      0.00      0.00      0.00      0.00      0.00      0.00      0.00      0.00

04:15:24        CPU     %user     %nice   %system   %iowait    %steal     %idle
04:15:25        all      0.13      0.00      0.00      0.00      0.00     99.87

04:15:24          tps      rtps      wtps      dtps   bread/s   bwrtn/s   bdscd/s
04:15:25         2.00      0.00      2.00      0.00      0.00      8.00      0.00

04:15:24    kbmemfree   kbavail kbmemused  %memused kbbuffers  kbcached  kbcommit   %commit  kbactive   kbinact   kbdirty
04:15:25      2906912   3659752   3924948     49.19     59100    825304   7412304     73.56    528636   3957148       492

04:15:24          DEV       tps     rkB/s     wkB/s     dkB/s   areq-sz    aqu-sz     await     %util
04:15:25          sda      0.00      0.00      0.00      0.00      0.00      0.00      0.00      0.00
04:15:25          sdb      0.00      0.00      0.00      0.00      0.00      0.00      0.00      0.00
04:15:25          sdc      2.00      0.00      4.00      0.00      2.00      0.00      1.00      1.00

04:15:24        IFACE   rxpck/s   txpck/s    rxkB/s    txkB/s   rxcmp/s   txcmp/s  rxmcst/s   %ifutil
04:15:25           lo     30.00     30.00    407.81    407.81      0.00      0.00      0.00      0.00
04:15:25         eth0      0.00      0.00      0.00      0.00      0.00      0.00      0.00      0.00
