2025-02-21 03:44:34,065 INFO client.DefaultNoHARMFailoverProxyProvider: Connecting to ResourceManager at localhost/127.0.0.1:8032
2025-02-21 03:44:34,387 INFO mapreduce.JobResourceUploader: Disabling Erasure Coding for path: /tmp/hadoop-yarn/staging/satkp/.staging/job_1740126767383_0003
2025-02-21 03:44:35,055 INFO input.FileInputFormat: Total input files to process : 100
2025-02-21 03:44:37,530 INFO mapreduce.JobSubmitter: number of splits:100
2025-02-21 03:44:38,033 INFO mapreduce.JobSubmitter: Submitting tokens for job: job_1740126767383_0003
2025-02-21 03:44:38,033 INFO mapreduce.JobSubmitter: Executing with tokens: []
2025-02-21 03:44:38,219 INFO conf.Configuration: resource-types.xml not found
2025-02-21 03:44:38,219 INFO resource.ResourceUtils: Unable to find 'resource-types.xml'.
2025-02-21 03:44:38,275 INFO impl.YarnClientImpl: Submitted application application_1740126767383_0003
2025-02-21 03:44:38,308 INFO mapreduce.Job: The url to track the job: http://Sathvik.:8088/proxy/application_1740126767383_0003/
2025-02-21 03:44:38,309 INFO mapreduce.Job: Running job: job_1740126767383_0003
2025-02-21 03:44:43,391 INFO mapreduce.Job: Job job_1740126767383_0003 running in uber mode : false
2025-02-21 03:44:43,392 INFO mapreduce.Job:  map 0% reduce 0%
2025-02-21 03:44:47,640 INFO mapreduce.Job:  map 1% reduce 0%
2025-02-21 03:44:48,660 INFO mapreduce.Job:  map 6% reduce 0%
2025-02-21 03:44:53,736 INFO mapreduce.Job:  map 7% reduce 0%
2025-02-21 03:44:54,746 INFO mapreduce.Job:  map 12% reduce 0%
2025-02-21 03:44:58,813 INFO mapreduce.Job:  map 13% reduce 0%
2025-02-21 03:45:00,840 INFO mapreduce.Job:  map 18% reduce 0%
2025-02-21 03:45:04,886 INFO mapreduce.Job:  map 19% reduce 0%
2025-02-21 03:45:07,928 INFO mapreduce.Job:  map 24% reduce 0%
2025-02-21 03:45:15,033 INFO mapreduce.Job:  map 29% reduce 0%
2025-02-21 03:45:19,281 INFO mapreduce.Job:  map 34% reduce 10%
2025-02-21 03:45:24,334 INFO mapreduce.Job:  map 38% reduce 10%
2025-02-21 03:45:25,342 INFO mapreduce.Job:  map 39% reduce 13%
2025-02-21 03:45:29,376 INFO mapreduce.Job:  map 43% reduce 13%
2025-02-21 03:45:30,388 INFO mapreduce.Job:  map 44% reduce 13%
2025-02-21 03:45:31,398 INFO mapreduce.Job:  map 44% reduce 15%
2025-02-21 03:45:34,429 INFO mapreduce.Job:  map 45% reduce 15%
2025-02-21 03:45:35,435 INFO mapreduce.Job:  map 49% reduce 15%
2025-02-21 03:45:37,449 INFO mapreduce.Job:  map 49% reduce 16%
2025-02-21 03:45:40,549 INFO mapreduce.Job:  map 51% reduce 16%
2025-02-21 03:45:41,556 INFO mapreduce.Job:  map 54% reduce 16%
2025-02-21 03:45:43,577 INFO mapreduce.Job:  map 54% reduce 18%
2025-02-21 03:45:47,654 INFO mapreduce.Job:  map 59% reduce 18%
2025-02-21 03:45:47,862 INFO mapreduce.Job:  map 59% reduce 20%
2025-02-21 03:45:50,887 INFO mapreduce.Job:  map 64% reduce 20%
2025-02-21 03:45:53,912 INFO mapreduce.Job:  map 64% reduce 21%
2025-02-21 03:45:55,929 INFO mapreduce.Job:  map 67% reduce 21%
2025-02-21 03:45:56,934 INFO mapreduce.Job:  map 69% reduce 21%
2025-02-21 03:45:59,959 INFO mapreduce.Job:  map 69% reduce 23%
2025-02-21 03:46:00,979 INFO mapreduce.Job:  map 71% reduce 23%
2025-02-21 03:46:01,985 INFO mapreduce.Job:  map 74% reduce 23%
2025-02-21 03:46:06,016 INFO mapreduce.Job:  map 74% reduce 25%
2025-02-21 03:46:07,021 INFO mapreduce.Job:  map 79% reduce 25%
2025-02-21 03:46:12,059 INFO mapreduce.Job:  map 81% reduce 26%
2025-02-21 03:46:13,068 INFO mapreduce.Job:  map 84% reduce 26%
2025-02-21 03:46:16,093 INFO mapreduce.Job:  map 86% reduce 26%
2025-02-21 03:46:17,102 INFO mapreduce.Job:  map 87% reduce 26%
2025-02-21 03:46:18,107 INFO mapreduce.Job:  map 89% reduce 29%
2025-02-21 03:46:18,265 INFO mapreduce.Job:  map 91% reduce 29%
2025-02-21 03:46:20,277 INFO mapreduce.Job:  map 94% reduce 29%
2025-02-21 03:46:22,293 INFO mapreduce.Job:  map 95% reduce 31%
2025-02-21 03:46:23,298 INFO mapreduce.Job:  map 96% reduce 31%
2025-02-21 03:46:24,304 INFO mapreduce.Job:  map 99% reduce 31%
2025-02-21 03:46:26,315 INFO mapreduce.Job:  map 100% reduce 31%
2025-02-21 03:46:28,323 INFO mapreduce.Job:  map 100% reduce 100%
2025-02-21 03:46:33,368 INFO mapreduce.Job: Job job_1740126767383_0003 completed successfully
2025-02-21 03:46:33,456 INFO mapreduce.Job: Counters: 54
	File System Counters
		FILE: Number of bytes read=14477063
		FILE: Number of bytes written=60159210
		FILE: Number of read operations=0
		FILE: Number of large read operations=0
		FILE: Number of write operations=0
		HDFS: Number of bytes read=32654859
		HDFS: Number of bytes written=3171284
		HDFS: Number of read operations=305
		HDFS: Number of large read operations=0
		HDFS: Number of write operations=2
		HDFS: Number of bytes read erasure-coded=0
	Job Counters 
		Launched map tasks=100
		Launched reduce tasks=1
		Data-local map tasks=100
		Total time spent by all maps in occupied slots (ms)=424603
		Total time spent by all reduces in occupied slots (ms)=82956
		Total time spent by all map tasks (ms)=424603
		Total time spent by all reduce tasks (ms)=82956
		Total vcore-milliseconds taken by all map tasks=424603
		Total vcore-milliseconds taken by all reduce tasks=82956
		Total megabyte-milliseconds taken by all map tasks=434793472
		Total megabyte-milliseconds taken by all reduce tasks=84946944
	Map-Reduce Framework
		Map input records=641966
		Map output records=5518773
		Map output bytes=53248706
		Map output materialized bytes=14477657
		Input split bytes=13440
		Combine input records=5518773
		Combine output records=1010648
		Reduce input groups=269426
		Reduce shuffle bytes=14477657
		Reduce input records=1010648
		Reduce output records=269426
		Spilled Records=2021296
		Shuffled Maps =100
		Failed Shuffles=0
		Merged Map outputs=100
		GC time elapsed (ms)=45260
		CPU time spent (ms)=374370
		Physical memory (bytes) snapshot=48204021760
		Virtual memory (bytes) snapshot=262198349824
		Total committed heap usage (bytes)=46307213312
		Peak Map Physical memory (bytes)=523010048
		Peak Map Virtual memory (bytes)=2605846528
		Peak Reduce Physical memory (bytes)=334565376
		Peak Reduce Virtual memory (bytes)=2607226880
	Shuffle Errors
		BAD_ID=0
		CONNECTION=0
		IO_ERROR=0
		WRONG_LENGTH=0
		WRONG_MAP=0
		WRONG_REDUCE=0
	File Input Format Counters 
		Bytes Read=32641419
	File Output Format Counters 
		Bytes Written=3171284
