Linux 5.15.167.4-microsoft-standard-WSL2 (Sathvik) 	02/21/25 	_x86_64_	(16 CPU)

12:48:51        CPU     %user     %nice   %system   %iowait    %steal     %idle
12:48:52        all     13.74      0.00      2.41      0.06      0.00     83.79

12:48:51          tps      rtps      wtps      dtps   bread/s   bwrtn/s   bdscd/s
12:48:52        61.00     24.00     37.00      0.00    920.00    520.00      0.00

12:48:51    kbmemfree   kbavail kbmemused  %memused kbbuffers  kbcached  kbcommit   %commit  kbactive   kbinact   kbdirty
12:48:52      3452840   4620132   2978120     37.32    122244   1173320   5643028     56.00    386088   3579704       968

12:48:51          DEV       tps     rkB/s     wkB/s     dkB/s   areq-sz    aqu-sz     await     %util
12:48:52          sda      0.00      0.00      0.00      0.00      0.00      0.00      0.00      0.00
12:48:52          sdb      0.00      0.00      0.00      0.00      0.00      0.00      0.00      0.00
12:48:52          sdc     61.00    460.00    260.00      0.00     11.80      0.04      0.70     11.00

12:48:51        IFACE   rxpck/s   txpck/s    rxkB/s    txkB/s   rxcmp/s   txcmp/s  rxmcst/s   %ifutil
12:48:52           lo     13.00     13.00    415.20    415.20      0.00      0.00      0.00      0.00
12:48:52         eth0      0.00      0.00      0.00      0.00      0.00      0.00      0.00      0.00

12:48:52        CPU     %user     %nice   %system   %iowait    %steal     %idle
12:48:53        all      8.28      0.00      1.98      0.31      0.00     89.44

12:48:52          tps      rtps      wtps      dtps   bread/s   bwrtn/s   bdscd/s
12:48:53       104.00     90.00     14.00      0.00   1888.00     56.00      0.00

12:48:52    kbmemfree   kbavail kbmemused  %memused kbbuffers  kbcached  kbcommit   %commit  kbactive   kbinact   kbdirty
12:48:53      3374272   4543016   3055236     38.29    122244   1174760   5750472     57.07    386820   3662288      1312

12:48:52          DEV       tps     rkB/s     wkB/s     dkB/s   areq-sz    aqu-sz     await     %util
12:48:53          sda      0.00      0.00      0.00      0.00      0.00      0.00      0.00      0.00
12:48:53          sdb      0.00      0.00      0.00      0.00      0.00      0.00      0.00      0.00
12:48:53          sdc    104.00    944.00     28.00      0.00      9.35      0.11      0.83     26.00

12:48:52        IFACE   rxpck/s   txpck/s    rxkB/s    txkB/s   rxcmp/s   txcmp/s  rxmcst/s   %ifutil
12:48:53           lo     95.00     95.00    701.56    701.56      0.00      0.00      0.00      0.00
12:48:53         eth0      0.00      0.00      0.00      0.00      0.00      0.00      0.00      0.00

12:48:53        CPU     %user     %nice   %system   %iowait    %steal     %idle
12:48:54        all      2.87      0.00      0.19      0.12      0.00     96.82

12:48:53          tps      rtps      wtps      dtps   bread/s   bwrtn/s   bdscd/s
12:48:54        28.00     20.00      8.00      0.00    496.00     40.00      0.00

12:48:53    kbmemfree   kbavail kbmemused  %memused kbbuffers  kbcached  kbcommit   %commit  kbactive   kbinact   kbdirty
12:48:54      3369540   4538536   3059708     38.35    122244   1175020   5775184     57.31    386880   3666524      1324

12:48:53          DEV       tps     rkB/s     wkB/s     dkB/s   areq-sz    aqu-sz     await     %util
12:48:54          sda      0.00      0.00      0.00      0.00      0.00      0.00      0.00      0.00
12:48:54          sdb      0.00      0.00      0.00      0.00      0.00      0.00      0.00      0.00
12:48:54          sdc     28.00    248.00     20.00      0.00      9.57      0.02      0.57      5.00

12:48:53        IFACE   rxpck/s   txpck/s    rxkB/s    txkB/s   rxcmp/s   txcmp/s  rxmcst/s   %ifutil
12:48:54           lo     50.00     50.00    427.44    427.44      0.00      0.00      0.00      0.00
12:48:54         eth0      2.00      1.00      0.24      0.04      0.00      0.00      1.00      0.00

12:48:54        CPU     %user     %nice   %system   %iowait    %steal     %idle
12:48:55        all      0.82      0.00      0.31      0.13      0.00     98.75

12:48:54          tps      rtps      wtps      dtps   bread/s   bwrtn/s   bdscd/s
12:48:55        10.00      0.00      8.00      2.00      0.00    688.00    128.00

12:48:54    kbmemfree   kbavail kbmemused  %memused kbbuffers  kbcached  kbcommit   %commit  kbactive   kbinact   kbdirty
12:48:55      3361928   4530952   3067252     38.44    122252   1175040   5762680     57.19    386884   3673024      1672

12:48:54          DEV       tps     rkB/s     wkB/s     dkB/s   areq-sz    aqu-sz     await     %util
12:48:55          sda      0.00      0.00      0.00      0.00      0.00      0.00      0.00      0.00
12:48:55          sdb      0.00      0.00      0.00      0.00      0.00      0.00      0.00      0.00
12:48:55          sdc     10.00      0.00    344.00     64.00     40.80      0.02      1.20      4.00

12:48:54        IFACE   rxpck/s   txpck/s    rxkB/s    txkB/s   rxcmp/s   txcmp/s  rxmcst/s   %ifutil
12:48:55           lo     45.00     45.00    419.68    419.68      0.00      0.00      0.00      0.00
12:48:55         eth0      1.00      1.00      0.04      0.04      0.00      0.00      0.00      0.00

12:48:55        CPU     %user     %nice   %system   %iowait    %steal     %idle
12:48:56        all      2.74      0.00      0.37      0.19      0.00     96.70

12:48:55          tps      rtps      wtps      dtps   bread/s   bwrtn/s   bdscd/s
12:48:56       133.00    127.00      6.00      0.00   3968.00     24.00      0.00

12:48:55    kbmemfree   kbavail kbmemused  %memused kbbuffers  kbcached  kbcommit   %commit  kbactive   kbinact   kbdirty
12:48:56      3347572   4518568   3079404     38.59    122252   1177244   5765384     57.22    386892   3688716      1932

12:48:55          DEV       tps     rkB/s     wkB/s     dkB/s   areq-sz    aqu-sz     await     %util
12:48:56          sda      0.00      0.00      0.00      0.00      0.00      0.00      0.00      0.00
12:48:56          sdb      0.00      0.00      0.00      0.00      0.00      0.00      0.00      0.00
12:48:56          sdc    133.00   1984.00     12.00      0.00     15.01      0.06      0.38     12.00

12:48:55        IFACE   rxpck/s   txpck/s    rxkB/s    txkB/s   rxcmp/s   txcmp/s  rxmcst/s   %ifutil
12:48:56           lo     61.00     61.00    680.88    680.88      0.00      0.00      0.00      0.00
12:48:56         eth0      0.00      0.00      0.00      0.00      0.00      0.00      0.00      0.00

12:48:56        CPU     %user     %nice   %system   %iowait    %steal     %idle
12:48:57        all      8.55      0.00      1.89      0.25      0.00     89.31

12:48:56          tps      rtps      wtps      dtps   bread/s   bwrtn/s   bdscd/s
12:48:57       170.00    105.00     65.00      0.00   2560.00   3704.00      0.00

12:48:56    kbmemfree   kbavail kbmemused  %memused kbbuffers  kbcached  kbcommit   %commit  kbactive   kbinact   kbdirty
12:48:57      3123956   4296464   3301752     41.38    122252   1178512   5820440     57.76    388208   3906760       132

12:48:56          DEV       tps     rkB/s     wkB/s     dkB/s   areq-sz    aqu-sz     await     %util
12:48:57          sda      0.00      0.00      0.00      0.00      0.00      0.00      0.00      0.00
12:48:57          sdb      0.00      0.00      0.00      0.00      0.00      0.00      0.00      0.00
12:48:57          sdc    170.00   1280.00   1852.00      0.00     18.42      0.16      0.92     29.00

12:48:56        IFACE   rxpck/s   txpck/s    rxkB/s    txkB/s   rxcmp/s   txcmp/s  rxmcst/s   %ifutil
12:48:57           lo     68.00     68.00    431.35    431.35      0.00      0.00      0.00      0.00
12:48:57         eth0      0.00      0.00      0.00      0.00      0.00      0.00      0.00      0.00

12:48:57        CPU     %user     %nice   %system   %iowait    %steal     %idle
12:48:58        all      7.23      0.00      2.43      0.00      0.00     90.34

12:48:57          tps      rtps      wtps      dtps   bread/s   bwrtn/s   bdscd/s
12:48:58        25.00     25.00      0.00      0.00    848.00      0.00      0.00

12:48:57    kbmemfree   kbavail kbmemused  %memused kbbuffers  kbcached  kbcommit   %commit  kbactive   kbinact   kbdirty
12:48:58      2968780   4143304   3454560     43.29    122260   1179708   6099668     60.53    389148   4056984       828

12:48:57          DEV       tps     rkB/s     wkB/s     dkB/s   areq-sz    aqu-sz     await     %util
12:48:58          sda      0.00      0.00      0.00      0.00      0.00      0.00      0.00      0.00
12:48:58          sdb      0.00      0.00      0.00      0.00      0.00      0.00      0.00      0.00
12:48:58          sdc     25.00    424.00      0.00      0.00     16.96      0.02      0.88     14.00

12:48:57        IFACE   rxpck/s   txpck/s    rxkB/s    txkB/s   rxcmp/s   txcmp/s  rxmcst/s   %ifutil
12:48:58           lo    160.00    160.00    971.72    971.72      0.00      0.00      0.00      0.00
12:48:58         eth0      0.00      0.00      0.00      0.00      0.00      0.00      0.00      0.00

12:48:58        CPU     %user     %nice   %system   %iowait    %steal     %idle
12:48:59        all     12.90      0.00      2.94      0.06      0.00     84.10

12:48:58          tps      rtps      wtps      dtps   bread/s   bwrtn/s   bdscd/s
12:48:59        21.00     21.00      0.00      0.00    280.00      0.00      0.00

12:48:58    kbmemfree   kbavail kbmemused  %memused kbbuffers  kbcached  kbcommit   %commit  kbactive   kbinact   kbdirty
12:48:59      2835848   4010452   3587412     44.96    122260   1179896   6324712     62.77    389468   4196880       876

12:48:58          DEV       tps     rkB/s     wkB/s     dkB/s   areq-sz    aqu-sz     await     %util
12:48:59          sda      0.00      0.00      0.00      0.00      0.00      0.00      0.00      0.00
12:48:59          sdb      0.00      0.00      0.00      0.00      0.00      0.00      0.00      0.00
12:48:59          sdc     21.00    140.00      0.00      0.00      6.67      0.01      0.62      8.00

12:48:58        IFACE   rxpck/s   txpck/s    rxkB/s    txkB/s   rxcmp/s   txcmp/s  rxmcst/s   %ifutil
12:48:59           lo     32.00     32.00    418.49    418.49      0.00      0.00      0.00      0.00
12:48:59         eth0      0.00      0.00      0.00      0.00      0.00      0.00      0.00      0.00

12:48:59        CPU     %user     %nice   %system   %iowait    %steal     %idle
12:49:00        all     13.06      0.00      2.72      0.43      0.00     83.79

12:48:59          tps      rtps      wtps      dtps   bread/s   bwrtn/s   bdscd/s
12:49:00       290.00    288.00      2.00      0.00   6168.00    616.00      0.00

12:48:59    kbmemfree   kbavail kbmemused  %memused kbbuffers  kbcached  kbcommit   %commit  kbactive   kbinact   kbdirty
12:49:00      2688100   3865696   3732108     46.77    122268   1182924   6470308     64.21    390800   4337132      1196

12:48:59          DEV       tps     rkB/s     wkB/s     dkB/s   areq-sz    aqu-sz     await     %util
12:49:00          sda      0.00      0.00      0.00      0.00      0.00      0.00      0.00      0.00
12:49:00          sdb      0.00      0.00      0.00      0.00      0.00      0.00      0.00      0.00
12:49:00          sdc    290.00   3084.00    308.00      0.00     11.70      0.11      0.37     35.00

12:48:59        IFACE   rxpck/s   txpck/s    rxkB/s    txkB/s   rxcmp/s   txcmp/s  rxmcst/s   %ifutil
12:49:00           lo     74.00     74.00    423.89    423.89      0.00      0.00      0.00      0.00
12:49:00         eth0      0.00      0.00      0.00      0.00      0.00      0.00      0.00      0.00

12:49:00        CPU     %user     %nice   %system   %iowait    %steal     %idle
12:49:01        all     24.20      0.00      2.83      0.18      0.00     72.78

12:49:00          tps      rtps      wtps      dtps   bread/s   bwrtn/s   bdscd/s
12:49:01        23.00     13.00     10.00      0.00    296.00     40.00      0.00

12:49:00    kbmemfree   kbavail kbmemused  %memused kbbuffers  kbcached  kbcommit   %commit  kbactive   kbinact   kbdirty
12:49:01      2487992   3666184   3931392     49.27    122268   1183472   6549984     65.00    391980   4539660      1524

12:49:00          DEV       tps     rkB/s     wkB/s     dkB/s   areq-sz    aqu-sz     await     %util
12:49:01          sda      0.00      0.00      0.00      0.00      0.00      0.00      0.00      0.00
12:49:01          sdb      0.00      0.00      0.00      0.00      0.00      0.00      0.00      0.00
12:49:01          sdc     23.00    148.00     20.00      0.00      7.30      0.03      0.87      9.00

12:49:00        IFACE   rxpck/s   txpck/s    rxkB/s    txkB/s   rxcmp/s   txcmp/s  rxmcst/s   %ifutil
12:49:01           lo     84.00     84.00    725.14    725.14      0.00      0.00      0.00      0.00
12:49:01         eth0      0.00      0.00      0.00      0.00      0.00      0.00      0.00      0.00

12:49:01        CPU     %user     %nice   %system   %iowait    %steal     %idle
12:49:02        all      1.06      0.00      0.44      0.06      0.00     98.45

12:49:01          tps      rtps      wtps      dtps   bread/s   bwrtn/s   bdscd/s
12:49:02        56.00      0.00     56.00      0.00      0.00   2880.00      0.00

12:49:01    kbmemfree   kbavail kbmemused  %memused kbbuffers  kbcached  kbcommit   %commit  kbactive   kbinact   kbdirty
12:49:02      2497560   3675768   3921804     49.15    122268   1183488   6551860     65.02    392088   4525456       156

12:49:01          DEV       tps     rkB/s     wkB/s     dkB/s   areq-sz    aqu-sz     await     %util
12:49:02          sda      0.00      0.00      0.00      0.00      0.00      0.00      0.00      0.00
12:49:02          sdb      0.00      0.00      0.00      0.00      0.00      0.00      0.00      0.00
12:49:02          sdc     56.00      0.00   1440.00      0.00     25.71      0.07      1.25      2.00

12:49:01        IFACE   rxpck/s   txpck/s    rxkB/s    txkB/s   rxcmp/s   txcmp/s  rxmcst/s   %ifutil
12:49:02           lo     37.00     37.00    419.36    419.36      0.00      0.00      0.00      0.00
12:49:02         eth0      0.00      0.00      0.00      0.00      0.00      0.00      0.00      0.00

12:49:02        CPU     %user     %nice   %system   %iowait    %steal     %idle
12:49:03        all      4.38      0.00      0.69      0.00      0.00     94.93

12:49:02          tps      rtps      wtps      dtps   bread/s   bwrtn/s   bdscd/s
12:49:03        14.00     14.00      0.00      0.00    320.00      0.00      0.00

12:49:02    kbmemfree   kbavail kbmemused  %memused kbbuffers  kbcached  kbcommit   %commit  kbactive   kbinact   kbdirty
12:49:03      2464076   3642476   3955040     49.57    122304   1183636   6578692     65.29    392372   4558640       196

12:49:02          DEV       tps     rkB/s     wkB/s     dkB/s   areq-sz    aqu-sz     await     %util
12:49:03          sda      0.00      0.00      0.00      0.00      0.00      0.00      0.00      0.00
12:49:03          sdb      0.00      0.00      0.00      0.00      0.00      0.00      0.00      0.00
12:49:03          sdc     14.00    160.00      0.00      0.00     11.43      0.01      0.50      5.00

12:49:02        IFACE   rxpck/s   txpck/s    rxkB/s    txkB/s   rxcmp/s   txcmp/s  rxmcst/s   %ifutil
12:49:03           lo    123.00    123.00    443.13    443.13      0.00      0.00      0.00      0.00
12:49:03         eth0      0.00      0.00      0.00      0.00      0.00      0.00      0.00      0.00

12:49:03        CPU     %user     %nice   %system   %iowait    %steal     %idle
12:49:04        all     55.71      0.00      9.74      0.00      0.00     34.56

12:49:03          tps      rtps      wtps      dtps   bread/s   bwrtn/s   bdscd/s
12:49:04         0.00      0.00      0.00      0.00      0.00      0.00      0.00

12:49:03    kbmemfree   kbavail kbmemused  %memused kbbuffers  kbcached  kbcommit   %commit  kbactive   kbinact   kbdirty
12:49:04      1923368   3105120   4489660     56.27    122304   1184400   8349972     82.87    392620   5092376       880

12:49:03          DEV       tps     rkB/s     wkB/s     dkB/s   areq-sz    aqu-sz     await     %util
12:49:04          sda      0.00      0.00      0.00      0.00      0.00      0.00      0.00      0.00
12:49:04          sdb      0.00      0.00      0.00      0.00      0.00      0.00      0.00      0.00
12:49:04          sdc      0.00      0.00      0.00      0.00      0.00      0.00      0.00      0.00

12:49:03        IFACE   rxpck/s   txpck/s    rxkB/s    txkB/s   rxcmp/s   txcmp/s  rxmcst/s   %ifutil
12:49:04           lo     26.00     26.00    418.13    418.13      0.00      0.00      0.00      0.00
12:49:04         eth0      0.00      0.00      0.00      0.00      0.00      0.00      0.00      0.00

12:49:04        CPU     %user     %nice   %system   %iowait    %steal     %idle
12:49:05        all     71.47      0.00      6.29      0.00      0.00     22.24

12:49:04          tps      rtps      wtps      dtps   bread/s   bwrtn/s   bdscd/s
12:49:05         8.00      0.00      2.00      6.00      0.00    968.00    208.00

12:49:04    kbmemfree   kbavail kbmemused  %memused kbbuffers  kbcached  kbcommit   %commit  kbactive   kbinact   kbdirty
12:49:05      1563664   2746836   4847484     60.75    122320   1185784   8819304     87.52    393008   5450056      2780

12:49:04          DEV       tps     rkB/s     wkB/s     dkB/s   areq-sz    aqu-sz     await     %util
12:49:05          sda      0.00      0.00      0.00      0.00      0.00      0.00      0.00      0.00
12:49:05          sdb      0.00      0.00      0.00      0.00      0.00      0.00      0.00      0.00
12:49:05          sdc      8.00      0.00    484.00    104.00     73.50      0.01      0.75      2.00

12:49:04        IFACE   rxpck/s   txpck/s    rxkB/s    txkB/s   rxcmp/s   txcmp/s  rxmcst/s   %ifutil
12:49:05           lo     99.00     99.00    430.68    430.68      0.00      0.00      0.00      0.00
12:49:05         eth0      0.00      0.00      0.00      0.00      0.00      0.00      0.00      0.00

12:49:05        CPU     %user     %nice   %system   %iowait    %steal     %idle
12:49:06        all     65.49      0.00     10.33      0.00      0.00     24.18

12:49:05          tps      rtps      wtps      dtps   bread/s   bwrtn/s   bdscd/s
12:49:06         5.00      5.00      0.00      0.00    168.00      0.00      0.00

12:49:05    kbmemfree   kbavail kbmemused  %memused kbbuffers  kbcached  kbcommit   %commit  kbactive   kbinact   kbdirty
12:49:06       474652   1659220   5935128     74.38    122320   1186472  10319232    102.41    393216   6511800      3376

12:49:05          DEV       tps     rkB/s     wkB/s     dkB/s   areq-sz    aqu-sz     await     %util
12:49:06          sda      0.00      0.00      0.00      0.00      0.00      0.00      0.00      0.00
12:49:06          sdb      0.00      0.00      0.00      0.00      0.00      0.00      0.00      0.00
12:49:06          sdc      5.00     84.00      0.00      0.00     16.80      0.01      1.20      3.00

12:49:05        IFACE   rxpck/s   txpck/s    rxkB/s    txkB/s   rxcmp/s   txcmp/s  rxmcst/s   %ifutil
12:49:06           lo    469.00    469.00   2956.23   2956.23      0.00      0.00      0.00      0.00
12:49:06         eth0      0.00      0.00      0.00      0.00      0.00      0.00      0.00      0.00

12:49:06        CPU     %user     %nice   %system   %iowait    %steal     %idle
12:49:07        all     84.62      0.00     13.45      0.00      0.00      1.94

12:49:06          tps      rtps      wtps      dtps   bread/s   bwrtn/s   bdscd/s
12:49:07       192.00      4.00    188.00      0.00     48.00  11496.00      0.00

12:49:06    kbmemfree   kbavail kbmemused  %memused kbbuffers  kbcached  kbcommit   %commit  kbactive   kbinact   kbdirty
12:49:07       124084    979116   6615096     82.90    119824    864960  10768844    106.87    392152   6898696       600

12:49:06          DEV       tps     rkB/s     wkB/s     dkB/s   areq-sz    aqu-sz     await     %util
12:49:07          sda      0.00      0.00      0.00      0.00      0.00      0.00      0.00      0.00
12:49:07          sdb     37.00      0.00   1968.00      0.00     53.19      0.03      0.78      6.00
12:49:07          sdc    155.00     24.00   3780.00      0.00     24.54      0.29      1.87     10.00

12:49:06        IFACE   rxpck/s   txpck/s    rxkB/s    txkB/s   rxcmp/s   txcmp/s  rxmcst/s   %ifutil
12:49:07           lo    132.00    132.00    453.98    453.98      0.00      0.00      0.00      0.00
12:49:07         eth0      0.00      0.00      0.00      0.00      0.00      0.00      0.00      0.00

12:49:07        CPU     %user     %nice   %system   %iowait    %steal     %idle
12:49:08        all     18.07      0.00      4.78      0.25      0.00     76.89

12:49:07          tps      rtps      wtps      dtps   bread/s   bwrtn/s   bdscd/s
12:49:08        95.00     80.00     15.00      0.00   4032.00   1928.00      0.00

12:49:07    kbmemfree   kbavail kbmemused  %memused kbbuffers  kbcached  kbcommit   %commit  kbactive   kbinact   kbdirty
12:49:08      2733044   3539564   4056572     50.84    119104    818476   7635948     75.78    376448   4294336      1276

12:49:07          DEV       tps     rkB/s     wkB/s     dkB/s   areq-sz    aqu-sz     await     %util
12:49:08          sda      0.00      0.00      0.00      0.00      0.00      0.00      0.00      0.00
12:49:08          sdb     15.00      0.00    964.00      0.00     64.27      0.01      0.87      3.00
12:49:08          sdc     80.00   2016.00      0.00      0.00     25.20      0.04      0.47      9.00

12:49:07        IFACE   rxpck/s   txpck/s    rxkB/s    txkB/s   rxcmp/s   txcmp/s  rxmcst/s   %ifutil
12:49:08           lo    179.00    179.00    459.78    459.78      0.00      0.00      0.00      0.00
12:49:08         eth0      0.00      0.00      0.00      0.00      0.00      0.00      0.00      0.00

12:49:08        CPU     %user     %nice   %system   %iowait    %steal     %idle
12:49:09        all     46.72      0.00      6.56      0.06      0.00     46.66

12:49:08          tps      rtps      wtps      dtps   bread/s   bwrtn/s   bdscd/s
12:49:09        55.00     55.00      0.00      0.00    600.00      0.00      0.00

12:49:08    kbmemfree   kbavail kbmemused  %memused kbbuffers  kbcached  kbcommit   %commit  kbactive   kbinact   kbdirty
12:49:09      2392020   3200248   4395464     55.09    119104    819232   7850744     77.91    378124   4631676      1720

12:49:08          DEV       tps     rkB/s     wkB/s     dkB/s   areq-sz    aqu-sz     await     %util
12:49:09          sda      0.00      0.00      0.00      0.00      0.00      0.00      0.00      0.00
12:49:09          sdb      0.00      0.00      0.00      0.00      0.00      0.00      0.00      0.00
12:49:09          sdc     55.00    300.00      0.00      0.00      5.45      0.03      0.55      6.00

12:49:08        IFACE   rxpck/s   txpck/s    rxkB/s    txkB/s   rxcmp/s   txcmp/s  rxmcst/s   %ifutil
12:49:09           lo     50.00     50.00    420.75    420.75      0.00      0.00      0.00      0.00
12:49:09         eth0      0.00      0.00      0.00      0.00      0.00      0.00      0.00      0.00

12:49:09        CPU     %user     %nice   %system   %iowait    %steal     %idle
12:49:10        all     54.31      0.00      4.72      0.06      0.00     40.91

12:49:09          tps      rtps      wtps      dtps   bread/s   bwrtn/s   bdscd/s
12:49:10        42.00      8.00      2.00     32.00    648.00   1104.00  76848.00

12:49:09    kbmemfree   kbavail kbmemused  %memused kbbuffers  kbcached  kbcommit   %commit  kbactive   kbinact   kbdirty
12:49:10      1866692   2677412   4918164     61.64    119116    820564   8757468     86.91    378632   5165028      3532

12:49:09          DEV       tps     rkB/s     wkB/s     dkB/s   areq-sz    aqu-sz     await     %util
12:49:10          sda      0.00      0.00      0.00      0.00      0.00      0.00      0.00      0.00
12:49:10          sdb      0.00      0.00      0.00      0.00      0.00      0.00      0.00      0.00
12:49:10          sdc     42.00    324.00    552.00  38424.00    935.71      0.04      0.60      8.00

12:49:09        IFACE   rxpck/s   txpck/s    rxkB/s    txkB/s   rxcmp/s   txcmp/s  rxmcst/s   %ifutil
12:49:10           lo    274.00    274.00    756.68    756.68      0.00      0.00      0.00      0.00
12:49:10         eth0      0.00      0.00      0.00      0.00      0.00      0.00      0.00      0.00

12:49:10        CPU     %user     %nice   %system   %iowait    %steal     %idle
12:49:11        all     39.63      0.00      4.47      0.00      0.00     55.89

12:49:10          tps      rtps      wtps      dtps   bread/s   bwrtn/s   bdscd/s
12:49:11         9.00      5.00      4.00      0.00    200.00    256.00      0.00

12:49:10    kbmemfree   kbavail kbmemused  %memused kbbuffers  kbcached  kbcommit   %commit  kbactive   kbinact   kbdirty
12:49:11      2702604   3511148   4084868     51.19    119120    819812   6963524     69.11    379060   4332788      2388

12:49:10          DEV       tps     rkB/s     wkB/s     dkB/s   areq-sz    aqu-sz     await     %util
12:49:11          sda      0.00      0.00      0.00      0.00      0.00      0.00      0.00      0.00
12:49:11          sdb      0.00      0.00      0.00      0.00      0.00      0.00      0.00      0.00
12:49:11          sdc      9.00    100.00    128.00      0.00     25.33      0.01      0.89      7.00

12:49:10        IFACE   rxpck/s   txpck/s    rxkB/s    txkB/s   rxcmp/s   txcmp/s  rxmcst/s   %ifutil
12:49:11           lo    179.00    179.00    566.76    566.76      0.00      0.00      0.00      0.00
12:49:11         eth0      0.00      0.00      0.00      0.00      0.00      0.00      0.00      0.00

12:49:11        CPU     %user     %nice   %system   %iowait    %steal     %idle
12:49:12        all     20.17      0.00      1.75      0.31      0.00     77.76

12:49:11          tps      rtps      wtps      dtps   bread/s   bwrtn/s   bdscd/s
12:49:12       128.00    120.00      8.00      0.00   2480.00     32.00      0.00

12:49:11    kbmemfree   kbavail kbmemused  %memused kbbuffers  kbcached  kbcommit   %commit  kbactive   kbinact   kbdirty
12:49:12      2546476   3356388   4239644     53.13    119120    821408   7093672     70.40    379972   4485740      2752

12:49:11          DEV       tps     rkB/s     wkB/s     dkB/s   areq-sz    aqu-sz     await     %util
12:49:12          sda      0.00      0.00      0.00      0.00      0.00      0.00      0.00      0.00
12:49:12          sdb      0.00      0.00      0.00      0.00      0.00      0.00      0.00      0.00
12:49:12          sdc    128.00   1240.00     16.00      0.00      9.81      0.06      0.42     22.00

12:49:11        IFACE   rxpck/s   txpck/s    rxkB/s    txkB/s   rxcmp/s   txcmp/s  rxmcst/s   %ifutil
12:49:12           lo    154.00    154.00   1653.98   1653.98      0.00      0.00      0.00      0.00
12:49:12         eth0      0.00      0.00      0.00      0.00      0.00      0.00      0.00      0.00

12:49:12        CPU     %user     %nice   %system   %iowait    %steal     %idle
12:49:13        all      1.07      0.00      0.38      0.00      0.00     98.56

12:49:12          tps      rtps      wtps      dtps   bread/s   bwrtn/s   bdscd/s
12:49:13         0.00      0.00      0.00      0.00      0.00      0.00      0.00

12:49:12    kbmemfree   kbavail kbmemused  %memused kbbuffers  kbcached  kbcommit   %commit  kbactive   kbinact   kbdirty
12:49:13      2544516   3354952   4241080     53.15    119120    821932   7094864     70.41    379988   4487764      3276

12:49:12          DEV       tps     rkB/s     wkB/s     dkB/s   areq-sz    aqu-sz     await     %util
12:49:13          sda      0.00      0.00      0.00      0.00      0.00      0.00      0.00      0.00
12:49:13          sdb      0.00      0.00      0.00      0.00      0.00      0.00      0.00      0.00
12:49:13          sdc      0.00      0.00      0.00      0.00      0.00      0.00      0.00      0.00

12:49:12        IFACE   rxpck/s   txpck/s    rxkB/s    txkB/s   rxcmp/s   txcmp/s  rxmcst/s   %ifutil
12:49:13           lo     58.00     58.00    526.52    526.52      0.00      0.00      0.00      0.00
12:49:13         eth0      0.00      0.00      0.00      0.00      0.00      0.00      0.00      0.00

12:49:13        CPU     %user     %nice   %system   %iowait    %steal     %idle
12:49:14        all      1.62      0.00      0.50      0.06      0.00     97.81

12:49:13          tps      rtps      wtps      dtps   bread/s   bwrtn/s   bdscd/s
12:49:14        25.00      6.00     19.00      0.00     80.00    144.00      0.00

12:49:13    kbmemfree   kbavail kbmemused  %memused kbbuffers  kbcached  kbcommit   %commit  kbactive   kbinact   kbdirty
12:49:14      2817308   3626780   3969552     49.75    119120    821568   6667152     66.17    379996   4231248      2908

12:49:13          DEV       tps     rkB/s     wkB/s     dkB/s   areq-sz    aqu-sz     await     %util
12:49:14          sda      0.00      0.00      0.00      0.00      0.00      0.00      0.00      0.00
12:49:14          sdb      0.00      0.00      0.00      0.00      0.00      0.00      0.00      0.00
12:49:14          sdc     25.00     40.00     72.00      0.00      4.48      0.03      0.68     10.00

12:49:13        IFACE   rxpck/s   txpck/s    rxkB/s    txkB/s   rxcmp/s   txcmp/s  rxmcst/s   %ifutil
12:49:14           lo     92.00     92.00    439.95    439.95      0.00      0.00      0.00      0.00
12:49:14         eth0      0.00      0.00      0.00      0.00      0.00      0.00      0.00      0.00

12:49:14        CPU     %user     %nice   %system   %iowait    %steal     %idle
12:49:15        all      0.37      0.00      0.12      0.06      0.00     99.44

12:49:14          tps      rtps      wtps      dtps   bread/s   bwrtn/s   bdscd/s
12:49:15        35.00      2.00      8.00     25.00     16.00    816.00   3616.00

12:49:14    kbmemfree   kbavail kbmemused  %memused kbbuffers  kbcached  kbcommit   %commit  kbactive   kbinact   kbdirty
12:49:15      2816608   3626120   3970324     49.76    119132    821644   6667160     66.17    380028   4231132      3100

12:49:14          DEV       tps     rkB/s     wkB/s     dkB/s   areq-sz    aqu-sz     await     %util
12:49:15          sda      0.00      0.00      0.00      0.00      0.00      0.00      0.00      0.00
12:49:15          sdb      0.00      0.00      0.00      0.00      0.00      0.00      0.00      0.00
12:49:15          sdc     35.00      8.00    408.00   1808.00     63.54      0.02      0.43      4.00

12:49:14        IFACE   rxpck/s   txpck/s    rxkB/s    txkB/s   rxcmp/s   txcmp/s  rxmcst/s   %ifutil
12:49:15           lo     56.00     56.00    422.41    422.41      0.00      0.00      0.00      0.00
12:49:15         eth0      0.00      0.00      0.00      0.00      0.00      0.00      0.00      0.00

12:49:15        CPU     %user     %nice   %system   %iowait    %steal     %idle
12:49:16        all      0.69      0.00      0.37      0.00      0.00     98.94

12:49:15          tps      rtps      wtps      dtps   bread/s   bwrtn/s   bdscd/s
12:49:16         7.92      0.00      7.92      0.00      0.00     31.68      0.00

12:49:15    kbmemfree   kbavail kbmemused  %memused kbbuffers  kbcached  kbcommit   %commit  kbactive   kbinact   kbdirty
12:49:16      2815212   3624788   3971652     49.77    119132    821712   6667684     66.17    380036   4231612      3168

12:49:15          DEV       tps     rkB/s     wkB/s     dkB/s   areq-sz    aqu-sz     await     %util
12:49:16          sda      0.00      0.00      0.00      0.00      0.00      0.00      0.00      0.00
12:49:16          sdb      0.00      0.00      0.00      0.00      0.00      0.00      0.00      0.00
12:49:16          sdc      7.92      0.00     15.84      0.00      2.00      0.01      0.88      2.97

12:49:15        IFACE   rxpck/s   txpck/s    rxkB/s    txkB/s   rxcmp/s   txcmp/s  rxmcst/s   %ifutil
12:49:16           lo     90.10     90.10    533.22    533.22      0.00      0.00      0.00      0.00
12:49:16         eth0      0.00      0.00      0.00      0.00      0.00      0.00      0.00      0.00

12:49:16        CPU     %user     %nice   %system   %iowait    %steal     %idle
12:49:17        all      0.44      0.00      0.25      0.06      0.00     99.25

12:49:16          tps      rtps      wtps      dtps   bread/s   bwrtn/s   bdscd/s
12:49:17       143.00      0.00    143.00      0.00      0.00   6648.00      0.00

12:49:16    kbmemfree   kbavail kbmemused  %memused kbbuffers  kbcached  kbcommit   %commit  kbactive   kbinact   kbdirty
12:49:17      2815028   3624884   3971508     49.77    119132    821976   6667660     66.17    380056   4231692         0

12:49:16          DEV       tps     rkB/s     wkB/s     dkB/s   areq-sz    aqu-sz     await     %util
12:49:17          sda      0.00      0.00      0.00      0.00      0.00      0.00      0.00      0.00
12:49:17          sdb      0.00      0.00      0.00      0.00      0.00      0.00      0.00      0.00
12:49:17          sdc    143.00      0.00   3324.00      0.00     23.24      0.22      1.50      4.00

12:49:16        IFACE   rxpck/s   txpck/s    rxkB/s    txkB/s   rxcmp/s   txcmp/s  rxmcst/s   %ifutil
12:49:17           lo    112.00    112.00   1028.95   1028.95      0.00      0.00      0.00      0.00
12:49:17         eth0      0.00      0.00      0.00      0.00      0.00      0.00      0.00      0.00

12:49:17        CPU     %user     %nice   %system   %iowait    %steal     %idle
12:49:18        all      0.69      0.00      0.19      0.06      0.00     99.06

12:49:17          tps      rtps      wtps      dtps   bread/s   bwrtn/s   bdscd/s
12:49:18        14.00      4.00     10.00      0.00     48.00     48.00      0.00

12:49:17    kbmemfree   kbavail kbmemused  %memused kbbuffers  kbcached  kbcommit   %commit  kbactive   kbinact   kbdirty
12:49:18      2814316   3624276   3972228     49.78    119132    822076   6667840     66.17    380084   4230852       172

12:49:17          DEV       tps     rkB/s     wkB/s     dkB/s   areq-sz    aqu-sz     await     %util
12:49:18          sda      0.00      0.00      0.00      0.00      0.00      0.00      0.00      0.00
12:49:18          sdb      0.00      0.00      0.00      0.00      0.00      0.00      0.00      0.00
12:49:18          sdc     14.00     24.00     24.00      0.00      3.43      0.02      0.79      4.00

12:49:17        IFACE   rxpck/s   txpck/s    rxkB/s    txkB/s   rxcmp/s   txcmp/s  rxmcst/s   %ifutil
12:49:18           lo     42.00     42.00    420.87    420.87      0.00      0.00      0.00      0.00
12:49:18         eth0      0.00      0.00      0.00      0.00      0.00      0.00      0.00      0.00

12:49:18        CPU     %user     %nice   %system   %iowait    %steal     %idle
12:49:19        all      0.75      0.00      0.06      0.00      0.00     99.19

12:49:18          tps      rtps      wtps      dtps   bread/s   bwrtn/s   bdscd/s
12:49:19         4.00      2.00      2.00      0.00     16.00      8.00      0.00

12:49:18    kbmemfree   kbavail kbmemused  %memused kbbuffers  kbcached  kbcommit   %commit  kbactive   kbinact   kbdirty
12:49:19      2785788   3595760   4000828     50.14    119132    822088   6644224     65.94    380100   4251764       184

12:49:18          DEV       tps     rkB/s     wkB/s     dkB/s   areq-sz    aqu-sz     await     %util
12:49:19          sda      0.00      0.00      0.00      0.00      0.00      0.00      0.00      0.00
12:49:19          sdb      0.00      0.00      0.00      0.00      0.00      0.00      0.00      0.00
12:49:19          sdc      4.00      8.00      4.00      0.00      3.00      0.01      1.25      3.00

12:49:18        IFACE   rxpck/s   txpck/s    rxkB/s    txkB/s   rxcmp/s   txcmp/s  rxmcst/s   %ifutil
12:49:19           lo     36.00     36.00    424.15    424.15      0.00      0.00      0.00      0.00
12:49:19         eth0      0.00      0.00      0.00      0.00      0.00      0.00      0.00      0.00
