Linux 5.15.167.4-microsoft-standard-WSL2 (Sathvik) 	02/21/25 	_x86_64_	(16 CPU)

02:01:51        CPU     %user     %nice   %system   %iowait    %steal     %idle
02:01:52        all     14.16      0.00      2.83      0.06      0.00     82.95

02:01:51          tps      rtps      wtps      dtps   bread/s   bwrtn/s   bdscd/s
02:01:52        19.00     19.00      0.00      0.00   2392.00      0.00      0.00

02:01:51    kbmemfree   kbavail kbmemused  %memused kbbuffers  kbcached  kbcommit   %commit  kbactive   kbinact   kbdirty
02:01:52      3277852   3669680   3915864     49.08     39708    489808   7130164     70.76   1798536   2302780      1172

02:01:51          DEV       tps     rkB/s     wkB/s     dkB/s   areq-sz    aqu-sz     await     %util
02:01:52          sda      0.00      0.00      0.00      0.00      0.00      0.00      0.00      0.00
02:01:52          sdb      0.00      0.00      0.00      0.00      0.00      0.00      0.00      0.00
02:01:52          sdc     19.00   1196.00      0.00      0.00     62.95      0.01      0.58      4.00

02:01:51        IFACE   rxpck/s   txpck/s    rxkB/s    txkB/s   rxcmp/s   txcmp/s  rxmcst/s   %ifutil
02:01:52           lo     22.00     22.00    381.41    381.41      0.00      0.00      0.00      0.00
02:01:52         eth0      4.00      0.00      0.36      0.00      0.00      0.00      4.00      0.00

02:01:52        CPU     %user     %nice   %system   %iowait    %steal     %idle
02:01:53        all      7.44      0.00      1.12      0.12      0.00     91.32

02:01:52          tps      rtps      wtps      dtps   bread/s   bwrtn/s   bdscd/s
02:01:53        42.00     28.00     14.00      0.00   2264.00     56.00      0.00

02:01:52    kbmemfree   kbavail kbmemused  %memused kbbuffers  kbcached  kbcommit   %commit  kbactive   kbinact   kbdirty
02:01:53      3186552   3578480   4006996     50.22     39708    489952   7246476     71.91   1798660   2388632      1476

02:01:52          DEV       tps     rkB/s     wkB/s     dkB/s   areq-sz    aqu-sz     await     %util
02:01:53          sda      0.00      0.00      0.00      0.00      0.00      0.00      0.00      0.00
02:01:53          sdb     12.00     88.00      0.00      0.00      7.33      0.01      0.50      4.00
02:01:53          sdc     30.00   1044.00     28.00      0.00     35.73      0.03      0.73     12.00

02:01:52        IFACE   rxpck/s   txpck/s    rxkB/s    txkB/s   rxcmp/s   txcmp/s  rxmcst/s   %ifutil
02:01:53           lo     92.00     92.00    666.13    666.13      0.00      0.00      0.00      0.00
02:01:53         eth0      0.00      0.00      0.00      0.00      0.00      0.00      0.00      0.00

02:01:53        CPU     %user     %nice   %system   %iowait    %steal     %idle
02:01:54        all      0.50      0.00      0.31      0.25      0.00     98.94

02:01:53          tps      rtps      wtps      dtps   bread/s   bwrtn/s   bdscd/s
02:01:54        52.48      5.94     42.57      3.96   2368.32   4007.92    158.42

02:01:53    kbmemfree   kbavail kbmemused  %memused kbbuffers  kbcached  kbcommit   %commit  kbactive   kbinact   kbdirty
02:01:54      3183900   3576048   4009436     50.25     39716    490156   7249860     71.95   1798692   2390272       676

02:01:53          DEV       tps     rkB/s     wkB/s     dkB/s   areq-sz    aqu-sz     await     %util
02:01:54          sda      0.00      0.00      0.00      0.00      0.00      0.00      0.00      0.00
02:01:54          sdb      0.00      0.00      0.00      0.00      0.00      0.00      0.00      0.00
02:01:54          sdc     52.48   1184.16   2003.96     79.21     62.26      0.07      1.19      8.91

02:01:53        IFACE   rxpck/s   txpck/s    rxkB/s    txkB/s   rxcmp/s   txcmp/s  rxmcst/s   %ifutil
02:01:54           lo     52.48     52.48    389.60    389.60      0.00      0.00      0.00      0.00
02:01:54         eth0      0.00      0.00      0.00      0.00      0.00      0.00      0.00      0.00

02:01:54        CPU     %user     %nice   %system   %iowait    %steal     %idle
02:01:55        all      2.49      0.00      0.75      0.12      0.00     96.64

02:01:54          tps      rtps      wtps      dtps   bread/s   bwrtn/s   bdscd/s
02:01:55        25.00     11.00     14.00      0.00   2424.00     64.00      0.00

02:01:54    kbmemfree   kbavail kbmemused  %memused kbbuffers  kbcached  kbcommit   %commit  kbactive   kbinact   kbdirty
02:01:55      3173408   3566068   4019444     50.37     39716    490640   7252432     71.97   1798716   2401964       980

02:01:54          DEV       tps     rkB/s     wkB/s     dkB/s   areq-sz    aqu-sz     await     %util
02:01:55          sda      0.00      0.00      0.00      0.00      0.00      0.00      0.00      0.00
02:01:55          sdb      0.00      0.00      0.00      0.00      0.00      0.00      0.00      0.00
02:01:55          sdc     25.00   1212.00     32.00      0.00     49.76      0.04      1.16      7.00

02:01:54        IFACE   rxpck/s   txpck/s    rxkB/s    txkB/s   rxcmp/s   txcmp/s  rxmcst/s   %ifutil
02:01:55           lo     85.00     85.00    649.44    649.44      0.00      0.00      0.00      0.00
02:01:55         eth0      0.00      0.00      0.00      0.00      0.00      0.00      0.00      0.00

02:01:55        CPU     %user     %nice   %system   %iowait    %steal     %idle
02:01:56        all      0.06      0.00      0.12      0.06      0.00     99.75

02:01:55          tps      rtps      wtps      dtps   bread/s   bwrtn/s   bdscd/s
02:01:56         4.95      2.97      1.98      0.00   2534.65      7.92      0.00

02:01:55    kbmemfree   kbavail kbmemused  %memused kbbuffers  kbcached  kbcommit   %commit  kbactive   kbinact   kbdirty
02:01:56      3168584   3561896   4023548     50.42     39716    491360   7252420     71.97   1798728   2406748       996

02:01:55          DEV       tps     rkB/s     wkB/s     dkB/s   areq-sz    aqu-sz     await     %util
02:01:56          sda      0.00      0.00      0.00      0.00      0.00      0.00      0.00      0.00
02:01:56          sdb      0.00      0.00      0.00      0.00      0.00      0.00      0.00      0.00
02:01:56          sdc      4.95   1267.33      3.96      0.00    256.80      0.01      1.00      2.97

02:01:55        IFACE   rxpck/s   txpck/s    rxkB/s    txkB/s   rxcmp/s   txcmp/s  rxmcst/s   %ifutil
02:01:56           lo     25.74     25.74    378.40    378.40      0.00      0.00      0.00      0.00
02:01:56         eth0      3.96      0.00      0.82      0.00      0.00      0.00      3.96      0.00

02:01:56        CPU     %user     %nice   %system   %iowait    %steal     %idle
02:01:57        all      6.25      0.00      1.64      0.00      0.00     92.11

02:01:56          tps      rtps      wtps      dtps   bread/s   bwrtn/s   bdscd/s
02:01:57        43.00     43.00      0.00      0.00   1360.00      0.00      0.00

02:01:56    kbmemfree   kbavail kbmemused  %memused kbbuffers  kbcached  kbcommit   %commit  kbactive   kbinact   kbdirty
02:01:57      3047468   3440620   4144796     51.94     39720    490976   7535788     74.79   1798900   2528432      1680

02:01:56          DEV       tps     rkB/s     wkB/s     dkB/s   areq-sz    aqu-sz     await     %util
02:01:57          sda      0.00      0.00      0.00      0.00      0.00      0.00      0.00      0.00
02:01:57          sdb     32.00    320.00      0.00      0.00     10.00      0.01      0.47      8.00
02:01:57          sdc     11.00    360.00      0.00      0.00     32.73      0.01      0.55      4.00

02:01:56        IFACE   rxpck/s   txpck/s    rxkB/s    txkB/s   rxcmp/s   txcmp/s  rxmcst/s   %ifutil
02:01:57           lo    196.00    196.00    950.62    950.62      0.00      0.00      0.00      0.00
02:01:57         eth0      8.00      0.00      1.77      0.00      0.00      0.00      8.00      0.00

02:01:57        CPU     %user     %nice   %system   %iowait    %steal     %idle
02:01:58        all     15.70      0.00      2.22      0.18      0.00     81.90

02:01:57          tps      rtps      wtps      dtps   bread/s   bwrtn/s   bdscd/s
02:01:58        36.63     36.63      0.00      0.00   2994.06      0.00      0.00

02:01:57    kbmemfree   kbavail kbmemused  %memused kbbuffers  kbcached  kbcommit   %commit  kbactive   kbinact   kbdirty
02:01:58      2906780   3300468   4284888     53.70     39720    491452   7763572     77.05   1799132   2661732      1756

02:01:57          DEV       tps     rkB/s     wkB/s     dkB/s   areq-sz    aqu-sz     await     %util
02:01:58          sda      0.00      0.00      0.00      0.00      0.00      0.00      0.00      0.00
02:01:58          sdb      4.95     63.37      0.00      0.00     12.80      0.00      0.60      0.99
02:01:58          sdc     31.68   1433.66      0.00      0.00     45.25      0.02      0.62     12.87

02:01:57        IFACE   rxpck/s   txpck/s    rxkB/s    txkB/s   rxcmp/s   txcmp/s  rxmcst/s   %ifutil
02:01:58           lo     42.57     42.57    381.57    381.57      0.00      0.00      0.00      0.00
02:01:58         eth0      4.95      2.97      0.36      0.25      0.00      0.00      0.00      0.00

02:01:58        CPU     %user     %nice   %system   %iowait    %steal     %idle
02:01:58        all     14.90      0.00      2.00      0.31      0.00     82.78

02:01:58          tps      rtps      wtps      dtps   bread/s   bwrtn/s   bdscd/s
02:01:58       201.00     96.00    105.00      0.00   2776.00   4176.00      0.00

02:01:58    kbmemfree   kbavail kbmemused  %memused kbbuffers  kbcached  kbcommit   %commit  kbactive   kbinact   kbdirty
02:01:58      2770364   3164292   4421044     55.41     39728    491664   7918516     78.58   1799576   2803836       576

02:01:58          DEV       tps     rkB/s     wkB/s     dkB/s   areq-sz    aqu-sz     await     %util
02:01:58          sda      0.00      0.00      0.00      0.00      0.00      0.00      0.00      0.00
02:01:58          sdb      6.00     60.00      0.00      0.00     10.00      0.00      0.17      1.00
02:01:58          sdc    195.00   1328.00   2088.00      0.00     17.52      0.27      1.34     24.00

02:01:58        IFACE   rxpck/s   txpck/s    rxkB/s    txkB/s   rxcmp/s   txcmp/s  rxmcst/s   %ifutil
02:01:58           lo     60.00     60.00    386.93    386.93      0.00      0.00      0.00      0.00
02:01:58         eth0      1.00      1.00      0.09      0.09      0.00      0.00      0.00      0.00

02:01:58        CPU     %user     %nice   %system   %iowait    %steal     %idle
02:01:59        all     22.50      0.00      3.09      0.19      0.00     74.23

02:01:58          tps      rtps      wtps      dtps   bread/s   bwrtn/s   bdscd/s
02:01:59        80.00     74.00      6.00      0.00   2936.00     24.00      0.00

02:01:58    kbmemfree   kbavail kbmemused  %memused kbbuffers  kbcached  kbcommit   %commit  kbactive   kbinact   kbdirty
02:01:59      2587040   2981420   4603896     57.70     39732    492100   7996832     79.36   1799908   2986328       628

02:01:58          DEV       tps     rkB/s     wkB/s     dkB/s   areq-sz    aqu-sz     await     %util
02:01:59          sda      0.00      0.00      0.00      0.00      0.00      0.00      0.00      0.00
02:01:59          sdb     11.00    120.00      0.00      0.00     10.91      0.01      0.45      2.00
02:01:59          sdc     69.00   1348.00     12.00      0.00     19.71      0.05      0.65     28.00

02:01:58        IFACE   rxpck/s   txpck/s    rxkB/s    txkB/s   rxcmp/s   txcmp/s  rxmcst/s   %ifutil
02:01:59           lo     43.00     43.00    386.09    386.09      0.00      0.00      0.00      0.00
02:01:59         eth0      0.00      0.00      0.00      0.00      0.00      0.00      0.00      0.00

02:01:59        CPU     %user     %nice   %system   %iowait    %steal     %idle
02:02:00        all      5.32      0.00      0.69      0.25      0.00     93.74

02:01:59          tps      rtps      wtps      dtps   bread/s   bwrtn/s   bdscd/s
02:02:00        23.00     19.00      4.00      0.00   1792.00     16.00      0.00

02:01:59    kbmemfree   kbavail kbmemused  %memused kbbuffers  kbcached  kbcommit   %commit  kbactive   kbinact   kbdirty
02:02:00      2577160   2971804   4613468     57.82     39732    492384   8001712     79.41   1799996   2996804       944

02:01:59          DEV       tps     rkB/s     wkB/s     dkB/s   areq-sz    aqu-sz     await     %util
02:02:00          sda      0.00      0.00      0.00      0.00      0.00      0.00      0.00      0.00
02:02:00          sdb      0.00      0.00      0.00      0.00      0.00      0.00      0.00      0.00
02:02:00          sdc     23.00    896.00      8.00      0.00     39.30      0.02      0.70      9.00

02:01:59        IFACE   rxpck/s   txpck/s    rxkB/s    txkB/s   rxcmp/s   txcmp/s  rxmcst/s   %ifutil
02:02:00           lo     90.00     90.00    700.77    700.77      0.00      0.00      0.00      0.00
02:02:00         eth0      0.00      0.00      0.00      0.00      0.00      0.00      0.00      0.00

02:02:00        CPU     %user     %nice   %system   %iowait    %steal     %idle
02:02:01        all      0.37      0.00      0.06      0.06      0.00     99.50

02:02:00          tps      rtps      wtps      dtps   bread/s   bwrtn/s   bdscd/s
02:02:01        21.00     19.00      2.00      0.00   2848.00      8.00      0.00

02:02:00    kbmemfree   kbavail kbmemused  %memused kbbuffers  kbcached  kbcommit   %commit  kbactive   kbinact   kbdirty
02:02:01      2579440   2974616   4610628     57.78     39732    492944   7996144     79.35   1800020   2994072       956

02:02:00          DEV       tps     rkB/s     wkB/s     dkB/s   areq-sz    aqu-sz     await     %util
02:02:01          sda      0.00      0.00      0.00      0.00      0.00      0.00      0.00      0.00
02:02:01          sdb      0.00      0.00      0.00      0.00      0.00      0.00      0.00      0.00
02:02:01          sdc     21.00   1424.00      4.00      0.00     68.00      0.02      0.76      5.00

02:02:00        IFACE   rxpck/s   txpck/s    rxkB/s    txkB/s   rxcmp/s   txcmp/s  rxmcst/s   %ifutil
02:02:01           lo     30.00     30.00    383.17    383.17      0.00      0.00      0.00      0.00
02:02:01         eth0      0.00      0.00      0.00      0.00      0.00      0.00      0.00      0.00

02:02:01        CPU     %user     %nice   %system   %iowait    %steal     %idle
02:02:02        all     32.52      0.00      9.19      0.13      0.00     58.16

02:02:01          tps      rtps      wtps      dtps   bread/s   bwrtn/s   bdscd/s
02:02:02        69.00     69.00      0.00      0.00   2072.00      0.00      0.00

02:02:01    kbmemfree   kbavail kbmemused  %memused kbbuffers  kbcached  kbcommit   %commit  kbactive   kbinact   kbdirty
02:02:02      2225284   2623028   4959860     62.16     39732    493316   9514224     94.42   1800512   3335936      1464

02:02:01          DEV       tps     rkB/s     wkB/s     dkB/s   areq-sz    aqu-sz     await     %util
02:02:02          sda      0.00      0.00      0.00      0.00      0.00      0.00      0.00      0.00
02:02:02          sdb      3.00     24.00      0.00      0.00      8.00      0.00      0.33      2.00
02:02:02          sdc     66.00   1012.00      0.00      0.00     15.33      0.03      0.52     17.00

02:02:01        IFACE   rxpck/s   txpck/s    rxkB/s    txkB/s   rxcmp/s   txcmp/s  rxmcst/s   %ifutil
02:02:02           lo    124.00    124.00    408.92    408.92      0.00      0.00      0.00      0.00
02:02:02         eth0      0.00      0.00      0.00      0.00      0.00      0.00      0.00      0.00

02:02:02        CPU     %user     %nice   %system   %iowait    %steal     %idle
02:02:03        all     67.65      0.00     15.98      0.00      0.00     16.37

02:02:02          tps      rtps      wtps      dtps   bread/s   bwrtn/s   bdscd/s
02:02:03        91.00     11.00     80.00      0.00   3768.00   4560.00      0.00

02:02:02    kbmemfree   kbavail kbmemused  %memused kbbuffers  kbcached  kbcommit   %commit  kbactive   kbinact   kbdirty
02:02:03      1995112   2394324   5188344     65.02     39740    494628   9763060     96.89   1800572   3564320      1008

02:02:02          DEV       tps     rkB/s     wkB/s     dkB/s   areq-sz    aqu-sz     await     %util
02:02:03          sda      0.00      0.00      0.00      0.00      0.00      0.00      0.00      0.00
02:02:03          sdb      0.00      0.00      0.00      0.00      0.00      0.00      0.00      0.00
02:02:03          sdc     91.00   1884.00   2280.00      0.00     45.76      0.15      1.54     12.00

02:02:02        IFACE   rxpck/s   txpck/s    rxkB/s    txkB/s   rxcmp/s   txcmp/s  rxmcst/s   %ifutil
02:02:03           lo     23.00     23.00    383.20    383.20      0.00      0.00      0.00      0.00
02:02:03         eth0      0.00      0.00      0.00      0.00      0.00      0.00      0.00      0.00

02:02:03        CPU     %user     %nice   %system   %iowait    %steal     %idle
02:02:04        all     64.02      0.00      9.45      0.00      0.00     26.52

02:02:03          tps      rtps      wtps      dtps   bread/s   bwrtn/s   bdscd/s
02:02:04         7.00      7.00      0.00      0.00    848.00      0.00      0.00

02:02:03    kbmemfree   kbavail kbmemused  %memused kbbuffers  kbcached  kbcommit   %commit  kbactive   kbinact   kbdirty
02:02:04      1705872   2105540   5476912     68.64     39744    494864  10220800    101.43   1800592   3853456      1872

02:02:03          DEV       tps     rkB/s     wkB/s     dkB/s   areq-sz    aqu-sz     await     %util
02:02:04          sda      0.00      0.00      0.00      0.00      0.00      0.00      0.00      0.00
02:02:04          sdb      0.00      0.00      0.00      0.00      0.00      0.00      0.00      0.00
02:02:04          sdc      7.00    424.00      0.00      0.00     60.57      0.00      0.43      2.00

02:02:03        IFACE   rxpck/s   txpck/s    rxkB/s    txkB/s   rxcmp/s   txcmp/s  rxmcst/s   %ifutil
02:02:04           lo     98.00     98.00    395.42    395.42      0.00      0.00      0.00      0.00
02:02:04         eth0      0.00      0.00      0.00      0.00      0.00      0.00      0.00      0.00

02:02:04        CPU     %user     %nice   %system   %iowait    %steal     %idle
02:02:05        all     61.47      0.00      8.75      0.06      0.00     29.71

02:02:04          tps      rtps      wtps      dtps   bread/s   bwrtn/s   bdscd/s
02:02:05        13.00     13.00      0.00      0.00   2424.00      0.00      0.00

02:02:04    kbmemfree   kbavail kbmemused  %memused kbbuffers  kbcached  kbcommit   %commit  kbactive   kbinact   kbdirty
02:02:05      1340568   1741320   5841012     73.20     39744    495776  10277476    101.99   1800604   4206032      3008

02:02:04          DEV       tps     rkB/s     wkB/s     dkB/s   areq-sz    aqu-sz     await     %util
02:02:05          sda      0.00      0.00      0.00      0.00      0.00      0.00      0.00      0.00
02:02:05          sdb      3.00     28.00      0.00      0.00      9.33      0.00      0.67      1.00
02:02:05          sdc     10.00   1184.00      0.00      0.00    118.40      0.01      0.80      3.00

02:02:04        IFACE   rxpck/s   txpck/s    rxkB/s    txkB/s   rxcmp/s   txcmp/s  rxmcst/s   %ifutil
02:02:05           lo     95.00     95.00    392.82    392.82      0.00      0.00      0.00      0.00
02:02:05         eth0      1.00      0.00      0.20      0.00      0.00      0.00      1.00      0.00

02:02:05        CPU     %user     %nice   %system   %iowait    %steal     %idle
02:02:06        all     76.41      0.00     14.80      0.51      0.00      8.29

02:02:05          tps      rtps      wtps      dtps   bread/s   bwrtn/s   bdscd/s
02:02:06       301.00    285.00     16.00      0.00  12216.00     64.00      0.00

02:02:05    kbmemfree   kbavail kbmemused  %memused kbbuffers  kbcached  kbcommit   %commit  kbactive   kbinact   kbdirty
02:02:06       418684    821704   6760364     84.72     39748    497936  11877944    117.88   1803556   5119532      3032

02:02:05          DEV       tps     rkB/s     wkB/s     dkB/s   areq-sz    aqu-sz     await     %util
02:02:06          sda      0.00      0.00      0.00      0.00      0.00      0.00      0.00      0.00
02:02:06          sdb    254.00   3280.00      0.00      0.00     12.91      0.10      0.39     50.00
02:02:06          sdc     47.00   2828.00     32.00      0.00     60.85      0.05      0.79     19.00

02:02:05        IFACE   rxpck/s   txpck/s    rxkB/s    txkB/s   rxcmp/s   txcmp/s  rxmcst/s   %ifutil
02:02:06           lo    502.00    502.00   2785.13   2785.13      0.00      0.00      0.00      0.00
02:02:06         eth0      0.00      0.00      0.00      0.00      0.00      0.00      0.00      0.00

02:02:06        CPU     %user     %nice   %system   %iowait    %steal     %idle
02:02:07        all     47.35      0.00     11.31      0.00      0.00     41.35

02:02:06          tps      rtps      wtps      dtps   bread/s   bwrtn/s   bdscd/s
02:02:07       129.70    129.70      0.00      0.00   7801.98      0.00      0.00

02:02:06    kbmemfree   kbavail kbmemused  %memused kbbuffers  kbcached  kbcommit   %commit  kbactive   kbinact   kbdirty
02:02:07      2546812   2947296   4635316     58.09     39760    495920   8015632     79.55   1804056   3009584      1540

02:02:06          DEV       tps     rkB/s     wkB/s     dkB/s   areq-sz    aqu-sz     await     %util
02:02:07          sda      0.00      0.00      0.00      0.00      0.00      0.00      0.00      0.00
02:02:07          sdb    124.75   3144.55      0.00      0.00     25.21      0.07      0.56     21.78
02:02:07          sdc      4.95    756.44      0.00      0.00    152.80      0.00      0.60      1.98

02:02:06        IFACE   rxpck/s   txpck/s    rxkB/s    txkB/s   rxcmp/s   txcmp/s  rxmcst/s   %ifutil
02:02:07           lo    164.36    164.36    421.76    421.76      0.00      0.00      0.00      0.00
02:02:07         eth0      0.00      0.00      0.00      0.00      0.00      0.00      0.00      0.00

02:02:07        CPU     %user     %nice   %system   %iowait    %steal     %idle
02:02:08        all     23.26      0.00      5.72      0.13      0.00     70.89

02:02:07          tps      rtps      wtps      dtps   bread/s   bwrtn/s   bdscd/s
02:02:08       105.00      6.00     68.00     31.00   1880.00   2424.00   1728.00

02:02:07    kbmemfree   kbavail kbmemused  %memused kbbuffers  kbcached  kbcommit   %commit  kbactive   kbinact   kbdirty
02:02:08      2316308   2715764   4867752     61.00     39772    495712   9014436     89.46   1804060   3237400      1004

02:02:07          DEV       tps     rkB/s     wkB/s     dkB/s   areq-sz    aqu-sz     await     %util
02:02:08          sda      0.00      0.00      0.00      0.00      0.00      0.00      0.00      0.00
02:02:08          sdb      0.00      0.00      0.00      0.00      0.00      0.00      0.00      0.00
02:02:08          sdc    105.00    940.00   1212.00    864.00     28.72      0.09      0.85      4.00

02:02:07        IFACE   rxpck/s   txpck/s    rxkB/s    txkB/s   rxcmp/s   txcmp/s  rxmcst/s   %ifutil
02:02:08           lo     88.00     88.00    400.12    400.12      0.00      0.00      0.00      0.00
02:02:08         eth0      0.00      0.00      0.00      0.00      0.00      0.00      0.00      0.00

02:02:08        CPU     %user     %nice   %system   %iowait    %steal     %idle
02:02:09        all     61.95      0.00      9.77      0.00      0.00     28.27

02:02:08          tps      rtps      wtps      dtps   bread/s   bwrtn/s   bdscd/s
02:02:09        16.00     16.00      0.00      0.00   1976.00      0.00      0.00

02:02:08    kbmemfree   kbavail kbmemused  %memused kbbuffers  kbcached  kbcommit   %commit  kbactive   kbinact   kbdirty
02:02:09      2102488   2502512   5080376     63.67     39772    495652   9446080     93.74   1804108   3457284      1156

02:02:08          DEV       tps     rkB/s     wkB/s     dkB/s   areq-sz    aqu-sz     await     %util
02:02:09          sda      0.00      0.00      0.00      0.00      0.00      0.00      0.00      0.00
02:02:09          sdb      1.00     32.00      0.00      0.00     32.00      0.00      0.00      1.00
02:02:09          sdc     15.00    956.00      0.00      0.00     63.73      0.01      1.00      4.00

02:02:08        IFACE   rxpck/s   txpck/s    rxkB/s    txkB/s   rxcmp/s   txcmp/s  rxmcst/s   %ifutil
02:02:09           lo     38.00     38.00    387.36    387.36      0.00      0.00      0.00      0.00
02:02:09         eth0      0.00      0.00      0.00      0.00      0.00      0.00      0.00      0.00

02:02:09        CPU     %user     %nice   %system   %iowait    %steal     %idle
02:02:10        all     66.62      0.00      5.86      0.00      0.00     27.51

02:02:09          tps      rtps      wtps      dtps   bread/s   bwrtn/s   bdscd/s
02:02:10         6.00      6.00      0.00      0.00   2768.00      0.00      0.00

02:02:09    kbmemfree   kbavail kbmemused  %memused kbbuffers  kbcached  kbcommit   %commit  kbactive   kbinact   kbdirty
02:02:10      1819516   2221476   5361340     67.19     39772    497516   9751076     96.77   1804104   3730092      2484

02:02:09          DEV       tps     rkB/s     wkB/s     dkB/s   areq-sz    aqu-sz     await     %util
02:02:10          sda      0.00      0.00      0.00      0.00      0.00      0.00      0.00      0.00
02:02:10          sdb      0.00      0.00      0.00      0.00      0.00      0.00      0.00      0.00
02:02:10          sdc      6.00   1384.00      0.00      0.00    230.67      0.01      0.83      3.00

02:02:09        IFACE   rxpck/s   txpck/s    rxkB/s    txkB/s   rxcmp/s   txcmp/s  rxmcst/s   %ifutil
02:02:10           lo     74.00     74.00    391.29    391.29      0.00      0.00      0.00      0.00
02:02:10         eth0      0.00      0.00      0.00      0.00      0.00      0.00      0.00      0.00

02:02:10        CPU     %user     %nice   %system   %iowait    %steal     %idle
02:02:11        all     49.36      0.00      7.03      0.06      0.00     43.54

02:02:10          tps      rtps      wtps      dtps   bread/s   bwrtn/s   bdscd/s
02:02:11        15.00     15.00      0.00      0.00   1304.00      0.00      0.00

02:02:10    kbmemfree   kbavail kbmemused  %memused kbbuffers  kbcached  kbcommit   %commit  kbactive   kbinact   kbdirty
02:02:11      1501220   1903088   5679576     71.18     39772    497272  10088840    100.12   1804148   4052972      2804

02:02:10          DEV       tps     rkB/s     wkB/s     dkB/s   areq-sz    aqu-sz     await     %util
02:02:11          sda      0.00      0.00      0.00      0.00      0.00      0.00      0.00      0.00
02:02:11          sdb      3.00     28.00      0.00      0.00      9.33      0.00      0.67      3.00
02:02:11          sdc     12.00    624.00      0.00      0.00     52.00      0.01      0.58      3.00

02:02:10        IFACE   rxpck/s   txpck/s    rxkB/s    txkB/s   rxcmp/s   txcmp/s  rxmcst/s   %ifutil
02:02:11           lo    199.00    199.00    402.80    402.80      0.00      0.00      0.00      0.00
02:02:11         eth0      0.00      0.00      0.00      0.00      0.00      0.00      0.00      0.00

02:02:11        CPU     %user     %nice   %system   %iowait    %steal     %idle
02:02:12        all     57.22      0.00     10.13      0.19      0.00     32.47

02:02:11          tps      rtps      wtps      dtps   bread/s   bwrtn/s   bdscd/s
02:02:12        32.00     23.00      9.00      0.00   2432.00     96.00      0.00

02:02:11    kbmemfree   kbavail kbmemused  %memused kbbuffers  kbcached  kbcommit   %commit  kbactive   kbinact   kbdirty
02:02:12      1036116   1438176   6144296     77.00     39788    497296  10510384    104.31   1804336   4518172      2692

02:02:11          DEV       tps     rkB/s     wkB/s     dkB/s   areq-sz    aqu-sz     await     %util
02:02:12          sda      0.00      0.00      0.00      0.00      0.00      0.00      0.00      0.00
02:02:12          sdb      0.00      0.00      0.00      0.00      0.00      0.00      0.00      0.00
02:02:12          sdc     32.00   1216.00     48.00      0.00     39.50      0.12      3.62     18.00

02:02:11        IFACE   rxpck/s   txpck/s    rxkB/s    txkB/s   rxcmp/s   txcmp/s  rxmcst/s   %ifutil
02:02:12           lo    261.00    261.00    811.68    811.68      0.00      0.00      0.00      0.00
02:02:12         eth0      0.00      0.00      0.00      0.00      0.00      0.00      0.00      0.00

02:02:12        CPU     %user     %nice   %system   %iowait    %steal     %idle
02:02:13        all      3.14      0.00      1.51      0.19      0.00     95.17

02:02:12          tps      rtps      wtps      dtps   bread/s   bwrtn/s   bdscd/s
02:02:13        52.00     16.00     13.00     23.00   3752.00   1440.00    424.00

02:02:12    kbmemfree   kbavail kbmemused  %memused kbbuffers  kbcached  kbcommit   %commit  kbactive   kbinact   kbdirty
02:02:13      2342596   2742628   4841560     60.68     39800    496820   8378340     83.15   1804272   3213156      1588

02:02:12          DEV       tps     rkB/s     wkB/s     dkB/s   areq-sz    aqu-sz     await     %util
02:02:13          sda      0.00      0.00      0.00      0.00      0.00      0.00      0.00      0.00
02:02:13          sdb      0.00      0.00      0.00      0.00      0.00      0.00      0.00      0.00
02:02:13          sdc     52.00   1876.00    720.00    212.00     54.00      0.03      0.42     10.00

02:02:12        IFACE   rxpck/s   txpck/s    rxkB/s    txkB/s   rxcmp/s   txcmp/s  rxmcst/s   %ifutil
02:02:13           lo    109.00    109.00    395.25    395.25      0.00      0.00      0.00      0.00
02:02:13         eth0      0.00      0.00      0.00      0.00      0.00      0.00      0.00      0.00

02:02:13        CPU     %user     %nice   %system   %iowait    %steal     %idle
02:02:14        all      0.25      0.00      0.38      0.00      0.00     99.37

02:02:13          tps      rtps      wtps      dtps   bread/s   bwrtn/s   bdscd/s
02:02:14         4.00      4.00      0.00      0.00    544.00      0.00      0.00

02:02:13    kbmemfree   kbavail kbmemused  %memused kbbuffers  kbcached  kbcommit   %commit  kbactive   kbinact   kbdirty
02:02:14      2339404   2738852   4845308     60.72     39800    496264   8378340     83.15   1804340   3213184      1612

02:02:13          DEV       tps     rkB/s     wkB/s     dkB/s   areq-sz    aqu-sz     await     %util
02:02:14          sda      0.00      0.00      0.00      0.00      0.00      0.00      0.00      0.00
02:02:14          sdb      1.00      4.00      0.00      0.00      4.00      0.00      0.00      1.00
02:02:14          sdc      3.00    268.00      0.00      0.00     89.33      0.00      0.33      1.00

02:02:13        IFACE   rxpck/s   txpck/s    rxkB/s    txkB/s   rxcmp/s   txcmp/s  rxmcst/s   %ifutil
02:02:14           lo     32.00     32.00    384.34    384.34      0.00      0.00      0.00      0.00
02:02:14         eth0      0.00      0.00      0.00      0.00      0.00      0.00      0.00      0.00

02:02:14        CPU     %user     %nice   %system   %iowait    %steal     %idle
02:02:15        all      3.73      0.00      1.24      0.19      0.00     94.84

02:02:14          tps      rtps      wtps      dtps   bread/s   bwrtn/s   bdscd/s
02:02:15        28.00      9.00     19.00      0.00   2088.00    144.00      0.00

02:02:14    kbmemfree   kbavail kbmemused  %memused kbbuffers  kbcached  kbcommit   %commit  kbactive   kbinact   kbdirty
02:02:15      2545024   2944196   4640368     58.15     39800    496208   8016432     79.56   1804340   3010884      1248

02:02:14          DEV       tps     rkB/s     wkB/s     dkB/s   areq-sz    aqu-sz     await     %util
02:02:15          sda      0.00      0.00      0.00      0.00      0.00      0.00      0.00      0.00
02:02:15          sdb      2.00     20.00      0.00      0.00     10.00      0.00      0.50      2.00
02:02:15          sdc     26.00   1024.00     72.00      0.00     42.15      0.03      0.65      8.00

02:02:14        IFACE   rxpck/s   txpck/s    rxkB/s    txkB/s   rxcmp/s   txcmp/s  rxmcst/s   %ifutil
02:02:15           lo     96.00     96.00    406.36    406.36      0.00      0.00      0.00      0.00
02:02:15         eth0      0.00      0.00      0.00      0.00      0.00      0.00      0.00      0.00

02:02:15        CPU     %user     %nice   %system   %iowait    %steal     %idle
02:02:16        all      0.69      0.00      0.75      0.06      0.00     98.50

02:02:15          tps      rtps      wtps      dtps   bread/s   bwrtn/s   bdscd/s
02:02:16        31.00     15.00     16.00      0.00   2504.00     64.00      0.00

02:02:15    kbmemfree   kbavail kbmemused  %memused kbbuffers  kbcached  kbcommit   %commit  kbactive   kbinact   kbdirty
02:02:16      2543412   2942716   4641872     58.17     39800    496332   8016944     79.56   1804388   3012584      1324

02:02:15          DEV       tps     rkB/s     wkB/s     dkB/s   areq-sz    aqu-sz     await     %util
02:02:16          sda      0.00      0.00      0.00      0.00      0.00      0.00      0.00      0.00
02:02:16          sdb      3.00     36.00      0.00      0.00     12.00      0.00      0.33      1.00
02:02:16          sdc     28.00   1216.00     32.00      0.00     44.57      0.03      0.82      9.00

02:02:15        IFACE   rxpck/s   txpck/s    rxkB/s    txkB/s   rxcmp/s   txcmp/s  rxmcst/s   %ifutil
02:02:16           lo    120.00    120.00    507.29    507.29      0.00      0.00      0.00      0.00
02:02:16         eth0      0.00      0.00      0.00      0.00      0.00      0.00      0.00      0.00

02:02:16        CPU     %user     %nice   %system   %iowait    %steal     %idle
02:02:17        all      0.38      0.00      0.44      0.00      0.00     99.18

02:02:16          tps      rtps      wtps      dtps   bread/s   bwrtn/s   bdscd/s
02:02:17         6.00      6.00      0.00      0.00   2168.00      0.00      0.00

02:02:16    kbmemfree   kbavail kbmemused  %memused kbbuffers  kbcached  kbcommit   %commit  kbactive   kbinact   kbdirty
02:02:17      2543224   2942492   4642048     58.18     39800    496344   8016944     79.56   1804392   3012648      1348

02:02:16          DEV       tps     rkB/s     wkB/s     dkB/s   areq-sz    aqu-sz     await     %util
02:02:17          sda      0.00      0.00      0.00      0.00      0.00      0.00      0.00      0.00
02:02:17          sdb      0.00      0.00      0.00      0.00      0.00      0.00      0.00      0.00
02:02:17          sdc      6.00   1084.00      0.00      0.00    180.67      0.00      0.50      2.00

02:02:16        IFACE   rxpck/s   txpck/s    rxkB/s    txkB/s   rxcmp/s   txcmp/s  rxmcst/s   %ifutil
02:02:17           lo     34.00     34.00    384.28    384.28      0.00      0.00      0.00      0.00
02:02:17         eth0      0.00      0.00      0.00      0.00      0.00      0.00      0.00      0.00

02:02:17        CPU     %user     %nice   %system   %iowait    %steal     %idle
02:02:18        all      0.81      0.00      0.44      0.19      0.00     98.57

02:02:17          tps      rtps      wtps      dtps   bread/s   bwrtn/s   bdscd/s
02:02:18       146.00     10.00    131.00      5.00   1560.00   3904.00    480.00

02:02:17    kbmemfree   kbavail kbmemused  %memused kbbuffers  kbcached  kbcommit   %commit  kbactive   kbinact   kbdirty
02:02:18      2541560   2940972   4643528     58.19     39812    496516   8017252     79.56   1804404   3013260       104

02:02:17          DEV       tps     rkB/s     wkB/s     dkB/s   areq-sz    aqu-sz     await     %util
02:02:18          sda      0.00      0.00      0.00      0.00      0.00      0.00      0.00      0.00
02:02:18          sdb      0.00      0.00      0.00      0.00      0.00      0.00      0.00      0.00
02:02:18          sdc    146.00    780.00   1952.00    240.00     20.36      0.21      1.38      8.00

02:02:17        IFACE   rxpck/s   txpck/s    rxkB/s    txkB/s   rxcmp/s   txcmp/s  rxmcst/s   %ifutil
02:02:18           lo    111.00    111.00    995.12    995.12      0.00      0.00      0.00      0.00
02:02:18         eth0      0.00      0.00      0.00      0.00      0.00      0.00      0.00      0.00

02:02:18        CPU     %user     %nice   %system   %iowait    %steal     %idle
02:02:19        all      0.13      0.00      0.06      0.06      0.00     99.75

02:02:18          tps      rtps      wtps      dtps   bread/s   bwrtn/s   bdscd/s
02:02:19        25.00     15.00     10.00      0.00   3008.00     48.00      0.00

02:02:18    kbmemfree   kbavail kbmemused  %memused kbbuffers  kbcached  kbcommit   %commit  kbactive   kbinact   kbdirty
02:02:19      2477124   2876652   4707912     59.00     39812    496608   8017060     79.56   1804436   3012224       144

02:02:18          DEV       tps     rkB/s     wkB/s     dkB/s   areq-sz    aqu-sz     await     %util
02:02:19          sda      0.00      0.00      0.00      0.00      0.00      0.00      0.00      0.00
02:02:19          sdb      0.00      0.00      0.00      0.00      0.00      0.00      0.00      0.00
02:02:19          sdc     25.00   1504.00     24.00      0.00     61.12      0.03      0.80      7.00

02:02:18        IFACE   rxpck/s   txpck/s    rxkB/s    txkB/s   rxcmp/s   txcmp/s  rxmcst/s   %ifutil
02:02:19           lo     38.00     38.00    385.26    385.26      0.00      0.00      0.00      0.00
02:02:19         eth0      0.00      0.00      0.00      0.00      0.00      0.00      0.00      0.00

02:02:19        CPU     %user     %nice   %system   %iowait    %steal     %idle
02:02:20        all      3.99      0.00      1.00      0.19      0.00     94.82

02:02:19          tps      rtps      wtps      dtps   bread/s   bwrtn/s   bdscd/s
02:02:20        27.00     13.00     14.00      0.00   3160.00     56.00      0.00

02:02:19    kbmemfree   kbavail kbmemused  %memused kbbuffers  kbcached  kbcommit   %commit  kbactive   kbinact   kbdirty
02:02:20      2494364   2894916   4689688     58.77     39812    497592   8189176     81.27   1804456   3060372       456

02:02:19          DEV       tps     rkB/s     wkB/s     dkB/s   areq-sz    aqu-sz     await     %util
02:02:20          sda      0.00      0.00      0.00      0.00      0.00      0.00      0.00      0.00
02:02:20          sdb      1.00     32.00      0.00      0.00     32.00      0.00      1.00      1.00
02:02:20          sdc     26.00   1548.00     28.00      0.00     60.62      0.03      0.77      8.00

02:02:19        IFACE   rxpck/s   txpck/s    rxkB/s    txkB/s   rxcmp/s   txcmp/s  rxmcst/s   %ifutil
02:02:20           lo    105.00    105.00    674.38    674.38      0.00      0.00      0.00      0.00
02:02:20         eth0      0.00      0.00      0.00      0.00      0.00      0.00      0.00      0.00

02:02:20        CPU     %user     %nice   %system   %iowait    %steal     %idle
02:02:21        all      3.24      0.00      0.12      0.06      0.00     96.57

02:02:20          tps      rtps      wtps      dtps   bread/s   bwrtn/s   bdscd/s
02:02:21        10.89     10.89      0.00      0.00    237.62      0.00      0.00

02:02:20    kbmemfree   kbavail kbmemused  %memused kbbuffers  kbcached  kbcommit   %commit  kbactive   kbinact   kbdirty
02:02:21      2498476   2897960   4686628     58.73     39812    496540   8187660     81.26   1802412   3059500       468

02:02:20          DEV       tps     rkB/s     wkB/s     dkB/s   areq-sz    aqu-sz     await     %util
02:02:21          sda      0.00      0.00      0.00      0.00      0.00      0.00      0.00      0.00
02:02:21          sdb      5.94     47.52      0.00      0.00      8.00      0.00      0.33      1.98
02:02:21          sdc      4.95     71.29      0.00      0.00     14.40      0.00      0.80      0.99

02:02:20        IFACE   rxpck/s   txpck/s    rxkB/s    txkB/s   rxcmp/s   txcmp/s  rxmcst/s   %ifutil
02:02:21           lo     29.70     29.70    434.91    434.91      0.00      0.00      0.00      0.00
02:02:21         eth0      0.00      0.00      0.00      0.00      0.00      0.00      0.00      0.00

02:02:21        CPU     %user     %nice   %system   %iowait    %steal     %idle
02:02:22        all      0.38      0.00      0.44      0.06      0.00     99.12

02:02:21          tps      rtps      wtps      dtps   bread/s   bwrtn/s   bdscd/s
02:02:22        25.00     13.00     12.00      0.00   2056.00     48.00      0.00

02:02:21    kbmemfree   kbavail kbmemused  %memused kbbuffers  kbcached  kbcommit   %commit  kbactive   kbinact   kbdirty
02:02:22      2496168   2896256   4688360     58.76     39812    497124   8188928     81.27   1802420   3059988       496

02:02:21          DEV       tps     rkB/s     wkB/s     dkB/s   areq-sz    aqu-sz     await     %util
02:02:22          sda      0.00      0.00      0.00      0.00      0.00      0.00      0.00      0.00
02:02:22          sdb      0.00      0.00      0.00      0.00      0.00      0.00      0.00      0.00
02:02:22          sdc     25.00   1028.00     24.00      0.00     42.08      0.03      0.64      4.00

02:02:21        IFACE   rxpck/s   txpck/s    rxkB/s    txkB/s   rxcmp/s   txcmp/s  rxmcst/s   %ifutil
02:02:22           lo     70.00     70.00    397.94    397.94      0.00      0.00      0.00      0.00
02:02:22         eth0      0.00      0.00      0.00      0.00      0.00      0.00      0.00      0.00

02:02:22        CPU     %user     %nice   %system   %iowait    %steal     %idle
02:02:23        all      0.19      0.00      0.12      0.19      0.00     99.50

02:02:22          tps      rtps      wtps      dtps   bread/s   bwrtn/s   bdscd/s
02:02:23        80.00     10.00     70.00      0.00   2152.00   2032.00      0.00

02:02:22    kbmemfree   kbavail kbmemused  %memused kbbuffers  kbcached  kbcommit   %commit  kbactive   kbinact   kbdirty
02:02:23      2495948   2894736   4689840     58.77     39820    495864   8188928     81.27   1802440   3058768        80

02:02:22          DEV       tps     rkB/s     wkB/s     dkB/s   areq-sz    aqu-sz     await     %util
02:02:23          sda      0.00      0.00      0.00      0.00      0.00      0.00      0.00      0.00
02:02:23          sdb      0.00      0.00      0.00      0.00      0.00      0.00      0.00      0.00
02:02:23          sdc     80.00   1076.00   1016.00      0.00     26.15      0.96     11.89     10.00

02:02:22        IFACE   rxpck/s   txpck/s    rxkB/s    txkB/s   rxcmp/s   txcmp/s  rxmcst/s   %ifutil
02:02:23           lo     46.00     46.00    385.69    385.69      0.00      0.00      0.00      0.00
02:02:23         eth0      0.00      0.00      0.00      0.00      0.00      0.00      0.00      0.00

02:02:23        CPU     %user     %nice   %system   %iowait    %steal     %idle
02:02:24        all      2.38      0.00      0.81      0.06      0.00     96.74

02:02:23          tps      rtps      wtps      dtps   bread/s   bwrtn/s   bdscd/s
02:02:24        35.00     27.00      8.00      0.00   2264.00     32.00      0.00

02:02:23    kbmemfree   kbavail kbmemused  %memused kbbuffers  kbcached  kbcommit   %commit  kbactive   kbinact   kbdirty
02:02:24      2496388   2895520   4689076     58.77     39820    496196   8188916     81.27   1802468   3059780       380

02:02:23          DEV       tps     rkB/s     wkB/s     dkB/s   areq-sz    aqu-sz     await     %util
02:02:24          sda      0.00      0.00      0.00      0.00      0.00      0.00      0.00      0.00
02:02:24          sdb      2.00     48.00      0.00      0.00     24.00      0.00      1.00      1.00
02:02:24          sdc     33.00   1084.00     16.00      0.00     33.33      0.03      0.64      8.00

02:02:23        IFACE   rxpck/s   txpck/s    rxkB/s    txkB/s   rxcmp/s   txcmp/s  rxmcst/s   %ifutil
02:02:24           lo     92.00     92.00    656.83    656.83      0.00      0.00      0.00      0.00
02:02:24         eth0      0.00      0.00      0.00      0.00      0.00      0.00      0.00      0.00

02:02:24        CPU     %user     %nice   %system   %iowait    %steal     %idle
02:02:25        all      1.24      0.00      1.05      0.06      0.00     97.64

02:02:24          tps      rtps      wtps      dtps   bread/s   bwrtn/s   bdscd/s
02:02:25        21.00     21.00      0.00      0.00   2784.00      0.00      0.00

02:02:24    kbmemfree   kbavail kbmemused  %memused kbbuffers  kbcached  kbcommit   %commit  kbactive   kbinact   kbdirty
02:02:25      2994020   3393636   4191100     52.52     39820    496740   7476404     74.20   1802436   2563684       436

02:02:24          DEV       tps     rkB/s     wkB/s     dkB/s   areq-sz    aqu-sz     await     %util
02:02:25          sda      0.00      0.00      0.00      0.00      0.00      0.00      0.00      0.00
02:02:25          sdb      8.00    116.00      0.00      0.00     14.50      0.00      0.38      2.00
02:02:25          sdc     13.00   1276.00      0.00      0.00     98.15      0.01      0.69      2.00

02:02:24        IFACE   rxpck/s   txpck/s    rxkB/s    txkB/s   rxcmp/s   txcmp/s  rxmcst/s   %ifutil
02:02:25           lo     56.00     56.00    386.02    386.02      0.00      0.00      0.00      0.00
02:02:25         eth0      0.00      0.00      0.00      0.00      0.00      0.00      0.00      0.00

02:02:25        CPU     %user     %nice   %system   %iowait    %steal     %idle
02:02:26        all      1.74      0.00      1.62      0.06      0.00     96.58

02:02:25          tps      rtps      wtps      dtps   bread/s   bwrtn/s   bdscd/s
02:02:26        22.00     22.00      0.00      0.00   2320.00      0.00      0.00

02:02:25    kbmemfree   kbavail kbmemused  %memused kbbuffers  kbcached  kbcommit   %commit  kbactive   kbinact   kbdirty
02:02:26      2986280   3385468   4199076     52.62     39820    496144   7660332     76.02   1802292   2568992       952

02:02:25          DEV       tps     rkB/s     wkB/s     dkB/s   areq-sz    aqu-sz     await     %util
02:02:26          sda      0.00      0.00      0.00      0.00      0.00      0.00      0.00      0.00
02:02:26          sdb     16.00    232.00      0.00      0.00     14.50      0.01      0.31      7.00
02:02:26          sdc      6.00    928.00      0.00      0.00    154.67      0.00      0.67      3.00

02:02:25        IFACE   rxpck/s   txpck/s    rxkB/s    txkB/s   rxcmp/s   txcmp/s  rxmcst/s   %ifutil
02:02:26           lo    167.00    167.00    947.04    947.04      0.00      0.00      0.00      0.00
02:02:26         eth0      0.00      0.00      0.00      0.00      0.00      0.00      0.00      0.00

02:02:26        CPU     %user     %nice   %system   %iowait    %steal     %idle
02:02:27        all     12.35      0.00      2.38      0.06      0.00     85.20

02:02:26          tps      rtps      wtps      dtps   bread/s   bwrtn/s   bdscd/s
02:02:27        20.79     20.79      0.00      0.00   1980.20      0.00      0.00

02:02:26    kbmemfree   kbavail kbmemused  %memused kbbuffers  kbcached  kbcommit   %commit  kbactive   kbinact   kbdirty
02:02:27      2860524   3259740   4324836     54.20     39820    496172   7845976     77.86   1802364   2698196      1184

02:02:26          DEV       tps     rkB/s     wkB/s     dkB/s   areq-sz    aqu-sz     await     %util
02:02:27          sda      0.00      0.00      0.00      0.00      0.00      0.00      0.00      0.00
02:02:27          sdb      7.92     51.49      0.00      0.00      6.50      0.00      0.25      0.99
02:02:27          sdc     12.87    938.61      0.00      0.00     72.92      0.01      0.46      2.97

02:02:26        IFACE   rxpck/s   txpck/s    rxkB/s    txkB/s   rxcmp/s   txcmp/s  rxmcst/s   %ifutil
02:02:27           lo     30.69     30.69    379.51    379.51      0.00      0.00      0.00      0.00
02:02:27         eth0      0.00      0.00      0.00      0.00      0.00      0.00      0.00      0.00

02:02:27        CPU     %user     %nice   %system   %iowait    %steal     %idle
02:02:28        all     14.09      0.00      2.63      0.13      0.00     83.16

02:02:27          tps      rtps      wtps      dtps   bread/s   bwrtn/s   bdscd/s
02:02:28       159.00     21.00    108.00     30.00   2224.00   4440.00   4792.00

02:02:27    kbmemfree   kbavail kbmemused  %memused kbbuffers  kbcached  kbcommit   %commit  kbactive   kbinact   kbdirty
02:02:28      2695520   3094776   4489808     56.27     39832    496192   8074028     80.13   1802528   2862468       100

02:02:27          DEV       tps     rkB/s     wkB/s     dkB/s   areq-sz    aqu-sz     await     %util
02:02:28          sda      0.00      0.00      0.00      0.00      0.00      0.00      0.00      0.00
02:02:28          sdb     13.00    192.00      0.00      0.00     14.77      0.01      0.38      4.00
02:02:28          sdc    146.00    920.00   2220.00   2396.00     37.92      0.16      1.05      6.00

02:02:27        IFACE   rxpck/s   txpck/s    rxkB/s    txkB/s   rxcmp/s   txcmp/s  rxmcst/s   %ifutil
02:02:28           lo     79.00     79.00    389.30    389.30      0.00      0.00      0.00      0.00
02:02:28         eth0      0.00      0.00      0.00      0.00      0.00      0.00      0.00      0.00

02:02:28        CPU     %user     %nice   %system   %iowait    %steal     %idle
02:02:29        all     18.24      0.00      1.89      0.06      0.00     79.81

02:02:28          tps      rtps      wtps      dtps   bread/s   bwrtn/s   bdscd/s
02:02:29        25.00     25.00      0.00      0.00   2528.00      0.00      0.00

02:02:28    kbmemfree   kbavail kbmemused  %memused kbbuffers  kbcached  kbcommit   %commit  kbactive   kbinact   kbdirty
02:02:29      2567584   2967136   4617428     57.87     39832    496508   8122964     80.61   1802580   2995176       144

02:02:28          DEV       tps     rkB/s     wkB/s     dkB/s   areq-sz    aqu-sz     await     %util
02:02:29          sda      0.00      0.00      0.00      0.00      0.00      0.00      0.00      0.00
02:02:29          sdb     16.00    168.00      0.00      0.00     10.50      0.01      0.44      5.00
02:02:29          sdc      9.00   1096.00      0.00      0.00    121.78      0.01      0.56      3.00

02:02:28        IFACE   rxpck/s   txpck/s    rxkB/s    txkB/s   rxcmp/s   txcmp/s  rxmcst/s   %ifutil
02:02:29           lo     21.00     21.00    382.84    382.84      0.00      0.00      0.00      0.00
02:02:29         eth0      0.00      0.00      0.00      0.00      0.00      0.00      0.00      0.00

02:02:29        CPU     %user     %nice   %system   %iowait    %steal     %idle
02:02:28        all     15.99      0.00      1.89      0.13      0.00     81.99

02:02:29          tps      rtps      wtps      dtps   bread/s   bwrtn/s   bdscd/s
02:02:28        46.00     34.00     12.00      0.00   2488.00     56.00      0.00

02:02:29    kbmemfree   kbavail kbmemused  %memused kbbuffers  kbcached  kbcommit   %commit  kbactive   kbinact   kbdirty
02:02:28      2507008   2906732   4677808     58.62     39832    496720   8184348     81.22   1802608   3062444       512

02:02:29          DEV       tps     rkB/s     wkB/s     dkB/s   areq-sz    aqu-sz     await     %util
02:02:28          sda      0.00      0.00      0.00      0.00      0.00      0.00      0.00      0.00
02:02:28          sdb      8.00    100.00      0.00      0.00     12.50      0.00      0.38      6.00
02:02:28          sdc     38.00   1144.00     28.00      0.00     30.84      0.04      0.76     10.00

02:02:29        IFACE   rxpck/s   txpck/s    rxkB/s    txkB/s   rxcmp/s   txcmp/s  rxmcst/s   %ifutil
02:02:28           lo     93.00     93.00    701.42    701.42      0.00      0.00      0.00      0.00
02:02:28         eth0      1.00      1.00      0.09      0.09      0.00      0.00      0.00      0.00

02:02:28        CPU     %user     %nice   %system   %iowait    %steal     %idle
02:02:29        all      1.51      0.00      0.25      0.00      0.00     98.24

02:02:28          tps      rtps      wtps      dtps   bread/s   bwrtn/s   bdscd/s
02:02:29         9.00      7.00      2.00      0.00   1984.00      8.00      0.00

02:02:28    kbmemfree   kbavail kbmemused  %memused kbbuffers  kbcached  kbcommit   %commit  kbactive   kbinact   kbdirty
02:02:29      2506768   2907140   4677448     58.62     39832    497328   8185552     81.23   1802640   3064472       532

02:02:28          DEV       tps     rkB/s     wkB/s     dkB/s   areq-sz    aqu-sz     await     %util
02:02:29          sda      0.00      0.00      0.00      0.00      0.00      0.00      0.00      0.00
02:02:29          sdb      4.00     60.00      0.00      0.00     15.00      0.00      0.50      2.00
02:02:29          sdc      5.00    932.00      4.00      0.00    187.20      0.01      0.60      2.00

02:02:28        IFACE   rxpck/s   txpck/s    rxkB/s    txkB/s   rxcmp/s   txcmp/s  rxmcst/s   %ifutil
02:02:29           lo     44.00     44.00    385.07    385.07      0.00      0.00      0.00      0.00
02:02:29         eth0      0.00      0.00      0.00      0.00      0.00      0.00      0.00      0.00

02:02:29        CPU     %user     %nice   %system   %iowait    %steal     %idle
02:02:30        all      7.46      0.00      2.76      0.13      0.00     89.66

02:02:29          tps      rtps      wtps      dtps   bread/s   bwrtn/s   bdscd/s
02:02:30        10.00     10.00      0.00      0.00   2144.00      0.00      0.00

02:02:29    kbmemfree   kbavail kbmemused  %memused kbbuffers  kbcached  kbcommit   %commit  kbactive   kbinact   kbdirty
02:02:30      2415472   2815508   4769096     59.77     39832    496984   8472692     84.08   1802684   3145672       680

02:02:29          DEV       tps     rkB/s     wkB/s     dkB/s   areq-sz    aqu-sz     await     %util
02:02:30          sda      0.00      0.00      0.00      0.00      0.00      0.00      0.00      0.00
02:02:30          sdb      4.00     80.00      0.00      0.00     20.00      0.00      0.25      2.00
02:02:30          sdc      6.00    992.00      0.00      0.00    165.33      0.00      0.67      2.00

02:02:29        IFACE   rxpck/s   txpck/s    rxkB/s    txkB/s   rxcmp/s   txcmp/s  rxmcst/s   %ifutil
02:02:30           lo     59.00     59.00    389.69    389.69      0.00      0.00      0.00      0.00
02:02:30         eth0      0.00      0.00      0.00      0.00      0.00      0.00      0.00      0.00

02:02:30        CPU     %user     %nice   %system   %iowait    %steal     %idle
02:02:31        all     14.85      0.00      2.49      0.06      0.00     82.60

02:02:30          tps      rtps      wtps      dtps   bread/s   bwrtn/s   bdscd/s
02:02:31        95.00      9.00     86.00      0.00   2640.00   2832.00      0.00

02:02:30    kbmemfree   kbavail kbmemused  %memused kbbuffers  kbcached  kbcommit   %commit  kbactive   kbinact   kbdirty
02:02:31      2344292   2744632   4839952     60.66     39840    497268   8534196     84.69   1802700   3229704       440

02:02:30          DEV       tps     rkB/s     wkB/s     dkB/s   areq-sz    aqu-sz     await     %util
02:02:31          sda      0.00      0.00      0.00      0.00      0.00      0.00      0.00      0.00
02:02:31          sdb      3.00     20.00      0.00      0.00      6.67      0.00      0.33      2.00
02:02:31          sdc     92.00   1300.00   1416.00      0.00     29.52      0.17      1.75      4.00

02:02:30        IFACE   rxpck/s   txpck/s    rxkB/s    txkB/s   rxcmp/s   txcmp/s  rxmcst/s   %ifutil
02:02:31           lo     37.00     37.00    384.77    384.77      0.00      0.00      0.00      0.00
02:02:31         eth0      0.00      0.00      0.00      0.00      0.00      0.00      0.00      0.00

02:02:31        CPU     %user     %nice   %system   %iowait    %steal     %idle
02:02:32        all     12.15      0.00      2.12      0.00      0.00     85.73

02:02:31          tps      rtps      wtps      dtps   bread/s   bwrtn/s   bdscd/s
02:02:32        27.00     21.00      6.00      0.00   1696.00     24.00      0.00

02:02:31    kbmemfree   kbavail kbmemused  %memused kbbuffers  kbcached  kbcommit   %commit  kbactive   kbinact   kbdirty
02:02:32      2504612   2904536   4680056     58.65     39840    496852   8190816     81.29   1802756   3068880       212

02:02:31          DEV       tps     rkB/s     wkB/s     dkB/s   areq-sz    aqu-sz     await     %util
02:02:32          sda      0.00      0.00      0.00      0.00      0.00      0.00      0.00      0.00
02:02:32          sdb      0.00      0.00      0.00      0.00      0.00      0.00      0.00      0.00
02:02:32          sdc     27.00    848.00     12.00      0.00     31.85      0.02      0.52      7.00

02:02:31        IFACE   rxpck/s   txpck/s    rxkB/s    txkB/s   rxcmp/s   txcmp/s  rxmcst/s   %ifutil
02:02:32           lo    129.00    129.00    407.54    407.54      0.00      0.00      0.00      0.00
02:02:32         eth0      0.00      0.00      0.00      0.00      0.00      0.00      0.00      0.00

02:02:32        CPU     %user     %nice   %system   %iowait    %steal     %idle
02:02:33        all      0.19      0.00      0.13      0.00      0.00     99.69

02:02:32          tps      rtps      wtps      dtps   bread/s   bwrtn/s   bdscd/s
02:02:33        11.00     11.00      0.00      0.00   2648.00      0.00      0.00

02:02:32    kbmemfree   kbavail kbmemused  %memused kbbuffers  kbcached  kbcommit   %commit  kbactive   kbinact   kbdirty
02:02:33      2505484   2905676   4678892     58.64     39840    497144   8190920     81.29   1802756   3069028       220

02:02:32          DEV       tps     rkB/s     wkB/s     dkB/s   areq-sz    aqu-sz     await     %util
02:02:33          sda      0.00      0.00      0.00      0.00      0.00      0.00      0.00      0.00
02:02:33          sdb      2.00     20.00      0.00      0.00     10.00      0.00      0.50      2.00
02:02:33          sdc      9.00   1304.00      0.00      0.00    144.89      0.01      0.44      3.00

02:02:32        IFACE   rxpck/s   txpck/s    rxkB/s    txkB/s   rxcmp/s   txcmp/s  rxmcst/s   %ifutil
02:02:33           lo     29.00     29.00    383.26    383.26      0.00      0.00      0.00      0.00
02:02:33         eth0      2.00      2.00      0.08      0.08      0.00      0.00      0.00      0.00

02:02:33        CPU     %user     %nice   %system   %iowait    %steal     %idle
02:02:34        all      0.62      0.00      0.19      0.06      0.00     99.13

02:02:33          tps      rtps      wtps      dtps   bread/s   bwrtn/s   bdscd/s
02:02:34        15.00     15.00      0.00      0.00   1600.00      0.00      0.00

02:02:33    kbmemfree   kbavail kbmemused  %memused kbbuffers  kbcached  kbcommit   %commit  kbactive   kbinact   kbdirty
02:02:34      2505484   2905660   4678908     58.64     39840    497128   8190884     81.29   1802768   3069080       260

02:02:33          DEV       tps     rkB/s     wkB/s     dkB/s   areq-sz    aqu-sz     await     %util
02:02:34          sda      0.00      0.00      0.00      0.00      0.00      0.00      0.00      0.00
02:02:34          sdb      3.00     80.00      0.00      0.00     26.67      0.00      0.33      2.00
02:02:34          sdc     12.00    720.00      0.00      0.00     60.00      0.01      0.50      4.00

02:02:33        IFACE   rxpck/s   txpck/s    rxkB/s    txkB/s   rxcmp/s   txcmp/s  rxmcst/s   %ifutil
02:02:34           lo     33.00     33.00    382.95    382.95      0.00      0.00      0.00      0.00
02:02:34         eth0      0.00      0.00      0.00      0.00      0.00      0.00      0.00      0.00

02:02:34        CPU     %user     %nice   %system   %iowait    %steal     %idle
02:02:35        all      8.70      0.00      1.45      0.00      0.00     89.85

02:02:34          tps      rtps      wtps      dtps   bread/s   bwrtn/s   bdscd/s
02:02:35         7.00      7.00      0.00      0.00   2800.00      0.00      0.00

02:02:34    kbmemfree   kbavail kbmemused  %memused kbbuffers  kbcached  kbcommit   %commit  kbactive   kbinact   kbdirty
02:02:35      2409048   2810012   4774584     59.84     39840    497884   8481488     84.17   1802804   3155204       384

02:02:34          DEV       tps     rkB/s     wkB/s     dkB/s   areq-sz    aqu-sz     await     %util
02:02:35          sda      0.00      0.00      0.00      0.00      0.00      0.00      0.00      0.00
02:02:35          sdb      1.00     24.00      0.00      0.00     24.00      0.00      1.00      1.00
02:02:35          sdc      6.00   1376.00      0.00      0.00    229.33      0.01      0.67      2.00

02:02:34        IFACE   rxpck/s   txpck/s    rxkB/s    txkB/s   rxcmp/s   txcmp/s  rxmcst/s   %ifutil
02:02:35           lo     47.00     47.00    387.09    387.09      0.00      0.00      0.00      0.00
02:02:35         eth0      1.00      0.00      0.20      0.00      0.00      0.00      1.00      0.00

02:02:35        CPU     %user     %nice   %system   %iowait    %steal     %idle
02:02:36        all     13.35      0.00      1.50      0.19      0.00     84.96

02:02:35          tps      rtps      wtps      dtps   bread/s   bwrtn/s   bdscd/s
02:02:36        89.00     19.00     65.00      5.00   1512.00   2480.00    224.00

02:02:35    kbmemfree   kbavail kbmemused  %memused kbbuffers  kbcached  kbcommit   %commit  kbactive   kbinact   kbdirty
02:02:36      2274100   2674408   4910156     61.54     39852    497264   8639136     85.74   1802836   3295100       120

02:02:35          DEV       tps     rkB/s     wkB/s     dkB/s   areq-sz    aqu-sz     await     %util
02:02:36          sda      0.00      0.00      0.00      0.00      0.00      0.00      0.00      0.00
02:02:36          sdb      0.00      0.00      0.00      0.00      0.00      0.00      0.00      0.00
02:02:36          sdc     89.00    756.00   1240.00    112.00     23.69      0.16      1.74      6.00

02:02:35        IFACE   rxpck/s   txpck/s    rxkB/s    txkB/s   rxcmp/s   txcmp/s  rxmcst/s   %ifutil
02:02:36           lo     69.00     69.00    390.45    390.45      0.00      0.00      0.00      0.00
02:02:36         eth0      0.00      0.00      0.00      0.00      0.00      0.00      0.00      0.00

02:02:36        CPU     %user     %nice   %system   %iowait    %steal     %idle
02:02:37        all      1.07      0.00      0.56      0.19      0.00     98.18

02:02:36          tps      rtps      wtps      dtps   bread/s   bwrtn/s   bdscd/s
02:02:37        19.00     15.00      4.00      0.00   2104.00     16.00      0.00

02:02:36    kbmemfree   kbavail kbmemused  %memused kbbuffers  kbcached  kbcommit   %commit  kbactive   kbinact   kbdirty
02:02:37      2266168   2666712   4917856     61.63     39852    497464   8640800     85.75   1802844   3297884       196

02:02:36          DEV       tps     rkB/s     wkB/s     dkB/s   areq-sz    aqu-sz     await     %util
02:02:37          sda      0.00      0.00      0.00      0.00      0.00      0.00      0.00      0.00
02:02:37          sdb      2.00     28.00      0.00      0.00     14.00      0.01      5.00      1.00
02:02:37          sdc     17.00   1024.00      8.00      0.00     60.71      0.03      1.35      6.00

02:02:36        IFACE   rxpck/s   txpck/s    rxkB/s    txkB/s   rxcmp/s   txcmp/s  rxmcst/s   %ifutil
02:02:37           lo     52.00     52.00    386.44    386.44      0.00      0.00      0.00      0.00
02:02:37         eth0      0.00      0.00      0.00      0.00      0.00      0.00      0.00      0.00

02:02:37        CPU     %user     %nice   %system   %iowait    %steal     %idle
02:02:38        all      1.87      0.00      0.69      0.12      0.00     97.31

02:02:37          tps      rtps      wtps      dtps   bread/s   bwrtn/s   bdscd/s
02:02:38        40.00     22.00     18.00      0.00   2320.00     72.00      0.00

02:02:37    kbmemfree   kbavail kbmemused  %memused kbbuffers  kbcached  kbcommit   %commit  kbactive   kbinact   kbdirty
02:02:38      2499340   2899592   4684936     58.71     39852    497200   8194164     81.32   1802872   3069488       232

02:02:37          DEV       tps     rkB/s     wkB/s     dkB/s   areq-sz    aqu-sz     await     %util
02:02:38          sda      0.00      0.00      0.00      0.00      0.00      0.00      0.00      0.00
02:02:38          sdb      0.00      0.00      0.00      0.00      0.00      0.00      0.00      0.00
02:02:38          sdc     40.00   1160.00     36.00      0.00     29.90      0.03      0.57     10.00

02:02:37        IFACE   rxpck/s   txpck/s    rxkB/s    txkB/s   rxcmp/s   txcmp/s  rxmcst/s   %ifutil
02:02:38           lo     90.00     90.00    405.45    405.45      0.00      0.00      0.00      0.00
02:02:38         eth0      0.00      0.00      0.00      0.00      0.00      0.00      0.00      0.00

02:02:38        CPU     %user     %nice   %system   %iowait    %steal     %idle
02:02:39        all      0.38      0.00      0.56      0.12      0.00     98.94

02:02:38          tps      rtps      wtps      dtps   bread/s   bwrtn/s   bdscd/s
02:02:39        18.00     10.00      8.00      0.00   1848.00     32.00      0.00

02:02:38    kbmemfree   kbavail kbmemused  %memused kbbuffers  kbcached  kbcommit   %commit  kbactive   kbinact   kbdirty
02:02:39      2497388   2897384   4687216     58.74     39852    496920   8195176     81.33   1802892   3068964       252

02:02:38          DEV       tps     rkB/s     wkB/s     dkB/s   areq-sz    aqu-sz     await     %util
02:02:39          sda      0.00      0.00      0.00      0.00      0.00      0.00      0.00      0.00
02:02:39          sdb      2.00     32.00      0.00      0.00     16.00      0.00      1.50      3.00
02:02:39          sdc     16.00    892.00     16.00      0.00     56.75      0.04      1.38      5.00

02:02:38        IFACE   rxpck/s   txpck/s    rxkB/s    txkB/s   rxcmp/s   txcmp/s  rxmcst/s   %ifutil
02:02:39           lo     59.00     59.00    387.66    387.66      0.00      0.00      0.00      0.00
02:02:39         eth0      0.00      0.00      0.00      0.00      0.00      0.00      0.00      0.00

02:02:39        CPU     %user     %nice   %system   %iowait    %steal     %idle
02:02:40        all      0.56      0.00      0.31      0.12      0.00     99.00

02:02:39          tps      rtps      wtps      dtps   bread/s   bwrtn/s   bdscd/s
02:02:40        24.00     14.00     10.00      0.00   2176.00     48.00      0.00

02:02:39    kbmemfree   kbavail kbmemused  %memused kbbuffers  kbcached  kbcommit   %commit  kbactive   kbinact   kbdirty
02:02:40      2496240   2896912   4687684     58.75     39852    497600   8195700     81.33   1802904   3070032       300

02:02:39          DEV       tps     rkB/s     wkB/s     dkB/s   areq-sz    aqu-sz     await     %util
02:02:40          sda      0.00      0.00      0.00      0.00      0.00      0.00      0.00      0.00
02:02:40          sdb      2.00     12.00      0.00      0.00      6.00      0.00      0.50      2.00
02:02:40          sdc     22.00   1076.00     24.00      0.00     50.00      0.03      0.82      4.00

02:02:39        IFACE   rxpck/s   txpck/s    rxkB/s    txkB/s   rxcmp/s   txcmp/s  rxmcst/s   %ifutil
02:02:40           lo     94.00     94.00    436.34    436.34      0.00      0.00      0.00      0.00
02:02:40         eth0      0.00      0.00      0.00      0.00      0.00      0.00      0.00      0.00

02:02:40        CPU     %user     %nice   %system   %iowait    %steal     %idle
02:02:41        all      0.87      0.00      1.25      0.19      0.00     97.69

02:02:40          tps      rtps      wtps      dtps   bread/s   bwrtn/s   bdscd/s
02:02:41       111.00     23.00     78.00     10.00   3904.00   2360.00   1224.00

02:02:40    kbmemfree   kbavail kbmemused  %memused kbbuffers  kbcached  kbcommit   %commit  kbactive   kbinact   kbdirty
02:02:41      2491416   2892916   4691676     58.80     39864    498416   8195700     81.33   1802940   3071200        96

02:02:40          DEV       tps     rkB/s     wkB/s     dkB/s   areq-sz    aqu-sz     await     %util
02:02:41          sda      0.00      0.00      0.00      0.00      0.00      0.00      0.00      0.00
02:02:41          sdb      0.00      0.00      0.00      0.00      0.00      0.00      0.00      0.00
02:02:41          sdc    111.00   1952.00   1180.00    612.00     33.73      0.13      1.14     10.00

02:02:40        IFACE   rxpck/s   txpck/s    rxkB/s    txkB/s   rxcmp/s   txcmp/s  rxmcst/s   %ifutil
02:02:41           lo    109.00    109.00    993.92    993.92      0.00      0.00      0.00      0.00
02:02:41         eth0      4.00      4.00      0.31      0.31      0.00      0.00      0.00      0.00

02:02:41        CPU     %user     %nice   %system   %iowait    %steal     %idle
02:02:42        all      0.81      0.00      0.31      0.06      0.00     98.81

02:02:41          tps      rtps      wtps      dtps   bread/s   bwrtn/s   bdscd/s
02:02:42        14.00      4.00     10.00      0.00    208.00     40.00      0.00

02:02:41    kbmemfree   kbavail kbmemused  %memused kbbuffers  kbcached  kbcommit   %commit  kbactive   kbinact   kbdirty
02:02:42      2492760   2893272   4691320     58.79     39864    497428   8195580     81.33   1802944   3069820       148

02:02:41          DEV       tps     rkB/s     wkB/s     dkB/s   areq-sz    aqu-sz     await     %util
02:02:42          sda      0.00      0.00      0.00      0.00      0.00      0.00      0.00      0.00
02:02:42          sdb      0.00      0.00      0.00      0.00      0.00      0.00      0.00      0.00
02:02:42          sdc     14.00    104.00     20.00      0.00      8.86      0.02      0.93      3.00

02:02:41        IFACE   rxpck/s   txpck/s    rxkB/s    txkB/s   rxcmp/s   txcmp/s  rxmcst/s   %ifutil
02:02:42           lo     42.00     42.00    385.94    385.94      0.00      0.00      0.00      0.00
02:02:42         eth0      0.00      0.00      0.00      0.00      0.00      0.00      0.00      0.00

02:02:42        CPU     %user     %nice   %system   %iowait    %steal     %idle
02:02:43        all      0.38      0.00      0.50      0.06      0.00     99.06

02:02:42          tps      rtps      wtps      dtps   bread/s   bwrtn/s   bdscd/s
02:02:43        14.85     12.87      1.98      0.00   2685.15      7.92      0.00

02:02:42    kbmemfree   kbavail kbmemused  %memused kbbuffers  kbcached  kbcommit   %commit  kbactive   kbinact   kbdirty
02:02:43      2491256   2892136   4692424     58.81     39864    497828   8181920     81.20   1802964   3068604       152

02:02:42          DEV       tps     rkB/s     wkB/s     dkB/s   areq-sz    aqu-sz     await     %util
02:02:43          sda      0.00      0.00      0.00      0.00      0.00      0.00      0.00      0.00
02:02:43          sdb      0.99     31.68      0.00      0.00     32.00      0.00      2.00      0.99
02:02:43          sdc     13.86   1310.89      3.96      0.00     94.86      0.01      0.86      5.94

02:02:42        IFACE   rxpck/s   txpck/s    rxkB/s    txkB/s   rxcmp/s   txcmp/s  rxmcst/s   %ifutil
02:02:43           lo     17.82     17.82      2.75      2.75      0.00      0.00      0.00      0.00
02:02:43         eth0      0.00      0.00      0.00      0.00      0.00      0.00      0.00      0.00
