2025-02-21 12:49:24,850 INFO client.DefaultNoHARMFailoverProxyProvider: Connecting to ResourceManager at localhost/127.0.0.1:8032
2025-02-21 12:49:25,128 INFO mapreduce.JobResourceUploader: Disabling Erasure Coding for path: /tmp/hadoop-yarn/staging/satkp/.staging/job_1740159575390_0002
2025-02-21 12:49:26,564 INFO input.FileInputFormat: Total input files to process : 100
2025-02-21 12:49:28,224 INFO mapreduce.JobSubmitter: number of splits:100
2025-02-21 12:49:29,507 INFO mapreduce.JobSubmitter: Submitting tokens for job: job_1740159575390_0002
2025-02-21 12:49:29,507 INFO mapreduce.JobSubmitter: Executing with tokens: []
2025-02-21 12:49:29,627 INFO conf.Configuration: resource-types.xml not found
2025-02-21 12:49:29,627 INFO resource.ResourceUtils: Unable to find 'resource-types.xml'.
2025-02-21 12:49:29,683 INFO impl.YarnClientImpl: Submitted application application_1740159575390_0002
2025-02-21 12:49:29,713 INFO mapreduce.Job: The url to track the job: http://Sathvik.:8088/proxy/application_1740159575390_0002/
2025-02-21 12:49:29,713 INFO mapreduce.Job: Running job: job_1740159575390_0002
2025-02-21 12:49:34,786 INFO mapreduce.Job: Job job_1740159575390_0002 running in uber mode : false
2025-02-21 12:49:34,787 INFO mapreduce.Job:  map 0% reduce 0%
2025-02-21 12:49:40,884 INFO mapreduce.Job:  map 6% reduce 0%
2025-02-21 12:49:44,932 INFO mapreduce.Job:  map 12% reduce 0%
2025-02-21 12:49:48,965 INFO mapreduce.Job:  map 18% reduce 0%
2025-02-21 12:49:53,016 INFO mapreduce.Job:  map 24% reduce 0%
2025-02-21 12:49:57,700 INFO mapreduce.Job:  map 29% reduce 0%
2025-02-21 12:50:01,734 INFO mapreduce.Job:  map 34% reduce 0%
2025-02-21 12:50:05,765 INFO mapreduce.Job:  map 39% reduce 0%
2025-02-21 12:50:08,789 INFO mapreduce.Job:  map 39% reduce 13%
2025-02-21 12:50:09,795 INFO mapreduce.Job:  map 44% reduce 13%
2025-02-21 12:50:12,821 INFO mapreduce.Job:  map 45% reduce 13%
2025-02-21 12:50:14,834 INFO mapreduce.Job:  map 49% reduce 15%
2025-02-21 12:50:16,848 INFO mapreduce.Job:  map 50% reduce 15%
2025-02-21 12:50:17,853 INFO mapreduce.Job:  map 52% reduce 15%
2025-02-21 12:50:18,860 INFO mapreduce.Job:  map 54% reduce 15%
2025-02-21 12:50:20,885 INFO mapreduce.Job:  map 55% reduce 18%
2025-02-21 12:50:21,891 INFO mapreduce.Job:  map 57% reduce 18%
2025-02-21 12:50:22,897 INFO mapreduce.Job:  map 59% reduce 18%
2025-02-21 12:50:23,903 INFO mapreduce.Job:  map 60% reduce 18%
2025-02-21 12:50:25,914 INFO mapreduce.Job:  map 62% reduce 18%
2025-02-21 12:50:26,920 INFO mapreduce.Job:  map 64% reduce 20%
2025-02-21 12:50:28,581 INFO mapreduce.Job:  map 65% reduce 20%
2025-02-21 12:50:29,586 INFO mapreduce.Job:  map 66% reduce 20%
2025-02-21 12:50:30,592 INFO mapreduce.Job:  map 67% reduce 20%
2025-02-21 12:50:31,598 INFO mapreduce.Job:  map 69% reduce 20%
2025-02-21 12:50:32,604 INFO mapreduce.Job:  map 70% reduce 20%
2025-02-21 12:50:33,610 INFO mapreduce.Job:  map 70% reduce 23%
2025-02-21 12:50:34,615 INFO mapreduce.Job:  map 74% reduce 23%
2025-02-21 12:50:36,637 INFO mapreduce.Job:  map 75% reduce 23%
2025-02-21 12:50:37,651 INFO mapreduce.Job:  map 77% reduce 23%
2025-02-21 12:50:38,656 INFO mapreduce.Job:  map 79% reduce 23%
2025-02-21 12:50:39,662 INFO mapreduce.Job:  map 80% reduce 26%
2025-02-21 12:50:40,667 INFO mapreduce.Job:  map 81% reduce 26%
2025-02-21 12:50:41,681 INFO mapreduce.Job:  map 82% reduce 26%
2025-02-21 12:50:42,686 INFO mapreduce.Job:  map 85% reduce 26%
2025-02-21 12:50:43,692 INFO mapreduce.Job:  map 86% reduce 26%
2025-02-21 12:50:44,697 INFO mapreduce.Job:  map 87% reduce 26%
2025-02-21 12:50:45,703 INFO mapreduce.Job:  map 87% reduce 29%
2025-02-21 12:50:46,707 INFO mapreduce.Job:  map 90% reduce 29%
2025-02-21 12:50:47,712 INFO mapreduce.Job:  map 92% reduce 29%
2025-02-21 12:50:50,727 INFO mapreduce.Job:  map 95% reduce 29%
2025-02-21 12:50:51,733 INFO mapreduce.Job:  map 97% reduce 31%
2025-02-21 12:50:53,744 INFO mapreduce.Job:  map 100% reduce 31%
2025-02-21 12:50:54,751 INFO mapreduce.Job:  map 100% reduce 100%
2025-02-21 12:50:58,779 INFO mapreduce.Job: Job job_1740159575390_0002 completed successfully
2025-02-21 12:50:58,847 INFO mapreduce.Job: Counters: 55
	File System Counters
		FILE: Number of bytes read=14477063
		FILE: Number of bytes written=60159311
		FILE: Number of read operations=0
		FILE: Number of large read operations=0
		FILE: Number of write operations=0
		HDFS: Number of bytes read=32654859
		HDFS: Number of bytes written=3171284
		HDFS: Number of read operations=305
		HDFS: Number of large read operations=0
		HDFS: Number of write operations=2
		HDFS: Number of bytes read erasure-coded=0
	Job Counters 
		Killed map tasks=1
		Launched map tasks=100
		Launched reduce tasks=1
		Data-local map tasks=100
		Total time spent by all maps in occupied slots (ms)=318327
		Total time spent by all reduces in occupied slots (ms)=61461
		Total time spent by all map tasks (ms)=318327
		Total time spent by all reduce tasks (ms)=61461
		Total vcore-milliseconds taken by all map tasks=318327
		Total vcore-milliseconds taken by all reduce tasks=61461
		Total megabyte-milliseconds taken by all map tasks=325966848
		Total megabyte-milliseconds taken by all reduce tasks=62936064
	Map-Reduce Framework
		Map input records=641966
		Map output records=5518773
		Map output bytes=53248706
		Map output materialized bytes=14477657
		Input split bytes=13440
		Combine input records=5518773
		Combine output records=1010648
		Reduce input groups=269426
		Reduce shuffle bytes=14477657
		Reduce input records=1010648
		Reduce output records=269426
		Spilled Records=2021296
		Shuffled Maps =100
		Failed Shuffles=0
		Merged Map outputs=100
		GC time elapsed (ms)=22588
		CPU time spent (ms)=238130
		Physical memory (bytes) snapshot=44584787968
		Virtual memory (bytes) snapshot=262173888512
		Total committed heap usage (bytes)=41030778880
		Peak Map Physical memory (bytes)=518717440
		Peak Map Virtual memory (bytes)=2603806720
		Peak Reduce Physical memory (bytes)=337387520
		Peak Reduce Virtual memory (bytes)=2617671680
	Shuffle Errors
		BAD_ID=0
		CONNECTION=0
		IO_ERROR=0
		WRONG_LENGTH=0
		WRONG_MAP=0
		WRONG_REDUCE=0
	File Input Format Counters 
		Bytes Read=32641419
	File Output Format Counters 
		Bytes Written=3171284
