2025-02-21 13:22:07,463 INFO client.DefaultNoHARMFailoverProxyProvider: Connecting to ResourceManager at localhost/127.0.0.1:8032
2025-02-21 13:22:07,738 INFO mapreduce.JobResourceUploader: Disabling Erasure Coding for path: /tmp/hadoop-yarn/staging/satkp/.staging/job_1740161170175_0008
2025-02-21 13:22:09,199 INFO input.FileInputFormat: Total input files to process : 300
2025-02-21 13:22:10,863 INFO mapreduce.JobSubmitter: number of splits:300
2025-02-21 13:22:12,157 INFO mapreduce.JobSubmitter: Submitting tokens for job: job_1740161170175_0008
2025-02-21 13:22:12,157 INFO mapreduce.JobSubmitter: Executing with tokens: []
2025-02-21 13:22:12,286 INFO conf.Configuration: resource-types.xml not found
2025-02-21 13:22:12,287 INFO resource.ResourceUtils: Unable to find 'resource-types.xml'.
2025-02-21 13:22:12,343 INFO impl.YarnClientImpl: Submitted application application_1740161170175_0008
2025-02-21 13:22:12,373 INFO mapreduce.Job: The url to track the job: http://Sathvik.:8088/proxy/application_1740161170175_0008/
2025-02-21 13:22:12,373 INFO mapreduce.Job: Running job: job_1740161170175_0008
2025-02-21 13:22:16,439 INFO mapreduce.Job: Job job_1740161170175_0008 running in uber mode : false
2025-02-21 13:22:16,440 INFO mapreduce.Job:  map 0% reduce 0%
2025-02-21 13:22:23,383 INFO mapreduce.Job:  map 1% reduce 0%
2025-02-21 13:22:24,396 INFO mapreduce.Job:  map 2% reduce 0%
2025-02-21 13:22:28,433 INFO mapreduce.Job:  map 4% reduce 0%
2025-02-21 13:22:32,487 INFO mapreduce.Job:  map 6% reduce 0%
2025-02-21 13:22:36,516 INFO mapreduce.Job:  map 7% reduce 0%
2025-02-21 13:22:37,522 INFO mapreduce.Job:  map 8% reduce 0%
2025-02-21 13:22:40,543 INFO mapreduce.Job:  map 10% reduce 0%
2025-02-21 13:22:44,576 INFO mapreduce.Job:  map 11% reduce 0%
2025-02-21 13:22:45,582 INFO mapreduce.Job:  map 12% reduce 0%
2025-02-21 13:22:49,610 INFO mapreduce.Job:  map 14% reduce 0%
2025-02-21 13:22:51,623 INFO mapreduce.Job:  map 15% reduce 0%
2025-02-21 13:22:54,378 INFO mapreduce.Job:  map 16% reduce 0%
2025-02-21 13:22:56,389 INFO mapreduce.Job:  map 17% reduce 0%
2025-02-21 13:22:59,409 INFO mapreduce.Job:  map 18% reduce 0%
2025-02-21 13:23:00,416 INFO mapreduce.Job:  map 19% reduce 0%
2025-02-21 13:23:02,429 INFO mapreduce.Job:  map 20% reduce 0%
2025-02-21 13:23:06,452 INFO mapreduce.Job:  map 21% reduce 0%
2025-02-21 13:23:07,462 INFO mapreduce.Job:  map 22% reduce 0%
2025-02-21 13:23:10,479 INFO mapreduce.Job:  map 23% reduce 0%
2025-02-21 13:23:11,484 INFO mapreduce.Job:  map 24% reduce 0%
2025-02-21 13:23:14,498 INFO mapreduce.Job:  map 25% reduce 8%
2025-02-21 13:23:18,523 INFO mapreduce.Job:  map 26% reduce 8%
2025-02-21 13:23:19,528 INFO mapreduce.Job:  map 27% reduce 8%
2025-02-21 13:23:20,534 INFO mapreduce.Job:  map 27% reduce 9%
2025-02-21 13:23:22,545 INFO mapreduce.Job:  map 29% reduce 9%
2025-02-21 13:23:27,309 INFO mapreduce.Job:  map 29% reduce 10%
2025-02-21 13:23:28,316 INFO mapreduce.Job:  map 30% reduce 10%
2025-02-21 13:23:31,331 INFO mapreduce.Job:  map 31% reduce 10%
2025-02-21 13:23:32,335 INFO mapreduce.Job:  map 32% reduce 10%
2025-02-21 13:23:35,350 INFO mapreduce.Job:  map 33% reduce 10%
2025-02-21 13:23:36,355 INFO mapreduce.Job:  map 34% reduce 10%
2025-02-21 13:23:38,366 INFO mapreduce.Job:  map 34% reduce 11%
2025-02-21 13:23:39,370 INFO mapreduce.Job:  map 35% reduce 11%
2025-02-21 13:23:40,375 INFO mapreduce.Job:  map 36% reduce 11%
2025-02-21 13:23:43,390 INFO mapreduce.Job:  map 37% reduce 11%
2025-02-21 13:23:44,395 INFO mapreduce.Job:  map 37% reduce 12%
2025-02-21 13:23:47,408 INFO mapreduce.Job:  map 39% reduce 12%
2025-02-21 13:23:50,426 INFO mapreduce.Job:  map 39% reduce 13%
2025-02-21 13:23:51,433 INFO mapreduce.Job:  map 40% reduce 13%
2025-02-21 13:23:52,438 INFO mapreduce.Job:  map 41% reduce 13%
2025-02-21 13:23:55,454 INFO mapreduce.Job:  map 42% reduce 13%
2025-02-21 13:23:56,460 INFO mapreduce.Job:  map 42% reduce 14%
2025-02-21 13:24:00,201 INFO mapreduce.Job:  map 43% reduce 14%
2025-02-21 13:24:01,206 INFO mapreduce.Job:  map 44% reduce 14%
2025-02-21 13:24:03,216 INFO mapreduce.Job:  map 44% reduce 15%
2025-02-21 13:24:05,233 INFO mapreduce.Job:  map 46% reduce 15%
2025-02-21 13:24:08,249 INFO mapreduce.Job:  map 47% reduce 15%
2025-02-21 13:24:09,256 INFO mapreduce.Job:  map 47% reduce 16%
2025-02-21 13:24:12,273 INFO mapreduce.Job:  map 49% reduce 16%
2025-02-21 13:24:16,290 INFO mapreduce.Job:  map 51% reduce 16%
2025-02-21 13:24:20,307 INFO mapreduce.Job:  map 52% reduce 16%
2025-02-21 13:24:21,312 INFO mapreduce.Job:  map 53% reduce 17%
2025-02-21 13:24:24,327 INFO mapreduce.Job:  map 54% reduce 17%
2025-02-21 13:24:27,343 INFO mapreduce.Job:  map 54% reduce 18%
2025-02-21 13:24:28,347 INFO mapreduce.Job:  map 56% reduce 18%
2025-02-21 13:24:33,086 INFO mapreduce.Job:  map 58% reduce 18%
2025-02-21 13:24:34,090 INFO mapreduce.Job:  map 58% reduce 19%
2025-02-21 13:24:37,105 INFO mapreduce.Job:  map 59% reduce 19%
2025-02-21 13:24:40,120 INFO mapreduce.Job:  map 59% reduce 20%
2025-02-21 13:24:41,125 INFO mapreduce.Job:  map 61% reduce 20%
2025-02-21 13:24:45,143 INFO mapreduce.Job:  map 63% reduce 20%
2025-02-21 13:24:46,150 INFO mapreduce.Job:  map 63% reduce 21%
2025-02-21 13:24:49,170 INFO mapreduce.Job:  map 64% reduce 21%
2025-02-21 13:24:51,182 INFO mapreduce.Job:  map 65% reduce 21%
2025-02-21 13:24:52,186 INFO mapreduce.Job:  map 66% reduce 22%
2025-02-21 13:24:56,205 INFO mapreduce.Job:  map 67% reduce 22%
2025-02-21 13:24:57,210 INFO mapreduce.Job:  map 68% reduce 22%
2025-02-21 13:24:58,216 INFO mapreduce.Job:  map 68% reduce 23%
2025-02-21 13:25:00,224 INFO mapreduce.Job:  map 69% reduce 23%
2025-02-21 13:25:01,227 INFO mapreduce.Job:  map 70% reduce 23%
2025-02-21 13:25:04,240 INFO mapreduce.Job:  map 71% reduce 23%
2025-02-21 13:25:08,945 INFO mapreduce.Job:  map 73% reduce 23%
2025-02-21 13:25:10,954 INFO mapreduce.Job:  map 73% reduce 24%
2025-02-21 13:25:12,966 INFO mapreduce.Job:  map 75% reduce 24%
2025-02-21 13:25:15,987 INFO mapreduce.Job:  map 76% reduce 24%
2025-02-21 13:25:16,996 INFO mapreduce.Job:  map 76% reduce 25%
2025-02-21 13:25:20,012 INFO mapreduce.Job:  map 77% reduce 25%
2025-02-21 13:25:21,024 INFO mapreduce.Job:  map 78% reduce 25%
2025-02-21 13:25:23,037 INFO mapreduce.Job:  map 78% reduce 26%
2025-02-21 13:25:24,040 INFO mapreduce.Job:  map 80% reduce 26%
2025-02-21 13:25:28,060 INFO mapreduce.Job:  map 81% reduce 26%
2025-02-21 13:25:29,066 INFO mapreduce.Job:  map 81% reduce 27%
2025-02-21 13:25:30,074 INFO mapreduce.Job:  map 82% reduce 27%
2025-02-21 13:25:32,082 INFO mapreduce.Job:  map 83% reduce 27%
2025-02-21 13:25:35,104 INFO mapreduce.Job:  map 83% reduce 28%
2025-02-21 13:25:36,108 INFO mapreduce.Job:  map 85% reduce 28%
2025-02-21 13:25:39,869 INFO mapreduce.Job:  map 86% reduce 28%
2025-02-21 13:25:40,873 INFO mapreduce.Job:  map 87% reduce 28%
2025-02-21 13:25:41,878 INFO mapreduce.Job:  map 87% reduce 29%
2025-02-21 13:25:42,884 INFO mapreduce.Job:  map 88% reduce 29%
2025-02-21 13:25:45,896 INFO mapreduce.Job:  map 89% reduce 29%
2025-02-21 13:25:46,901 INFO mapreduce.Job:  map 90% reduce 29%
2025-02-21 13:25:47,914 INFO mapreduce.Job:  map 90% reduce 30%
2025-02-21 13:25:49,926 INFO mapreduce.Job:  map 92% reduce 30%
2025-02-21 13:25:53,946 INFO mapreduce.Job:  map 93% reduce 31%
2025-02-21 13:25:55,957 INFO mapreduce.Job:  map 94% reduce 31%
2025-02-21 13:25:57,965 INFO mapreduce.Job:  map 95% reduce 31%
2025-02-21 13:25:59,981 INFO mapreduce.Job:  map 95% reduce 32%
2025-02-21 13:26:02,000 INFO mapreduce.Job:  map 97% reduce 32%
2025-02-21 13:26:05,012 INFO mapreduce.Job:  map 99% reduce 32%
2025-02-21 13:26:06,018 INFO mapreduce.Job:  map 99% reduce 33%
2025-02-21 13:26:08,025 INFO mapreduce.Job:  map 100% reduce 33%
2025-02-21 13:26:11,652 INFO mapreduce.Job:  map 100% reduce 100%
2025-02-21 13:26:14,666 INFO mapreduce.Job: Job job_1740161170175_0008 completed successfully
2025-02-21 13:26:14,736 INFO mapreduce.Job: Counters: 54
	File System Counters
		FILE: Number of bytes read=32913
		FILE: Number of bytes written=93212505
		FILE: Number of read operations=0
		FILE: Number of large read operations=0
		FILE: Number of write operations=0
		HDFS: Number of bytes read=113881507
		HDFS: Number of bytes written=461
		HDFS: Number of read operations=905
		HDFS: Number of large read operations=0
		HDFS: Number of write operations=2
		HDFS: Number of bytes read erasure-coded=0
	Job Counters 
		Launched map tasks=300
		Launched reduce tasks=1
		Data-local map tasks=300
		Total time spent by all maps in occupied slots (ms)=910993
		Total time spent by all reduces in occupied slots (ms)=190994
		Total time spent by all map tasks (ms)=910993
		Total time spent by all reduce tasks (ms)=190994
		Total vcore-milliseconds taken by all map tasks=910993
		Total vcore-milliseconds taken by all reduce tasks=190994
		Total megabyte-milliseconds taken by all map tasks=932856832
		Total megabyte-milliseconds taken by all reduce tasks=195577856
	Map-Reduce Framework
		Map input records=2257447
		Map output records=27857
		Map output bytes=443009
		Map output materialized bytes=34707
		Input split bytes=40284
		Combine input records=27857
		Combine output records=1819
		Reduce input groups=16
		Reduce shuffle bytes=34707
		Reduce input records=1819
		Reduce output records=16
		Spilled Records=3638
		Shuffled Maps =300
		Failed Shuffles=0
		Merged Map outputs=300
		GC time elapsed (ms)=71247
		CPU time spent (ms)=490200
		Physical memory (bytes) snapshot=128052539392
		Virtual memory (bytes) snapshot=779556896768
		Total committed heap usage (bytes)=123802222592
		Peak Map Physical memory (bytes)=494075904
		Peak Map Virtual memory (bytes)=2596638720
		Peak Reduce Physical memory (bytes)=243884032
		Peak Reduce Virtual memory (bytes)=2595602432
	Shuffle Errors
		BAD_ID=0
		CONNECTION=0
		IO_ERROR=0
		WRONG_LENGTH=0
		WRONG_MAP=0
		WRONG_REDUCE=0
	File Input Format Counters 
		Bytes Read=113841223
	File Output Format Counters 
		Bytes Written=461
2025-02-21 13:26:14,814 INFO client.DefaultNoHARMFailoverProxyProvider: Connecting to ResourceManager at localhost/127.0.0.1:8032
2025-02-21 13:26:14,828 INFO mapreduce.JobResourceUploader: Disabling Erasure Coding for path: /tmp/hadoop-yarn/staging/satkp/.staging/job_1740161170175_0009
2025-02-21 13:26:15,260 INFO input.FileInputFormat: Total input files to process : 1
2025-02-21 13:26:17,703 INFO mapreduce.JobSubmitter: number of splits:1
2025-02-21 13:26:18,138 INFO mapreduce.JobSubmitter: Submitting tokens for job: job_1740161170175_0009
2025-02-21 13:26:18,138 INFO mapreduce.JobSubmitter: Executing with tokens: []
2025-02-21 13:26:18,154 INFO impl.YarnClientImpl: Submitted application application_1740161170175_0009
2025-02-21 13:26:18,158 INFO mapreduce.Job: The url to track the job: http://Sathvik.:8088/proxy/application_1740161170175_0009/
2025-02-21 13:26:18,158 INFO mapreduce.Job: Running job: job_1740161170175_0009
2025-02-21 13:26:25,226 INFO mapreduce.Job: Job job_1740161170175_0009 running in uber mode : false
2025-02-21 13:26:25,226 INFO mapreduce.Job:  map 0% reduce 0%
2025-02-21 13:26:28,244 INFO mapreduce.Job:  map 100% reduce 0%
2025-02-21 13:26:33,263 INFO mapreduce.Job:  map 100% reduce 100%
2025-02-21 13:26:37,282 INFO mapreduce.Job: Job job_1740161170175_0009 completed successfully
2025-02-21 13:26:37,305 INFO mapreduce.Job: Counters: 54
	File System Counters
		FILE: Number of bytes read=285
		FILE: Number of bytes written=618243
		FILE: Number of read operations=0
		FILE: Number of large read operations=0
		FILE: Number of write operations=0
		HDFS: Number of bytes read=592
		HDFS: Number of bytes written=191
		HDFS: Number of read operations=9
		HDFS: Number of large read operations=0
		HDFS: Number of write operations=2
		HDFS: Number of bytes read erasure-coded=0
	Job Counters 
		Launched map tasks=1
		Launched reduce tasks=1
		Data-local map tasks=1
		Total time spent by all maps in occupied slots (ms)=1494
		Total time spent by all reduces in occupied slots (ms)=1857
		Total time spent by all map tasks (ms)=1494
		Total time spent by all reduce tasks (ms)=1857
		Total vcore-milliseconds taken by all map tasks=1494
		Total vcore-milliseconds taken by all reduce tasks=1857
		Total megabyte-milliseconds taken by all map tasks=1529856
		Total megabyte-milliseconds taken by all reduce tasks=1901568
	Map-Reduce Framework
		Map input records=16
		Map output records=16
		Map output bytes=247
		Map output materialized bytes=285
		Input split bytes=131
		Combine input records=0
		Combine output records=0
		Reduce input groups=16
		Reduce shuffle bytes=285
		Reduce input records=16
		Reduce output records=16
		Spilled Records=32
		Shuffled Maps =1
		Failed Shuffles=0
		Merged Map outputs=1
		GC time elapsed (ms)=116
		CPU time spent (ms)=830
		Physical memory (bytes) snapshot=532672512
		Virtual memory (bytes) snapshot=5184065536
		Total committed heap usage (bytes)=466616320
		Peak Map Physical memory (bytes)=267390976
		Peak Map Virtual memory (bytes)=2588786688
		Peak Reduce Physical memory (bytes)=265347072
		Peak Reduce Virtual memory (bytes)=2595278848
	Shuffle Errors
		BAD_ID=0
		CONNECTION=0
		IO_ERROR=0
		WRONG_LENGTH=0
		WRONG_MAP=0
		WRONG_REDUCE=0
	File Input Format Counters 
		Bytes Read=461
	File Output Format Counters 
		Bytes Written=191
