Linux 5.15.167.4-microsoft-standard-WSL2 (Sathvik) 	02/21/25 	_x86_64_	(16 CPU)

12:56:41        CPU     %user     %nice   %system   %iowait    %steal     %idle
12:56:42        all     13.86      0.00      1.63      0.00      0.00     84.51

12:56:41          tps      rtps      wtps      dtps   bread/s   bwrtn/s   bdscd/s
12:56:42         0.00      0.00      0.00      0.00      0.00      0.00      0.00

12:56:41    kbmemfree   kbavail kbmemused  %memused kbbuffers  kbcached  kbcommit   %commit  kbactive   kbinact   kbdirty
12:56:42      3347136   3999428   3595508     45.06    121732    665176   6300116     62.52    760900   3314608      1136

12:56:41          DEV       tps     rkB/s     wkB/s     dkB/s   areq-sz    aqu-sz     await     %util
12:56:42          sda      0.00      0.00      0.00      0.00      0.00      0.00      0.00      0.00
12:56:42          sdb      0.00      0.00      0.00      0.00      0.00      0.00      0.00      0.00
12:56:42          sdc      0.00      0.00      0.00      0.00      0.00      0.00      0.00      0.00

12:56:41        IFACE   rxpck/s   txpck/s    rxkB/s    txkB/s   rxcmp/s   txcmp/s  rxmcst/s   %ifutil
12:56:42           lo     15.00     15.00    415.88    415.88      0.00      0.00      0.00      0.00
12:56:42         eth0      0.00      0.00      0.00      0.00      0.00      0.00      0.00      0.00

12:56:42        CPU     %user     %nice   %system   %iowait    %steal     %idle
12:56:43        all      3.61      0.00      0.62      0.19      0.00     95.58

12:56:42          tps      rtps      wtps      dtps   bread/s   bwrtn/s   bdscd/s
12:56:43        35.00      0.00     32.00      3.00      0.00   3360.00    192.00

12:56:42    kbmemfree   kbavail kbmemused  %memused kbbuffers  kbcached  kbcommit   %commit  kbactive   kbinact   kbdirty
12:56:43      3329584   3982160   3612772     45.28    121740    665456   6277780     62.30    760952   3333228       524

12:56:42          DEV       tps     rkB/s     wkB/s     dkB/s   areq-sz    aqu-sz     await     %util
12:56:43          sda      0.00      0.00      0.00      0.00      0.00      0.00      0.00      0.00
12:56:43          sdb      0.00      0.00      0.00      0.00      0.00      0.00      0.00      0.00
12:56:43          sdc     35.00      0.00   1680.00     96.00     50.74      0.07      1.83      8.00

12:56:42        IFACE   rxpck/s   txpck/s    rxkB/s    txkB/s   rxcmp/s   txcmp/s  rxmcst/s   %ifutil
12:56:43           lo     89.00     89.00    700.69    700.69      0.00      0.00      0.00      0.00
12:56:43         eth0      0.00      0.00      0.00      0.00      0.00      0.00      0.00      0.00

12:56:43        CPU     %user     %nice   %system   %iowait    %steal     %idle
12:56:44        all      0.56      0.00      0.13      0.00      0.00     99.31

12:56:43          tps      rtps      wtps      dtps   bread/s   bwrtn/s   bdscd/s
12:56:44        12.00      0.00     12.00      0.00      0.00     48.00      0.00

12:56:43    kbmemfree   kbavail kbmemused  %memused kbbuffers  kbcached  kbcommit   %commit  kbactive   kbinact   kbdirty
12:56:44      3329184   3981784   3613148     45.28    121740    665480   6282264     62.35    760960   3334892       424

12:56:43          DEV       tps     rkB/s     wkB/s     dkB/s   areq-sz    aqu-sz     await     %util
12:56:44          sda      0.00      0.00      0.00      0.00      0.00      0.00      0.00      0.00
12:56:44          sdb      0.00      0.00      0.00      0.00      0.00      0.00      0.00      0.00
12:56:44          sdc     12.00      0.00     24.00      0.00      2.00      0.02      0.83      4.00

12:56:43        IFACE   rxpck/s   txpck/s    rxkB/s    txkB/s   rxcmp/s   txcmp/s  rxmcst/s   %ifutil
12:56:44           lo     56.00     56.00    428.62    428.62      0.00      0.00      0.00      0.00
12:56:44         eth0      0.00      0.00      0.00      0.00      0.00      0.00      0.00      0.00

12:56:44        CPU     %user     %nice   %system   %iowait    %steal     %idle
12:56:45        all      0.12      0.00      0.06      0.06      0.00     99.75

12:56:44          tps      rtps      wtps      dtps   bread/s   bwrtn/s   bdscd/s
12:56:45         8.00      0.00      8.00      0.00      0.00     32.00      0.00

12:56:44    kbmemfree   kbavail kbmemused  %memused kbbuffers  kbcached  kbcommit   %commit  kbactive   kbinact   kbdirty
12:56:45      3328960   3981580   3613360     45.28    121740    665492   6282332     62.35    760960   3334928       436

12:56:44          DEV       tps     rkB/s     wkB/s     dkB/s   areq-sz    aqu-sz     await     %util
12:56:45          sda      0.00      0.00      0.00      0.00      0.00      0.00      0.00      0.00
12:56:45          sdb      0.00      0.00      0.00      0.00      0.00      0.00      0.00      0.00
12:56:45          sdc      8.00      0.00     16.00      0.00      2.00      0.01      0.75      2.00

12:56:44        IFACE   rxpck/s   txpck/s    rxkB/s    txkB/s   rxcmp/s   txcmp/s  rxmcst/s   %ifutil
12:56:45           lo     44.00     44.00    419.95    419.95      0.00      0.00      0.00      0.00
12:56:45         eth0      0.00      0.00      0.00      0.00      0.00      0.00      0.00      0.00

12:56:45        CPU     %user     %nice   %system   %iowait    %steal     %idle
12:56:46        all      2.37      0.00      0.31      0.00      0.00     97.32

12:56:45          tps      rtps      wtps      dtps   bread/s   bwrtn/s   bdscd/s
12:56:46         9.00      1.00      8.00      0.00      8.00     40.00      0.00

12:56:45    kbmemfree   kbavail kbmemused  %memused kbbuffers  kbcached  kbcommit   %commit  kbactive   kbinact   kbdirty
12:56:46      3312564   3965344   3629596     45.49    121740    665652   6285028     62.37    760972   3347096       592

12:56:45          DEV       tps     rkB/s     wkB/s     dkB/s   areq-sz    aqu-sz     await     %util
12:56:46          sda      0.00      0.00      0.00      0.00      0.00      0.00      0.00      0.00
12:56:46          sdb      0.00      0.00      0.00      0.00      0.00      0.00      0.00      0.00
12:56:46          sdc      9.00      4.00     20.00      0.00      2.67      0.01      1.00      3.00

12:56:45        IFACE   rxpck/s   txpck/s    rxkB/s    txkB/s   rxcmp/s   txcmp/s  rxmcst/s   %ifutil
12:56:46           lo     60.00     60.00    681.30    681.30      0.00      0.00      0.00      0.00
12:56:46         eth0      0.00      0.00      0.00      0.00      0.00      0.00      0.00      0.00

12:56:46        CPU     %user     %nice   %system   %iowait    %steal     %idle
12:56:47        all      3.31      0.00      0.69      0.06      0.00     95.94

12:56:46          tps      rtps      wtps      dtps   bread/s   bwrtn/s   bdscd/s
12:56:47         5.00      3.00      2.00      0.00     24.00      8.00      0.00

12:56:46    kbmemfree   kbavail kbmemused  %memused kbbuffers  kbcached  kbcommit   %commit  kbactive   kbinact   kbdirty
12:56:47      3222220   3875016   3719920     46.62    121740    665672   6314660     62.67    761052   3439420       612

12:56:46          DEV       tps     rkB/s     wkB/s     dkB/s   areq-sz    aqu-sz     await     %util
12:56:47          sda      0.00      0.00      0.00      0.00      0.00      0.00      0.00      0.00
12:56:47          sdb      0.00      0.00      0.00      0.00      0.00      0.00      0.00      0.00
12:56:47          sdc      5.00     12.00      4.00      0.00      3.20      0.01      1.20      4.00

12:56:46        IFACE   rxpck/s   txpck/s    rxkB/s    txkB/s   rxcmp/s   txcmp/s  rxmcst/s   %ifutil
12:56:47           lo     52.00     52.00    427.42    427.42      0.00      0.00      0.00      0.00
12:56:47         eth0      0.00      0.00      0.00      0.00      0.00      0.00      0.00      0.00

12:56:47        CPU     %user     %nice   %system   %iowait    %steal     %idle
12:56:48        all      1.62      0.00      1.19      0.00      0.00     97.19

12:56:47          tps      rtps      wtps      dtps   bread/s   bwrtn/s   bdscd/s
12:56:48        61.00      1.00     60.00      0.00     64.00   1376.00      0.00

12:56:47    kbmemfree   kbavail kbmemused  %memused kbbuffers  kbcached  kbcommit   %commit  kbactive   kbinact   kbdirty
12:56:48      3177440   3830936   3763972     47.17    121740    666408   6566156     65.16    761108   3478440       704

12:56:47          DEV       tps     rkB/s     wkB/s     dkB/s   areq-sz    aqu-sz     await     %util
12:56:48          sda      0.00      0.00      0.00      0.00      0.00      0.00      0.00      0.00
12:56:48          sdb      1.00     32.00      0.00      0.00     32.00      0.00      1.00      1.00
12:56:48          sdc     60.00      0.00    688.00      0.00     11.47      0.06      1.02      1.00

12:56:47        IFACE   rxpck/s   txpck/s    rxkB/s    txkB/s   rxcmp/s   txcmp/s  rxmcst/s   %ifutil
12:56:48           lo    160.00    160.00    560.86    560.86      0.00      0.00      0.00      0.00
12:56:48         eth0      0.00      0.00      0.00      0.00      0.00      0.00      0.00      0.00

12:56:48        CPU     %user     %nice   %system   %iowait    %steal     %idle
12:56:49        all     15.18      0.00      2.94      0.06      0.00     81.82

12:56:48          tps      rtps      wtps      dtps   bread/s   bwrtn/s   bdscd/s
12:56:49         2.00      0.00      2.00      0.00      0.00    664.00      0.00

12:56:48    kbmemfree   kbavail kbmemused  %memused kbbuffers  kbcached  kbcommit   %commit  kbactive   kbinact   kbdirty
12:56:49      3020964   3674496   3920432     49.13    121748    666448   6796092     67.44    761416   3620432      1072

12:56:48          DEV       tps     rkB/s     wkB/s     dkB/s   areq-sz    aqu-sz     await     %util
12:56:49          sda      0.00      0.00      0.00      0.00      0.00      0.00      0.00      0.00
12:56:49          sdb      0.00      0.00      0.00      0.00      0.00      0.00      0.00      0.00
12:56:49          sdc      2.00      0.00    332.00      0.00    166.00      0.01      2.00      1.00

12:56:48        IFACE   rxpck/s   txpck/s    rxkB/s    txkB/s   rxcmp/s   txcmp/s  rxmcst/s   %ifutil
12:56:49           lo     51.00     51.00    421.54    421.54      0.00      0.00      0.00      0.00
12:56:49         eth0      0.00      0.00      0.00      0.00      0.00      0.00      0.00      0.00

12:56:49        CPU     %user     %nice   %system   %iowait    %steal     %idle
12:56:50        all     14.61      0.00      1.93      0.00      0.00     83.46

12:56:49          tps      rtps      wtps      dtps   bread/s   bwrtn/s   bdscd/s
12:56:50        16.00     16.00      0.00      0.00    128.00      0.00      0.00

12:56:49    kbmemfree   kbavail kbmemused  %memused kbbuffers  kbcached  kbcommit   %commit  kbactive   kbinact   kbdirty
12:56:50      2863212   3517020   4077800     51.10    121752    666624   6932220     68.80    762280   3785168      1192

12:56:49          DEV       tps     rkB/s     wkB/s     dkB/s   areq-sz    aqu-sz     await     %util
12:56:50          sda      0.00      0.00      0.00      0.00      0.00      0.00      0.00      0.00
12:56:50          sdb      0.00      0.00      0.00      0.00      0.00      0.00      0.00      0.00
12:56:50          sdc     16.00     64.00      0.00      0.00      4.00      0.01      0.75      2.00

12:56:49        IFACE   rxpck/s   txpck/s    rxkB/s    txkB/s   rxcmp/s   txcmp/s  rxmcst/s   %ifutil
12:56:50           lo     58.00     58.00    421.12    421.12      0.00      0.00      0.00      0.00
12:56:50         eth0      0.00      0.00      0.00      0.00      0.00      0.00      0.00      0.00

12:56:50        CPU     %user     %nice   %system   %iowait    %steal     %idle
12:56:51        all     21.38      0.00      1.49      0.06      0.00     77.07

12:56:50          tps      rtps      wtps      dtps   bread/s   bwrtn/s   bdscd/s
12:56:51         8.00      0.00      8.00      0.00      0.00     32.00      0.00

12:56:50    kbmemfree   kbavail kbmemused  %memused kbbuffers  kbcached  kbcommit   %commit  kbactive   kbinact   kbdirty
12:56:51      2712860   3366984   4227828     52.98    121752    666944   7011912     69.59    762324   3938356      1512

12:56:50          DEV       tps     rkB/s     wkB/s     dkB/s   areq-sz    aqu-sz     await     %util
12:56:51          sda      0.00      0.00      0.00      0.00      0.00      0.00      0.00      0.00
12:56:51          sdb      0.00      0.00      0.00      0.00      0.00      0.00      0.00      0.00
12:56:51          sdc      8.00      0.00     16.00      0.00      2.00      0.02      1.38      4.00

12:56:50        IFACE   rxpck/s   txpck/s    rxkB/s    txkB/s   rxcmp/s   txcmp/s  rxmcst/s   %ifutil
12:56:51           lo     91.00     91.00    726.15    726.15      0.00      0.00      0.00      0.00
12:56:51         eth0      0.00      0.00      0.00      0.00      0.00      0.00      0.00      0.00

12:56:51        CPU     %user     %nice   %system   %iowait    %steal     %idle
12:56:52        all      0.56      0.00      0.25      0.00      0.00     99.19

12:56:51          tps      rtps      wtps      dtps   bread/s   bwrtn/s   bdscd/s
12:56:52         2.00      0.00      2.00      0.00      0.00      8.00      0.00

12:56:51    kbmemfree   kbavail kbmemused  %memused kbbuffers  kbcached  kbcommit   %commit  kbactive   kbinact   kbdirty
12:56:52      2719944   3374080   4220724     52.90    121752    666964   6999536     69.46    762324   3928228      1544

12:56:51          DEV       tps     rkB/s     wkB/s     dkB/s   areq-sz    aqu-sz     await     %util
12:56:52          sda      0.00      0.00      0.00      0.00      0.00      0.00      0.00      0.00
12:56:52          sdb      0.00      0.00      0.00      0.00      0.00      0.00      0.00      0.00
12:56:52          sdc      2.00      0.00      4.00      0.00      2.00      0.01      1.50      1.00

12:56:51        IFACE   rxpck/s   txpck/s    rxkB/s    txkB/s   rxcmp/s   txcmp/s  rxmcst/s   %ifutil
12:56:52           lo     36.00     36.00    419.73    419.73      0.00      0.00      0.00      0.00
12:56:52         eth0      0.00      0.00      0.00      0.00      0.00      0.00      0.00      0.00

12:56:52        CPU     %user     %nice   %system   %iowait    %steal     %idle
12:56:53        all     10.37      0.00      4.01      0.00      0.00     85.62

12:56:52          tps      rtps      wtps      dtps   bread/s   bwrtn/s   bdscd/s
12:56:53        59.00      1.00     58.00      0.00     32.00   2808.00      0.00

12:56:52    kbmemfree   kbavail kbmemused  %memused kbbuffers  kbcached  kbcommit   %commit  kbactive   kbinact   kbdirty
12:56:53      2485588   3142032   4451888     55.79    121832    667388   8482320     84.18    762520   4145540       464

12:56:52          DEV       tps     rkB/s     wkB/s     dkB/s   areq-sz    aqu-sz     await     %util
12:56:53          sda      0.00      0.00      0.00      0.00      0.00      0.00      0.00      0.00
12:56:53          sdb      1.00     16.00      0.00      0.00     16.00      0.00      1.00      2.00
12:56:53          sdc     58.00      0.00   1404.00      0.00     24.21      0.11      1.98      1.00

12:56:52        IFACE   rxpck/s   txpck/s    rxkB/s    txkB/s   rxcmp/s   txcmp/s  rxmcst/s   %ifutil
12:56:53           lo    123.00    123.00    443.41    443.41      0.00      0.00      0.00      0.00
12:56:53         eth0      0.00      0.00      0.00      0.00      0.00      0.00      0.00      0.00

12:56:53        CPU     %user     %nice   %system   %iowait    %steal     %idle
12:56:54        all     71.65      0.00      9.20      0.00      0.00     19.15

12:56:53          tps      rtps      wtps      dtps   bread/s   bwrtn/s   bdscd/s
12:56:54         2.00      0.00      2.00      0.00      0.00   1320.00      0.00

12:56:53    kbmemfree   kbavail kbmemused  %memused kbbuffers  kbcached  kbcommit   %commit  kbactive   kbinact   kbdirty
12:56:54      2121080   2778268   4814928     60.34    121840    667740   8787432     87.21    762736   4527812      1504

12:56:53          DEV       tps     rkB/s     wkB/s     dkB/s   areq-sz    aqu-sz     await     %util
12:56:54          sda      0.00      0.00      0.00      0.00      0.00      0.00      0.00      0.00
12:56:54          sdb      0.00      0.00      0.00      0.00      0.00      0.00      0.00      0.00
12:56:54          sdc      2.00      0.00    660.00      0.00    330.00      0.01      2.00      2.00

12:56:53        IFACE   rxpck/s   txpck/s    rxkB/s    txkB/s   rxcmp/s   txcmp/s  rxmcst/s   %ifutil
12:56:54           lo     35.00     35.00    418.81    418.81      0.00      0.00      0.00      0.00
12:56:54         eth0      0.00      0.00      0.00      0.00      0.00      0.00      0.00      0.00

12:56:54        CPU     %user     %nice   %system   %iowait    %steal     %idle
12:56:55        all     68.46      0.00      7.27      0.00      0.00     24.26

12:56:54          tps      rtps      wtps      dtps   bread/s   bwrtn/s   bdscd/s
12:56:55         0.00      0.00      0.00      0.00      0.00      0.00      0.00

12:56:54    kbmemfree   kbavail kbmemused  %memused kbbuffers  kbcached  kbcommit   %commit  kbactive   kbinact   kbdirty
12:56:55      1542932   2203128   5389940     67.55    121840    669700   9146272     90.77    762740   5101244      3480

12:56:54          DEV       tps     rkB/s     wkB/s     dkB/s   areq-sz    aqu-sz     await     %util
12:56:55          sda      0.00      0.00      0.00      0.00      0.00      0.00      0.00      0.00
12:56:55          sdb      0.00      0.00      0.00      0.00      0.00      0.00      0.00      0.00
12:56:55          sdc      0.00      0.00      0.00      0.00      0.00      0.00      0.00      0.00

12:56:54        IFACE   rxpck/s   txpck/s    rxkB/s    txkB/s   rxcmp/s   txcmp/s  rxmcst/s   %ifutil
12:56:55           lo    135.00    135.00    437.37    437.37      0.00      0.00      0.00      0.00
12:56:55         eth0      0.00      0.00      0.00      0.00      0.00      0.00      0.00      0.00

12:56:55        CPU     %user     %nice   %system   %iowait    %steal     %idle
12:56:56        all     80.17      0.00     11.81      0.00      0.00      8.02

12:56:55          tps      rtps      wtps      dtps   bread/s   bwrtn/s   bdscd/s
12:56:56        17.00     13.00      4.00      0.00   2728.00     16.00      0.00

12:56:55    kbmemfree   kbavail kbmemused  %memused kbbuffers  kbcached  kbcommit   %commit  kbactive   kbinact   kbdirty
12:56:56       185856    846480   6746300     84.55    121840    670932  11034584    109.51    763924   6452212      3544

12:56:55          DEV       tps     rkB/s     wkB/s     dkB/s   areq-sz    aqu-sz     await     %util
12:56:56          sda      0.00      0.00      0.00      0.00      0.00      0.00      0.00      0.00
12:56:56          sdb      0.00      0.00      0.00      0.00      0.00      0.00      0.00      0.00
12:56:56          sdc     17.00   1364.00      8.00      0.00     80.71      0.02      0.82     10.00

12:56:55        IFACE   rxpck/s   txpck/s    rxkB/s    txkB/s   rxcmp/s   txcmp/s  rxmcst/s   %ifutil
12:56:56           lo    515.00    515.00   2903.91   2903.91      0.00      0.00      0.00      0.00
12:56:56         eth0      1.00      0.00      0.20      0.00      0.00      0.00      1.00      0.00

12:56:56        CPU     %user     %nice   %system   %iowait    %steal     %idle
12:56:57        all     19.43      0.00      5.51      0.06      0.00     75.00

12:56:56          tps      rtps      wtps      dtps   bread/s   bwrtn/s   bdscd/s
12:56:57         6.00      0.00      6.00      0.00      0.00    384.00      0.00

12:56:56    kbmemfree   kbavail kbmemused  %memused kbbuffers  kbcached  kbcommit   %commit  kbactive   kbinact   kbdirty
12:56:57      2363220   3021208   4572524     57.30    121856    669308   8004276     79.44    764116   4141552      1708

12:56:56          DEV       tps     rkB/s     wkB/s     dkB/s   areq-sz    aqu-sz     await     %util
12:56:57          sda      0.00      0.00      0.00      0.00      0.00      0.00      0.00      0.00
12:56:57          sdb      0.00      0.00      0.00      0.00      0.00      0.00      0.00      0.00
12:56:57          sdc      6.00      0.00    192.00      0.00     32.00      0.01      0.83      8.00

12:56:56        IFACE   rxpck/s   txpck/s    rxkB/s    txkB/s   rxcmp/s   txcmp/s  rxmcst/s   %ifutil
12:56:57           lo    183.00    183.00    461.75    461.75      0.00      0.00      0.00      0.00
12:56:57         eth0      0.00      0.00      0.00      0.00      0.00      0.00      0.00      0.00

12:56:57        CPU     %user     %nice   %system   %iowait    %steal     %idle
12:56:58        all     55.41      0.00      6.96      0.00      0.00     37.63

12:56:57          tps      rtps      wtps      dtps   bread/s   bwrtn/s   bdscd/s
12:56:58        47.00      0.00     47.00      0.00      0.00   2520.00      0.00

12:56:57    kbmemfree   kbavail kbmemused  %memused kbbuffers  kbcached  kbcommit   %commit  kbactive   kbinact   kbdirty
12:56:58      2231736   2889756   4703972     58.95    121856    669340   8279648     82.17    764120   4408184       228

12:56:57          DEV       tps     rkB/s     wkB/s     dkB/s   areq-sz    aqu-sz     await     %util
12:56:58          sda      0.00      0.00      0.00      0.00      0.00      0.00      0.00      0.00
12:56:58          sdb      0.00      0.00      0.00      0.00      0.00      0.00      0.00      0.00
12:56:58          sdc     47.00      0.00   1260.00      0.00     26.81      0.06      1.17      1.00

12:56:57        IFACE   rxpck/s   txpck/s    rxkB/s    txkB/s   rxcmp/s   txcmp/s  rxmcst/s   %ifutil
12:56:58           lo     82.00     82.00    427.15    427.15      0.00      0.00      0.00      0.00
12:56:58         eth0      0.00      0.00      0.00      0.00      0.00      0.00      0.00      0.00

12:56:58        CPU     %user     %nice   %system   %iowait    %steal     %idle
12:56:59        all     50.90      0.00      8.22      0.06      0.00     40.81

12:56:58          tps      rtps      wtps      dtps   bread/s   bwrtn/s   bdscd/s
12:56:59        27.00      0.00      2.00     25.00      0.00   1440.00    824.00

12:56:58    kbmemfree   kbavail kbmemused  %memused kbbuffers  kbcached  kbcommit   %commit  kbactive   kbinact   kbdirty
12:56:59      1590688   2250452   5342960     66.96    121868    670756   9261596     91.91    764112   5047548      2376

12:56:58          DEV       tps     rkB/s     wkB/s     dkB/s   areq-sz    aqu-sz     await     %util
12:56:59          sda      0.00      0.00      0.00      0.00      0.00      0.00      0.00      0.00
12:56:59          sdb      0.00      0.00      0.00      0.00      0.00      0.00      0.00      0.00
12:56:59          sdc     27.00      0.00    720.00    412.00     41.93      0.01      0.41      2.00

12:56:58        IFACE   rxpck/s   txpck/s    rxkB/s    txkB/s   rxcmp/s   txcmp/s  rxmcst/s   %ifutil
12:56:59           lo    237.00    237.00    590.20    590.20      0.00      0.00      0.00      0.00
12:56:59         eth0      0.00      0.00      0.00      0.00      0.00      0.00      0.00      0.00

12:56:59        CPU     %user     %nice   %system   %iowait    %steal     %idle
12:57:00        all     28.04      0.00      7.25      0.00      0.00     64.71

12:56:59          tps      rtps      wtps      dtps   bread/s   bwrtn/s   bdscd/s
12:57:00         0.00      0.00      0.00      0.00      0.00      0.00      0.00

12:56:59    kbmemfree   kbavail kbmemused  %memused kbbuffers  kbcached  kbcommit   %commit  kbactive   kbinact   kbdirty
12:57:00      2559064   3216624   4376880     54.85    121868    669556   7358864     73.03    764040   4077760      1476

12:56:59          DEV       tps     rkB/s     wkB/s     dkB/s   areq-sz    aqu-sz     await     %util
12:57:00          sda      0.00      0.00      0.00      0.00      0.00      0.00      0.00      0.00
12:57:00          sdb      0.00      0.00      0.00      0.00      0.00      0.00      0.00      0.00
12:57:00          sdc      0.00      0.00      0.00      0.00      0.00      0.00      0.00      0.00

12:56:59        IFACE   rxpck/s   txpck/s    rxkB/s    txkB/s   rxcmp/s   txcmp/s  rxmcst/s   %ifutil
12:57:00           lo    187.00    187.00    727.42    727.42      0.00      0.00      0.00      0.00
12:57:00         eth0      0.00      0.00      0.00      0.00      0.00      0.00      0.00      0.00

12:57:00        CPU     %user     %nice   %system   %iowait    %steal     %idle
12:57:01        all      4.30      0.00      0.50      0.12      0.00     95.07

12:57:00          tps      rtps      wtps      dtps   bread/s   bwrtn/s   bdscd/s
12:57:01        16.00     10.00      6.00      0.00    160.00     24.00      0.00

12:57:00    kbmemfree   kbavail kbmemused  %memused kbbuffers  kbcached  kbcommit   %commit  kbactive   kbinact   kbdirty
12:57:01      2497276   3154976   4438560     55.63    121868    669704   7376640     73.21    764128   4143980      1544

12:57:00          DEV       tps     rkB/s     wkB/s     dkB/s   areq-sz    aqu-sz     await     %util
12:57:01          sda      0.00      0.00      0.00      0.00      0.00      0.00      0.00      0.00
12:57:01          sdb      0.00      0.00      0.00      0.00      0.00      0.00      0.00      0.00
12:57:01          sdc     16.00     80.00     12.00      0.00      5.75      0.01      0.50      3.00

12:57:00        IFACE   rxpck/s   txpck/s    rxkB/s    txkB/s   rxcmp/s   txcmp/s  rxmcst/s   %ifutil
12:57:01           lo    129.00    129.00    432.10    432.10      0.00      0.00      0.00      0.00
12:57:01         eth0      0.00      0.00      0.00      0.00      0.00      0.00      0.00      0.00

12:57:01        CPU     %user     %nice   %system   %iowait    %steal     %idle
12:57:02        all      1.62      0.00      0.87      0.06      0.00     97.44

12:57:01          tps      rtps      wtps      dtps   bread/s   bwrtn/s   bdscd/s
12:57:02        19.00      0.00     19.00      0.00      0.00    136.00      0.00

12:57:01    kbmemfree   kbavail kbmemused  %memused kbbuffers  kbcached  kbcommit   %commit  kbactive   kbinact   kbdirty
12:57:02      2700380   3357860   4235716     53.08    121868    669492   7017204     69.64    764128   3950340      1336

12:57:01          DEV       tps     rkB/s     wkB/s     dkB/s   areq-sz    aqu-sz     await     %util
12:57:02          sda      0.00      0.00      0.00      0.00      0.00      0.00      0.00      0.00
12:57:02          sdb      0.00      0.00      0.00      0.00      0.00      0.00      0.00      0.00
12:57:02          sdc     19.00      0.00     68.00      0.00      3.58      0.03      0.79      7.00

12:57:01        IFACE   rxpck/s   txpck/s    rxkB/s    txkB/s   rxcmp/s   txcmp/s  rxmcst/s   %ifutil
12:57:02           lo     94.00     94.00    440.64    440.64      0.00      0.00      0.00      0.00
12:57:02         eth0      0.00      0.00      0.00      0.00      0.00      0.00      0.00      0.00

12:57:02        CPU     %user     %nice   %system   %iowait    %steal     %idle
12:57:03        all      0.13      0.00      0.13      0.06      0.00     99.69

12:57:02          tps      rtps      wtps      dtps   bread/s   bwrtn/s   bdscd/s
12:57:03         9.00      1.00      8.00      0.00      8.00     40.00      0.00

12:57:02    kbmemfree   kbavail kbmemused  %memused kbbuffers  kbcached  kbcommit   %commit  kbactive   kbinact   kbdirty
12:57:03      2702356   3359132   4234936     53.07    121868    669360   7017192     69.64    764104   3949504      1304

12:57:02          DEV       tps     rkB/s     wkB/s     dkB/s   areq-sz    aqu-sz     await     %util
12:57:03          sda      0.00      0.00      0.00      0.00      0.00      0.00      0.00      0.00
12:57:03          sdb      0.00      0.00      0.00      0.00      0.00      0.00      0.00      0.00
12:57:03          sdc      9.00      4.00     20.00      0.00      2.67      0.01      1.00      3.00

12:57:02        IFACE   rxpck/s   txpck/s    rxkB/s    txkB/s   rxcmp/s   txcmp/s  rxmcst/s   %ifutil
12:57:03           lo     54.00     54.00    422.14    422.14      0.00      0.00      0.00      0.00
12:57:03         eth0      1.00      1.00      0.09      0.09      0.00      0.00      0.00      0.00

12:57:03        CPU     %user     %nice   %system   %iowait    %steal     %idle
12:57:04        all      0.38      0.00      0.25      0.19      0.00     99.18

12:57:03          tps      rtps      wtps      dtps   bread/s   bwrtn/s   bdscd/s
12:57:04        42.00      0.00     12.00     30.00      0.00   1168.00   5112.00

12:57:03    kbmemfree   kbavail kbmemused  %memused kbbuffers  kbcached  kbcommit   %commit  kbactive   kbinact   kbdirty
12:57:04      2701684   3358476   4235524     53.08    121880    669432   7017780     69.65    764080   3949920      1520

12:57:03          DEV       tps     rkB/s     wkB/s     dkB/s   areq-sz    aqu-sz     await     %util
12:57:04          sda      0.00      0.00      0.00      0.00      0.00      0.00      0.00      0.00
12:57:04          sdb      0.00      0.00      0.00      0.00      0.00      0.00      0.00      0.00
12:57:04          sdc     42.00      0.00    584.00   2556.00     74.76      0.03      0.45      5.00

12:57:03        IFACE   rxpck/s   txpck/s    rxkB/s    txkB/s   rxcmp/s   txcmp/s  rxmcst/s   %ifutil
12:57:04           lo     96.00     96.00    539.24    539.24      0.00      0.00      0.00      0.00
12:57:04         eth0      0.00      0.00      0.00      0.00      0.00      0.00      0.00      0.00

12:57:04        CPU     %user     %nice   %system   %iowait    %steal     %idle
12:57:05        all      0.13      0.00      0.00      0.06      0.00     99.81

12:57:04          tps      rtps      wtps      dtps   bread/s   bwrtn/s   bdscd/s
12:57:05        10.00      0.00     10.00      0.00      0.00     40.00      0.00

12:57:04    kbmemfree   kbavail kbmemused  %memused kbbuffers  kbcached  kbcommit   %commit  kbactive   kbinact   kbdirty
12:57:05      2701236   3358348   4235660     53.08    121880    669744   7017780     69.65    764080   3950328      1832

12:57:04          DEV       tps     rkB/s     wkB/s     dkB/s   areq-sz    aqu-sz     await     %util
12:57:05          sda      0.00      0.00      0.00      0.00      0.00      0.00      0.00      0.00
12:57:05          sdb      0.00      0.00      0.00      0.00      0.00      0.00      0.00      0.00
12:57:05          sdc     10.00      0.00     20.00      0.00      2.00      0.01      0.70      3.00

12:57:04        IFACE   rxpck/s   txpck/s    rxkB/s    txkB/s   rxcmp/s   txcmp/s  rxmcst/s   %ifutil
12:57:05           lo    107.00    107.00   1029.82   1029.82      0.00      0.00      0.00      0.00
12:57:05         eth0      0.00      0.00      0.00      0.00      0.00      0.00      0.00      0.00

12:57:05        CPU     %user     %nice   %system   %iowait    %steal     %idle
12:57:06        all      0.19      0.00      0.19      0.06      0.00     99.56

12:57:05          tps      rtps      wtps      dtps   bread/s   bwrtn/s   bdscd/s
12:57:06        10.00      0.00     10.00      0.00      0.00     40.00      0.00

12:57:05    kbmemfree   kbavail kbmemused  %memused kbbuffers  kbcached  kbcommit   %commit  kbactive   kbinact   kbdirty
12:57:06      2701056   3358204   4235824     53.08    121880    669760   7017588     69.64    764080   3949980      1848

12:57:05          DEV       tps     rkB/s     wkB/s     dkB/s   areq-sz    aqu-sz     await     %util
12:57:06          sda      0.00      0.00      0.00      0.00      0.00      0.00      0.00      0.00
12:57:06          sdb      0.00      0.00      0.00      0.00      0.00      0.00      0.00      0.00
12:57:06          sdc     10.00      0.00     20.00      0.00      2.00      0.02      1.10      3.00

12:57:05        IFACE   rxpck/s   txpck/s    rxkB/s    txkB/s   rxcmp/s   txcmp/s  rxmcst/s   %ifutil
12:57:06           lo     43.00     43.00    420.90    420.90      0.00      0.00      0.00      0.00
12:57:06         eth0      0.00      0.00      0.00      0.00      0.00      0.00      0.00      0.00

12:57:06        CPU     %user     %nice   %system   %iowait    %steal     %idle
12:57:07        all      0.38      0.00      0.06      0.00      0.00     99.56

12:57:06          tps      rtps      wtps      dtps   bread/s   bwrtn/s   bdscd/s
12:57:07         2.00      0.00      2.00      0.00      0.00      8.00      0.00

12:57:06    kbmemfree   kbavail kbmemused  %memused kbbuffers  kbcached  kbcommit   %commit  kbactive   kbinact   kbdirty
12:57:07      2699376   3356524   4237516     53.11    121880    669764   6992784     69.40    764080   3948728      1852

12:57:06          DEV       tps     rkB/s     wkB/s     dkB/s   areq-sz    aqu-sz     await     %util
12:57:07          sda      0.00      0.00      0.00      0.00      0.00      0.00      0.00      0.00
12:57:07          sdb      0.00      0.00      0.00      0.00      0.00      0.00      0.00      0.00
12:57:07          sdc      2.00      0.00      4.00      0.00      2.00      0.01      1.50      2.00

12:57:06        IFACE   rxpck/s   txpck/s    rxkB/s    txkB/s   rxcmp/s   txcmp/s  rxmcst/s   %ifutil
12:57:07           lo     37.00     37.00    419.79    419.79      0.00      0.00      0.00      0.00
12:57:07         eth0      0.00      0.00      0.00      0.00      0.00      0.00      0.00      0.00

12:57:07        CPU     %user     %nice   %system   %iowait    %steal     %idle
12:57:08        all      0.94      0.00      0.44      0.13      0.00     98.49

12:57:07          tps      rtps      wtps      dtps   bread/s   bwrtn/s   bdscd/s
12:57:08       165.00      3.00    162.00      0.00     24.00   4056.00      0.00

12:57:07    kbmemfree   kbavail kbmemused  %memused kbbuffers  kbcached  kbcommit   %commit  kbactive   kbinact   kbdirty
12:57:08      2657548   3315024   4279092     53.63    121880    670080   6996892     69.44    764096   3988168        64

12:57:07          DEV       tps     rkB/s     wkB/s     dkB/s   areq-sz    aqu-sz     await     %util
12:57:08          sda      0.00      0.00      0.00      0.00      0.00      0.00      0.00      0.00
12:57:08          sdb      0.00      0.00      0.00      0.00      0.00      0.00      0.00      0.00
12:57:08          sdc    165.00     12.00   2028.00      0.00     12.36      0.41      2.45      5.00

12:57:07        IFACE   rxpck/s   txpck/s    rxkB/s    txkB/s   rxcmp/s   txcmp/s  rxmcst/s   %ifutil
12:57:08           lo     84.00     84.00    705.08    705.08      0.00      0.00      0.00      0.00
12:57:08         eth0      0.00      0.00      0.00      0.00      0.00      0.00      0.00      0.00

12:57:08        CPU     %user     %nice   %system   %iowait    %steal     %idle
12:57:09        all      1.43      0.00      0.87      0.06      0.00     97.63

12:57:08          tps      rtps      wtps      dtps   bread/s   bwrtn/s   bdscd/s
12:57:09        15.00      1.00     14.00      0.00      8.00    496.00      0.00

12:57:08    kbmemfree   kbavail kbmemused  %memused kbbuffers  kbcached  kbcommit   %commit  kbactive   kbinact   kbdirty
12:57:09      2628600   3286100   4308020     53.99    121892    670096   7191820     71.37    764108   3998852       360

12:57:08          DEV       tps     rkB/s     wkB/s     dkB/s   areq-sz    aqu-sz     await     %util
12:57:09          sda      0.00      0.00      0.00      0.00      0.00      0.00      0.00      0.00
12:57:09          sdb      0.00      0.00      0.00      0.00      0.00      0.00      0.00      0.00
12:57:09          sdc     15.00      4.00    248.00      0.00     16.80      0.03      1.00      7.00

12:57:08        IFACE   rxpck/s   txpck/s    rxkB/s    txkB/s   rxcmp/s   txcmp/s  rxmcst/s   %ifutil
12:57:09           lo     58.00     58.00    422.39    422.39      0.00      0.00      0.00      0.00
12:57:09         eth0      0.00      0.00      0.00      0.00      0.00      0.00      0.00      0.00

12:57:09        CPU     %user     %nice   %system   %iowait    %steal     %idle
12:57:10        all      0.19      0.00      0.31      0.06      0.00     99.44

12:57:09          tps      rtps      wtps      dtps   bread/s   bwrtn/s   bdscd/s
12:57:10         6.00      0.00      6.00      0.00      0.00     24.00      0.00

12:57:09    kbmemfree   kbavail kbmemused  %memused kbbuffers  kbcached  kbcommit   %commit  kbactive   kbinact   kbdirty
12:57:10      2630996   3287776   4306336     53.97    121892    669384   7191832     71.37    764108   3998068       380

12:57:09          DEV       tps     rkB/s     wkB/s     dkB/s   areq-sz    aqu-sz     await     %util
12:57:10          sda      0.00      0.00      0.00      0.00      0.00      0.00      0.00      0.00
12:57:10          sdb      0.00      0.00      0.00      0.00      0.00      0.00      0.00      0.00
12:57:10          sdc      6.00      0.00     12.00      0.00      2.00      0.01      1.33      2.00

12:57:09        IFACE   rxpck/s   txpck/s    rxkB/s    txkB/s   rxcmp/s   txcmp/s  rxmcst/s   %ifutil
12:57:10           lo     48.00     48.00    420.71    420.71      0.00      0.00      0.00      0.00
12:57:10         eth0      0.00      0.00      0.00      0.00      0.00      0.00      0.00      0.00

12:57:10        CPU     %user     %nice   %system   %iowait    %steal     %idle
12:57:11        all      0.56      0.00      0.06      0.06      0.00     99.31

12:57:10          tps      rtps      wtps      dtps   bread/s   bwrtn/s   bdscd/s
12:57:11         6.00      0.00      6.00      0.00      0.00     24.00      0.00

12:57:10    kbmemfree   kbavail kbmemused  %memused kbbuffers  kbcached  kbcommit   %commit  kbactive   kbinact   kbdirty
12:57:11      2637092   3293988   4300152     53.89    121892    669480   7191820     71.37    764092   3998348       680

12:57:10          DEV       tps     rkB/s     wkB/s     dkB/s   areq-sz    aqu-sz     await     %util
12:57:11          sda      0.00      0.00      0.00      0.00      0.00      0.00      0.00      0.00
12:57:11          sdb      0.00      0.00      0.00      0.00      0.00      0.00      0.00      0.00
12:57:11          sdc      6.00      0.00     12.00      0.00      2.00      0.01      0.83      2.00

12:57:10        IFACE   rxpck/s   txpck/s    rxkB/s    txkB/s   rxcmp/s   txcmp/s  rxmcst/s   %ifutil
12:57:11           lo     62.00     62.00    680.76    680.76      0.00      0.00      0.00      0.00
12:57:11         eth0      0.00      0.00      0.00      0.00      0.00      0.00      0.00      0.00

12:57:11        CPU     %user     %nice   %system   %iowait    %steal     %idle
12:57:12        all      0.69      0.00      0.19      0.00      0.00     99.12

12:57:11          tps      rtps      wtps      dtps   bread/s   bwrtn/s   bdscd/s
12:57:12         2.00      0.00      2.00      0.00      0.00      8.00      0.00

12:57:11    kbmemfree   kbavail kbmemused  %memused kbbuffers  kbcached  kbcommit   %commit  kbactive   kbinact   kbdirty
12:57:12      2634664   3291576   4302568     53.92    121892    669492   7171416     71.17    764092   4002912       720

12:57:11          DEV       tps     rkB/s     wkB/s     dkB/s   areq-sz    aqu-sz     await     %util
12:57:12          sda      0.00      0.00      0.00      0.00      0.00      0.00      0.00      0.00
12:57:12          sdb      0.00      0.00      0.00      0.00      0.00      0.00      0.00      0.00
12:57:12          sdc      2.00      0.00      4.00      0.00      2.00      0.01      1.50      1.00

12:57:11        IFACE   rxpck/s   txpck/s    rxkB/s    txkB/s   rxcmp/s   txcmp/s  rxmcst/s   %ifutil
12:57:12           lo     66.00     66.00    428.59    428.59      0.00      0.00      0.00      0.00
12:57:12         eth0      0.00      0.00      0.00      0.00      0.00      0.00      0.00      0.00

12:57:12        CPU     %user     %nice   %system   %iowait    %steal     %idle
12:57:13        all      0.37      0.00      0.56      0.00      0.00     99.06

12:57:12          tps      rtps      wtps      dtps   bread/s   bwrtn/s   bdscd/s
12:57:13        38.00      0.00     38.00      0.00      0.00   1240.00      0.00

12:57:12    kbmemfree   kbavail kbmemused  %memused kbbuffers  kbcached  kbcommit   %commit  kbactive   kbinact   kbdirty
12:57:13      3144800   3801584   3792688     47.53    121892    669396   6498288     64.49    764064   3496788        44

12:57:12          DEV       tps     rkB/s     wkB/s     dkB/s   areq-sz    aqu-sz     await     %util
12:57:13          sda      0.00      0.00      0.00      0.00      0.00      0.00      0.00      0.00
12:57:13          sdb      0.00      0.00      0.00      0.00      0.00      0.00      0.00      0.00
12:57:13          sdc     38.00      0.00    620.00      0.00     16.32      0.06      1.45      1.00

12:57:12        IFACE   rxpck/s   txpck/s    rxkB/s    txkB/s   rxcmp/s   txcmp/s  rxmcst/s   %ifutil
12:57:13           lo     43.00     43.00    420.63    420.63      0.00      0.00      0.00      0.00
12:57:13         eth0      0.00      0.00      0.00      0.00      0.00      0.00      0.00      0.00

12:57:13        CPU     %user     %nice   %system   %iowait    %steal     %idle
12:57:14        all     10.21      0.00      2.51      0.06      0.00     87.22

12:57:13          tps      rtps      wtps      dtps   bread/s   bwrtn/s   bdscd/s
12:57:14        21.00      1.00      2.00     18.00     32.00    608.00   2480.00

12:57:13    kbmemfree   kbavail kbmemused  %memused kbbuffers  kbcached  kbcommit   %commit  kbactive   kbinact   kbdirty
12:57:14      3016536   3673884   3920300     49.13    121904    669500   6868768     68.17    763968   3631200      1152

12:57:13          DEV       tps     rkB/s     wkB/s     dkB/s   areq-sz    aqu-sz     await     %util
12:57:14          sda      0.00      0.00      0.00      0.00      0.00      0.00      0.00      0.00
12:57:14          sdb      1.00     16.00      0.00      0.00     16.00      0.00      2.00      1.00
12:57:14          sdc     20.00      0.00    304.00   1240.00     77.20      0.01      0.40      2.00

12:57:13        IFACE   rxpck/s   txpck/s    rxkB/s    txkB/s   rxcmp/s   txcmp/s  rxmcst/s   %ifutil
12:57:14           lo    165.00    165.00    973.37    973.37      0.00      0.00      0.00      0.00
12:57:14         eth0      0.00      0.00      0.00      0.00      0.00      0.00      0.00      0.00

12:57:14        CPU     %user     %nice   %system   %iowait    %steal     %idle
12:57:15        all     16.90      0.00      1.98      0.00      0.00     81.11

12:57:14          tps      rtps      wtps      dtps   bread/s   bwrtn/s   bdscd/s
12:57:15         0.00      0.00      0.00      0.00      0.00      0.00      0.00

12:57:14    kbmemfree   kbavail kbmemused  %memused kbbuffers  kbcached  kbcommit   %commit  kbactive   kbinact   kbdirty
12:57:15      2851004   3508360   4085824     51.21    121904    669508   7111556     70.58    764100   3796076      1160

12:57:14          DEV       tps     rkB/s     wkB/s     dkB/s   areq-sz    aqu-sz     await     %util
12:57:15          sda      0.00      0.00      0.00      0.00      0.00      0.00      0.00      0.00
12:57:15          sdb      0.00      0.00      0.00      0.00      0.00      0.00      0.00      0.00
12:57:15          sdc      0.00      0.00      0.00      0.00      0.00      0.00      0.00      0.00

12:57:14        IFACE   rxpck/s   txpck/s    rxkB/s    txkB/s   rxcmp/s   txcmp/s  rxmcst/s   %ifutil
12:57:15           lo     83.00     83.00    424.78    424.78      0.00      0.00      0.00      0.00
12:57:15         eth0      0.00      0.00      0.00      0.00      0.00      0.00      0.00      0.00

12:57:15        CPU     %user     %nice   %system   %iowait    %steal     %idle
12:57:16        all     22.80      0.00      3.06      0.12      0.00     74.02

12:57:15          tps      rtps      wtps      dtps   bread/s   bwrtn/s   bdscd/s
12:57:16        10.00      0.00     10.00      0.00      0.00     40.00      0.00

12:57:15    kbmemfree   kbavail kbmemused  %memused kbbuffers  kbcached  kbcommit   %commit  kbactive   kbinact   kbdirty
12:57:16      2661848   3319468   4274708     53.57    121904    669772   7201388     71.47    764108   3980644      1428

12:57:15          DEV       tps     rkB/s     wkB/s     dkB/s   areq-sz    aqu-sz     await     %util
12:57:16          sda      0.00      0.00      0.00      0.00      0.00      0.00      0.00      0.00
12:57:16          sdb      0.00      0.00      0.00      0.00      0.00      0.00      0.00      0.00
12:57:16          sdc     10.00      0.00     20.00      0.00      2.00      0.02      1.00      4.00

12:57:15        IFACE   rxpck/s   txpck/s    rxkB/s    txkB/s   rxcmp/s   txcmp/s  rxmcst/s   %ifutil
12:57:16           lo     80.00     80.00    725.02    725.02      0.00      0.00      0.00      0.00
12:57:16         eth0      0.00      0.00      0.00      0.00      0.00      0.00      0.00      0.00

12:57:16        CPU     %user     %nice   %system   %iowait    %steal     %idle
12:57:17        all      1.38      0.00      0.13      0.00      0.00     98.50

12:57:16          tps      rtps      wtps      dtps   bread/s   bwrtn/s   bdscd/s
12:57:17         2.00      0.00      2.00      0.00      0.00      8.00      0.00

12:57:16    kbmemfree   kbavail kbmemused  %memused kbbuffers  kbcached  kbcommit   %commit  kbactive   kbinact   kbdirty
12:57:17      2663944   3321632   4272540     53.55    121904    669844   7201272     71.47    764108   3981308      1504

12:57:16          DEV       tps     rkB/s     wkB/s     dkB/s   areq-sz    aqu-sz     await     %util
12:57:17          sda      0.00      0.00      0.00      0.00      0.00      0.00      0.00      0.00
12:57:17          sdb      0.00      0.00      0.00      0.00      0.00      0.00      0.00      0.00
12:57:17          sdc      2.00      0.00      4.00      0.00      2.00      0.00      1.00      1.00

12:57:16        IFACE   rxpck/s   txpck/s    rxkB/s    txkB/s   rxcmp/s   txcmp/s  rxmcst/s   %ifutil
12:57:17           lo     39.00     39.00    419.69    419.69      0.00      0.00      0.00      0.00
12:57:17         eth0      0.00      0.00      0.00      0.00      0.00      0.00      0.00      0.00

12:57:17        CPU     %user     %nice   %system   %iowait    %steal     %idle
12:57:18        all      1.25      0.00      0.25      0.13      0.00     98.37

12:57:17          tps      rtps      wtps      dtps   bread/s   bwrtn/s   bdscd/s
12:57:18        71.00      0.00     43.00     28.00      0.00   3728.00  10144.00

12:57:17    kbmemfree   kbavail kbmemused  %memused kbbuffers  kbcached  kbcommit   %commit  kbactive   kbinact   kbdirty
12:57:18      2660324   3318024   4276140     53.59    121916    669852   7207448     71.53    764108   3985152       548

12:57:17          DEV       tps     rkB/s     wkB/s     dkB/s   areq-sz    aqu-sz     await     %util
12:57:18          sda      0.00      0.00      0.00      0.00      0.00      0.00      0.00      0.00
12:57:18          sdb      0.00      0.00      0.00      0.00      0.00      0.00      0.00      0.00
12:57:18          sdc     71.00      0.00   1864.00   5072.00     97.69      0.07      1.01      2.00

12:57:17        IFACE   rxpck/s   txpck/s    rxkB/s    txkB/s   rxcmp/s   txcmp/s  rxmcst/s   %ifutil
12:57:18           lo     55.00     55.00    423.86    423.86      0.00      0.00      0.00      0.00
12:57:18         eth0      0.00      0.00      0.00      0.00      0.00      0.00      0.00      0.00

12:57:18        CPU     %user     %nice   %system   %iowait    %steal     %idle
12:57:19        all     12.12      0.00      1.96      0.00      0.00     85.92

12:57:18          tps      rtps      wtps      dtps   bread/s   bwrtn/s   bdscd/s
12:57:19         0.00      0.00      0.00      0.00      0.00      0.00      0.00

12:57:18    kbmemfree   kbavail kbmemused  %memused kbbuffers  kbcached  kbcommit   %commit  kbactive   kbinact   kbdirty
12:57:19      2514328   3172072   4422080     55.42    121916    669884   7572256     75.15    764144   4127592       592

12:57:18          DEV       tps     rkB/s     wkB/s     dkB/s   areq-sz    aqu-sz     await     %util
12:57:19          sda      0.00      0.00      0.00      0.00      0.00      0.00      0.00      0.00
12:57:19          sdb      0.00      0.00      0.00      0.00      0.00      0.00      0.00      0.00
12:57:19          sdc      0.00      0.00      0.00      0.00      0.00      0.00      0.00      0.00

12:57:18        IFACE   rxpck/s   txpck/s    rxkB/s    txkB/s   rxcmp/s   txcmp/s  rxmcst/s   %ifutil
12:57:19           lo     40.00     40.00    420.29    420.29      0.00      0.00      0.00      0.00
12:57:19         eth0      0.00      0.00      0.00      0.00      0.00      0.00      0.00      0.00

12:57:19        CPU     %user     %nice   %system   %iowait    %steal     %idle
12:57:20        all     13.31      0.00      3.34      0.12      0.00     83.22

12:57:19          tps      rtps      wtps      dtps   bread/s   bwrtn/s   bdscd/s
12:57:20        10.00      3.00      7.00      0.00     56.00     88.00      0.00

12:57:19    kbmemfree   kbavail kbmemused  %memused kbbuffers  kbcached  kbcommit   %commit  kbactive   kbinact   kbdirty
12:57:20      2670016   3327968   4266136     53.46    121916    670108   7206652     71.52    764184   3986572       876

12:57:19          DEV       tps     rkB/s     wkB/s     dkB/s   areq-sz    aqu-sz     await     %util
12:57:20          sda      0.00      0.00      0.00      0.00      0.00      0.00      0.00      0.00
12:57:20          sdb      0.00      0.00      0.00      0.00      0.00      0.00      0.00      0.00
12:57:20          sdc     10.00     28.00     44.00      0.00      7.20      0.02      1.30      5.00

12:57:19        IFACE   rxpck/s   txpck/s    rxkB/s    txkB/s   rxcmp/s   txcmp/s  rxmcst/s   %ifutil
12:57:20           lo    124.00    124.00    441.69    441.69      0.00      0.00      0.00      0.00
12:57:20         eth0      0.00      0.00      0.00      0.00      0.00      0.00      0.00      0.00

12:57:20        CPU     %user     %nice   %system   %iowait    %steal     %idle
12:57:21        all      0.38      0.00      0.38      0.00      0.00     99.25

12:57:20          tps      rtps      wtps      dtps   bread/s   bwrtn/s   bdscd/s
12:57:21         0.00      0.00      0.00      0.00      0.00      0.00      0.00

12:57:20    kbmemfree   kbavail kbmemused  %memused kbbuffers  kbcached  kbcommit   %commit  kbactive   kbinact   kbdirty
12:57:21      2669932   3327756   4266376     53.47    121916    670000   7206780     71.52    764164   3986112       780

12:57:20          DEV       tps     rkB/s     wkB/s     dkB/s   areq-sz    aqu-sz     await     %util
12:57:21          sda      0.00      0.00      0.00      0.00      0.00      0.00      0.00      0.00
12:57:21          sdb      0.00      0.00      0.00      0.00      0.00      0.00      0.00      0.00
12:57:21          sdc      0.00      0.00      0.00      0.00      0.00      0.00      0.00      0.00

12:57:20        IFACE   rxpck/s   txpck/s    rxkB/s    txkB/s   rxcmp/s   txcmp/s  rxmcst/s   %ifutil
12:57:21           lo     28.00     28.00    418.18    418.18      0.00      0.00      0.00      0.00
12:57:21         eth0      0.00      0.00      0.00      0.00      0.00      0.00      0.00      0.00

12:57:21        CPU     %user     %nice   %system   %iowait    %steal     %idle
12:57:22        all      0.81      0.00      0.25      0.00      0.00     98.94

12:57:21          tps      rtps      wtps      dtps   bread/s   bwrtn/s   bdscd/s
12:57:22         0.00      0.00      0.00      0.00      0.00      0.00      0.00

12:57:21    kbmemfree   kbavail kbmemused  %memused kbbuffers  kbcached  kbcommit   %commit  kbactive   kbinact   kbdirty
12:57:22      2646364   3304252   4289884     53.76    121916    670068   7452724     73.96    764168   4004444       856

12:57:21          DEV       tps     rkB/s     wkB/s     dkB/s   areq-sz    aqu-sz     await     %util
12:57:22          sda      0.00      0.00      0.00      0.00      0.00      0.00      0.00      0.00
12:57:22          sdb      0.00      0.00      0.00      0.00      0.00      0.00      0.00      0.00
12:57:22          sdc      0.00      0.00      0.00      0.00      0.00      0.00      0.00      0.00

12:57:21        IFACE   rxpck/s   txpck/s    rxkB/s    txkB/s   rxcmp/s   txcmp/s  rxmcst/s   %ifutil
12:57:22           lo     46.00     46.00    422.38    422.38      0.00      0.00      0.00      0.00
12:57:22         eth0      0.00      0.00      0.00      0.00      0.00      0.00      0.00      0.00

12:57:22        CPU     %user     %nice   %system   %iowait    %steal     %idle
12:57:23        all     14.76      0.00      2.63      0.00      0.00     82.61

12:57:22          tps      rtps      wtps      dtps   bread/s   bwrtn/s   bdscd/s
12:57:23        97.00      0.00     97.00      0.00      0.00   1624.00      0.00

12:57:22    kbmemfree   kbavail kbmemused  %memused kbbuffers  kbcached  kbcommit   %commit  kbactive   kbinact   kbdirty
12:57:23      2500668   3158844   4435284     55.58    121916    670352   7550056     74.93    764172   4145636       452

12:57:22          DEV       tps     rkB/s     wkB/s     dkB/s   areq-sz    aqu-sz     await     %util
12:57:23          sda      0.00      0.00      0.00      0.00      0.00      0.00      0.00      0.00
12:57:23          sdb      0.00      0.00      0.00      0.00      0.00      0.00      0.00      0.00
12:57:23          sdc     97.00      0.00    812.00      0.00      8.37      0.18      1.91      1.00

12:57:22        IFACE   rxpck/s   txpck/s    rxkB/s    txkB/s   rxcmp/s   txcmp/s  rxmcst/s   %ifutil
12:57:23           lo     39.00     39.00    419.74    419.74      0.00      0.00      0.00      0.00
12:57:23         eth0      0.00      0.00      0.00      0.00      0.00      0.00      0.00      0.00

12:57:23        CPU     %user     %nice   %system   %iowait    %steal     %idle
12:57:24        all      4.31      0.00      0.50      0.00      0.00     95.19

12:57:23          tps      rtps      wtps      dtps   bread/s   bwrtn/s   bdscd/s
12:57:24        15.00      1.00      8.00      6.00      8.00    632.00    112.00

12:57:23    kbmemfree   kbavail kbmemused  %memused kbbuffers  kbcached  kbcommit   %commit  kbactive   kbinact   kbdirty
12:57:24      2426648   3085020   4509164     56.51    121928    670500   7658484     76.00    764192   4218964       808

12:57:23          DEV       tps     rkB/s     wkB/s     dkB/s   areq-sz    aqu-sz     await     %util
12:57:24          sda      0.00      0.00      0.00      0.00      0.00      0.00      0.00      0.00
12:57:24          sdb      0.00      0.00      0.00      0.00      0.00      0.00      0.00      0.00
12:57:24          sdc     15.00      4.00    316.00     56.00     25.07      0.02      0.87      4.00

12:57:23        IFACE   rxpck/s   txpck/s    rxkB/s    txkB/s   rxcmp/s   txcmp/s  rxmcst/s   %ifutil
12:57:24           lo     85.00     85.00    426.27    426.27      0.00      0.00      0.00      0.00
12:57:24         eth0      0.00      0.00      0.00      0.00      0.00      0.00      0.00      0.00

12:57:24        CPU     %user     %nice   %system   %iowait    %steal     %idle
12:57:25        all      1.44      0.00      0.37      0.12      0.00     98.06

12:57:24          tps      rtps      wtps      dtps   bread/s   bwrtn/s   bdscd/s
12:57:25        18.00      0.00     18.00      0.00      0.00     72.00      0.00

12:57:24    kbmemfree   kbavail kbmemused  %memused kbbuffers  kbcached  kbcommit   %commit  kbactive   kbinact   kbdirty
12:57:25      2673804   3331824   4262360     53.42    121928    670148   7209988     71.55    764188   3986564       528

12:57:24          DEV       tps     rkB/s     wkB/s     dkB/s   areq-sz    aqu-sz     await     %util
12:57:25          sda      0.00      0.00      0.00      0.00      0.00      0.00      0.00      0.00
12:57:25          sdb      0.00      0.00      0.00      0.00      0.00      0.00      0.00      0.00
12:57:25          sdc     18.00      0.00     36.00      0.00      2.00      0.03      0.89      6.00

12:57:24        IFACE   rxpck/s   txpck/s    rxkB/s    txkB/s   rxcmp/s   txcmp/s  rxmcst/s   %ifutil
12:57:25           lo     94.00     94.00    440.67    440.67      0.00      0.00      0.00      0.00
12:57:25         eth0      1.00      0.00      0.20      0.00      0.00      0.00      1.00      0.00

12:57:25        CPU     %user     %nice   %system   %iowait    %steal     %idle
12:57:26        all      0.38      0.00      0.13      0.00      0.00     99.50

12:57:25          tps      rtps      wtps      dtps   bread/s   bwrtn/s   bdscd/s
12:57:26         8.00      0.00      8.00      0.00      0.00     32.00      0.00

12:57:25    kbmemfree   kbavail kbmemused  %memused kbbuffers  kbcached  kbcommit   %commit  kbactive   kbinact   kbdirty
12:57:26      2673180   3331196   4263000     53.43    121928    670152   7209988     71.55    764196   3986204       548

12:57:25          DEV       tps     rkB/s     wkB/s     dkB/s   areq-sz    aqu-sz     await     %util
12:57:26          sda      0.00      0.00      0.00      0.00      0.00      0.00      0.00      0.00
12:57:26          sdb      0.00      0.00      0.00      0.00      0.00      0.00      0.00      0.00
12:57:26          sdc      8.00      0.00     16.00      0.00      2.00      0.01      0.75      3.00

12:57:25        IFACE   rxpck/s   txpck/s    rxkB/s    txkB/s   rxcmp/s   txcmp/s  rxmcst/s   %ifutil
12:57:26           lo     54.00     54.00    422.24    422.24      0.00      0.00      0.00      0.00
12:57:26         eth0      0.00      0.00      0.00      0.00      0.00      0.00      0.00      0.00

12:57:26        CPU     %user     %nice   %system   %iowait    %steal     %idle
12:57:27        all      0.38      0.00      0.31      0.00      0.00     99.31

12:57:26          tps      rtps      wtps      dtps   bread/s   bwrtn/s   bdscd/s
12:57:27        10.00      0.00     10.00      0.00      0.00     40.00      0.00

12:57:26    kbmemfree   kbavail kbmemused  %memused kbbuffers  kbcached  kbcommit   %commit  kbactive   kbinact   kbdirty
12:57:27      2672704   3330776   4263428     53.43    121928    670200   7211512     71.57    764196   3986580       604

12:57:26          DEV       tps     rkB/s     wkB/s     dkB/s   areq-sz    aqu-sz     await     %util
12:57:27          sda      0.00      0.00      0.00      0.00      0.00      0.00      0.00      0.00
12:57:27          sdb      0.00      0.00      0.00      0.00      0.00      0.00      0.00      0.00
12:57:27          sdc     10.00      0.00     20.00      0.00      2.00      0.01      0.80      4.00

12:57:26        IFACE   rxpck/s   txpck/s    rxkB/s    txkB/s   rxcmp/s   txcmp/s  rxmcst/s   %ifutil
12:57:27           lo     94.00     94.00    471.24    471.24      0.00      0.00      0.00      0.00
12:57:27         eth0      0.00      0.00      0.00      0.00      0.00      0.00      0.00      0.00

12:57:27        CPU     %user     %nice   %system   %iowait    %steal     %idle
12:57:28        all      0.81      0.00      0.12      0.06      0.00     99.00

12:57:27          tps      rtps      wtps      dtps   bread/s   bwrtn/s   bdscd/s
12:57:28        54.00      1.00     53.00      0.00      8.00   1536.00      0.00

12:57:27    kbmemfree   kbavail kbmemused  %memused kbbuffers  kbcached  kbcommit   %commit  kbactive   kbinact   kbdirty
12:57:28      2672012   3330404   4263804     53.44    121928    670516   7211512     71.57    764196   3987052        76

12:57:27          DEV       tps     rkB/s     wkB/s     dkB/s   areq-sz    aqu-sz     await     %util
12:57:28          sda      0.00      0.00      0.00      0.00      0.00      0.00      0.00      0.00
12:57:28          sdb      0.00      0.00      0.00      0.00      0.00      0.00      0.00      0.00
12:57:28          sdc     54.00      4.00    768.00      0.00     14.30      0.09      1.59      4.00

12:57:27        IFACE   rxpck/s   txpck/s    rxkB/s    txkB/s   rxcmp/s   txcmp/s  rxmcst/s   %ifutil
12:57:28           lo    111.00    111.00   1029.36   1029.36      0.00      0.00      0.00      0.00
12:57:28         eth0      0.00      0.00      0.00      0.00      0.00      0.00      0.00      0.00

12:57:28        CPU     %user     %nice   %system   %iowait    %steal     %idle
12:57:29        all      0.06      0.00      0.06      0.00      0.00     99.87

12:57:28          tps      rtps      wtps      dtps   bread/s   bwrtn/s   bdscd/s
12:57:29        18.00      0.00     12.00      6.00      0.00    528.00    224.00

12:57:28    kbmemfree   kbavail kbmemused  %memused kbbuffers  kbcached  kbcommit   %commit  kbactive   kbinact   kbdirty
12:57:29      2672336   3330732   4263460     53.43    121940    670524   7211456     71.57    764192   3986612       364

12:57:28          DEV       tps     rkB/s     wkB/s     dkB/s   areq-sz    aqu-sz     await     %util
12:57:29          sda      0.00      0.00      0.00      0.00      0.00      0.00      0.00      0.00
12:57:29          sdb      0.00      0.00      0.00      0.00      0.00      0.00      0.00      0.00
12:57:29          sdc     18.00      0.00    264.00    112.00     20.89      0.02      0.67      4.00

12:57:28        IFACE   rxpck/s   txpck/s    rxkB/s    txkB/s   rxcmp/s   txcmp/s  rxmcst/s   %ifutil
12:57:29           lo     40.00     40.00    420.54    420.54      0.00      0.00      0.00      0.00
12:57:29         eth0      0.00      0.00      0.00      0.00      0.00      0.00      0.00      0.00

12:57:29        CPU     %user     %nice   %system   %iowait    %steal     %idle
12:57:30        all      0.06      0.00      0.13      0.06      0.00     99.75

12:57:29          tps      rtps      wtps      dtps   bread/s   bwrtn/s   bdscd/s
12:57:30         2.00      0.00      2.00      0.00      0.00      8.00      0.00

12:57:29    kbmemfree   kbavail kbmemused  %memused kbbuffers  kbcached  kbcommit   %commit  kbactive   kbinact   kbdirty
12:57:30      2673112   3331520   4262668     53.42    121940    670540   7197796     71.43    764192   3984280       396

12:57:29          DEV       tps     rkB/s     wkB/s     dkB/s   areq-sz    aqu-sz     await     %util
12:57:30          sda      0.00      0.00      0.00      0.00      0.00      0.00      0.00      0.00
12:57:30          sdb      0.00      0.00      0.00      0.00      0.00      0.00      0.00      0.00
12:57:30          sdc      2.00      0.00      4.00      0.00      2.00      0.00      1.00      2.00

12:57:29        IFACE   rxpck/s   txpck/s    rxkB/s    txkB/s   rxcmp/s   txcmp/s  rxmcst/s   %ifutil
12:57:30           lo     28.00     28.00    417.85    417.85      0.00      0.00      0.00      0.00
12:57:30         eth0      0.00      0.00      0.00      0.00      0.00      0.00      0.00      0.00
