Linux 5.15.167.4-microsoft-standard-WSL2 (Sathvik) 	02/21/25 	_x86_64_	(16 CPU)

04:38:08        CPU     %user     %nice   %system   %iowait    %steal     %idle
04:38:09        all     13.77      0.00      2.47      0.00      0.00     83.76

04:38:08          tps      rtps      wtps      dtps   bread/s   bwrtn/s   bdscd/s
04:38:09        21.00      0.00     21.00      0.00      0.00   2192.00      0.00

04:38:08    kbmemfree   kbavail kbmemused  %memused kbbuffers  kbcached  kbcommit   %commit  kbactive   kbinact   kbdirty
04:38:09      3710756   4604372   2981944     37.37     62948    958424   6462276     64.13    634776   3055944        80

04:38:08          DEV       tps     rkB/s     wkB/s     dkB/s   areq-sz    aqu-sz     await     %util
04:38:09          sda      0.00      0.00      0.00      0.00      0.00      0.00      0.00      0.00
04:38:09          sdb      0.00      0.00      0.00      0.00      0.00      0.00      0.00      0.00
04:38:09          sdc     21.00      0.00   1096.00      0.00     52.19      0.03      1.48      1.00

04:38:08        IFACE   rxpck/s   txpck/s    rxkB/s    txkB/s   rxcmp/s   txcmp/s  rxmcst/s   %ifutil
04:38:09           lo     13.00     13.00    410.01    410.01      0.00      0.00      0.00      0.00
04:38:09         eth0      0.00      0.00      0.00      0.00      0.00      0.00      0.00      0.00

04:38:09        CPU     %user     %nice   %system   %iowait    %steal     %idle
04:38:10        all      6.35      0.00      1.06      0.12      0.00     92.47

04:38:09          tps      rtps      wtps      dtps   bread/s   bwrtn/s   bdscd/s
04:38:10        11.88      0.00     11.88      0.00      0.00     47.52      0.00

04:38:09    kbmemfree   kbavail kbmemused  %memused kbbuffers  kbcached  kbcommit   %commit  kbactive   kbinact   kbdirty
04:38:10      3628968   4522876   3063432     38.39     62948    958716   6576668     65.27    634776   3139852       424

04:38:09          DEV       tps     rkB/s     wkB/s     dkB/s   areq-sz    aqu-sz     await     %util
04:38:10          sda      0.00      0.00      0.00      0.00      0.00      0.00      0.00      0.00
04:38:10          sdb      0.00      0.00      0.00      0.00      0.00      0.00      0.00      0.00
04:38:10          sdc     11.88      0.00     23.76      0.00      2.00      0.02      1.17      4.95

04:38:09        IFACE   rxpck/s   txpck/s    rxkB/s    txkB/s   rxcmp/s   txcmp/s  rxmcst/s   %ifutil
04:38:10           lo     90.10     90.10    688.45    688.45      0.00      0.00      0.00      0.00
04:38:10         eth0      0.00      0.00      0.00      0.00      0.00      0.00      0.00      0.00

04:38:10        CPU     %user     %nice   %system   %iowait    %steal     %idle
04:38:11        all      0.87      0.00      0.06      0.00      0.00     99.06

04:38:10          tps      rtps      wtps      dtps   bread/s   bwrtn/s   bdscd/s
04:38:11        12.00      0.00     12.00      0.00      0.00     48.00      0.00

04:38:10    kbmemfree   kbavail kbmemused  %memused kbbuffers  kbcached  kbcommit   %commit  kbactive   kbinact   kbdirty
04:38:11      3626560   4520480   3065832     38.42     62948    958724   6580832     65.31    634776   3141412       432

04:38:10          DEV       tps     rkB/s     wkB/s     dkB/s   areq-sz    aqu-sz     await     %util
04:38:11          sda      0.00      0.00      0.00      0.00      0.00      0.00      0.00      0.00
04:38:11          sdb      0.00      0.00      0.00      0.00      0.00      0.00      0.00      0.00
04:38:11          sdc     12.00      0.00     24.00      0.00      2.00      0.02      0.83      6.00

04:38:10        IFACE   rxpck/s   txpck/s    rxkB/s    txkB/s   rxcmp/s   txcmp/s  rxmcst/s   %ifutil
04:38:11           lo     52.00     52.00    422.72    422.72      0.00      0.00      0.00      0.00
04:38:11         eth0      0.00      0.00      0.00      0.00      0.00      0.00      0.00      0.00

04:38:11        CPU     %user     %nice   %system   %iowait    %steal     %idle
04:38:12        all      0.19      0.00      0.00      0.00      0.00     99.81

04:38:11          tps      rtps      wtps      dtps   bread/s   bwrtn/s   bdscd/s
04:38:12         0.00      0.00      0.00      0.00      0.00      0.00      0.00

04:38:11    kbmemfree   kbavail kbmemused  %memused kbbuffers  kbcached  kbcommit   %commit  kbactive   kbinact   kbdirty
04:38:12      3626360   4520280   3066024     38.42     62948    958732   6580832     65.31    634776   3141412       440

04:38:11          DEV       tps     rkB/s     wkB/s     dkB/s   areq-sz    aqu-sz     await     %util
04:38:12          sda      0.00      0.00      0.00      0.00      0.00      0.00      0.00      0.00
04:38:12          sdb      0.00      0.00      0.00      0.00      0.00      0.00      0.00      0.00
04:38:12          sdc      0.00      0.00      0.00      0.00      0.00      0.00      0.00      0.00

04:38:11        IFACE   rxpck/s   txpck/s    rxkB/s    txkB/s   rxcmp/s   txcmp/s  rxmcst/s   %ifutil
04:38:12           lo     20.00     20.00    411.13    411.13      0.00      0.00      0.00      0.00
04:38:12         eth0      0.00      0.00      0.00      0.00      0.00      0.00      0.00      0.00

04:38:12        CPU     %user     %nice   %system   %iowait    %steal     %idle
04:38:13        all      2.07      0.00      0.50      0.13      0.00     97.31

04:38:12          tps      rtps      wtps      dtps   bread/s   bwrtn/s   bdscd/s
04:38:13        17.00      0.00     16.00      1.00      0.00    672.00     64.00

04:38:12    kbmemfree   kbavail kbmemused  %memused kbbuffers  kbcached  kbcommit   %commit  kbactive   kbinact   kbdirty
04:38:13      3613940   4508148   3078144     38.58     62956    959016   6583660     65.34    634784   3153292      1012

04:38:12          DEV       tps     rkB/s     wkB/s     dkB/s   areq-sz    aqu-sz     await     %util
04:38:13          sda      0.00      0.00      0.00      0.00      0.00      0.00      0.00      0.00
04:38:13          sdb      0.00      0.00      0.00      0.00      0.00      0.00      0.00      0.00
04:38:13          sdc     17.00      0.00    336.00     32.00     21.65      0.04      1.35      8.00

04:38:12        IFACE   rxpck/s   txpck/s    rxkB/s    txkB/s   rxcmp/s   txcmp/s  rxmcst/s   %ifutil
04:38:13           lo     87.00     87.00    679.06    679.06      0.00      0.00      0.00      0.00
04:38:13         eth0      0.00      0.00      0.00      0.00      0.00      0.00      0.00      0.00

04:38:13        CPU     %user     %nice   %system   %iowait    %steal     %idle
04:38:14        all      1.94      0.00      0.19      0.00      0.00     97.88

04:38:13          tps      rtps      wtps      dtps   bread/s   bwrtn/s   bdscd/s
04:38:14         2.00      0.00      2.00      0.00      0.00      8.00      0.00

04:38:13    kbmemfree   kbavail kbmemused  %memused kbbuffers  kbcached  kbcommit   %commit  kbactive   kbinact   kbdirty
04:38:14      3563156   4457404   3128908     39.21     62956    959036   6592924     65.43    634784   3202664      1032

04:38:13          DEV       tps     rkB/s     wkB/s     dkB/s   areq-sz    aqu-sz     await     %util
04:38:14          sda      0.00      0.00      0.00      0.00      0.00      0.00      0.00      0.00
04:38:14          sdb      0.00      0.00      0.00      0.00      0.00      0.00      0.00      0.00
04:38:14          sdc      2.00      0.00      4.00      0.00      2.00      0.01      1.50      2.00

04:38:13        IFACE   rxpck/s   txpck/s    rxkB/s    txkB/s   rxcmp/s   txcmp/s  rxmcst/s   %ifutil
04:38:14           lo     43.00     43.00    414.96    414.96      0.00      0.00      0.00      0.00
04:38:14         eth0      0.00      0.00      0.00      0.00      0.00      0.00      0.00      0.00

04:38:14        CPU     %user     %nice   %system   %iowait    %steal     %idle
04:38:15        all     10.32      0.00      0.99      0.00      0.00     88.69

04:38:14          tps      rtps      wtps      dtps   bread/s   bwrtn/s   bdscd/s
04:38:15         5.00      5.00      0.00      0.00     64.00      0.00      0.00

04:38:14    kbmemfree   kbavail kbmemused  %memused kbbuffers  kbcached  kbcommit   %commit  kbactive   kbinact   kbdirty
04:38:15      3353156   4247448   3338864     41.84     62956    959080   6656668     66.06    634876   3409440      1060

04:38:14          DEV       tps     rkB/s     wkB/s     dkB/s   areq-sz    aqu-sz     await     %util
04:38:15          sda      0.00      0.00      0.00      0.00      0.00      0.00      0.00      0.00
04:38:15          sdb      0.00      0.00      0.00      0.00      0.00      0.00      0.00      0.00
04:38:15          sdc      5.00     32.00      0.00      0.00      6.40      0.01      1.40      5.00

04:38:14        IFACE   rxpck/s   txpck/s    rxkB/s    txkB/s   rxcmp/s   txcmp/s  rxmcst/s   %ifutil
04:38:15           lo     54.00     54.00    423.43    423.43      0.00      0.00      0.00      0.00
04:38:15         eth0      0.00      0.00      0.00      0.00      0.00      0.00      0.00      0.00

04:38:15        CPU     %user     %nice   %system   %iowait    %steal     %idle
04:38:16        all      6.92      0.00      1.89      0.00      0.00     91.19

04:38:15          tps      rtps      wtps      dtps   bread/s   bwrtn/s   bdscd/s
04:38:16         0.00      0.00      0.00      0.00      0.00      0.00      0.00

04:38:15    kbmemfree   kbavail kbmemused  %memused kbbuffers  kbcached  kbcommit   %commit  kbactive   kbinact   kbdirty
04:38:16      3257720   4152560   3433788     43.03     62956    959688   6927672     68.75    634900   3503076      1656

04:38:15          DEV       tps     rkB/s     wkB/s     dkB/s   areq-sz    aqu-sz     await     %util
04:38:16          sda      0.00      0.00      0.00      0.00      0.00      0.00      0.00      0.00
04:38:16          sdb      0.00      0.00      0.00      0.00      0.00      0.00      0.00      0.00
04:38:16          sdc      0.00      0.00      0.00      0.00      0.00      0.00      0.00      0.00

04:38:15        IFACE   rxpck/s   txpck/s    rxkB/s    txkB/s   rxcmp/s   txcmp/s  rxmcst/s   %ifutil
04:38:16           lo    154.00    154.00    966.04    966.04      0.00      0.00      0.00      0.00
04:38:16         eth0      0.00      0.00      0.00      0.00      0.00      0.00      0.00      0.00

04:38:16        CPU     %user     %nice   %system   %iowait    %steal     %idle
04:38:17        all     14.91      0.00      2.07      0.00      0.00     83.02

04:38:16          tps      rtps      wtps      dtps   bread/s   bwrtn/s   bdscd/s
04:38:17         0.00      0.00      0.00      0.00      0.00      0.00      0.00

04:38:16    kbmemfree   kbavail kbmemused  %memused kbbuffers  kbcached  kbcommit   %commit  kbactive   kbinact   kbdirty
04:38:17      3153832   4049140   3536984     44.33     62956    959820   7152248     70.98    635040   3609512      1784

04:38:16          DEV       tps     rkB/s     wkB/s     dkB/s   areq-sz    aqu-sz     await     %util
04:38:17          sda      0.00      0.00      0.00      0.00      0.00      0.00      0.00      0.00
04:38:17          sdb      0.00      0.00      0.00      0.00      0.00      0.00      0.00      0.00
04:38:17          sdc      0.00      0.00      0.00      0.00      0.00      0.00      0.00      0.00

04:38:16        IFACE   rxpck/s   txpck/s    rxkB/s    txkB/s   rxcmp/s   txcmp/s  rxmcst/s   %ifutil
04:38:17           lo     42.00     42.00    414.87    414.87      0.00      0.00      0.00      0.00
04:38:17         eth0      0.00      0.00      0.00      0.00      0.00      0.00      0.00      0.00

04:38:17        CPU     %user     %nice   %system   %iowait    %steal     %idle
04:38:18        all     13.99      0.00      1.64      0.06      0.00     84.31

04:38:17          tps      rtps      wtps      dtps   bread/s   bwrtn/s   bdscd/s
04:38:18         1.98      0.00      1.98      0.00      0.00    427.72      0.00

04:38:17    kbmemfree   kbavail kbmemused  %memused kbbuffers  kbcached  kbcommit   %commit  kbactive   kbinact   kbdirty
04:38:18      3007372   3902704   3683388     46.16     62964    959832   7296132     72.41    635056   3753184      1940

04:38:17          DEV       tps     rkB/s     wkB/s     dkB/s   areq-sz    aqu-sz     await     %util
04:38:18          sda      0.00      0.00      0.00      0.00      0.00      0.00      0.00      0.00
04:38:18          sdb      0.00      0.00      0.00      0.00      0.00      0.00      0.00      0.00
04:38:18          sdc      1.98      0.00    213.86      0.00    108.00      0.01      2.00      1.98

04:38:17        IFACE   rxpck/s   txpck/s    rxkB/s    txkB/s   rxcmp/s   txcmp/s  rxmcst/s   %ifutil
04:38:18           lo     62.38     62.38    412.51    412.51      0.00      0.00      0.00      0.00
04:38:18         eth0      0.00      0.00      0.00      0.00      0.00      0.00      0.00      0.00

04:38:18        CPU     %user     %nice   %system   %iowait    %steal     %idle
04:38:19        all     23.23      0.00      2.03      0.06      0.00     74.68

04:38:18          tps      rtps      wtps      dtps   bread/s   bwrtn/s   bdscd/s
04:38:19        89.00      0.00     89.00      0.00      0.00   3792.00      0.00

04:38:18    kbmemfree   kbavail kbmemused  %memused kbbuffers  kbcached  kbcommit   %commit  kbactive   kbinact   kbdirty
04:38:19      2833052   3728408   3857456     48.34     62964    959860   7354552     72.99    635056   3923024       128

04:38:18          DEV       tps     rkB/s     wkB/s     dkB/s   areq-sz    aqu-sz     await     %util
04:38:19          sda      0.00      0.00      0.00      0.00      0.00      0.00      0.00      0.00
04:38:19          sdb      0.00      0.00      0.00      0.00      0.00      0.00      0.00      0.00
04:38:19          sdc     89.00      0.00   1896.00      0.00     21.30      0.24      2.62      3.00

04:38:18        IFACE   rxpck/s   txpck/s    rxkB/s    txkB/s   rxcmp/s   txcmp/s  rxmcst/s   %ifutil
04:38:19           lo     45.00     45.00    415.78    415.78      0.00      0.00      0.00      0.00
04:38:19         eth0      1.00      0.00      0.20      0.00      0.00      0.00      1.00      0.00

04:38:19        CPU     %user     %nice   %system   %iowait    %steal     %idle
04:38:20        all      3.44      0.00      0.38      0.06      0.00     96.12

04:38:19          tps      rtps      wtps      dtps   bread/s   bwrtn/s   bdscd/s
04:38:20         6.00      0.00      6.00      0.00      0.00     24.00      0.00

04:38:19    kbmemfree   kbavail kbmemused  %memused kbbuffers  kbcached  kbcommit   %commit  kbactive   kbinact   kbdirty
04:38:20      2829320   3724992   3860836     48.39     62964    960176   7357760     73.02    635056   3930784       484

04:38:19          DEV       tps     rkB/s     wkB/s     dkB/s   areq-sz    aqu-sz     await     %util
04:38:20          sda      0.00      0.00      0.00      0.00      0.00      0.00      0.00      0.00
04:38:20          sdb      0.00      0.00      0.00      0.00      0.00      0.00      0.00      0.00
04:38:20          sdc      6.00      0.00     12.00      0.00      2.00      0.02      1.83      3.00

04:38:19        IFACE   rxpck/s   txpck/s    rxkB/s    txkB/s   rxcmp/s   txcmp/s  rxmcst/s   %ifutil
04:38:20           lo     78.00     78.00    718.43    718.43      0.00      0.00      0.00      0.00
04:38:20         eth0      0.00      0.00      0.00      0.00      0.00      0.00      0.00      0.00

04:38:20        CPU     %user     %nice   %system   %iowait    %steal     %idle
04:38:21        all      0.75      0.00      0.13      0.00      0.00     99.12

04:38:20          tps      rtps      wtps      dtps   bread/s   bwrtn/s   bdscd/s
04:38:21         0.00      0.00      0.00      0.00      0.00      0.00      0.00

04:38:20    kbmemfree   kbavail kbmemused  %memused kbbuffers  kbcached  kbcommit   %commit  kbactive   kbinact   kbdirty
04:38:21      2830624   3726296   3859528     48.37     62964    960180   7352492     72.97    635056   3929920       496

04:38:20          DEV       tps     rkB/s     wkB/s     dkB/s   areq-sz    aqu-sz     await     %util
04:38:21          sda      0.00      0.00      0.00      0.00      0.00      0.00      0.00      0.00
04:38:21          sdb      0.00      0.00      0.00      0.00      0.00      0.00      0.00      0.00
04:38:21          sdc      0.00      0.00      0.00      0.00      0.00      0.00      0.00      0.00

04:38:20        IFACE   rxpck/s   txpck/s    rxkB/s    txkB/s   rxcmp/s   txcmp/s  rxmcst/s   %ifutil
04:38:21           lo     31.00     31.00    414.61    414.61      0.00      0.00      0.00      0.00
04:38:21         eth0      0.00      0.00      0.00      0.00      0.00      0.00      0.00      0.00

04:38:21        CPU     %user     %nice   %system   %iowait    %steal     %idle
04:38:22        all     41.79      0.00      9.26      0.00      0.00     48.95

04:38:21          tps      rtps      wtps      dtps   bread/s   bwrtn/s   bdscd/s
04:38:22         0.00      0.00      0.00      0.00      0.00      0.00      0.00

04:38:21    kbmemfree   kbavail kbmemused  %memused kbbuffers  kbcached  kbcommit   %commit  kbactive   kbinact   kbdirty
04:38:22      2325496   3223112   4360880     54.65     62964    960936   9017716     89.49    635216   4415672      1212

04:38:21          DEV       tps     rkB/s     wkB/s     dkB/s   areq-sz    aqu-sz     await     %util
04:38:22          sda      0.00      0.00      0.00      0.00      0.00      0.00      0.00      0.00
04:38:22          sdb      0.00      0.00      0.00      0.00      0.00      0.00      0.00      0.00
04:38:22          sdc      0.00      0.00      0.00      0.00      0.00      0.00      0.00      0.00

04:38:21        IFACE   rxpck/s   txpck/s    rxkB/s    txkB/s   rxcmp/s   txcmp/s  rxmcst/s   %ifutil
04:38:22           lo    125.00    125.00    436.80    436.80      0.00      0.00      0.00      0.00
04:38:22         eth0      0.00      0.00      0.00      0.00      0.00      0.00      0.00      0.00

04:38:22        CPU     %user     %nice   %system   %iowait    %steal     %idle
04:38:23        all     69.44      0.00      6.82      0.06      0.00     23.67

04:38:22          tps      rtps      wtps      dtps   bread/s   bwrtn/s   bdscd/s
04:38:23         2.00      0.00      2.00      0.00      0.00    760.00      0.00

04:38:22    kbmemfree   kbavail kbmemused  %memused kbbuffers  kbcached  kbcommit   %commit  kbactive   kbinact   kbdirty
04:38:23      2048964   2946856   4636904     58.11     62972    960972   9193420     91.24    635228   4692356      1616

04:38:22          DEV       tps     rkB/s     wkB/s     dkB/s   areq-sz    aqu-sz     await     %util
04:38:23          sda      0.00      0.00      0.00      0.00      0.00      0.00      0.00      0.00
04:38:23          sdb      0.00      0.00      0.00      0.00      0.00      0.00      0.00      0.00
04:38:23          sdc      2.00      0.00    380.00      0.00    190.00      0.01      2.00      1.00

04:38:22        IFACE   rxpck/s   txpck/s    rxkB/s    txkB/s   rxcmp/s   txcmp/s  rxmcst/s   %ifutil
04:38:23           lo     96.00     96.00    424.70    424.70      0.00      0.00      0.00      0.00
04:38:23         eth0      0.00      0.00      0.00      0.00      0.00      0.00      0.00      0.00

04:38:23        CPU     %user     %nice   %system   %iowait    %steal     %idle
04:38:24        all     71.77      0.00      6.17      0.00      0.00     22.06

04:38:23          tps      rtps      wtps      dtps   bread/s   bwrtn/s   bdscd/s
04:38:24         0.00      0.00      0.00      0.00      0.00      0.00      0.00

04:38:23    kbmemfree   kbavail kbmemused  %memused kbbuffers  kbcached  kbcommit   %commit  kbactive   kbinact   kbdirty
04:38:24      1672452   2572360   5011280     62.80     62972    962924   9503048     94.31    635228   5066064      3568

04:38:23          DEV       tps     rkB/s     wkB/s     dkB/s   areq-sz    aqu-sz     await     %util
04:38:24          sda      0.00      0.00      0.00      0.00      0.00      0.00      0.00      0.00
04:38:24          sdb      0.00      0.00      0.00      0.00      0.00      0.00      0.00      0.00
04:38:24          sdc      0.00      0.00      0.00      0.00      0.00      0.00      0.00      0.00

04:38:23        IFACE   rxpck/s   txpck/s    rxkB/s    txkB/s   rxcmp/s   txcmp/s  rxmcst/s   %ifutil
04:38:24           lo     27.00     27.00    412.58    412.58      0.00      0.00      0.00      0.00
04:38:24         eth0      0.00      0.00      0.00      0.00      0.00      0.00      0.00      0.00

04:38:24        CPU     %user     %nice   %system   %iowait    %steal     %idle
04:38:25        all     72.22      0.00     13.08      0.00      0.00     14.71

04:38:24          tps      rtps      wtps      dtps   bread/s   bwrtn/s   bdscd/s
04:38:25         0.00      0.00      0.00      0.00      0.00      0.00      0.00

04:38:24    kbmemfree   kbavail kbmemused  %memused kbbuffers  kbcached  kbcommit   %commit  kbactive   kbinact   kbdirty
04:38:25       377416   1277616   6305672     79.02     62972    962928  11208104    111.23    635236   6352660      3584

04:38:24          DEV       tps     rkB/s     wkB/s     dkB/s   areq-sz    aqu-sz     await     %util
04:38:25          sda      0.00      0.00      0.00      0.00      0.00      0.00      0.00      0.00
04:38:25          sdb      0.00      0.00      0.00      0.00      0.00      0.00      0.00      0.00
04:38:25          sdc      0.00      0.00      0.00      0.00      0.00      0.00      0.00      0.00

04:38:24        IFACE   rxpck/s   txpck/s    rxkB/s    txkB/s   rxcmp/s   txcmp/s  rxmcst/s   %ifutil
04:38:25           lo    465.35    465.35   2326.21   2326.21      0.00      0.00      0.00      0.00
04:38:25         eth0      0.00      0.00      0.00      0.00      0.00      0.00      0.00      0.00

04:38:25        CPU     %user     %nice   %system   %iowait    %steal     %idle
04:38:26        all     81.21      0.00     12.80      0.00      0.00      5.99

04:38:25          tps      rtps      wtps      dtps   bread/s   bwrtn/s   bdscd/s
04:38:26       148.00      1.00    147.00      0.00     16.00  16760.00      0.00

04:38:25    kbmemfree   kbavail kbmemused  %memused kbbuffers  kbcached  kbcommit   %commit  kbactive   kbinact   kbdirty
04:38:26       126604    989636   6593900     82.64     62592    926412  11543532    114.56    593224   6677988       332

04:38:25          DEV       tps     rkB/s     wkB/s     dkB/s   areq-sz    aqu-sz     await     %util
04:38:26          sda      0.00      0.00      0.00      0.00      0.00      0.00      0.00      0.00
04:38:26          sdb     72.00      0.00   3884.00      0.00     53.94      0.33      4.62      9.00
04:38:26          sdc     76.00      8.00   4496.00      0.00     59.26      0.12      1.53      4.00

04:38:25        IFACE   rxpck/s   txpck/s    rxkB/s    txkB/s   rxcmp/s   txcmp/s  rxmcst/s   %ifutil
04:38:26           lo    186.00    186.00    931.58    931.58      0.00      0.00      0.00      0.00
04:38:26         eth0      0.00      0.00      0.00      0.00      0.00      0.00      0.00      0.00

04:38:26        CPU     %user     %nice   %system   %iowait    %steal     %idle
04:38:27        all      3.59      0.00      1.42      0.00      0.00     94.99

04:38:26          tps      rtps      wtps      dtps   bread/s   bwrtn/s   bdscd/s
04:38:27        20.79      0.00     20.79      0.00      0.00    934.65      0.00

04:38:26    kbmemfree   kbavail kbmemused  %memused kbbuffers  kbcached  kbcommit   %commit  kbactive   kbinact   kbdirty
04:38:27      2803600   3649676   3935260     49.32     62412    911020   7467624     74.11    580232   4005184       336

04:38:26          DEV       tps     rkB/s     wkB/s     dkB/s   areq-sz    aqu-sz     await     %util
04:38:27          sda      0.00      0.00      0.00      0.00      0.00      0.00      0.00      0.00
04:38:27          sdb     20.79      0.00    467.33      0.00     22.48      0.06      3.10      1.98
04:38:27          sdc      0.00      0.00      0.00      0.00      0.00      0.00      0.00      0.00

04:38:26        IFACE   rxpck/s   txpck/s    rxkB/s    txkB/s   rxcmp/s   txcmp/s  rxmcst/s   %ifutil
04:38:27           lo     94.06     94.06    428.04    428.04      0.00      0.00      0.00      0.00
04:38:27         eth0      0.00      0.00      0.00      0.00      0.00      0.00      0.00      0.00

04:38:27        CPU     %user     %nice   %system   %iowait    %steal     %idle
04:38:28        all     41.98      0.00      8.15      0.19      0.00     49.68

04:38:27          tps      rtps      wtps      dtps   bread/s   bwrtn/s   bdscd/s
04:38:28        78.22     38.61      1.98     37.62    689.11    815.84   5766.34

04:38:27    kbmemfree   kbavail kbmemused  %memused kbbuffers  kbcached  kbcommit   %commit  kbactive   kbinact   kbdirty
04:38:28      2486944   3333852   4250632     53.27     62424    911872   8581176     85.16    580780   4333056      1208

04:38:27          DEV       tps     rkB/s     wkB/s     dkB/s   areq-sz    aqu-sz     await     %util
04:38:28          sda      0.00      0.00      0.00      0.00      0.00      0.00      0.00      0.00
04:38:28          sdb      0.00      0.00      0.00      0.00      0.00      0.00      0.00      0.00
04:38:28          sdc     78.22    344.55    407.92   2883.17     46.48      0.04      0.48     12.87

04:38:27        IFACE   rxpck/s   txpck/s    rxkB/s    txkB/s   rxcmp/s   txcmp/s  rxmcst/s   %ifutil
04:38:28           lo     80.20     80.20    423.20    423.20      0.00      0.00      0.00      0.00
04:38:28         eth0      0.00      0.00      0.00      0.00      0.00      0.00      0.00      0.00

04:38:28        CPU     %user     %nice   %system   %iowait    %steal     %idle
04:38:29        all     55.48      0.00      8.31      0.06      0.00     36.15

04:38:28          tps      rtps      wtps      dtps   bread/s   bwrtn/s   bdscd/s
04:38:29        50.00     50.00      0.00      0.00    944.00      0.00      0.00

04:38:28    kbmemfree   kbavail kbmemused  %memused kbbuffers  kbcached  kbcommit   %commit  kbactive   kbinact   kbdirty
04:38:29      2181996   3029876   4554136     57.07     62424    912480   9154488     90.85    581604   4624908      1336

04:38:28          DEV       tps     rkB/s     wkB/s     dkB/s   areq-sz    aqu-sz     await     %util
04:38:29          sda      0.00      0.00      0.00      0.00      0.00      0.00      0.00      0.00
04:38:29          sdb      0.00      0.00      0.00      0.00      0.00      0.00      0.00      0.00
04:38:29          sdc     50.00    472.00      0.00      0.00      9.44      0.03      0.62     19.00

04:38:28        IFACE   rxpck/s   txpck/s    rxkB/s    txkB/s   rxcmp/s   txcmp/s  rxmcst/s   %ifutil
04:38:29           lo     86.00     86.00    424.73    424.73      0.00      0.00      0.00      0.00
04:38:29         eth0      0.00      0.00      0.00      0.00      0.00      0.00      0.00      0.00

04:38:29        CPU     %user     %nice   %system   %iowait    %steal     %idle
04:38:28        all     59.69      0.00      7.11      0.00      0.00     33.20

04:38:29          tps      rtps      wtps      dtps   bread/s   bwrtn/s   bdscd/s
04:38:28        10.00     10.00      0.00      0.00    128.00      0.00      0.00

04:38:29    kbmemfree   kbavail kbmemused  %memused kbbuffers  kbcached  kbcommit   %commit  kbactive   kbinact   kbdirty
04:38:28      1860504   2710512   4873400     61.08     62468    913824   9249120     91.79    582296   4952352      2704

04:38:29          DEV       tps     rkB/s     wkB/s     dkB/s   areq-sz    aqu-sz     await     %util
04:38:28          sda      0.00      0.00      0.00      0.00      0.00      0.00      0.00      0.00
04:38:28          sdb      0.00      0.00      0.00      0.00      0.00      0.00      0.00      0.00
04:38:28          sdc     10.00     64.00      0.00      0.00      6.40      0.01      0.80      4.00

04:38:29        IFACE   rxpck/s   txpck/s    rxkB/s    txkB/s   rxcmp/s   txcmp/s  rxmcst/s   %ifutil
04:38:28           lo     99.00     99.00    423.28    423.28      0.00      0.00      0.00      0.00
04:38:28         eth0      1.00      1.00      0.09      0.09      0.00      0.00      0.00      0.00

04:38:28        CPU     %user     %nice   %system   %iowait    %steal     %idle
04:38:29        all     65.57      0.00      7.23      0.00      0.00     27.20

04:38:28          tps      rtps      wtps      dtps   bread/s   bwrtn/s   bdscd/s
04:38:29        15.00     15.00      0.00      0.00    856.00      0.00      0.00

04:38:28    kbmemfree   kbavail kbmemused  %memused kbbuffers  kbcached  kbcommit   %commit  kbactive   kbinact   kbdirty
04:38:29       900832   1751308   5832532     73.10     62468    914836  10467568    103.88    582780   5914352      3304

04:38:28          DEV       tps     rkB/s     wkB/s     dkB/s   areq-sz    aqu-sz     await     %util
04:38:29          sda      0.00      0.00      0.00      0.00      0.00      0.00      0.00      0.00
04:38:29          sdb      0.00      0.00      0.00      0.00      0.00      0.00      0.00      0.00
04:38:29          sdc     15.00    428.00      0.00      0.00     28.53      0.01      0.87      8.00

04:38:28        IFACE   rxpck/s   txpck/s    rxkB/s    txkB/s   rxcmp/s   txcmp/s  rxmcst/s   %ifutil
04:38:29           lo    312.00    312.00    878.68    878.68      0.00      0.00      0.00      0.00
04:38:29         eth0      0.00      0.00      0.00      0.00      0.00      0.00      0.00      0.00

04:38:29        CPU     %user     %nice   %system   %iowait    %steal     %idle
04:38:30        all     14.69      0.00      2.69      0.06      0.00     82.56

04:38:29          tps      rtps      wtps      dtps   bread/s   bwrtn/s   bdscd/s
04:38:30        40.59     30.69      9.90      0.00    419.80    277.23      0.00

04:38:29    kbmemfree   kbavail kbmemused  %memused kbbuffers  kbcached  kbcommit   %commit  kbactive   kbinact   kbdirty
04:38:30      2521932   3371332   4212900     52.80     62468    914032   7930828     78.71    583040   4295212      2276

04:38:29          DEV       tps     rkB/s     wkB/s     dkB/s   areq-sz    aqu-sz     await     %util
04:38:30          sda      0.00      0.00      0.00      0.00      0.00      0.00      0.00      0.00
04:38:30          sdb      0.00      0.00      0.00      0.00      0.00      0.00      0.00      0.00
04:38:30          sdc     40.59    209.90    138.61      0.00      8.59      0.03      0.63     13.86

04:38:29        IFACE   rxpck/s   txpck/s    rxkB/s    txkB/s   rxcmp/s   txcmp/s  rxmcst/s   %ifutil
04:38:30           lo    195.05    195.05   2152.84   2152.84      0.00      0.00      0.00      0.00
04:38:30         eth0      0.00      0.00      0.00      0.00      0.00      0.00      0.00      0.00

04:38:30        CPU     %user     %nice   %system   %iowait    %steal     %idle
04:38:31        all      1.68      0.00      0.68      0.19      0.00     97.45

04:38:30          tps      rtps      wtps      dtps   bread/s   bwrtn/s   bdscd/s
04:38:31        43.00      1.00     20.00     22.00     16.00    680.00    424.00

04:38:30    kbmemfree   kbavail kbmemused  %memused kbbuffers  kbcached  kbcommit   %commit  kbactive   kbinact   kbdirty
04:38:31      2522776   3372172   4212072     52.79     62480    914052   7931416     78.71    583024   4295428      2392

04:38:30          DEV       tps     rkB/s     wkB/s     dkB/s   areq-sz    aqu-sz     await     %util
04:38:31          sda      0.00      0.00      0.00      0.00      0.00      0.00      0.00      0.00
04:38:31          sdb      0.00      0.00      0.00      0.00      0.00      0.00      0.00      0.00
04:38:31          sdc     43.00      8.00    340.00    212.00     13.02      0.04      0.53      8.00

04:38:30        IFACE   rxpck/s   txpck/s    rxkB/s    txkB/s   rxcmp/s   txcmp/s  rxmcst/s   %ifutil
04:38:31           lo     89.00     89.00    435.09    435.09      0.00      0.00      0.00      0.00
04:38:31         eth0      0.00      0.00      0.00      0.00      0.00      0.00      0.00      0.00

04:38:31        CPU     %user     %nice   %system   %iowait    %steal     %idle
04:38:32        all      0.50      0.00      0.44      0.00      0.00     99.06

04:38:31          tps      rtps      wtps      dtps   bread/s   bwrtn/s   bdscd/s
04:38:32         2.00      0.00      2.00      0.00      0.00     72.00      0.00

04:38:31    kbmemfree   kbavail kbmemused  %memused kbbuffers  kbcached  kbcommit   %commit  kbactive   kbinact   kbdirty
04:38:32      2807576   3656324   3928308     49.23     62480    913664   7479912     74.23    583008   4010256      2004

04:38:31          DEV       tps     rkB/s     wkB/s     dkB/s   areq-sz    aqu-sz     await     %util
04:38:32          sda      0.00      0.00      0.00      0.00      0.00      0.00      0.00      0.00
04:38:32          sdb      0.00      0.00      0.00      0.00      0.00      0.00      0.00      0.00
04:38:32          sdc      2.00      0.00     36.00      0.00     18.00      0.00      1.00      3.00

04:38:31        IFACE   rxpck/s   txpck/s    rxkB/s    txkB/s   rxcmp/s   txcmp/s  rxmcst/s   %ifutil
04:38:32           lo     33.00     33.00    414.18    414.18      0.00      0.00      0.00      0.00
04:38:32         eth0      0.00      0.00      0.00      0.00      0.00      0.00      0.00      0.00

04:38:32        CPU     %user     %nice   %system   %iowait    %steal     %idle
04:38:33        all      0.25      0.00      0.19      0.06      0.00     99.50

04:38:32          tps      rtps      wtps      dtps   bread/s   bwrtn/s   bdscd/s
04:38:33         7.00      0.00      7.00      0.00      0.00     24.00      0.00

04:38:32    kbmemfree   kbavail kbmemused  %memused kbbuffers  kbcached  kbcommit   %commit  kbactive   kbinact   kbdirty
04:38:33      2806428   3655176   3929520     49.25     62480    913704   7479912     74.23    583012   4009756      2036

04:38:32          DEV       tps     rkB/s     wkB/s     dkB/s   areq-sz    aqu-sz     await     %util
04:38:33          sda      0.00      0.00      0.00      0.00      0.00      0.00      0.00      0.00
04:38:33          sdb      0.00      0.00      0.00      0.00      0.00      0.00      0.00      0.00
04:38:33          sdc      7.00      0.00     12.00      0.00      1.71      0.01      0.86      1.00

04:38:32        IFACE   rxpck/s   txpck/s    rxkB/s    txkB/s   rxcmp/s   txcmp/s  rxmcst/s   %ifutil
04:38:33           lo     55.00     55.00    416.52    416.52      0.00      0.00      0.00      0.00
04:38:33         eth0      1.00      1.00      0.04      0.04      0.00      0.00      0.00      0.00

04:38:33        CPU     %user     %nice   %system   %iowait    %steal     %idle
04:38:34        all      0.75      0.00      0.25      0.13      0.00     98.87

04:38:33          tps      rtps      wtps      dtps   bread/s   bwrtn/s   bdscd/s
04:38:34        16.00      0.00     16.00      0.00      0.00     64.00      0.00

04:38:33    kbmemfree   kbavail kbmemused  %memused kbbuffers  kbcached  kbcommit   %commit  kbactive   kbinact   kbdirty
04:38:34      2804972   3653976   3930724     49.26     62480    913956   7480692     74.24    583024   4010304      2288

04:38:33          DEV       tps     rkB/s     wkB/s     dkB/s   areq-sz    aqu-sz     await     %util
04:38:34          sda      0.00      0.00      0.00      0.00      0.00      0.00      0.00      0.00
04:38:34          sdb      0.00      0.00      0.00      0.00      0.00      0.00      0.00      0.00
04:38:34          sdc     16.00      0.00     32.00      0.00      2.00      0.03      1.19      8.00

04:38:33        IFACE   rxpck/s   txpck/s    rxkB/s    txkB/s   rxcmp/s   txcmp/s  rxmcst/s   %ifutil
04:38:34           lo    171.00    171.00   1144.48   1144.48      0.00      0.00      0.00      0.00
04:38:34         eth0      0.00      0.00      0.00      0.00      0.00      0.00      0.00      0.00

04:38:34        CPU     %user     %nice   %system   %iowait    %steal     %idle
04:38:35        all      0.63      0.00      0.06      0.06      0.00     99.25

04:38:34          tps      rtps      wtps      dtps   bread/s   bwrtn/s   bdscd/s
04:38:35        10.00      0.00     10.00      0.00      0.00     48.00      0.00

04:38:34    kbmemfree   kbavail kbmemused  %memused kbbuffers  kbcached  kbcommit   %commit  kbactive   kbinact   kbdirty
04:38:35      2809088   3658220   3926460     49.21     62480    914104   7480476     74.24    583024   4010500      2436

04:38:34          DEV       tps     rkB/s     wkB/s     dkB/s   areq-sz    aqu-sz     await     %util
04:38:35          sda      0.00      0.00      0.00      0.00      0.00      0.00      0.00      0.00
04:38:35          sdb      0.00      0.00      0.00      0.00      0.00      0.00      0.00      0.00
04:38:35          sdc     10.00      0.00     24.00      0.00      2.40      0.02      1.20      4.00

04:38:34        IFACE   rxpck/s   txpck/s    rxkB/s    txkB/s   rxcmp/s   txcmp/s  rxmcst/s   %ifutil
04:38:35           lo     46.00     46.00    416.50    416.50      0.00      0.00      0.00      0.00
04:38:35         eth0      0.00      0.00      0.00      0.00      0.00      0.00      0.00      0.00

04:38:35        CPU     %user     %nice   %system   %iowait    %steal     %idle
04:38:36        all      1.12      0.00      0.37      0.00      0.00     98.51

04:38:35          tps      rtps      wtps      dtps   bread/s   bwrtn/s   bdscd/s
04:38:36         9.00      0.00      4.00      5.00      0.00    320.00     96.00

04:38:35    kbmemfree   kbavail kbmemused  %memused kbbuffers  kbcached  kbcommit   %commit  kbactive   kbinact   kbdirty
04:38:36      2809320   3658484   3926220     49.20     62492    914100   7477124     74.20    583024   4008800      2444

04:38:35          DEV       tps     rkB/s     wkB/s     dkB/s   areq-sz    aqu-sz     await     %util
04:38:36          sda      0.00      0.00      0.00      0.00      0.00      0.00      0.00      0.00
04:38:36          sdb      0.00      0.00      0.00      0.00      0.00      0.00      0.00      0.00
04:38:36          sdc      9.00      0.00    160.00     48.00     23.11      0.02      1.44      3.00

04:38:35        IFACE   rxpck/s   txpck/s    rxkB/s    txkB/s   rxcmp/s   txcmp/s  rxmcst/s   %ifutil
04:38:36           lo     28.00     28.00    412.46    412.46      0.00      0.00      0.00      0.00
04:38:36         eth0      0.00      0.00      0.00      0.00      0.00      0.00      0.00      0.00

04:38:36        CPU     %user     %nice   %system   %iowait    %steal     %idle
04:38:37        all      0.94      0.00      0.25      0.06      0.00     98.75

04:38:36          tps      rtps      wtps      dtps   bread/s   bwrtn/s   bdscd/s
04:38:37         1.00      1.00      0.00      0.00      8.00      0.00      0.00

04:38:36    kbmemfree   kbavail kbmemused  %memused kbbuffers  kbcached  kbcommit   %commit  kbactive   kbinact   kbdirty
04:38:37      2777888   3626348   3958588     49.61     62492    913396   7456904     74.00    583096   4036112      2492

04:38:36          DEV       tps     rkB/s     wkB/s     dkB/s   areq-sz    aqu-sz     await     %util
04:38:37          sda      0.00      0.00      0.00      0.00      0.00      0.00      0.00      0.00
04:38:37          sdb      0.00      0.00      0.00      0.00      0.00      0.00      0.00      0.00
04:38:37          sdc      1.00      4.00      0.00      0.00      4.00      0.00      1.00      2.00

04:38:36        IFACE   rxpck/s   txpck/s    rxkB/s    txkB/s   rxcmp/s   txcmp/s  rxmcst/s   %ifutil
04:38:37           lo     32.00     32.00    418.32    418.32      0.00      0.00      0.00      0.00
04:38:37         eth0      0.00      0.00      0.00      0.00      0.00      0.00      0.00      0.00
