2025-02-21 01:53:50,906 INFO client.DefaultNoHARMFailoverProxyProvider: Connecting to ResourceManager at localhost/127.0.0.1:8032
2025-02-21 01:53:51,237 INFO mapreduce.JobResourceUploader: Disabling Erasure Coding for path: /tmp/hadoop-yarn/staging/satkp/.staging/job_1740110622879_0023
2025-02-21 01:53:52,773 INFO input.FileInputFormat: Total input files to process : 300
2025-02-21 01:53:54,457 INFO mapreduce.JobSubmitter: number of splits:300
2025-02-21 01:53:55,757 INFO mapreduce.JobSubmitter: Submitting tokens for job: job_1740110622879_0023
2025-02-21 01:53:55,757 INFO mapreduce.JobSubmitter: Executing with tokens: []
2025-02-21 01:53:55,895 INFO conf.Configuration: resource-types.xml not found
2025-02-21 01:53:55,895 INFO resource.ResourceUtils: Unable to find 'resource-types.xml'.
2025-02-21 01:53:55,966 INFO impl.YarnClientImpl: Submitted application application_1740110622879_0023
2025-02-21 01:53:56,005 INFO mapreduce.Job: The url to track the job: http://Sathvik.:8088/proxy/application_1740110622879_0023/
2025-02-21 01:53:56,006 INFO mapreduce.Job: Running job: job_1740110622879_0023
2025-02-21 01:54:01,157 INFO mapreduce.Job: Job job_1740110622879_0023 running in uber mode : false
2025-02-21 01:54:01,157 INFO mapreduce.Job:  map 0% reduce 0%
2025-02-21 01:54:09,376 INFO mapreduce.Job:  map 2% reduce 0%
2025-02-21 01:54:14,430 INFO mapreduce.Job:  map 4% reduce 0%
2025-02-21 01:54:20,503 INFO mapreduce.Job:  map 5% reduce 0%
2025-02-21 01:54:21,512 INFO mapreduce.Job:  map 6% reduce 0%
2025-02-21 01:54:24,862 INFO mapreduce.Job:  map 7% reduce 0%
2025-02-21 01:54:25,875 INFO mapreduce.Job:  map 8% reduce 0%
2025-02-21 01:54:32,003 INFO mapreduce.Job:  map 9% reduce 0%
2025-02-21 01:54:33,015 INFO mapreduce.Job:  map 10% reduce 0%
2025-02-21 01:54:39,110 INFO mapreduce.Job:  map 11% reduce 0%
2025-02-21 01:54:40,121 INFO mapreduce.Job:  map 12% reduce 0%
2025-02-21 01:54:45,181 INFO mapreduce.Job:  map 13% reduce 0%
2025-02-21 01:54:47,204 INFO mapreduce.Job:  map 14% reduce 0%
2025-02-21 01:54:51,238 INFO mapreduce.Job:  map 15% reduce 0%
2025-02-21 01:54:50,501 INFO mapreduce.Job:  map 16% reduce 0%
2025-02-21 01:54:55,567 INFO mapreduce.Job:  map 17% reduce 0%
2025-02-21 01:54:56,578 INFO mapreduce.Job:  map 18% reduce 0%
2025-02-21 01:55:01,622 INFO mapreduce.Job:  map 19% reduce 0%
2025-02-21 01:55:03,637 INFO mapreduce.Job:  map 20% reduce 0%
2025-02-21 01:55:07,671 INFO mapreduce.Job:  map 21% reduce 0%
2025-02-21 01:55:09,690 INFO mapreduce.Job:  map 22% reduce 0%
2025-02-21 01:55:13,729 INFO mapreduce.Job:  map 23% reduce 7%
2025-02-21 01:55:16,749 INFO mapreduce.Job:  map 24% reduce 7%
2025-02-21 01:55:19,779 INFO mapreduce.Job:  map 25% reduce 8%
2025-02-21 01:55:21,080 INFO mapreduce.Job:  map 26% reduce 8%
2025-02-21 01:55:24,106 INFO mapreduce.Job:  map 27% reduce 9%
2025-02-21 01:55:26,119 INFO mapreduce.Job:  map 28% reduce 9%
2025-02-21 01:55:30,181 INFO mapreduce.Job:  map 29% reduce 9%
2025-02-21 01:55:34,204 INFO mapreduce.Job:  map 30% reduce 9%
2025-02-21 01:55:35,211 INFO mapreduce.Job:  map 30% reduce 10%
2025-02-21 01:55:36,218 INFO mapreduce.Job:  map 31% reduce 10%
2025-02-21 01:55:40,263 INFO mapreduce.Job:  map 32% reduce 10%
2025-02-21 01:55:41,279 INFO mapreduce.Job:  map 32% reduce 11%
2025-02-21 01:55:43,311 INFO mapreduce.Job:  map 33% reduce 11%
2025-02-21 01:55:45,346 INFO mapreduce.Job:  map 34% reduce 11%
2025-02-21 01:55:51,396 INFO mapreduce.Job:  map 36% reduce 11%
2025-02-21 01:55:51,728 INFO mapreduce.Job:  map 36% reduce 12%
2025-02-21 01:55:55,762 INFO mapreduce.Job:  map 37% reduce 12%
2025-02-21 01:55:58,793 INFO mapreduce.Job:  map 38% reduce 12%
2025-02-21 01:56:01,820 INFO mapreduce.Job:  map 39% reduce 12%
2025-02-21 01:56:03,859 INFO mapreduce.Job:  map 39% reduce 13%
2025-02-21 01:56:07,893 INFO mapreduce.Job:  map 41% reduce 13%
2025-02-21 01:56:09,921 INFO mapreduce.Job:  map 41% reduce 14%
2025-02-21 01:56:13,950 INFO mapreduce.Job:  map 42% reduce 14%
2025-02-21 01:56:14,958 INFO mapreduce.Job:  map 43% reduce 14%
2025-02-21 01:56:19,994 INFO mapreduce.Job:  map 44% reduce 14%
2025-02-21 01:56:22,017 INFO mapreduce.Job:  map 44% reduce 15%
2025-02-21 01:56:24,374 INFO mapreduce.Job:  map 46% reduce 15%
2025-02-21 01:56:30,418 INFO mapreduce.Job:  map 48% reduce 15%
2025-02-21 01:56:32,430 INFO mapreduce.Job:  map 48% reduce 16%
2025-02-21 01:56:36,480 INFO mapreduce.Job:  map 49% reduce 16%
2025-02-21 01:56:41,518 INFO mapreduce.Job:  map 50% reduce 16%
2025-02-21 01:56:43,530 INFO mapreduce.Job:  map 51% reduce 16%
2025-02-21 01:56:44,540 INFO mapreduce.Job:  map 51% reduce 17%
2025-02-21 01:56:49,605 INFO mapreduce.Job:  map 53% reduce 17%
2025-02-21 01:56:50,621 INFO mapreduce.Job:  map 53% reduce 18%
2025-02-21 01:56:53,928 INFO mapreduce.Job:  map 54% reduce 18%
2025-02-21 01:56:54,938 INFO mapreduce.Job:  map 55% reduce 18%
2025-02-21 01:56:59,987 INFO mapreduce.Job:  map 56% reduce 18%
2025-02-21 01:57:01,000 INFO mapreduce.Job:  map 56% reduce 19%
2025-02-21 01:57:05,040 INFO mapreduce.Job:  map 57% reduce 19%
2025-02-21 01:57:06,049 INFO mapreduce.Job:  map 58% reduce 19%
2025-02-21 01:57:10,074 INFO mapreduce.Job:  map 59% reduce 19%
2025-02-21 01:57:11,082 INFO mapreduce.Job:  map 60% reduce 19%
2025-02-21 01:57:13,098 INFO mapreduce.Job:  map 60% reduce 20%
2025-02-21 01:57:16,118 INFO mapreduce.Job:  map 61% reduce 20%
2025-02-21 01:57:19,146 INFO mapreduce.Job:  map 62% reduce 20%
2025-02-21 01:57:21,154 INFO mapreduce.Job:  map 63% reduce 20%
2025-02-21 01:57:23,450 INFO mapreduce.Job:  map 64% reduce 21%
2025-02-21 01:57:24,456 INFO mapreduce.Job:  map 65% reduce 21%
2025-02-21 01:57:29,498 INFO mapreduce.Job:  map 66% reduce 22%
2025-02-21 01:57:33,528 INFO mapreduce.Job:  map 67% reduce 22%
2025-02-21 01:57:34,534 INFO mapreduce.Job:  map 68% reduce 22%
2025-02-21 01:57:35,539 INFO mapreduce.Job:  map 68% reduce 23%
2025-02-21 01:57:38,561 INFO mapreduce.Job:  map 69% reduce 23%
2025-02-21 01:57:39,566 INFO mapreduce.Job:  map 70% reduce 23%
2025-02-21 01:57:44,610 INFO mapreduce.Job:  map 71% reduce 23%
2025-02-21 01:57:47,627 INFO mapreduce.Job:  map 71% reduce 24%
2025-02-21 01:57:48,632 INFO mapreduce.Job:  map 72% reduce 24%
2025-02-21 01:57:49,638 INFO mapreduce.Job:  map 73% reduce 24%
2025-02-21 01:57:52,669 INFO mapreduce.Job:  map 74% reduce 24%
2025-02-21 01:57:54,682 INFO mapreduce.Job:  map 75% reduce 24%
2025-02-21 01:57:57,964 INFO mapreduce.Job:  map 76% reduce 25%
2025-02-21 01:57:59,983 INFO mapreduce.Job:  map 77% reduce 25%
2025-02-21 01:58:01,994 INFO mapreduce.Job:  map 78% reduce 25%
2025-02-21 01:58:04,010 INFO mapreduce.Job:  map 78% reduce 26%
2025-02-21 01:58:05,018 INFO mapreduce.Job:  map 79% reduce 26%
2025-02-21 01:58:07,035 INFO mapreduce.Job:  map 80% reduce 26%
2025-02-21 01:58:10,051 INFO mapreduce.Job:  map 80% reduce 27%
2025-02-21 01:58:11,056 INFO mapreduce.Job:  map 81% reduce 27%
2025-02-21 01:58:12,069 INFO mapreduce.Job:  map 82% reduce 27%
2025-02-21 01:58:16,092 INFO mapreduce.Job:  map 83% reduce 27%
2025-02-21 01:58:19,105 INFO mapreduce.Job:  map 84% reduce 27%
2025-02-21 01:58:20,111 INFO mapreduce.Job:  map 85% reduce 27%
2025-02-21 01:58:22,123 INFO mapreduce.Job:  map 85% reduce 28%
2025-02-21 01:58:25,151 INFO mapreduce.Job:  map 86% reduce 28%
2025-02-21 01:58:24,461 INFO mapreduce.Job:  map 87% reduce 28%
2025-02-21 01:58:26,473 INFO mapreduce.Job:  map 87% reduce 29%
2025-02-21 01:58:28,485 INFO mapreduce.Job:  map 88% reduce 29%
2025-02-21 01:58:30,495 INFO mapreduce.Job:  map 89% reduce 29%
2025-02-21 01:58:32,506 INFO mapreduce.Job:  map 89% reduce 30%
2025-02-21 01:58:33,522 INFO mapreduce.Job:  map 90% reduce 30%
2025-02-21 01:58:35,532 INFO mapreduce.Job:  map 91% reduce 30%
2025-02-21 01:58:37,548 INFO mapreduce.Job:  map 92% reduce 30%
2025-02-21 01:58:38,560 INFO mapreduce.Job:  map 92% reduce 31%
2025-02-21 01:58:40,571 INFO mapreduce.Job:  map 93% reduce 31%
2025-02-21 01:58:42,584 INFO mapreduce.Job:  map 94% reduce 31%
2025-02-21 01:58:45,600 INFO mapreduce.Job:  map 95% reduce 31%
2025-02-21 01:58:47,613 INFO mapreduce.Job:  map 96% reduce 31%
2025-02-21 01:58:50,636 INFO mapreduce.Job:  map 97% reduce 32%
2025-02-21 01:58:53,665 INFO mapreduce.Job:  map 98% reduce 32%
2025-02-21 01:58:55,676 INFO mapreduce.Job:  map 99% reduce 32%
2025-02-21 01:58:54,976 INFO mapreduce.Job:  map 99% reduce 33%
2025-02-21 01:58:56,984 INFO mapreduce.Job:  map 100% reduce 33%
2025-02-21 01:59:01,002 INFO mapreduce.Job:  map 100% reduce 100%
2025-02-21 01:59:05,037 INFO mapreduce.Job: Job job_1740110622879_0023 completed successfully
2025-02-21 01:59:05,137 INFO mapreduce.Job: Counters: 54
	File System Counters
		FILE: Number of bytes read=47088034
		FILE: Number of bytes written=187174956
		FILE: Number of read operations=0
		FILE: Number of large read operations=0
		FILE: Number of write operations=0
		HDFS: Number of bytes read=113881507
		HDFS: Number of bytes written=7317872
		HDFS: Number of read operations=905
		HDFS: Number of large read operations=0
		HDFS: Number of write operations=2
		HDFS: Number of bytes read erasure-coded=0
	Job Counters 
		Launched map tasks=300
		Launched reduce tasks=1
		Data-local map tasks=300
		Total time spent by all maps in occupied slots (ms)=1253136
		Total time spent by all reduces in occupied slots (ms)=243149
		Total time spent by all map tasks (ms)=1253136
		Total time spent by all reduce tasks (ms)=243149
		Total vcore-milliseconds taken by all map tasks=1253136
		Total vcore-milliseconds taken by all reduce tasks=243149
		Total megabyte-milliseconds taken by all map tasks=1283211264
		Total megabyte-milliseconds taken by all reduce tasks=248984576
	Map-Reduce Framework
		Map input records=2257447
		Map output records=19408177
		Map output bytes=187984758
		Map output materialized bytes=47089828
		Input split bytes=40284
		Combine input records=19408177
		Combine output records=3273569
		Reduce input groups=602544
		Reduce shuffle bytes=47089828
		Reduce input records=3273569
		Reduce output records=602544
		Spilled Records=6547138
		Shuffled Maps =300
		Failed Shuffles=0
		Merged Map outputs=300
		GC time elapsed (ms)=95308
		CPU time spent (ms)=1022380
		Physical memory (bytes) snapshot=135873150976
		Virtual memory (bytes) snapshot=781440716800
		Total committed heap usage (bytes)=126389059584
		Peak Map Physical memory (bytes)=526004224
		Peak Map Virtual memory (bytes)=2606096384
		Peak Reduce Physical memory (bytes)=483209216
		Peak Reduce Virtual memory (bytes)=2620190720
	Shuffle Errors
		BAD_ID=0
		CONNECTION=0
		IO_ERROR=0
		WRONG_LENGTH=0
		WRONG_MAP=0
		WRONG_REDUCE=0
	File Input Format Counters 
		Bytes Read=113841223
	File Output Format Counters 
		Bytes Written=7317872
