2025-02-21 03:56:21,202 INFO client.DefaultNoHARMFailoverProxyProvider: Connecting to ResourceManager at localhost/127.0.0.1:8032
2025-02-21 03:56:21,492 INFO mapreduce.JobResourceUploader: Disabling Erasure Coding for path: /tmp/hadoop-yarn/staging/satkp/.staging/job_1740126767383_0009
2025-02-21 03:56:22,166 INFO input.FileInputFormat: Total input files to process : 300
2025-02-21 03:56:23,841 INFO mapreduce.JobSubmitter: number of splits:300
2025-02-21 03:56:25,138 INFO mapreduce.JobSubmitter: Submitting tokens for job: job_1740126767383_0009
2025-02-21 03:56:25,138 INFO mapreduce.JobSubmitter: Executing with tokens: []
2025-02-21 03:56:25,277 INFO conf.Configuration: resource-types.xml not found
2025-02-21 03:56:25,278 INFO resource.ResourceUtils: Unable to find 'resource-types.xml'.
2025-02-21 03:56:25,341 INFO impl.YarnClientImpl: Submitted application application_1740126767383_0009
2025-02-21 03:56:25,373 INFO mapreduce.Job: The url to track the job: http://Sathvik.:8088/proxy/application_1740126767383_0009/
2025-02-21 03:56:25,374 INFO mapreduce.Job: Running job: job_1740126767383_0009
2025-02-21 03:56:28,608 INFO mapreduce.Job: Job job_1740126767383_0009 running in uber mode : false
2025-02-21 03:56:28,609 INFO mapreduce.Job:  map 0% reduce 0%
2025-02-21 03:56:34,744 INFO mapreduce.Job:  map 1% reduce 0%
2025-02-21 03:56:35,751 INFO mapreduce.Job:  map 2% reduce 0%
2025-02-21 03:56:40,846 INFO mapreduce.Job:  map 4% reduce 0%
2025-02-21 03:56:44,914 INFO mapreduce.Job:  map 5% reduce 0%
2025-02-21 03:56:45,922 INFO mapreduce.Job:  map 6% reduce 0%
2025-02-21 03:56:48,947 INFO mapreduce.Job:  map 7% reduce 0%
2025-02-21 03:56:49,959 INFO mapreduce.Job:  map 8% reduce 0%
2025-02-21 03:56:54,022 INFO mapreduce.Job:  map 9% reduce 0%
2025-02-21 03:56:55,033 INFO mapreduce.Job:  map 10% reduce 0%
2025-02-21 03:56:57,257 INFO mapreduce.Job:  map 11% reduce 0%
2025-02-21 03:56:58,265 INFO mapreduce.Job:  map 12% reduce 0%
2025-02-21 03:57:01,307 INFO mapreduce.Job:  map 13% reduce 0%
2025-02-21 03:57:03,330 INFO mapreduce.Job:  map 14% reduce 0%
2025-02-21 03:57:07,410 INFO mapreduce.Job:  map 15% reduce 0%
2025-02-21 03:57:08,422 INFO mapreduce.Job:  map 16% reduce 0%
2025-02-21 03:57:12,476 INFO mapreduce.Job:  map 17% reduce 0%
2025-02-21 03:57:13,490 INFO mapreduce.Job:  map 18% reduce 0%
2025-02-21 03:57:17,621 INFO mapreduce.Job:  map 19% reduce 0%
2025-02-21 03:57:18,630 INFO mapreduce.Job:  map 20% reduce 0%
2025-02-21 03:57:24,695 INFO mapreduce.Job:  map 21% reduce 0%
2025-02-21 03:57:27,724 INFO mapreduce.Job:  map 22% reduce 0%
2025-02-21 03:57:27,912 INFO mapreduce.Job:  map 23% reduce 0%
2025-02-21 03:57:29,928 INFO mapreduce.Job:  map 24% reduce 0%
2025-02-21 03:57:30,937 INFO mapreduce.Job:  map 24% reduce 8%
2025-02-21 03:57:32,968 INFO mapreduce.Job:  map 25% reduce 8%
2025-02-21 03:57:38,002 INFO mapreduce.Job:  map 26% reduce 8%
2025-02-21 03:57:39,013 INFO mapreduce.Job:  map 27% reduce 8%
2025-02-21 03:57:43,044 INFO mapreduce.Job:  map 27% reduce 9%
2025-02-21 03:57:44,052 INFO mapreduce.Job:  map 29% reduce 9%
2025-02-21 03:57:48,116 INFO mapreduce.Job:  map 30% reduce 9%
2025-02-21 03:57:49,143 INFO mapreduce.Job:  map 30% reduce 10%
2025-02-21 03:57:51,185 INFO mapreduce.Job:  map 31% reduce 10%
2025-02-21 03:57:53,223 INFO mapreduce.Job:  map 32% reduce 10%
2025-02-21 03:57:55,247 INFO mapreduce.Job:  map 32% reduce 11%
2025-02-21 03:57:57,275 INFO mapreduce.Job:  map 33% reduce 11%
2025-02-21 03:57:58,282 INFO mapreduce.Job:  map 34% reduce 11%
2025-02-21 03:58:00,449 INFO mapreduce.Job:  map 35% reduce 11%
2025-02-21 03:58:03,479 INFO mapreduce.Job:  map 36% reduce 11%
2025-02-21 03:58:04,486 INFO mapreduce.Job:  map 37% reduce 11%
2025-02-21 03:58:05,495 INFO mapreduce.Job:  map 37% reduce 12%
2025-02-21 03:58:09,524 INFO mapreduce.Job:  map 39% reduce 12%
2025-02-21 03:58:11,540 INFO mapreduce.Job:  map 39% reduce 13%
2025-02-21 03:58:14,567 INFO mapreduce.Job:  map 40% reduce 13%
2025-02-21 03:58:15,576 INFO mapreduce.Job:  map 41% reduce 13%
2025-02-21 03:58:17,588 INFO mapreduce.Job:  map 41% reduce 14%
2025-02-21 03:58:18,595 INFO mapreduce.Job:  map 42% reduce 14%
2025-02-21 03:58:21,628 INFO mapreduce.Job:  map 43% reduce 14%
2025-02-21 03:58:24,654 INFO mapreduce.Job:  map 44% reduce 14%
2025-02-21 03:58:28,691 INFO mapreduce.Job:  map 44% reduce 15%
2025-02-21 03:58:27,831 INFO mapreduce.Job:  map 46% reduce 15%
2025-02-21 03:58:31,869 INFO mapreduce.Job:  map 47% reduce 15%
2025-02-21 03:58:32,875 INFO mapreduce.Job:  map 48% reduce 16%
2025-02-21 03:58:36,906 INFO mapreduce.Job:  map 49% reduce 16%
2025-02-21 03:58:38,922 INFO mapreduce.Job:  map 50% reduce 16%
2025-02-21 03:58:41,943 INFO mapreduce.Job:  map 51% reduce 16%
2025-02-21 03:58:44,961 INFO mapreduce.Job:  map 51% reduce 17%
2025-02-21 03:58:46,978 INFO mapreduce.Job:  map 53% reduce 17%
2025-02-21 03:58:51,022 INFO mapreduce.Job:  map 53% reduce 18%
2025-02-21 03:58:53,038 INFO mapreduce.Job:  map 54% reduce 18%
2025-02-21 03:58:54,044 INFO mapreduce.Job:  map 55% reduce 18%
2025-02-21 03:58:58,073 INFO mapreduce.Job:  map 56% reduce 18%
2025-02-21 03:59:01,288 INFO mapreduce.Job:  map 56% reduce 19%
2025-02-21 03:59:02,294 INFO mapreduce.Job:  map 58% reduce 19%
2025-02-21 03:59:07,322 INFO mapreduce.Job:  map 60% reduce 19%
2025-02-21 03:59:11,348 INFO mapreduce.Job:  map 61% reduce 19%
2025-02-21 03:59:13,361 INFO mapreduce.Job:  map 61% reduce 20%
2025-02-21 03:59:16,376 INFO mapreduce.Job:  map 63% reduce 20%
2025-02-21 03:59:19,396 INFO mapreduce.Job:  map 63% reduce 21%
2025-02-21 03:59:21,406 INFO mapreduce.Job:  map 65% reduce 21%
2025-02-21 03:59:25,439 INFO mapreduce.Job:  map 65% reduce 22%
2025-02-21 03:59:26,446 INFO mapreduce.Job:  map 66% reduce 22%
2025-02-21 03:59:28,654 INFO mapreduce.Job:  map 68% reduce 22%
2025-02-21 03:59:33,703 INFO mapreduce.Job:  map 70% reduce 22%
2025-02-21 03:59:35,721 INFO mapreduce.Job:  map 70% reduce 23%
2025-02-21 03:59:39,746 INFO mapreduce.Job:  map 71% reduce 23%
2025-02-21 03:59:41,757 INFO mapreduce.Job:  map 71% reduce 24%
2025-02-21 03:59:44,778 INFO mapreduce.Job:  map 73% reduce 24%
2025-02-21 03:59:49,822 INFO mapreduce.Job:  map 75% reduce 24%
2025-02-21 03:59:53,858 INFO mapreduce.Job:  map 75% reduce 25%
2025-02-21 03:59:54,863 INFO mapreduce.Job:  map 76% reduce 25%
2025-02-21 03:59:59,910 INFO mapreduce.Job:  map 78% reduce 25%
2025-02-21 04:00:03,108 INFO mapreduce.Job:  map 80% reduce 25%
2025-02-21 04:00:04,117 INFO mapreduce.Job:  map 80% reduce 26%
2025-02-21 04:00:08,150 INFO mapreduce.Job:  map 81% reduce 26%
2025-02-21 04:00:10,161 INFO mapreduce.Job:  map 81% reduce 27%
2025-02-21 04:00:13,186 INFO mapreduce.Job:  map 83% reduce 27%
2025-02-21 04:00:16,202 INFO mapreduce.Job:  map 83% reduce 28%
2025-02-21 04:00:18,213 INFO mapreduce.Job:  map 85% reduce 28%
2025-02-21 04:00:22,237 INFO mapreduce.Job:  map 86% reduce 28%
2025-02-21 04:00:27,266 INFO mapreduce.Job:  map 88% reduce 28%
2025-02-21 04:00:28,284 INFO mapreduce.Job:  map 88% reduce 29%
2025-02-21 04:00:30,439 INFO mapreduce.Job:  map 90% reduce 29%
2025-02-21 04:00:32,469 INFO mapreduce.Job:  map 90% reduce 30%
2025-02-21 04:00:35,490 INFO mapreduce.Job:  map 91% reduce 30%
2025-02-21 04:00:39,528 INFO mapreduce.Job:  map 92% reduce 30%
2025-02-21 04:00:40,531 INFO mapreduce.Job:  map 93% reduce 30%
2025-02-21 04:00:44,549 INFO mapreduce.Job:  map 93% reduce 31%
2025-02-21 04:00:45,554 INFO mapreduce.Job:  map 95% reduce 31%
2025-02-21 04:00:50,597 INFO mapreduce.Job:  map 96% reduce 32%
2025-02-21 04:00:51,607 INFO mapreduce.Job:  map 97% reduce 32%
2025-02-21 04:00:55,636 INFO mapreduce.Job:  map 98% reduce 32%
2025-02-21 04:00:58,653 INFO mapreduce.Job:  map 99% reduce 32%
2025-02-21 04:00:59,661 INFO mapreduce.Job:  map 100% reduce 32%
2025-02-21 04:00:59,819 INFO mapreduce.Job:  map 100% reduce 100%
2025-02-21 04:01:03,841 INFO mapreduce.Job: Job job_1740126767383_0009 completed successfully
2025-02-21 04:01:04,004 INFO mapreduce.Job: Counters: 55
	File System Counters
		FILE: Number of bytes read=32913
		FILE: Number of bytes written=93211903
		FILE: Number of read operations=0
		FILE: Number of large read operations=0
		FILE: Number of write operations=0
		HDFS: Number of bytes read=113881507
		HDFS: Number of bytes written=461
		HDFS: Number of read operations=905
		HDFS: Number of large read operations=0
		HDFS: Number of write operations=2
		HDFS: Number of bytes read erasure-coded=0
	Job Counters 
		Killed map tasks=1
		Launched map tasks=300
		Launched reduce tasks=1
		Data-local map tasks=300
		Total time spent by all maps in occupied slots (ms)=1143634
		Total time spent by all reduces in occupied slots (ms)=224229
		Total time spent by all map tasks (ms)=1143634
		Total time spent by all reduce tasks (ms)=224229
		Total vcore-milliseconds taken by all map tasks=1143634
		Total vcore-milliseconds taken by all reduce tasks=224229
		Total megabyte-milliseconds taken by all map tasks=1171081216
		Total megabyte-milliseconds taken by all reduce tasks=229610496
	Map-Reduce Framework
		Map input records=2257447
		Map output records=27857
		Map output bytes=443009
		Map output materialized bytes=34707
		Input split bytes=40284
		Combine input records=27857
		Combine output records=1819
		Reduce input groups=16
		Reduce shuffle bytes=34707
		Reduce input records=1819
		Reduce output records=16
		Spilled Records=3638
		Shuffled Maps =300
		Failed Shuffles=0
		Merged Map outputs=300
		GC time elapsed (ms)=103434
		CPU time spent (ms)=676140
		Physical memory (bytes) snapshot=130388389888
		Virtual memory (bytes) snapshot=779564191744
		Total committed heap usage (bytes)=127227396096
		Peak Map Physical memory (bytes)=493228032
		Peak Map Virtual memory (bytes)=2596601856
		Peak Reduce Physical memory (bytes)=265879552
		Peak Reduce Virtual memory (bytes)=2595848192
	Shuffle Errors
		BAD_ID=0
		CONNECTION=0
		IO_ERROR=0
		WRONG_LENGTH=0
		WRONG_MAP=0
		WRONG_REDUCE=0
	File Input Format Counters 
		Bytes Read=113841223
	File Output Format Counters 
		Bytes Written=461
2025-02-21 04:01:04,037 INFO client.DefaultNoHARMFailoverProxyProvider: Connecting to ResourceManager at localhost/127.0.0.1:8032
2025-02-21 04:01:04,052 INFO mapreduce.JobResourceUploader: Disabling Erasure Coding for path: /tmp/hadoop-yarn/staging/satkp/.staging/job_1740126767383_0010
2025-02-21 04:01:05,295 INFO input.FileInputFormat: Total input files to process : 1
2025-02-21 04:01:06,945 INFO mapreduce.JobSubmitter: number of splits:1
2025-02-21 04:01:08,210 INFO mapreduce.JobSubmitter: Submitting tokens for job: job_1740126767383_0010
2025-02-21 04:01:08,210 INFO mapreduce.JobSubmitter: Executing with tokens: []
2025-02-21 04:01:08,228 INFO impl.YarnClientImpl: Submitted application application_1740126767383_0010
2025-02-21 04:01:08,233 INFO mapreduce.Job: The url to track the job: http://Sathvik.:8088/proxy/application_1740126767383_0010/
2025-02-21 04:01:08,233 INFO mapreduce.Job: Running job: job_1740126767383_0010
2025-02-21 04:01:14,338 INFO mapreduce.Job: Job job_1740126767383_0010 running in uber mode : false
2025-02-21 04:01:14,338 INFO mapreduce.Job:  map 0% reduce 0%
2025-02-21 04:01:18,363 INFO mapreduce.Job:  map 100% reduce 0%
2025-02-21 04:01:23,386 INFO mapreduce.Job:  map 100% reduce 100%
2025-02-21 04:01:26,407 INFO mapreduce.Job: Job job_1740126767383_0010 completed successfully
2025-02-21 04:01:26,432 INFO mapreduce.Job: Counters: 54
	File System Counters
		FILE: Number of bytes read=285
		FILE: Number of bytes written=618239
		FILE: Number of read operations=0
		FILE: Number of large read operations=0
		FILE: Number of write operations=0
		HDFS: Number of bytes read=591
		HDFS: Number of bytes written=191
		HDFS: Number of read operations=9
		HDFS: Number of large read operations=0
		HDFS: Number of write operations=2
		HDFS: Number of bytes read erasure-coded=0
	Job Counters 
		Launched map tasks=1
		Launched reduce tasks=1
		Data-local map tasks=1
		Total time spent by all maps in occupied slots (ms)=1824
		Total time spent by all reduces in occupied slots (ms)=2865
		Total time spent by all map tasks (ms)=1824
		Total time spent by all reduce tasks (ms)=2865
		Total vcore-milliseconds taken by all map tasks=1824
		Total vcore-milliseconds taken by all reduce tasks=2865
		Total megabyte-milliseconds taken by all map tasks=1867776
		Total megabyte-milliseconds taken by all reduce tasks=2933760
	Map-Reduce Framework
		Map input records=16
		Map output records=16
		Map output bytes=247
		Map output materialized bytes=285
		Input split bytes=130
		Combine input records=0
		Combine output records=0
		Reduce input groups=16
		Reduce shuffle bytes=285
		Reduce input records=16
		Reduce output records=16
		Spilled Records=32
		Shuffled Maps =1
		Failed Shuffles=0
		Merged Map outputs=1
		GC time elapsed (ms)=215
		CPU time spent (ms)=2150
		Physical memory (bytes) snapshot=735379456
		Virtual memory (bytes) snapshot=5186506752
		Total committed heap usage (bytes)=677380096
		Peak Map Physical memory (bytes)=488439808
		Peak Map Virtual memory (bytes)=2590351360
		Peak Reduce Physical memory (bytes)=246939648
		Peak Reduce Virtual memory (bytes)=2596155392
	Shuffle Errors
		BAD_ID=0
		CONNECTION=0
		IO_ERROR=0
		WRONG_LENGTH=0
		WRONG_MAP=0
		WRONG_REDUCE=0
	File Input Format Counters 
		Bytes Read=461
	File Output Format Counters 
		Bytes Written=191
