2025-02-21 04:46:53,242 INFO client.DefaultNoHARMFailoverProxyProvider: Connecting to ResourceManager at localhost/127.0.0.1:8032
2025-02-21 04:46:53,538 INFO mapreduce.JobResourceUploader: Disabling Erasure Coding for path: /tmp/hadoop-yarn/staging/satkp/.staging/job_1740130328852_0006
2025-02-21 04:46:54,198 INFO input.FileInputFormat: Total input files to process : 100
2025-02-21 04:46:56,713 INFO mapreduce.JobSubmitter: number of splits:100
2025-02-21 04:46:57,211 INFO mapreduce.JobSubmitter: Submitting tokens for job: job_1740130328852_0006
2025-02-21 04:46:57,211 INFO mapreduce.JobSubmitter: Executing with tokens: []
2025-02-21 04:46:57,344 INFO conf.Configuration: resource-types.xml not found
2025-02-21 04:46:57,344 INFO resource.ResourceUtils: Unable to find 'resource-types.xml'.
2025-02-21 04:46:57,404 INFO impl.YarnClientImpl: Submitted application application_1740130328852_0006
2025-02-21 04:46:57,435 INFO mapreduce.Job: The url to track the job: http://Sathvik.:8088/proxy/application_1740130328852_0006/
2025-02-21 04:46:57,436 INFO mapreduce.Job: Running job: job_1740130328852_0006
2025-02-21 04:47:02,514 INFO mapreduce.Job: Job job_1740130328852_0006 running in uber mode : false
2025-02-21 04:47:02,515 INFO mapreduce.Job:  map 0% reduce 0%
2025-02-21 04:47:08,623 INFO mapreduce.Job:  map 6% reduce 0%
2025-02-21 04:47:12,677 INFO mapreduce.Job:  map 8% reduce 0%
2025-02-21 04:47:13,684 INFO mapreduce.Job:  map 12% reduce 0%
2025-02-21 04:47:15,701 INFO mapreduce.Job:  map 13% reduce 0%
2025-02-21 04:47:17,718 INFO mapreduce.Job:  map 17% reduce 0%
2025-02-21 04:47:18,728 INFO mapreduce.Job:  map 19% reduce 0%
2025-02-21 04:47:19,884 INFO mapreduce.Job:  map 23% reduce 0%
2025-02-21 04:47:20,895 INFO mapreduce.Job:  map 25% reduce 0%
2025-02-21 04:47:23,937 INFO mapreduce.Job:  map 29% reduce 0%
2025-02-21 04:47:24,958 INFO mapreduce.Job:  map 30% reduce 0%
2025-02-21 04:47:26,975 INFO mapreduce.Job:  map 31% reduce 0%
2025-02-21 04:47:27,982 INFO mapreduce.Job:  map 34% reduce 0%
2025-02-21 04:47:28,995 INFO mapreduce.Job:  map 35% reduce 0%
2025-02-21 04:47:32,031 INFO mapreduce.Job:  map 38% reduce 0%
2025-02-21 04:47:33,043 INFO mapreduce.Job:  map 40% reduce 0%
2025-02-21 04:47:35,068 INFO mapreduce.Job:  map 40% reduce 13%
2025-02-21 04:47:36,074 INFO mapreduce.Job:  map 43% reduce 13%
2025-02-21 04:47:37,083 INFO mapreduce.Job:  map 45% reduce 13%
2025-02-21 04:47:41,120 INFO mapreduce.Job:  map 48% reduce 15%
2025-02-21 04:47:42,129 INFO mapreduce.Job:  map 50% reduce 15%
2025-02-21 04:47:46,188 INFO mapreduce.Job:  map 51% reduce 15%
2025-02-21 04:47:47,195 INFO mapreduce.Job:  map 55% reduce 18%
2025-02-21 04:47:49,407 INFO mapreduce.Job:  map 59% reduce 18%
2025-02-21 04:47:50,415 INFO mapreduce.Job:  map 60% reduce 18%
2025-02-21 04:47:51,424 INFO mapreduce.Job:  map 60% reduce 20%
2025-02-21 04:47:54,454 INFO mapreduce.Job:  map 61% reduce 20%
2025-02-21 04:47:55,461 INFO mapreduce.Job:  map 65% reduce 20%
2025-02-21 04:47:57,481 INFO mapreduce.Job:  map 65% reduce 22%
2025-02-21 04:47:59,495 INFO mapreduce.Job:  map 70% reduce 22%
2025-02-21 04:48:03,537 INFO mapreduce.Job:  map 70% reduce 23%
2025-02-21 04:48:04,543 INFO mapreduce.Job:  map 75% reduce 23%
2025-02-21 04:48:07,579 INFO mapreduce.Job:  map 76% reduce 23%
2025-02-21 04:48:09,596 INFO mapreduce.Job:  map 80% reduce 25%
2025-02-21 04:48:11,616 INFO mapreduce.Job:  map 81% reduce 25%
2025-02-21 04:48:13,631 INFO mapreduce.Job:  map 82% reduce 25%
2025-02-21 04:48:14,638 INFO mapreduce.Job:  map 85% reduce 25%
2025-02-21 04:48:15,653 INFO mapreduce.Job:  map 86% reduce 28%
2025-02-21 04:48:16,660 INFO mapreduce.Job:  map 87% reduce 28%
2025-02-21 04:48:17,670 INFO mapreduce.Job:  map 90% reduce 28%
2025-02-21 04:48:19,698 INFO mapreduce.Job:  map 91% reduce 28%
2025-02-21 04:48:19,864 INFO mapreduce.Job:  map 92% reduce 30%
2025-02-21 04:48:20,874 INFO mapreduce.Job:  map 95% reduce 30%
2025-02-21 04:48:21,892 INFO mapreduce.Job:  map 96% reduce 30%
2025-02-21 04:48:23,910 INFO mapreduce.Job:  map 97% reduce 30%
2025-02-21 04:48:24,919 INFO mapreduce.Job:  map 100% reduce 30%
2025-02-21 04:48:25,927 INFO mapreduce.Job:  map 100% reduce 100%
2025-02-21 04:48:29,957 INFO mapreduce.Job: Job job_1740130328852_0006 completed successfully
2025-02-21 04:48:30,034 INFO mapreduce.Job: Counters: 55
	File System Counters
		FILE: Number of bytes read=11876
		FILE: Number of bytes written=31278831
		FILE: Number of read operations=0
		FILE: Number of large read operations=0
		FILE: Number of write operations=0
		HDFS: Number of bytes read=32654859
		HDFS: Number of bytes written=461
		HDFS: Number of read operations=305
		HDFS: Number of large read operations=0
		HDFS: Number of write operations=2
		HDFS: Number of bytes read erasure-coded=0
	Job Counters 
		Killed map tasks=1
		Launched map tasks=100
		Launched reduce tasks=1
		Data-local map tasks=100
		Total time spent by all maps in occupied slots (ms)=340969
		Total time spent by all reduces in occupied slots (ms)=65596
		Total time spent by all map tasks (ms)=340969
		Total time spent by all reduce tasks (ms)=65596
		Total vcore-milliseconds taken by all map tasks=340969
		Total vcore-milliseconds taken by all reduce tasks=65596
		Total megabyte-milliseconds taken by all map tasks=349152256
		Total megabyte-milliseconds taken by all reduce tasks=67170304
	Map-Reduce Framework
		Map input records=641966
		Map output records=8834
		Map output bytes=140727
		Map output materialized bytes=12470
		Input split bytes=13440
		Combine input records=8834
		Combine output records=659
		Reduce input groups=16
		Reduce shuffle bytes=12470
		Reduce input records=659
		Reduce output records=16
		Spilled Records=1318
		Shuffled Maps =100
		Failed Shuffles=0
		Merged Map outputs=100
		GC time elapsed (ms)=33850
		CPU time spent (ms)=206020
		Physical memory (bytes) snapshot=44119404544
		Virtual memory (bytes) snapshot=261615312896
		Total committed heap usage (bytes)=43124785152
		Peak Map Physical memory (bytes)=496697344
		Peak Map Virtual memory (bytes)=2595106816
		Peak Reduce Physical memory (bytes)=268517376
		Peak Reduce Virtual memory (bytes)=2598895616
	Shuffle Errors
		BAD_ID=0
		CONNECTION=0
		IO_ERROR=0
		WRONG_LENGTH=0
		WRONG_MAP=0
		WRONG_REDUCE=0
	File Input Format Counters 
		Bytes Read=32641419
	File Output Format Counters 
		Bytes Written=461
2025-02-21 04:48:30,064 INFO client.DefaultNoHARMFailoverProxyProvider: Connecting to ResourceManager at localhost/127.0.0.1:8032
2025-02-21 04:48:30,118 INFO mapreduce.JobResourceUploader: Disabling Erasure Coding for path: /tmp/hadoop-yarn/staging/satkp/.staging/job_1740130328852_0007
2025-02-21 04:48:30,556 INFO input.FileInputFormat: Total input files to process : 1
2025-02-21 04:48:33,004 INFO mapreduce.JobSubmitter: number of splits:1
2025-02-21 04:48:33,446 INFO mapreduce.JobSubmitter: Submitting tokens for job: job_1740130328852_0007
2025-02-21 04:48:33,447 INFO mapreduce.JobSubmitter: Executing with tokens: []
2025-02-21 04:48:33,464 INFO impl.YarnClientImpl: Submitted application application_1740130328852_0007
2025-02-21 04:48:33,468 INFO mapreduce.Job: The url to track the job: http://Sathvik.:8088/proxy/application_1740130328852_0007/
2025-02-21 04:48:33,468 INFO mapreduce.Job: Running job: job_1740130328852_0007
2025-02-21 04:48:40,547 INFO mapreduce.Job: Job job_1740130328852_0007 running in uber mode : false
2025-02-21 04:48:40,547 INFO mapreduce.Job:  map 0% reduce 0%
2025-02-21 04:48:44,578 INFO mapreduce.Job:  map 100% reduce 0%
2025-02-21 04:48:49,622 INFO mapreduce.Job:  map 100% reduce 100%
2025-02-21 04:48:51,786 INFO mapreduce.Job: Job job_1740130328852_0007 completed successfully
2025-02-21 04:48:51,811 INFO mapreduce.Job: Counters: 54
	File System Counters
		FILE: Number of bytes read=285
		FILE: Number of bytes written=618243
		FILE: Number of read operations=0
		FILE: Number of large read operations=0
		FILE: Number of write operations=0
		HDFS: Number of bytes read=592
		HDFS: Number of bytes written=185
		HDFS: Number of read operations=9
		HDFS: Number of large read operations=0
		HDFS: Number of write operations=2
		HDFS: Number of bytes read erasure-coded=0
	Job Counters 
		Launched map tasks=1
		Launched reduce tasks=1
		Data-local map tasks=1
		Total time spent by all maps in occupied slots (ms)=1772
		Total time spent by all reduces in occupied slots (ms)=2882
		Total time spent by all map tasks (ms)=1772
		Total time spent by all reduce tasks (ms)=2882
		Total vcore-milliseconds taken by all map tasks=1772
		Total vcore-milliseconds taken by all reduce tasks=2882
		Total megabyte-milliseconds taken by all map tasks=1814528
		Total megabyte-milliseconds taken by all reduce tasks=2951168
	Map-Reduce Framework
		Map input records=16
		Map output records=16
		Map output bytes=247
		Map output materialized bytes=285
		Input split bytes=131
		Combine input records=0
		Combine output records=0
		Reduce input groups=15
		Reduce shuffle bytes=285
		Reduce input records=16
		Reduce output records=16
		Spilled Records=32
		Shuffled Maps =1
		Failed Shuffles=0
		Merged Map outputs=1
		GC time elapsed (ms)=199
		CPU time spent (ms)=1670
		Physical memory (bytes) snapshot=750174208
		Virtual memory (bytes) snapshot=5188616192
		Total committed heap usage (bytes)=704118784
		Peak Map Physical memory (bytes)=484708352
		Peak Map Virtual memory (bytes)=2589741056
		Peak Reduce Physical memory (bytes)=265465856
		Peak Reduce Virtual memory (bytes)=2598875136
	Shuffle Errors
		BAD_ID=0
		CONNECTION=0
		IO_ERROR=0
		WRONG_LENGTH=0
		WRONG_MAP=0
		WRONG_REDUCE=0
	File Input Format Counters 
		Bytes Read=461
	File Output Format Counters 
		Bytes Written=185
