Linux 5.15.167.4-microsoft-standard-WSL2 (Sathvik) 	02/21/25 	_x86_64_	(16 CPU)

03:44:01        CPU     %user     %nice   %system   %iowait    %steal     %idle
03:44:02        all     14.43      0.00      2.36      0.00      0.00     83.21

03:44:01          tps      rtps      wtps      dtps   bread/s   bwrtn/s   bdscd/s
03:44:02         0.00      0.00      0.00      0.00      0.00      0.00      0.00

03:44:01    kbmemfree   kbavail kbmemused  %memused kbbuffers  kbcached  kbcommit   %commit  kbactive   kbinact   kbdirty
03:44:02      3375180   4290036   3296080     41.31     63056    981576   6518988     64.69    599448   3422148      1132

03:44:01          DEV       tps     rkB/s     wkB/s     dkB/s   areq-sz    aqu-sz     await     %util
03:44:02          sda      0.00      0.00      0.00      0.00      0.00      0.00      0.00      0.00
03:44:02          sdb      0.00      0.00      0.00      0.00      0.00      0.00      0.00      0.00
03:44:02          sdc      0.00      0.00      0.00      0.00      0.00      0.00      0.00      0.00

03:44:01        IFACE   rxpck/s   txpck/s    rxkB/s    txkB/s   rxcmp/s   txcmp/s  rxmcst/s   %ifutil
03:44:02           lo     24.00     24.00    400.83    400.83      0.00      0.00      0.00      0.00
03:44:02         eth0      0.00      0.00      0.00      0.00      0.00      0.00      0.00      0.00

03:44:02        CPU     %user     %nice   %system   %iowait    %steal     %idle
03:44:03        all      5.90      0.00      0.88      0.25      0.00     92.97

03:44:02          tps      rtps      wtps      dtps   bread/s   bwrtn/s   bdscd/s
03:44:03        24.00      0.00     24.00      0.00      0.00    104.00      0.00

03:44:02    kbmemfree   kbavail kbmemused  %memused kbbuffers  kbcached  kbcommit   %commit  kbactive   kbinact   kbdirty
03:44:03      3297924   4213092   3373032     42.27     63056    981872   6636036     65.86    599448   3502152      1440

03:44:02          DEV       tps     rkB/s     wkB/s     dkB/s   areq-sz    aqu-sz     await     %util
03:44:03          sda      0.00      0.00      0.00      0.00      0.00      0.00      0.00      0.00
03:44:03          sdb      0.00      0.00      0.00      0.00      0.00      0.00      0.00      0.00
03:44:03          sdc     24.00      0.00     52.00      0.00      2.17      0.04      0.96     10.00

03:44:02        IFACE   rxpck/s   txpck/s    rxkB/s    txkB/s   rxcmp/s   txcmp/s  rxmcst/s   %ifutil
03:44:03           lo    121.00    121.00    696.44    696.44      0.00      0.00      0.00      0.00
03:44:03         eth0      0.00      0.00      0.00      0.00      0.00      0.00      0.00      0.00

03:44:03        CPU     %user     %nice   %system   %iowait    %steal     %idle
03:44:04        all      0.00      0.00      0.06      0.00      0.00     99.94

03:44:03          tps      rtps      wtps      dtps   bread/s   bwrtn/s   bdscd/s
03:44:04        20.79      0.00     20.79      0.00      0.00   2740.59      0.00

03:44:03    kbmemfree   kbavail kbmemused  %memused kbbuffers  kbcached  kbcommit   %commit  kbactive   kbinact   kbdirty
03:44:04      3297084   4212260   3373640     42.28     63056    981880   6636036     65.86    599448   3502284       280

03:44:03          DEV       tps     rkB/s     wkB/s     dkB/s   areq-sz    aqu-sz     await     %util
03:44:04          sda      0.00      0.00      0.00      0.00      0.00      0.00      0.00      0.00
03:44:04          sdb      0.00      0.00      0.00      0.00      0.00      0.00      0.00      0.00
03:44:04          sdc     20.79      0.00   1370.30      0.00     65.90      0.07      3.33      0.99

03:44:03        IFACE   rxpck/s   txpck/s    rxkB/s    txkB/s   rxcmp/s   txcmp/s  rxmcst/s   %ifutil
03:44:04           lo     21.78     21.78    396.83    396.83      0.00      0.00      0.00      0.00
03:44:04         eth0      0.99      0.00      0.20      0.00      0.00      0.00      0.99      0.00

03:44:04        CPU     %user     %nice   %system   %iowait    %steal     %idle
03:44:05        all      0.37      0.00      0.00      0.00      0.00     99.63

03:44:04          tps      rtps      wtps      dtps   bread/s   bwrtn/s   bdscd/s
03:44:05        11.00      0.00     10.00      1.00      0.00    768.00     64.00

03:44:04    kbmemfree   kbavail kbmemused  %memused kbbuffers  kbcached  kbcommit   %commit  kbactive   kbinact   kbdirty
03:44:05      3298444   4213644   3372472     42.27     63064    981900   6636104     65.86    599448   3502456       380

03:44:04          DEV       tps     rkB/s     wkB/s     dkB/s   areq-sz    aqu-sz     await     %util
03:44:05          sda      0.00      0.00      0.00      0.00      0.00      0.00      0.00      0.00
03:44:05          sdb      0.00      0.00      0.00      0.00      0.00      0.00      0.00      0.00
03:44:05          sdc     11.00      0.00    384.00     32.00     37.82      0.02      0.91      3.00

03:44:04        IFACE   rxpck/s   txpck/s    rxkB/s    txkB/s   rxcmp/s   txcmp/s  rxmcst/s   %ifutil
03:44:05           lo     47.00     47.00    404.60    404.60      0.00      0.00      0.00      0.00
03:44:05         eth0      0.00      0.00      0.00      0.00      0.00      0.00      0.00      0.00

03:44:05        CPU     %user     %nice   %system   %iowait    %steal     %idle
03:44:06        all      3.81      0.00      0.44      0.12      0.00     95.63

03:44:05          tps      rtps      wtps      dtps   bread/s   bwrtn/s   bdscd/s
03:44:06        10.00      0.00     10.00      0.00      0.00     40.00      0.00

03:44:05    kbmemfree   kbavail kbmemused  %memused kbbuffers  kbcached  kbcommit   %commit  kbactive   kbinact   kbdirty
03:44:06      3246468   4161968   3424152     42.91     63064    982184   6640908     65.90    599456   3548920       772

03:44:05          DEV       tps     rkB/s     wkB/s     dkB/s   areq-sz    aqu-sz     await     %util
03:44:06          sda      0.00      0.00      0.00      0.00      0.00      0.00      0.00      0.00
03:44:06          sdb      0.00      0.00      0.00      0.00      0.00      0.00      0.00      0.00
03:44:06          sdc     10.00      0.00     20.00      0.00      2.00      0.03      1.50      5.00

03:44:05        IFACE   rxpck/s   txpck/s    rxkB/s    txkB/s   rxcmp/s   txcmp/s  rxmcst/s   %ifutil
03:44:06           lo     84.00     84.00    668.63    668.63      0.00      0.00      0.00      0.00
03:44:06         eth0      0.00      0.00      0.00      0.00      0.00      0.00      0.00      0.00

03:44:06        CPU     %user     %nice   %system   %iowait    %steal     %idle
03:44:07        all      7.61      0.00      1.57      0.00      0.00     90.82

03:44:06          tps      rtps      wtps      dtps   bread/s   bwrtn/s   bdscd/s
03:44:07         0.00      0.00      0.00      0.00      0.00      0.00      0.00

03:44:06    kbmemfree   kbavail kbmemused  %memused kbbuffers  kbcached  kbcommit   %commit  kbactive   kbinact   kbdirty
03:44:07      3092428   4008724   3577328     44.83     63064    982812   6934600     68.82    599484   3685748      1424

03:44:06          DEV       tps     rkB/s     wkB/s     dkB/s   areq-sz    aqu-sz     await     %util
03:44:07          sda      0.00      0.00      0.00      0.00      0.00      0.00      0.00      0.00
03:44:07          sdb      0.00      0.00      0.00      0.00      0.00      0.00      0.00      0.00
03:44:07          sdc      0.00      0.00      0.00      0.00      0.00      0.00      0.00      0.00

03:44:06        IFACE   rxpck/s   txpck/s    rxkB/s    txkB/s   rxcmp/s   txcmp/s  rxmcst/s   %ifutil
03:44:07           lo    175.00    175.00    965.35    965.35      0.00      0.00      0.00      0.00
03:44:07         eth0      0.00      0.00      0.00      0.00      0.00      0.00      0.00      0.00

03:44:07        CPU     %user     %nice   %system   %iowait    %steal     %idle
03:44:08        all     13.79      0.00      2.02      0.00      0.00     84.19

03:44:07          tps      rtps      wtps      dtps   bread/s   bwrtn/s   bdscd/s
03:44:08         0.00      0.00      0.00      0.00      0.00      0.00      0.00

03:44:07    kbmemfree   kbavail kbmemused  %memused kbbuffers  kbcached  kbcommit   %commit  kbactive   kbinact   kbdirty
03:44:08      3016604   3932964   3653060     45.78     63064    982924   7127908     70.74    599624   3776728      1532

03:44:07          DEV       tps     rkB/s     wkB/s     dkB/s   areq-sz    aqu-sz     await     %util
03:44:08          sda      0.00      0.00      0.00      0.00      0.00      0.00      0.00      0.00
03:44:08          sdb      0.00      0.00      0.00      0.00      0.00      0.00      0.00      0.00
03:44:08          sdc      0.00      0.00      0.00      0.00      0.00      0.00      0.00      0.00

03:44:07        IFACE   rxpck/s   txpck/s    rxkB/s    txkB/s   rxcmp/s   txcmp/s  rxmcst/s   %ifutil
03:44:08           lo     55.00     55.00    406.40    406.40      0.00      0.00      0.00      0.00
03:44:08         eth0      0.00      0.00      0.00      0.00      0.00      0.00      0.00      0.00

03:44:08        CPU     %user     %nice   %system   %iowait    %steal     %idle
03:44:09        all     15.38      0.00      1.69      0.00      0.00     82.94

03:44:08          tps      rtps      wtps      dtps   bread/s   bwrtn/s   bdscd/s
03:44:09        62.00      0.00     62.00      0.00      0.00   2872.00      0.00

03:44:08    kbmemfree   kbavail kbmemused  %memused kbbuffers  kbcached  kbcommit   %commit  kbactive   kbinact   kbdirty
03:44:09      2886876   3803256   3782704     47.41     63064    982944   7263168     72.08    599632   3913452        96

03:44:08          DEV       tps     rkB/s     wkB/s     dkB/s   areq-sz    aqu-sz     await     %util
03:44:09          sda      0.00      0.00      0.00      0.00      0.00      0.00      0.00      0.00
03:44:09          sdb      0.00      0.00      0.00      0.00      0.00      0.00      0.00      0.00
03:44:09          sdc     62.00      0.00   1436.00      0.00     23.16      0.13      2.10      1.00

03:44:08        IFACE   rxpck/s   txpck/s    rxkB/s    txkB/s   rxcmp/s   txcmp/s  rxmcst/s   %ifutil
03:44:09           lo     54.00     54.00    404.87    404.87      0.00      0.00      0.00      0.00
03:44:09         eth0      0.00      0.00      0.00      0.00      0.00      0.00      0.00      0.00

03:44:09        CPU     %user     %nice   %system   %iowait    %steal     %idle
03:44:10        all     26.06      0.00      2.03      0.06      0.00     71.84

03:44:09          tps      rtps      wtps      dtps   bread/s   bwrtn/s   bdscd/s
03:44:10        12.00      0.00     12.00      0.00      0.00    600.00      0.00

03:44:09    kbmemfree   kbavail kbmemused  %memused kbbuffers  kbcached  kbcommit   %commit  kbactive   kbinact   kbdirty
03:44:10      2684448   3601176   3984596     49.94     63072    983272   7341628     72.86    599640   4113008       756

03:44:09          DEV       tps     rkB/s     wkB/s     dkB/s   areq-sz    aqu-sz     await     %util
03:44:10          sda      0.00      0.00      0.00      0.00      0.00      0.00      0.00      0.00
03:44:10          sdb      0.00      0.00      0.00      0.00      0.00      0.00      0.00      0.00
03:44:10          sdc     12.00      0.00    300.00      0.00     25.00      0.03      1.42      6.00

03:44:09        IFACE   rxpck/s   txpck/s    rxkB/s    txkB/s   rxcmp/s   txcmp/s  rxmcst/s   %ifutil
03:44:10           lo     85.00     85.00    709.11    709.11      0.00      0.00      0.00      0.00
03:44:10         eth0      0.00      0.00      0.00      0.00      0.00      0.00      0.00      0.00

03:44:10        CPU     %user     %nice   %system   %iowait    %steal     %idle
03:44:11        all      1.30      0.00      0.19      0.00      0.00     98.51

03:44:10          tps      rtps      wtps      dtps   bread/s   bwrtn/s   bdscd/s
03:44:11         0.00      0.00      0.00      0.00      0.00      0.00      0.00

03:44:10    kbmemfree   kbavail kbmemused  %memused kbbuffers  kbcached  kbcommit   %commit  kbactive   kbinact   kbdirty
03:44:11      2670784   3587512   3998256     50.11     63072    983276   7343060     72.87    599640   4121444       768

03:44:10          DEV       tps     rkB/s     wkB/s     dkB/s   areq-sz    aqu-sz     await     %util
03:44:11          sda      0.00      0.00      0.00      0.00      0.00      0.00      0.00      0.00
03:44:11          sdb      0.00      0.00      0.00      0.00      0.00      0.00      0.00      0.00
03:44:11          sdc      0.00      0.00      0.00      0.00      0.00      0.00      0.00      0.00

03:44:10        IFACE   rxpck/s   txpck/s    rxkB/s    txkB/s   rxcmp/s   txcmp/s  rxmcst/s   %ifutil
03:44:11           lo     38.61     38.61    400.29    400.29      0.00      0.00      0.00      0.00
03:44:11         eth0      0.00      0.00      0.00      0.00      0.00      0.00      0.00      0.00

03:44:11        CPU     %user     %nice   %system   %iowait    %steal     %idle
03:44:12        all      3.71      0.00      0.82      0.00      0.00     95.48

03:44:11          tps      rtps      wtps      dtps   bread/s   bwrtn/s   bdscd/s
03:44:12         2.00      0.00      2.00      0.00      0.00      8.00      0.00

03:44:11    kbmemfree   kbavail kbmemused  %memused kbbuffers  kbcached  kbcommit   %commit  kbactive   kbinact   kbdirty
03:44:12      2691988   3608728   3977012     49.84     63072    983284   7363196     73.07    599640   4105216       780

03:44:11          DEV       tps     rkB/s     wkB/s     dkB/s   areq-sz    aqu-sz     await     %util
03:44:12          sda      0.00      0.00      0.00      0.00      0.00      0.00      0.00      0.00
03:44:12          sdb      0.00      0.00      0.00      0.00      0.00      0.00      0.00      0.00
03:44:12          sdc      2.00      0.00      4.00      0.00      2.00      0.00      1.00      1.00

03:44:11        IFACE   rxpck/s   txpck/s    rxkB/s    txkB/s   rxcmp/s   txcmp/s  rxmcst/s   %ifutil
03:44:12           lo    129.00    129.00    428.12    428.12      0.00      0.00      0.00      0.00
03:44:12         eth0      0.00      0.00      0.00      0.00      0.00      0.00      0.00      0.00

03:44:12        CPU     %user     %nice   %system   %iowait    %steal     %idle
03:44:13        all     52.73      0.00     10.01      0.00      0.00     37.27

03:44:12          tps      rtps      wtps      dtps   bread/s   bwrtn/s   bdscd/s
03:44:13         0.00      0.00      0.00      0.00      0.00      0.00      0.00

03:44:12    kbmemfree   kbavail kbmemused  %memused kbbuffers  kbcached  kbcommit   %commit  kbactive   kbinact   kbdirty
03:44:13      2193860   3112516   4471540     56.04     63072    984040   9065060     89.96    599796   4591068      1504

03:44:12          DEV       tps     rkB/s     wkB/s     dkB/s   areq-sz    aqu-sz     await     %util
03:44:13          sda      0.00      0.00      0.00      0.00      0.00      0.00      0.00      0.00
03:44:13          sdb      0.00      0.00      0.00      0.00      0.00      0.00      0.00      0.00
03:44:13          sdc      0.00      0.00      0.00      0.00      0.00      0.00      0.00      0.00

03:44:12        IFACE   rxpck/s   txpck/s    rxkB/s    txkB/s   rxcmp/s   txcmp/s  rxmcst/s   %ifutil
03:44:13           lo     26.00     26.00    402.30    402.30      0.00      0.00      0.00      0.00
03:44:13         eth0      0.00      0.00      0.00      0.00      0.00      0.00      0.00      0.00

03:44:13        CPU     %user     %nice   %system   %iowait    %steal     %idle
03:44:14        all     65.48      0.00      9.19      0.00      0.00     25.34

03:44:13          tps      rtps      wtps      dtps   bread/s   bwrtn/s   bdscd/s
03:44:14        48.00      0.00     48.00      0.00      0.00   2760.00      0.00

03:44:13    kbmemfree   kbavail kbmemused  %memused kbbuffers  kbcached  kbcommit   %commit  kbactive   kbinact   kbdirty
03:44:14      1828656   2747624   4836192     60.61     63072    984064   9490092     94.18    599796   4952600       252

03:44:13          DEV       tps     rkB/s     wkB/s     dkB/s   areq-sz    aqu-sz     await     %util
03:44:14          sda      0.00      0.00      0.00      0.00      0.00      0.00      0.00      0.00
03:44:14          sdb      0.00      0.00      0.00      0.00      0.00      0.00      0.00      0.00
03:44:14          sdc     48.00      0.00   1380.00      0.00     28.75      0.08      1.71      1.00

03:44:13        IFACE   rxpck/s   txpck/s    rxkB/s    txkB/s   rxcmp/s   txcmp/s  rxmcst/s   %ifutil
03:44:14           lo    100.00    100.00    414.90    414.90      0.00      0.00      0.00      0.00
03:44:14         eth0      0.00      0.00      0.00      0.00      0.00      0.00      0.00      0.00

03:44:14        CPU     %user     %nice   %system   %iowait    %steal     %idle
03:44:15        all     67.34      0.00      7.54      0.06      0.00     25.06

03:44:14          tps      rtps      wtps      dtps   bread/s   bwrtn/s   bdscd/s
03:44:15         8.00      0.00      2.00      6.00      0.00    744.00     48.00

03:44:14    kbmemfree   kbavail kbmemused  %memused kbbuffers  kbcached  kbcommit   %commit  kbactive   kbinact   kbdirty
03:44:15      1349964   2271544   5312032     66.57     63084    986028   9736312     96.62    599800   5424364      2644

03:44:14          DEV       tps     rkB/s     wkB/s     dkB/s   areq-sz    aqu-sz     await     %util
03:44:15          sda      0.00      0.00      0.00      0.00      0.00      0.00      0.00      0.00
03:44:15          sdb      0.00      0.00      0.00      0.00      0.00      0.00      0.00      0.00
03:44:15          sdc      8.00      0.00    372.00     24.00     49.50      0.01      0.88      2.00

03:44:14        IFACE   rxpck/s   txpck/s    rxkB/s    txkB/s   rxcmp/s   txcmp/s  rxmcst/s   %ifutil
03:44:15           lo    147.00    147.00    418.33    418.33      0.00      0.00      0.00      0.00
03:44:15         eth0      0.00      0.00      0.00      0.00      0.00      0.00      0.00      0.00

03:44:15        CPU     %user     %nice   %system   %iowait    %steal     %idle
03:44:16        all     81.10      0.00     14.92      0.00      0.00      3.98

03:44:15          tps      rtps      wtps      dtps   bread/s   bwrtn/s   bdscd/s
03:44:16         1.98      0.00      1.98      0.00      0.00     71.29      0.00

03:44:15    kbmemfree   kbavail kbmemused  %memused kbbuffers  kbcached  kbcommit   %commit  kbactive   kbinact   kbdirty
03:44:16       138336   1043468   6533072     81.87     62392    977444  11538184    114.51    597244   6679256      2676

03:44:15          DEV       tps     rkB/s     wkB/s     dkB/s   areq-sz    aqu-sz     await     %util
03:44:16          sda      0.00      0.00      0.00      0.00      0.00      0.00      0.00      0.00
03:44:16          sdb      1.98      0.00     35.64      0.00     18.00      0.00      2.00      0.99
03:44:16          sdc      0.00      0.00      0.00      0.00      0.00      0.00      0.00      0.00

03:44:15        IFACE   rxpck/s   txpck/s    rxkB/s    txkB/s   rxcmp/s   txcmp/s  rxmcst/s   %ifutil
03:44:16           lo    385.15    385.15   2786.28   2786.28      0.00      0.00      0.00      0.00
03:44:16         eth0      0.00      0.00      0.00      0.00      0.00      0.00      0.00      0.00

03:44:16        CPU     %user     %nice   %system   %iowait    %steal     %idle
03:44:17        all     75.17      0.00     23.45      0.00      0.00      1.38

03:44:16          tps      rtps      wtps      dtps   bread/s   bwrtn/s   bdscd/s
03:44:17       234.00     19.00    215.00      0.00    440.00  43480.00      0.00

03:44:16    kbmemfree   kbavail kbmemused  %memused kbbuffers  kbcached  kbcommit   %commit  kbactive   kbinact   kbdirty
03:44:17       126400    847628   6736384     84.42     58480    791436  11675876    115.87    508588   6779580       972

03:44:16          DEV       tps     rkB/s     wkB/s     dkB/s   areq-sz    aqu-sz     await     %util
03:44:17          sda      0.00      0.00      0.00      0.00      0.00      0.00      0.00      0.00
03:44:17          sdb    123.00      0.00  19128.00      0.00    155.51      1.22      9.95     31.00
03:44:17          sdc    111.00    220.00   2612.00      0.00     25.51      0.66      5.86     10.00

03:44:16        IFACE   rxpck/s   txpck/s    rxkB/s    txkB/s   rxcmp/s   txcmp/s  rxmcst/s   %ifutil
03:44:17           lo    106.00    106.00    431.67    431.67      0.00      0.00      0.00      0.00
03:44:17         eth0      0.00      1.00      0.00      0.09      0.00      0.00      0.00      0.00

03:44:17        CPU     %user     %nice   %system   %iowait    %steal     %idle
03:44:16        all     20.85      0.00      6.06      0.25      0.00     72.83

03:44:17          tps      rtps      wtps      dtps   bread/s   bwrtn/s   bdscd/s
03:44:16        73.00     73.00      0.00      0.00   2464.00      0.00      0.00

03:44:17    kbmemfree   kbavail kbmemused  %memused kbbuffers  kbcached  kbcommit   %commit  kbactive   kbinact   kbdirty
03:44:16      2862596   3565776   4019064     50.37     58300    775588   8272356     82.10    508408   4009108      1472

03:44:17          DEV       tps     rkB/s     wkB/s     dkB/s   areq-sz    aqu-sz     await     %util
03:44:16          sda      0.00      0.00      0.00      0.00      0.00      0.00      0.00      0.00
03:44:16          sdb      1.00      4.00      0.00      0.00      4.00      0.00      1.00      1.00
03:44:16          sdc     72.00   1228.00      0.00      0.00     17.06      0.03      0.42     10.00

03:44:17        IFACE   rxpck/s   txpck/s    rxkB/s    txkB/s   rxcmp/s   txcmp/s  rxmcst/s   %ifutil
03:44:16           lo    202.00    202.00    542.56    542.56      0.00      0.00      0.00      0.00
03:44:16         eth0      1.00      0.00      0.09      0.00      0.00      0.00      0.00      0.00

03:44:16        CPU     %user     %nice   %system   %iowait    %steal     %idle
03:44:17        all     41.68      0.00      7.14      0.13      0.00     51.05

03:44:16          tps      rtps      wtps      dtps   bread/s   bwrtn/s   bdscd/s
03:44:17        15.00     15.00      0.00      0.00    232.00      0.00      0.00

03:44:16    kbmemfree   kbavail kbmemused  %memused kbbuffers  kbcached  kbcommit   %commit  kbactive   kbinact   kbdirty
03:44:17      2587984   3292652   4291960     53.79     58304    776828   8472084     84.08    511076   4296176      1932

03:44:16          DEV       tps     rkB/s     wkB/s     dkB/s   areq-sz    aqu-sz     await     %util
03:44:17          sda      0.00      0.00      0.00      0.00      0.00      0.00      0.00      0.00
03:44:17          sdb      0.00      0.00      0.00      0.00      0.00      0.00      0.00      0.00
03:44:17          sdc     15.00    116.00      0.00      0.00      7.73      0.01      0.60      5.00

03:44:16        IFACE   rxpck/s   txpck/s    rxkB/s    txkB/s   rxcmp/s   txcmp/s  rxmcst/s   %ifutil
03:44:17           lo     26.00     26.00    402.35    402.35      0.00      0.00      0.00      0.00
03:44:17         eth0      0.00      0.00      0.00      0.00      0.00      0.00      0.00      0.00

03:44:17        CPU     %user     %nice   %system   %iowait    %steal     %idle
03:44:18        all     44.36      0.00      7.39      0.96      0.00     47.29

03:44:17          tps      rtps      wtps      dtps   bread/s   bwrtn/s   bdscd/s
03:44:18       262.00    228.00      2.00     32.00   3440.00    728.00  86832.00

03:44:17    kbmemfree   kbavail kbmemused  %memused kbbuffers  kbcached  kbcommit   %commit  kbactive   kbinact   kbdirty
03:44:18      2370608   3077132   4507288     56.49     58316    778568   8765672     86.99    513620   4505968      2276

03:44:17          DEV       tps     rkB/s     wkB/s     dkB/s   areq-sz    aqu-sz     await     %util
03:44:18          sda      0.00      0.00      0.00      0.00      0.00      0.00      0.00      0.00
03:44:18          sdb      0.00      0.00      0.00      0.00      0.00      0.00      0.00      0.00
03:44:18          sdc    262.00   1720.00    364.00  43416.00    173.66      0.13      0.49     59.00

03:44:17        IFACE   rxpck/s   txpck/s    rxkB/s    txkB/s   rxcmp/s   txcmp/s  rxmcst/s   %ifutil
03:44:18           lo     91.00     91.00    415.06    415.06      0.00      0.00      0.00      0.00
03:44:18         eth0      0.00      0.00      0.00      0.00      0.00      0.00      0.00      0.00

03:44:18        CPU     %user     %nice   %system   %iowait    %steal     %idle
03:44:19        all     54.39      0.00      6.93      0.06      0.00     38.61

03:44:18          tps      rtps      wtps      dtps   bread/s   bwrtn/s   bdscd/s
03:44:19        88.00     88.00      0.00      0.00    984.00      0.00      0.00

03:44:18    kbmemfree   kbavail kbmemused  %memused kbbuffers  kbcached  kbcommit   %commit  kbactive   kbinact   kbdirty
03:44:19      1975264   2684192   4899804     61.41     58316    780480   9264900     91.95    515300   4889584      3700

03:44:18          DEV       tps     rkB/s     wkB/s     dkB/s   areq-sz    aqu-sz     await     %util
03:44:19          sda      0.00      0.00      0.00      0.00      0.00      0.00      0.00      0.00
03:44:19          sdb      0.00      0.00      0.00      0.00      0.00      0.00      0.00      0.00
03:44:19          sdc     88.00    492.00      0.00      0.00      5.59      0.04      0.40     35.00

03:44:18        IFACE   rxpck/s   txpck/s    rxkB/s    txkB/s   rxcmp/s   txcmp/s  rxmcst/s   %ifutil
03:44:19           lo    185.00    185.00    419.28    419.28      0.00      0.00      0.00      0.00
03:44:19         eth0      0.00      0.00      0.00      0.00      0.00      0.00      0.00      0.00

03:44:19        CPU     %user     %nice   %system   %iowait    %steal     %idle
03:44:20        all     72.19      0.00      8.76      0.00      0.00     19.05

03:44:19          tps      rtps      wtps      dtps   bread/s   bwrtn/s   bdscd/s
03:44:20         4.00      4.00      0.00      0.00     32.00      0.00      0.00

03:44:19    kbmemfree   kbavail kbmemused  %memused kbbuffers  kbcached  kbcommit   %commit  kbactive   kbinact   kbdirty
03:44:20      1133868   1842780   5741192     71.95     58316    780784  10290716    102.13    515412   5743860      3976

03:44:19          DEV       tps     rkB/s     wkB/s     dkB/s   areq-sz    aqu-sz     await     %util
03:44:20          sda      0.00      0.00      0.00      0.00      0.00      0.00      0.00      0.00
03:44:20          sdb      0.00      0.00      0.00      0.00      0.00      0.00      0.00      0.00
03:44:20          sdc      4.00     16.00      0.00      0.00      4.00      0.00      0.50      4.00

03:44:19        IFACE   rxpck/s   txpck/s    rxkB/s    txkB/s   rxcmp/s   txcmp/s  rxmcst/s   %ifutil
03:44:20           lo    233.00    233.00    827.46    827.46      0.00      0.00      0.00      0.00
03:44:20         eth0      1.00      1.00      0.04      0.04      0.00      0.00      0.00      0.00

03:44:20        CPU     %user     %nice   %system   %iowait    %steal     %idle
03:44:21        all     16.28      0.00      3.61      0.24      0.00     79.87

03:44:20          tps      rtps      wtps      dtps   bread/s   bwrtn/s   bdscd/s
03:44:21       119.00    115.00      4.00      0.00   1280.00    256.00      0.00

03:44:20    kbmemfree   kbavail kbmemused  %memused kbbuffers  kbcached  kbcommit   %commit  kbactive   kbinact   kbdirty
03:44:21      2735256   3444064   4140364     51.89     58316    781056   7729940     76.71    518784   4134716      3960

03:44:20          DEV       tps     rkB/s     wkB/s     dkB/s   areq-sz    aqu-sz     await     %util
03:44:21          sda      0.00      0.00      0.00      0.00      0.00      0.00      0.00      0.00
03:44:21          sdb     64.00    340.00      0.00      0.00      5.31      0.02      0.38     18.00
03:44:21          sdc     55.00    300.00    128.00      0.00      7.78      0.03      0.53     25.00

03:44:20        IFACE   rxpck/s   txpck/s    rxkB/s    txkB/s   rxcmp/s   txcmp/s  rxmcst/s   %ifutil
03:44:21           lo    165.00    165.00   1642.52   1642.52      0.00      0.00      0.00      0.00
03:44:21         eth0      0.00      0.00      0.00      0.00      0.00      0.00      0.00      0.00

03:44:21        CPU     %user     %nice   %system   %iowait    %steal     %idle
03:44:22        all     10.25      0.00      1.21      0.00      0.00     88.54

03:44:21          tps      rtps      wtps      dtps   bread/s   bwrtn/s   bdscd/s
03:44:22        16.00     10.00      6.00      0.00    144.00     24.00      0.00

03:44:21    kbmemfree   kbavail kbmemused  %memused kbbuffers  kbcached  kbcommit   %commit  kbactive   kbinact   kbdirty
03:44:22      2627916   3336132   4248316     53.24     58316    780460   7826168     77.67    518956   4239644      3280

03:44:21          DEV       tps     rkB/s     wkB/s     dkB/s   areq-sz    aqu-sz     await     %util
03:44:22          sda      0.00      0.00      0.00      0.00      0.00      0.00      0.00      0.00
03:44:22          sdb      0.00      0.00      0.00      0.00      0.00      0.00      0.00      0.00
03:44:22          sdc     16.00     72.00     12.00      0.00      5.25      0.02      0.81      6.00

03:44:21        IFACE   rxpck/s   txpck/s    rxkB/s    txkB/s   rxcmp/s   txcmp/s  rxmcst/s   %ifutil
03:44:22           lo     95.00     95.00    929.22    929.22      0.00      0.00      0.00      0.00
03:44:22         eth0      0.00      0.00      0.00      0.00      0.00      0.00      0.00      0.00

03:44:22        CPU     %user     %nice   %system   %iowait    %steal     %idle
03:44:23        all      3.81      0.00      1.50      0.25      0.00     94.44

03:44:22          tps      rtps      wtps      dtps   bread/s   bwrtn/s   bdscd/s
03:44:23        62.00     21.00     21.00     20.00    256.00    640.00    416.00

03:44:22    kbmemfree   kbavail kbmemused  %memused kbbuffers  kbcached  kbcommit   %commit  kbactive   kbinact   kbdirty
03:44:23      2907784   3615660   3968764     49.74     58328    780132   7372172     73.16    519100   3976620      3036

03:44:22          DEV       tps     rkB/s     wkB/s     dkB/s   areq-sz    aqu-sz     await     %util
03:44:23          sda      0.00      0.00      0.00      0.00      0.00      0.00      0.00      0.00
03:44:23          sdb     18.00    112.00      0.00      0.00      6.22      0.01      0.39      5.00
03:44:23          sdc     44.00     16.00    320.00    208.00     12.36      0.04      0.61      9.00

03:44:22        IFACE   rxpck/s   txpck/s    rxkB/s    txkB/s   rxcmp/s   txcmp/s  rxmcst/s   %ifutil
03:44:23           lo     92.00     92.00    425.22    425.22      0.00      0.00      0.00      0.00
03:44:23         eth0      0.00      0.00      0.00      0.00      0.00      0.00      0.00      0.00

03:44:23        CPU     %user     %nice   %system   %iowait    %steal     %idle
03:44:24        all      1.37      0.00      0.37      0.06      0.00     98.19

03:44:23          tps      rtps      wtps      dtps   bread/s   bwrtn/s   bdscd/s
03:44:24         8.00      0.00      8.00      0.00      0.00     32.00      0.00

03:44:23    kbmemfree   kbavail kbmemused  %memused kbbuffers  kbcached  kbcommit   %commit  kbactive   kbinact   kbdirty
03:44:24      2908820   3616572   3968308     49.73     58328    780136   7372292     73.16    519100   3975920      3040

03:44:23          DEV       tps     rkB/s     wkB/s     dkB/s   areq-sz    aqu-sz     await     %util
03:44:24          sda      0.00      0.00      0.00      0.00      0.00      0.00      0.00      0.00
03:44:24          sdb      0.00      0.00      0.00      0.00      0.00      0.00      0.00      0.00
03:44:24          sdc      8.00      0.00     16.00      0.00      2.00      0.01      1.12      3.00

03:44:23        IFACE   rxpck/s   txpck/s    rxkB/s    txkB/s   rxcmp/s   txcmp/s  rxmcst/s   %ifutil
03:44:24           lo     58.00     58.00    406.95    406.95      0.00      0.00      0.00      0.00
03:44:24         eth0      0.00      0.00      0.00      0.00      0.00      0.00      0.00      0.00

03:44:24        CPU     %user     %nice   %system   %iowait    %steal     %idle
03:44:25        all      0.94      0.00      0.62      0.00      0.00     98.44

03:44:24          tps      rtps      wtps      dtps   bread/s   bwrtn/s   bdscd/s
03:44:25        99.00      0.00     94.00      5.00      0.00   6160.00     96.00

03:44:24    kbmemfree   kbavail kbmemused  %memused kbbuffers  kbcached  kbcommit   %commit  kbactive   kbinact   kbdirty
03:44:25      2907896   3615712   3969140     49.74     58340    780216   7372804     73.17    519164   3976264       436

03:44:24          DEV       tps     rkB/s     wkB/s     dkB/s   areq-sz    aqu-sz     await     %util
03:44:25          sda      0.00      0.00      0.00      0.00      0.00      0.00      0.00      0.00
03:44:25          sdb      0.00      0.00      0.00      0.00      0.00      0.00      0.00      0.00
03:44:25          sdc     99.00      0.00   3080.00     48.00     31.60      0.08      0.71      7.00

03:44:24        IFACE   rxpck/s   txpck/s    rxkB/s    txkB/s   rxcmp/s   txcmp/s  rxmcst/s   %ifutil
03:44:25           lo     95.00     95.00    524.25    524.25      0.00      0.00      0.00      0.00
03:44:25         eth0      0.00      0.00      0.00      0.00      0.00      0.00      0.00      0.00

03:44:25        CPU     %user     %nice   %system   %iowait    %steal     %idle
03:44:26        all      0.31      0.00      0.00      0.13      0.00     99.56

03:44:25          tps      rtps      wtps      dtps   bread/s   bwrtn/s   bdscd/s
03:44:26        20.00      0.00     20.00      0.00      0.00     88.00      0.00

03:44:25    kbmemfree   kbavail kbmemused  %memused kbbuffers  kbcached  kbcommit   %commit  kbactive   kbinact   kbdirty
03:44:26      2909328   3617452   3967404     49.72     58340    780528   7372600     73.17    519164   3976600       764

03:44:25          DEV       tps     rkB/s     wkB/s     dkB/s   areq-sz    aqu-sz     await     %util
03:44:26          sda      0.00      0.00      0.00      0.00      0.00      0.00      0.00      0.00
03:44:26          sdb      0.00      0.00      0.00      0.00      0.00      0.00      0.00      0.00
03:44:26          sdc     20.00      0.00     44.00      0.00      2.20      0.03      0.85      7.00

03:44:25        IFACE   rxpck/s   txpck/s    rxkB/s    txkB/s   rxcmp/s   txcmp/s  rxmcst/s   %ifutil
03:44:26           lo    121.00    121.00   1015.56   1015.56      0.00      0.00      0.00      0.00
03:44:26         eth0      0.00      0.00      0.00      0.00      0.00      0.00      0.00      0.00

03:44:26        CPU     %user     %nice   %system   %iowait    %steal     %idle
03:44:27        all      0.19      0.00      0.25      0.00      0.00     99.56

03:44:26          tps      rtps      wtps      dtps   bread/s   bwrtn/s   bdscd/s
03:44:27         2.00      0.00      2.00      0.00      0.00      8.00      0.00

03:44:26    kbmemfree   kbavail kbmemused  %memused kbbuffers  kbcached  kbcommit   %commit  kbactive   kbinact   kbdirty
03:44:27      2909752   3617924   3966964     49.72     58340    780544   7346796     72.91    519200   3973424       792

03:44:26          DEV       tps     rkB/s     wkB/s     dkB/s   areq-sz    aqu-sz     await     %util
03:44:27          sda      0.00      0.00      0.00      0.00      0.00      0.00      0.00      0.00
03:44:27          sdb      0.00      0.00      0.00      0.00      0.00      0.00      0.00      0.00
03:44:27          sdc      2.00      0.00      4.00      0.00      2.00      0.00      1.00      1.00

03:44:26        IFACE   rxpck/s   txpck/s    rxkB/s    txkB/s   rxcmp/s   txcmp/s  rxmcst/s   %ifutil
03:44:27           lo     33.00     33.00    402.71    402.71      0.00      0.00      0.00      0.00
03:44:27         eth0      0.00      0.00      0.00      0.00      0.00      0.00      0.00      0.00
