2025-02-21 12:59:34,714 INFO client.DefaultNoHARMFailoverProxyProvider: Connecting to ResourceManager at localhost/127.0.0.1:8032
2025-02-21 12:59:34,969 INFO mapreduce.JobResourceUploader: Disabling Erasure Coding for path: /tmp/hadoop-yarn/staging/satkp/.staging/job_1740159575390_0008
2025-02-21 12:59:36,437 INFO input.FileInputFormat: Total input files to process : 300
2025-02-21 12:59:38,120 INFO mapreduce.JobSubmitter: number of splits:300
2025-02-21 12:59:39,408 INFO mapreduce.JobSubmitter: Submitting tokens for job: job_1740159575390_0008
2025-02-21 12:59:39,408 INFO mapreduce.JobSubmitter: Executing with tokens: []
2025-02-21 12:59:39,533 INFO conf.Configuration: resource-types.xml not found
2025-02-21 12:59:39,534 INFO resource.ResourceUtils: Unable to find 'resource-types.xml'.
2025-02-21 12:59:39,586 INFO impl.YarnClientImpl: Submitted application application_1740159575390_0008
2025-02-21 12:59:39,614 INFO mapreduce.Job: The url to track the job: http://Sathvik.:8088/proxy/application_1740159575390_0008/
2025-02-21 12:59:39,614 INFO mapreduce.Job: Running job: job_1740159575390_0008
2025-02-21 12:59:43,675 INFO mapreduce.Job: Job job_1740159575390_0008 running in uber mode : false
2025-02-21 12:59:43,676 INFO mapreduce.Job:  map 0% reduce 0%
2025-02-21 12:59:50,334 INFO mapreduce.Job:  map 2% reduce 0%
2025-02-21 12:59:53,368 INFO mapreduce.Job:  map 3% reduce 0%
2025-02-21 12:59:54,375 INFO mapreduce.Job:  map 4% reduce 0%
2025-02-21 12:59:56,387 INFO mapreduce.Job:  map 5% reduce 0%
2025-02-21 12:59:58,399 INFO mapreduce.Job:  map 6% reduce 0%
2025-02-21 12:59:59,403 INFO mapreduce.Job:  map 7% reduce 0%
2025-02-21 13:00:02,424 INFO mapreduce.Job:  map 8% reduce 0%
2025-02-21 13:00:03,430 INFO mapreduce.Job:  map 9% reduce 0%
2025-02-21 13:00:06,448 INFO mapreduce.Job:  map 11% reduce 0%
2025-02-21 13:00:11,480 INFO mapreduce.Job:  map 13% reduce 0%
2025-02-21 13:00:14,499 INFO mapreduce.Job:  map 15% reduce 0%
2025-02-21 13:00:19,531 INFO mapreduce.Job:  map 17% reduce 0%
2025-02-21 13:00:24,257 INFO mapreduce.Job:  map 18% reduce 0%
2025-02-21 13:00:25,264 INFO mapreduce.Job:  map 19% reduce 0%
2025-02-21 13:00:28,301 INFO mapreduce.Job:  map 20% reduce 0%
2025-02-21 13:00:31,319 INFO mapreduce.Job:  map 21% reduce 0%
2025-02-21 13:00:32,323 INFO mapreduce.Job:  map 22% reduce 0%
2025-02-21 13:00:34,333 INFO mapreduce.Job:  map 23% reduce 0%
2025-02-21 13:00:36,343 INFO mapreduce.Job:  map 24% reduce 0%
2025-02-21 13:00:39,360 INFO mapreduce.Job:  map 24% reduce 8%
2025-02-21 13:00:40,366 INFO mapreduce.Job:  map 25% reduce 8%
2025-02-21 13:00:41,371 INFO mapreduce.Job:  map 26% reduce 8%
2025-02-21 13:00:44,390 INFO mapreduce.Job:  map 27% reduce 8%
2025-02-21 13:00:45,396 INFO mapreduce.Job:  map 28% reduce 9%
2025-02-21 13:00:48,415 INFO mapreduce.Job:  map 29% reduce 9%
2025-02-21 13:00:51,435 INFO mapreduce.Job:  map 29% reduce 10%
2025-02-21 13:00:52,441 INFO mapreduce.Job:  map 31% reduce 10%
2025-02-21 13:00:57,135 INFO mapreduce.Job:  map 33% reduce 10%
2025-02-21 13:01:01,155 INFO mapreduce.Job:  map 34% reduce 10%
2025-02-21 13:01:02,159 INFO mapreduce.Job:  map 35% reduce 10%
2025-02-21 13:01:04,170 INFO mapreduce.Job:  map 35% reduce 12%
2025-02-21 13:01:05,174 INFO mapreduce.Job:  map 36% reduce 12%
2025-02-21 13:01:09,195 INFO mapreduce.Job:  map 38% reduce 12%
2025-02-21 13:01:13,215 INFO mapreduce.Job:  map 40% reduce 12%
2025-02-21 13:01:16,229 INFO mapreduce.Job:  map 40% reduce 13%
2025-02-21 13:01:17,234 INFO mapreduce.Job:  map 41% reduce 13%
2025-02-21 13:01:21,253 INFO mapreduce.Job:  map 43% reduce 13%
2025-02-21 13:01:22,257 INFO mapreduce.Job:  map 43% reduce 14%
2025-02-21 13:01:25,270 INFO mapreduce.Job:  map 45% reduce 14%
2025-02-21 13:01:28,952 INFO mapreduce.Job:  map 45% reduce 15%
2025-02-21 13:01:29,958 INFO mapreduce.Job:  map 46% reduce 15%
2025-02-21 13:01:31,968 INFO mapreduce.Job:  map 47% reduce 15%
2025-02-21 13:01:33,976 INFO mapreduce.Job:  map 48% reduce 16%
2025-02-21 13:01:37,994 INFO mapreduce.Job:  map 50% reduce 16%
2025-02-21 13:01:40,007 INFO mapreduce.Job:  map 50% reduce 17%
2025-02-21 13:01:42,014 INFO mapreduce.Job:  map 52% reduce 17%
2025-02-21 13:01:46,032 INFO mapreduce.Job:  map 53% reduce 17%
2025-02-21 13:01:47,038 INFO mapreduce.Job:  map 54% reduce 17%
2025-02-21 13:01:50,053 INFO mapreduce.Job:  map 55% reduce 17%
2025-02-21 13:01:52,070 INFO mapreduce.Job:  map 55% reduce 18%
2025-02-21 13:01:54,083 INFO mapreduce.Job:  map 57% reduce 18%
2025-02-21 13:01:58,102 INFO mapreduce.Job:  map 59% reduce 19%
2025-02-21 13:02:02,795 INFO mapreduce.Job:  map 60% reduce 19%
2025-02-21 13:02:04,803 INFO mapreduce.Job:  map 61% reduce 20%
2025-02-21 13:02:06,811 INFO mapreduce.Job:  map 62% reduce 20%
2025-02-21 13:02:10,828 INFO mapreduce.Job:  map 64% reduce 21%
2025-02-21 13:02:14,851 INFO mapreduce.Job:  map 66% reduce 21%
2025-02-21 13:02:16,863 INFO mapreduce.Job:  map 66% reduce 22%
2025-02-21 13:02:18,873 INFO mapreduce.Job:  map 67% reduce 22%
2025-02-21 13:02:22,892 INFO mapreduce.Job:  map 69% reduce 22%
2025-02-21 13:02:26,908 INFO mapreduce.Job:  map 71% reduce 22%
2025-02-21 13:02:28,918 INFO mapreduce.Job:  map 71% reduce 24%
2025-02-21 13:02:30,927 INFO mapreduce.Job:  map 72% reduce 24%
2025-02-21 13:02:35,617 INFO mapreduce.Job:  map 73% reduce 24%
2025-02-21 13:02:36,621 INFO mapreduce.Job:  map 74% reduce 24%
2025-02-21 13:02:38,629 INFO mapreduce.Job:  map 75% reduce 24%
2025-02-21 13:02:39,633 INFO mapreduce.Job:  map 76% reduce 24%
2025-02-21 13:02:41,646 INFO mapreduce.Job:  map 76% reduce 25%
2025-02-21 13:02:43,653 INFO mapreduce.Job:  map 77% reduce 25%
2025-02-21 13:02:44,656 INFO mapreduce.Job:  map 78% reduce 25%
2025-02-21 13:02:47,669 INFO mapreduce.Job:  map 79% reduce 26%
2025-02-21 13:02:48,674 INFO mapreduce.Job:  map 80% reduce 26%
2025-02-21 13:02:50,682 INFO mapreduce.Job:  map 81% reduce 26%
2025-02-21 13:02:53,695 INFO mapreduce.Job:  map 81% reduce 27%
2025-02-21 13:02:54,701 INFO mapreduce.Job:  map 83% reduce 27%
2025-02-21 13:02:57,716 INFO mapreduce.Job:  map 84% reduce 27%
2025-02-21 13:02:58,724 INFO mapreduce.Job:  map 85% reduce 27%
2025-02-21 13:02:59,732 INFO mapreduce.Job:  map 85% reduce 28%
2025-02-21 13:03:01,741 INFO mapreduce.Job:  map 86% reduce 28%
2025-02-21 13:03:06,437 INFO mapreduce.Job:  map 88% reduce 29%
2025-02-21 13:03:10,457 INFO mapreduce.Job:  map 90% reduce 29%
2025-02-21 13:03:12,466 INFO mapreduce.Job:  map 90% reduce 30%
2025-02-21 13:03:14,475 INFO mapreduce.Job:  map 91% reduce 30%
2025-02-21 13:03:16,484 INFO mapreduce.Job:  map 92% reduce 30%
2025-02-21 13:03:18,493 INFO mapreduce.Job:  map 93% reduce 31%
2025-02-21 13:03:20,505 INFO mapreduce.Job:  map 94% reduce 31%
2025-02-21 13:03:22,516 INFO mapreduce.Job:  map 95% reduce 31%
2025-02-21 13:03:24,527 INFO mapreduce.Job:  map 95% reduce 32%
2025-02-21 13:03:25,530 INFO mapreduce.Job:  map 97% reduce 32%
2025-02-21 13:03:29,564 INFO mapreduce.Job:  map 99% reduce 32%
2025-02-21 13:03:30,568 INFO mapreduce.Job:  map 99% reduce 33%
2025-02-21 13:03:32,575 INFO mapreduce.Job:  map 100% reduce 33%
2025-02-21 13:03:34,582 INFO mapreduce.Job:  map 100% reduce 100%
2025-02-21 13:03:39,302 INFO mapreduce.Job: Job job_1740159575390_0008 completed successfully
2025-02-21 13:03:39,375 INFO mapreduce.Job: Counters: 54
	File System Counters
		FILE: Number of bytes read=32913
		FILE: Number of bytes written=93212505
		FILE: Number of read operations=0
		FILE: Number of large read operations=0
		FILE: Number of write operations=0
		HDFS: Number of bytes read=113881507
		HDFS: Number of bytes written=461
		HDFS: Number of read operations=905
		HDFS: Number of large read operations=0
		HDFS: Number of write operations=2
		HDFS: Number of bytes read erasure-coded=0
	Job Counters 
		Launched map tasks=300
		Launched reduce tasks=1
		Data-local map tasks=300
		Total time spent by all maps in occupied slots (ms)=878378
		Total time spent by all reduces in occupied slots (ms)=190108
		Total time spent by all map tasks (ms)=878378
		Total time spent by all reduce tasks (ms)=190108
		Total vcore-milliseconds taken by all map tasks=878378
		Total vcore-milliseconds taken by all reduce tasks=190108
		Total megabyte-milliseconds taken by all map tasks=899459072
		Total megabyte-milliseconds taken by all reduce tasks=194670592
	Map-Reduce Framework
		Map input records=2257447
		Map output records=27857
		Map output bytes=443009
		Map output materialized bytes=34707
		Input split bytes=40284
		Combine input records=27857
		Combine output records=1819
		Reduce input groups=16
		Reduce shuffle bytes=34707
		Reduce input records=1819
		Reduce output records=16
		Spilled Records=3638
		Shuffled Maps =300
		Failed Shuffles=0
		Merged Map outputs=300
		GC time elapsed (ms)=58403
		CPU time spent (ms)=441570
		Physical memory (bytes) snapshot=123295227904
		Virtual memory (bytes) snapshot=779544256512
		Total committed heap usage (bytes)=116915175424
		Peak Map Physical memory (bytes)=494833664
		Peak Map Virtual memory (bytes)=2595045376
		Peak Reduce Physical memory (bytes)=252342272
		Peak Reduce Virtual memory (bytes)=2597093376
	Shuffle Errors
		BAD_ID=0
		CONNECTION=0
		IO_ERROR=0
		WRONG_LENGTH=0
		WRONG_MAP=0
		WRONG_REDUCE=0
	File Input Format Counters 
		Bytes Read=113841223
	File Output Format Counters 
		Bytes Written=461
2025-02-21 13:03:39,503 INFO client.DefaultNoHARMFailoverProxyProvider: Connecting to ResourceManager at localhost/127.0.0.1:8032
2025-02-21 13:03:39,517 INFO mapreduce.JobResourceUploader: Disabling Erasure Coding for path: /tmp/hadoop-yarn/staging/satkp/.staging/job_1740159575390_0009
2025-02-21 13:03:39,943 INFO input.FileInputFormat: Total input files to process : 1
2025-02-21 13:03:41,580 INFO mapreduce.JobSubmitter: number of splits:1
2025-02-21 13:03:42,813 INFO mapreduce.JobSubmitter: Submitting tokens for job: job_1740159575390_0009
2025-02-21 13:03:42,813 INFO mapreduce.JobSubmitter: Executing with tokens: []
2025-02-21 13:03:42,828 INFO impl.YarnClientImpl: Submitted application application_1740159575390_0009
2025-02-21 13:03:42,832 INFO mapreduce.Job: The url to track the job: http://Sathvik.:8088/proxy/application_1740159575390_0009/
2025-02-21 13:03:42,832 INFO mapreduce.Job: Running job: job_1740159575390_0009
2025-02-21 13:03:49,887 INFO mapreduce.Job: Job job_1740159575390_0009 running in uber mode : false
2025-02-21 13:03:49,887 INFO mapreduce.Job:  map 0% reduce 0%
2025-02-21 13:03:53,910 INFO mapreduce.Job:  map 100% reduce 0%
2025-02-21 13:03:58,928 INFO mapreduce.Job:  map 100% reduce 100%
2025-02-21 13:04:02,949 INFO mapreduce.Job: Job job_1740159575390_0009 completed successfully
2025-02-21 13:04:02,974 INFO mapreduce.Job: Counters: 54
	File System Counters
		FILE: Number of bytes read=285
		FILE: Number of bytes written=618243
		FILE: Number of read operations=0
		FILE: Number of large read operations=0
		FILE: Number of write operations=0
		HDFS: Number of bytes read=592
		HDFS: Number of bytes written=191
		HDFS: Number of read operations=9
		HDFS: Number of large read operations=0
		HDFS: Number of write operations=2
		HDFS: Number of bytes read erasure-coded=0
	Job Counters 
		Launched map tasks=1
		Launched reduce tasks=1
		Data-local map tasks=1
		Total time spent by all maps in occupied slots (ms)=1476
		Total time spent by all reduces in occupied slots (ms)=2711
		Total time spent by all map tasks (ms)=1476
		Total time spent by all reduce tasks (ms)=2711
		Total vcore-milliseconds taken by all map tasks=1476
		Total vcore-milliseconds taken by all reduce tasks=2711
		Total megabyte-milliseconds taken by all map tasks=1511424
		Total megabyte-milliseconds taken by all reduce tasks=2776064
	Map-Reduce Framework
		Map input records=16
		Map output records=16
		Map output bytes=247
		Map output materialized bytes=285
		Input split bytes=131
		Combine input records=0
		Combine output records=0
		Reduce input groups=16
		Reduce shuffle bytes=285
		Reduce input records=16
		Reduce output records=16
		Spilled Records=32
		Shuffled Maps =1
		Failed Shuffles=0
		Merged Map outputs=1
		GC time elapsed (ms)=191
		CPU time spent (ms)=1720
		Physical memory (bytes) snapshot=752435200
		Virtual memory (bytes) snapshot=5187194880
		Total committed heap usage (bytes)=697827328
		Peak Map Physical memory (bytes)=489328640
		Peak Map Virtual memory (bytes)=2590482432
		Peak Reduce Physical memory (bytes)=263172096
		Peak Reduce Virtual memory (bytes)=2596712448
	Shuffle Errors
		BAD_ID=0
		CONNECTION=0
		IO_ERROR=0
		WRONG_LENGTH=0
		WRONG_MAP=0
		WRONG_REDUCE=0
	File Input Format Counters 
		Bytes Read=461
	File Output Format Counters 
		Bytes Written=191
