2025-02-21 01:51:12,750 INFO client.DefaultNoHARMFailoverProxyProvider: Connecting to ResourceManager at localhost/127.0.0.1:8032
2025-02-21 01:51:13,047 INFO mapreduce.JobResourceUploader: Disabling Erasure Coding for path: /tmp/hadoop-yarn/staging/satkp/.staging/job_1740110622879_0022
2025-02-21 01:51:14,512 INFO input.FileInputFormat: Total input files to process : 100
2025-02-21 01:51:16,178 INFO mapreduce.JobSubmitter: number of splits:100
2025-02-21 01:51:17,471 INFO mapreduce.JobSubmitter: Submitting tokens for job: job_1740110622879_0022
2025-02-21 01:51:17,471 INFO mapreduce.JobSubmitter: Executing with tokens: []
2025-02-21 01:51:17,643 INFO conf.Configuration: resource-types.xml not found
2025-02-21 01:51:17,643 INFO resource.ResourceUtils: Unable to find 'resource-types.xml'.
2025-02-21 01:51:17,714 INFO impl.YarnClientImpl: Submitted application application_1740110622879_0022
2025-02-21 01:51:17,760 INFO mapreduce.Job: The url to track the job: http://Sathvik.:8088/proxy/application_1740110622879_0022/
2025-02-21 01:51:17,761 INFO mapreduce.Job: Running job: job_1740110622879_0022
2025-02-21 01:51:21,176 INFO mapreduce.Job: Job job_1740110622879_0022 running in uber mode : false
2025-02-21 01:51:21,177 INFO mapreduce.Job:  map 0% reduce 0%
2025-02-21 01:51:29,372 INFO mapreduce.Job:  map 6% reduce 0%
2025-02-21 01:51:32,424 INFO mapreduce.Job:  map 8% reduce 0%
2025-02-21 01:51:34,469 INFO mapreduce.Job:  map 12% reduce 0%
2025-02-21 01:51:37,491 INFO mapreduce.Job:  map 14% reduce 0%
2025-02-21 01:51:39,516 INFO mapreduce.Job:  map 18% reduce 0%
2025-02-21 01:51:42,553 INFO mapreduce.Job:  map 20% reduce 0%
2025-02-21 01:51:44,585 INFO mapreduce.Job:  map 21% reduce 0%
2025-02-21 01:51:45,592 INFO mapreduce.Job:  map 24% reduce 0%
2025-02-21 01:51:47,604 INFO mapreduce.Job:  map 25% reduce 0%
2025-02-21 01:51:47,925 INFO mapreduce.Job:  map 29% reduce 0%
2025-02-21 01:51:49,960 INFO mapreduce.Job:  map 30% reduce 0%
2025-02-21 01:51:51,998 INFO mapreduce.Job:  map 31% reduce 0%
2025-02-21 01:51:53,005 INFO mapreduce.Job:  map 34% reduce 0%
2025-02-21 01:51:54,029 INFO mapreduce.Job:  map 35% reduce 0%
2025-02-21 01:51:57,108 INFO mapreduce.Job:  map 35% reduce 12%
2025-02-21 01:51:58,120 INFO mapreduce.Job:  map 36% reduce 12%
2025-02-21 01:51:59,134 INFO mapreduce.Job:  map 39% reduce 12%
2025-02-21 01:52:00,152 INFO mapreduce.Job:  map 40% reduce 12%
2025-02-21 01:52:03,187 INFO mapreduce.Job:  map 40% reduce 13%
2025-02-21 01:52:04,198 INFO mapreduce.Job:  map 43% reduce 13%
2025-02-21 01:52:05,208 INFO mapreduce.Job:  map 45% reduce 13%
2025-02-21 01:52:09,269 INFO mapreduce.Job:  map 45% reduce 15%
2025-02-21 01:52:10,277 INFO mapreduce.Job:  map 49% reduce 15%
2025-02-21 01:52:11,292 INFO mapreduce.Job:  map 50% reduce 15%
2025-02-21 01:52:15,350 INFO mapreduce.Job:  map 50% reduce 17%
2025-02-21 01:52:16,358 INFO mapreduce.Job:  map 55% reduce 17%
2025-02-21 01:52:19,626 INFO mapreduce.Job:  map 60% reduce 18%
2025-02-21 01:52:24,661 INFO mapreduce.Job:  map 65% reduce 18%
2025-02-21 01:52:25,676 INFO mapreduce.Job:  map 65% reduce 20%
2025-02-21 01:52:29,713 INFO mapreduce.Job:  map 69% reduce 20%
2025-02-21 01:52:30,724 INFO mapreduce.Job:  map 70% reduce 20%
2025-02-21 01:52:31,734 INFO mapreduce.Job:  map 70% reduce 23%
2025-02-21 01:52:34,787 INFO mapreduce.Job:  map 72% reduce 23%
2025-02-21 01:52:35,796 INFO mapreduce.Job:  map 75% reduce 23%
2025-02-21 01:52:36,807 INFO mapreduce.Job:  map 75% reduce 25%
2025-02-21 01:52:38,825 INFO mapreduce.Job:  map 76% reduce 25%
2025-02-21 01:52:40,856 INFO mapreduce.Job:  map 80% reduce 25%
2025-02-21 01:52:41,867 INFO mapreduce.Job:  map 81% reduce 25%
2025-02-21 01:52:42,873 INFO mapreduce.Job:  map 81% reduce 27%
2025-02-21 01:52:44,885 INFO mapreduce.Job:  map 83% reduce 27%
2025-02-21 01:52:45,891 INFO mapreduce.Job:  map 86% reduce 27%
2025-02-21 01:52:48,967 INFO mapreduce.Job:  map 88% reduce 29%
2025-02-21 01:52:49,259 INFO mapreduce.Job:  map 91% reduce 29%
2025-02-21 01:52:52,294 INFO mapreduce.Job:  map 93% reduce 29%
2025-02-21 01:52:53,316 INFO mapreduce.Job:  map 94% reduce 31%
2025-02-21 01:52:54,321 INFO mapreduce.Job:  map 96% reduce 31%
2025-02-21 01:52:55,330 INFO mapreduce.Job:  map 97% reduce 31%
2025-02-21 01:52:56,334 INFO mapreduce.Job:  map 98% reduce 31%
2025-02-21 01:52:57,339 INFO mapreduce.Job:  map 100% reduce 31%
2025-02-21 01:52:59,350 INFO mapreduce.Job:  map 100% reduce 100%
2025-02-21 01:53:04,384 INFO mapreduce.Job: Job job_1740110622879_0022 completed successfully
2025-02-21 01:53:04,469 INFO mapreduce.Job: Counters: 54
	File System Counters
		FILE: Number of bytes read=14477063
		FILE: Number of bytes written=60159614
		FILE: Number of read operations=0
		FILE: Number of large read operations=0
		FILE: Number of write operations=0
		HDFS: Number of bytes read=32654859
		HDFS: Number of bytes written=3171284
		HDFS: Number of read operations=305
		HDFS: Number of large read operations=0
		HDFS: Number of write operations=2
		HDFS: Number of bytes read erasure-coded=0
	Job Counters 
		Launched map tasks=100
		Launched reduce tasks=1
		Data-local map tasks=100
		Total time spent by all maps in occupied slots (ms)=396008
		Total time spent by all reduces in occupied slots (ms)=76049
		Total time spent by all map tasks (ms)=396008
		Total time spent by all reduce tasks (ms)=76049
		Total vcore-milliseconds taken by all map tasks=396008
		Total vcore-milliseconds taken by all reduce tasks=76049
		Total megabyte-milliseconds taken by all map tasks=405512192
		Total megabyte-milliseconds taken by all reduce tasks=77874176
	Map-Reduce Framework
		Map input records=641966
		Map output records=5518773
		Map output bytes=53248706
		Map output materialized bytes=14477657
		Input split bytes=13440
		Combine input records=5518773
		Combine output records=1010648
		Reduce input groups=269426
		Reduce shuffle bytes=14477657
		Reduce input records=1010648
		Reduce output records=269426
		Spilled Records=2021296
		Shuffled Maps =100
		Failed Shuffles=0
		Merged Map outputs=100
		GC time elapsed (ms)=36543
		CPU time spent (ms)=331020
		Physical memory (bytes) snapshot=45732945920
		Virtual memory (bytes) snapshot=262247563264
		Total committed heap usage (bytes)=42766696448
		Peak Map Physical memory (bytes)=519532544
		Peak Map Virtual memory (bytes)=2606080000
		Peak Reduce Physical memory (bytes)=305303552
		Peak Reduce Virtual memory (bytes)=2604285952
	Shuffle Errors
		BAD_ID=0
		CONNECTION=0
		IO_ERROR=0
		WRONG_LENGTH=0
		WRONG_MAP=0
		WRONG_REDUCE=0
	File Input Format Counters 
		Bytes Read=32641419
	File Output Format Counters 
		Bytes Written=3171284
