Linux 5.15.167.4-microsoft-standard-WSL2 (Sathvik) 	02/21/25 	_x86_64_	(16 CPU)

13:19:15        CPU     %user     %nice   %system   %iowait    %steal     %idle
13:19:16        all     14.58      0.00      2.07      0.00      0.00     83.34

13:19:15          tps      rtps      wtps      dtps   bread/s   bwrtn/s   bdscd/s
13:19:16         0.00      0.00      0.00      0.00      0.00      0.00      0.00

13:19:15    kbmemfree   kbavail kbmemused  %memused kbbuffers  kbcached  kbcommit   %commit  kbactive   kbinact   kbdirty
13:19:16      3207268   4149836   3444204     43.16     86616    987888   6144456     60.98    544812   3662932     11484

13:19:15          DEV       tps     rkB/s     wkB/s     dkB/s   areq-sz    aqu-sz     await     %util
13:19:16          sda      0.00      0.00      0.00      0.00      0.00      0.00      0.00      0.00
13:19:16          sdb      0.00      0.00      0.00      0.00      0.00      0.00      0.00      0.00
13:19:16          sdc      0.00      0.00      0.00      0.00      0.00      0.00      0.00      0.00

13:19:15        IFACE   rxpck/s   txpck/s    rxkB/s    txkB/s   rxcmp/s   txcmp/s  rxmcst/s   %ifutil
13:19:16           lo     13.00     13.00    420.52    420.52      0.00      0.00      0.00      0.00
13:19:16         eth0      0.00      0.00      0.00      0.00      0.00      0.00      0.00      0.00

13:19:16        CPU     %user     %nice   %system   %iowait    %steal     %idle
13:19:17        all      5.09      0.00      1.32      0.19      0.00     93.40

13:19:16          tps      rtps      wtps      dtps   bread/s   bwrtn/s   bdscd/s
13:19:17       176.00      0.00    176.00      0.00      0.00  17080.00      0.00

13:19:16    kbmemfree   kbavail kbmemused  %memused kbbuffers  kbcached  kbcommit   %commit  kbactive   kbinact   kbdirty
13:19:17      3148972   4091848   3502196     43.89     86616    988192   6260620     62.13    544812   3725116      3084

13:19:16          DEV       tps     rkB/s     wkB/s     dkB/s   areq-sz    aqu-sz     await     %util
13:19:17          sda      0.00      0.00      0.00      0.00      0.00      0.00      0.00      0.00
13:19:17          sdb      0.00      0.00      0.00      0.00      0.00      0.00      0.00      0.00
13:19:17          sdc    176.00      0.00   8540.00      0.00     48.52      0.46      2.56     11.00

13:19:16        IFACE   rxpck/s   txpck/s    rxkB/s    txkB/s   rxcmp/s   txcmp/s  rxmcst/s   %ifutil
13:19:17           lo    123.00    123.00    718.08    718.08      0.00      0.00      0.00      0.00
13:19:17         eth0      0.00      0.00      0.00      0.00      0.00      0.00      0.00      0.00

13:19:17        CPU     %user     %nice   %system   %iowait    %steal     %idle
13:19:18        all      0.19      0.00      0.19      0.00      0.00     99.63

13:19:17          tps      rtps      wtps      dtps   bread/s   bwrtn/s   bdscd/s
13:19:18         0.00      0.00      0.00      0.00      0.00      0.00      0.00

13:19:17    kbmemfree   kbavail kbmemused  %memused kbbuffers  kbcached  kbcommit   %commit  kbactive   kbinact   kbdirty
13:19:18      3148524   4091400   3502636     43.90     86616    988200   6260620     62.13    544812   3725112      3140

13:19:17          DEV       tps     rkB/s     wkB/s     dkB/s   areq-sz    aqu-sz     await     %util
13:19:18          sda      0.00      0.00      0.00      0.00      0.00      0.00      0.00      0.00
13:19:18          sdb      0.00      0.00      0.00      0.00      0.00      0.00      0.00      0.00
13:19:18          sdc      0.00      0.00      0.00      0.00      0.00      0.00      0.00      0.00

13:19:17        IFACE   rxpck/s   txpck/s    rxkB/s    txkB/s   rxcmp/s   txcmp/s  rxmcst/s   %ifutil
13:19:18           lo     19.00     19.00    421.59    421.59      0.00      0.00      0.00      0.00
13:19:18         eth0      0.00      0.00      0.00      0.00      0.00      0.00      0.00      0.00

13:19:18        CPU     %user     %nice   %system   %iowait    %steal     %idle
13:19:19        all      0.19      0.00      0.13      0.06      0.00     99.62

13:19:18          tps      rtps      wtps      dtps   bread/s   bwrtn/s   bdscd/s
13:19:19         8.00      0.00      8.00      0.00      0.00     32.00      0.00

13:19:18    kbmemfree   kbavail kbmemused  %memused kbbuffers  kbcached  kbcommit   %commit  kbactive   kbinact   kbdirty
13:19:19      3148112   4091000   3503040     43.90     86616    988208   6260688     62.13    544812   3725160      3148

13:19:18          DEV       tps     rkB/s     wkB/s     dkB/s   areq-sz    aqu-sz     await     %util
13:19:19          sda      0.00      0.00      0.00      0.00      0.00      0.00      0.00      0.00
13:19:19          sdb      0.00      0.00      0.00      0.00      0.00      0.00      0.00      0.00
13:19:19          sdc      8.00      0.00     16.00      0.00      2.00      0.01      0.88      2.00

13:19:18        IFACE   rxpck/s   txpck/s    rxkB/s    txkB/s   rxcmp/s   txcmp/s  rxmcst/s   %ifutil
13:19:19           lo     45.00     45.00    425.04    425.04      0.00      0.00      0.00      0.00
13:19:19         eth0      0.00      0.00      0.00      0.00      0.00      0.00      0.00      0.00

13:19:19        CPU     %user     %nice   %system   %iowait    %steal     %idle
13:19:20        all      3.88      0.00      0.94      0.19      0.00     94.99

13:19:19          tps      rtps      wtps      dtps   bread/s   bwrtn/s   bdscd/s
13:19:20        14.00      1.00     12.00      1.00      8.00    776.00     64.00

13:19:19    kbmemfree   kbavail kbmemused  %memused kbbuffers  kbcached  kbcommit   %commit  kbactive   kbinact   kbdirty
13:19:20      3060520   4003692   3590348     45.00     86624    988484   6279380     62.32    544820   3811088      3808

13:19:19          DEV       tps     rkB/s     wkB/s     dkB/s   areq-sz    aqu-sz     await     %util
13:19:20          sda      0.00      0.00      0.00      0.00      0.00      0.00      0.00      0.00
13:19:20          sdb      0.00      0.00      0.00      0.00      0.00      0.00      0.00      0.00
13:19:20          sdc     14.00      4.00    388.00     32.00     30.29      0.03      1.43      6.00

13:19:19        IFACE   rxpck/s   txpck/s    rxkB/s    txkB/s   rxcmp/s   txcmp/s  rxmcst/s   %ifutil
13:19:20           lo     96.00     96.00    696.25    696.25      0.00      0.00      0.00      0.00
13:19:20         eth0      0.00      0.00      0.00      0.00      0.00      0.00      0.00      0.00

13:19:20        CPU     %user     %nice   %system   %iowait    %steal     %idle
13:19:21        all      3.02      0.00      1.19      0.00      0.00     95.79

13:19:20          tps      rtps      wtps      dtps   bread/s   bwrtn/s   bdscd/s
13:19:21         0.00      0.00      0.00      0.00      0.00      0.00      0.00

13:19:20    kbmemfree   kbavail kbmemused  %memused kbbuffers  kbcached  kbcommit   %commit  kbactive   kbinact   kbdirty
13:19:21      2982408   3926380   3667624     45.96     86628    989148   6546412     64.97    544832   3886836      4484

13:19:20          DEV       tps     rkB/s     wkB/s     dkB/s   areq-sz    aqu-sz     await     %util
13:19:21          sda      0.00      0.00      0.00      0.00      0.00      0.00      0.00      0.00
13:19:21          sdb      0.00      0.00      0.00      0.00      0.00      0.00      0.00      0.00
13:19:21          sdc      0.00      0.00      0.00      0.00      0.00      0.00      0.00      0.00

13:19:20        IFACE   rxpck/s   txpck/s    rxkB/s    txkB/s   rxcmp/s   txcmp/s  rxmcst/s   %ifutil
13:19:21           lo    168.00    168.00    981.33    981.33      0.00      0.00      0.00      0.00
13:19:21         eth0      0.00      0.00      0.00      0.00      0.00      0.00      0.00      0.00

13:19:21        CPU     %user     %nice   %system   %iowait    %steal     %idle
13:19:22        all     15.71      0.00      2.52      0.00      0.00     81.78

13:19:21          tps      rtps      wtps      dtps   bread/s   bwrtn/s   bdscd/s
13:19:22         3.00      0.00      3.00      0.00      0.00   6104.00      0.00

13:19:21    kbmemfree   kbavail kbmemused  %memused kbbuffers  kbcached  kbcommit   %commit  kbactive   kbinact   kbdirty
13:19:22      2831340   3775340   3818672     47.86     86628    989144   6776788     67.25    544836   4030580      1436

13:19:21          DEV       tps     rkB/s     wkB/s     dkB/s   areq-sz    aqu-sz     await     %util
13:19:22          sda      0.00      0.00      0.00      0.00      0.00      0.00      0.00      0.00
13:19:22          sdb      0.00      0.00      0.00      0.00      0.00      0.00      0.00      0.00
13:19:22          sdc      3.00      0.00   3052.00      0.00   1017.33      0.01      3.67      1.00

13:19:21        IFACE   rxpck/s   txpck/s    rxkB/s    txkB/s   rxcmp/s   txcmp/s  rxmcst/s   %ifutil
13:19:22           lo     51.00     51.00    426.75    426.75      0.00      0.00      0.00      0.00
13:19:22         eth0      0.00      0.00      0.00      0.00      0.00      0.00      0.00      0.00

13:19:22        CPU     %user     %nice   %system   %iowait    %steal     %idle
13:19:23        all     15.80      0.00      1.98      0.00      0.00     82.22

13:19:22          tps      rtps      wtps      dtps   bread/s   bwrtn/s   bdscd/s
13:19:23         0.00      0.00      0.00      0.00      0.00      0.00      0.00

13:19:22    kbmemfree   kbavail kbmemused  %memused kbbuffers  kbcached  kbcommit   %commit  kbactive   kbinact   kbdirty
13:19:23      2650336   3594432   3999608     50.12     86628    989264   6912364     68.60    544988   4217556      1544

13:19:22          DEV       tps     rkB/s     wkB/s     dkB/s   areq-sz    aqu-sz     await     %util
13:19:23          sda      0.00      0.00      0.00      0.00      0.00      0.00      0.00      0.00
13:19:23          sdb      0.00      0.00      0.00      0.00      0.00      0.00      0.00      0.00
13:19:23          sdc      0.00      0.00      0.00      0.00      0.00      0.00      0.00      0.00

13:19:22        IFACE   rxpck/s   txpck/s    rxkB/s    txkB/s   rxcmp/s   txcmp/s  rxmcst/s   %ifutil
13:19:23           lo     55.00     55.00    426.35    426.35      0.00      0.00      0.00      0.00
13:19:23         eth0      0.00      0.00      0.00      0.00      0.00      0.00      0.00      0.00

13:19:23        CPU     %user     %nice   %system   %iowait    %steal     %idle
13:19:24        all     17.88      0.00      2.36      0.12      0.00     79.64

13:19:23          tps      rtps      wtps      dtps   bread/s   bwrtn/s   bdscd/s
13:19:24        12.00      0.00     12.00      0.00      0.00     48.00      0.00

13:19:23    kbmemfree   kbavail kbmemused  %memused kbbuffers  kbcached  kbcommit   %commit  kbactive   kbinact   kbdirty
13:19:24      2539096   3483504   4110540     51.51     86628    989584   6982176     69.29    544988   4324004      1868

13:19:23          DEV       tps     rkB/s     wkB/s     dkB/s   areq-sz    aqu-sz     await     %util
13:19:24          sda      0.00      0.00      0.00      0.00      0.00      0.00      0.00      0.00
13:19:24          sdb      0.00      0.00      0.00      0.00      0.00      0.00      0.00      0.00
13:19:24          sdc     12.00      0.00     24.00      0.00      2.00      0.02      1.17      5.00

13:19:23        IFACE   rxpck/s   txpck/s    rxkB/s    txkB/s   rxcmp/s   txcmp/s  rxmcst/s   %ifutil
13:19:24           lo     96.00     96.00    732.18    732.18      0.00      0.00      0.00      0.00
13:19:24         eth0      0.00      0.00      0.00      0.00      0.00      0.00      0.00      0.00

13:19:24        CPU     %user     %nice   %system   %iowait    %steal     %idle
13:19:25        all      0.63      0.00      0.13      0.06      0.00     99.18

13:19:24          tps      rtps      wtps      dtps   bread/s   bwrtn/s   bdscd/s
13:19:25         2.00      0.00      2.00      0.00      0.00    624.00      0.00

13:19:24    kbmemfree   kbavail kbmemused  %memused kbbuffers  kbcached  kbcommit   %commit  kbactive   kbinact   kbdirty
13:19:25      2537208   3481624   4112404     51.54     86636    989600   6976296     69.23    544988   4333792      2088

13:19:24          DEV       tps     rkB/s     wkB/s     dkB/s   areq-sz    aqu-sz     await     %util
13:19:25          sda      0.00      0.00      0.00      0.00      0.00      0.00      0.00      0.00
13:19:25          sdb      0.00      0.00      0.00      0.00      0.00      0.00      0.00      0.00
13:19:25          sdc      2.00      0.00    312.00      0.00    156.00      0.01      2.50      1.00

13:19:24        IFACE   rxpck/s   txpck/s    rxkB/s    txkB/s   rxcmp/s   txcmp/s  rxmcst/s   %ifutil
13:19:25           lo     31.00     31.00    423.60    423.60      0.00      0.00      0.00      0.00
13:19:25         eth0      0.00      0.00      0.00      0.00      0.00      0.00      0.00      0.00

13:19:25        CPU     %user     %nice   %system   %iowait    %steal     %idle
13:19:26        all     21.44      0.00      3.96      0.00      0.00     74.60

13:19:25          tps      rtps      wtps      dtps   bread/s   bwrtn/s   bdscd/s
13:19:26         0.00      0.00      0.00      0.00      0.00      0.00      0.00

13:19:25    kbmemfree   kbavail kbmemused  %memused kbbuffers  kbcached  kbcommit   %commit  kbactive   kbinact   kbdirty
13:19:26      2217648   3164128   4429256     55.51     86648    989872   8473816     84.09    545084   4646212      2348

13:19:25          DEV       tps     rkB/s     wkB/s     dkB/s   areq-sz    aqu-sz     await     %util
13:19:26          sda      0.00      0.00      0.00      0.00      0.00      0.00      0.00      0.00
13:19:26          sdb      0.00      0.00      0.00      0.00      0.00      0.00      0.00      0.00
13:19:26          sdc      0.00      0.00      0.00      0.00      0.00      0.00      0.00      0.00

13:19:25        IFACE   rxpck/s   txpck/s    rxkB/s    txkB/s   rxcmp/s   txcmp/s  rxmcst/s   %ifutil
13:19:26           lo    128.00    128.00    449.61    449.61      0.00      0.00      0.00      0.00
13:19:26         eth0      0.00      0.00      0.00      0.00      0.00      0.00      0.00      0.00

13:19:26        CPU     %user     %nice   %system   %iowait    %steal     %idle
13:19:27        all     70.06      0.00      7.56      0.00      0.00     22.38

13:19:26          tps      rtps      wtps      dtps   bread/s   bwrtn/s   bdscd/s
13:19:27         0.00      0.00      0.00      0.00      0.00      0.00      0.00

13:19:26    kbmemfree   kbavail kbmemused  %memused kbbuffers  kbcached  kbcommit   %commit  kbactive   kbinact   kbdirty
13:19:27      1843992   2791748   4800884     60.17     86648    990376   8779228     87.13    545180   5006048      2816

13:19:26          DEV       tps     rkB/s     wkB/s     dkB/s   areq-sz    aqu-sz     await     %util
13:19:27          sda      0.00      0.00      0.00      0.00      0.00      0.00      0.00      0.00
13:19:27          sdb      0.00      0.00      0.00      0.00      0.00      0.00      0.00      0.00
13:19:27          sdc      0.00      0.00      0.00      0.00      0.00      0.00      0.00      0.00

13:19:26        IFACE   rxpck/s   txpck/s    rxkB/s    txkB/s   rxcmp/s   txcmp/s  rxmcst/s   %ifutil
13:19:27           lo     96.00     96.00    435.42    435.42      0.00      0.00      0.00      0.00
13:19:27         eth0      0.00      0.00      0.00      0.00      0.00      0.00      0.00      0.00

13:19:27        CPU     %user     %nice   %system   %iowait    %steal     %idle
13:19:28        all     68.80      0.00      7.16      0.00      0.00     24.04

13:19:27          tps      rtps      wtps      dtps   bread/s   bwrtn/s   bdscd/s
13:19:28         0.00      0.00      0.00      0.00      0.00      0.00      0.00

13:19:27    kbmemfree   kbavail kbmemused  %memused kbbuffers  kbcached  kbcommit   %commit  kbactive   kbinact   kbdirty
13:19:28      1330988   2281368   5311192     66.56     86648    992336   9263532     91.93    545156   5526848      4800

13:19:27          DEV       tps     rkB/s     wkB/s     dkB/s   areq-sz    aqu-sz     await     %util
13:19:28          sda      0.00      0.00      0.00      0.00      0.00      0.00      0.00      0.00
13:19:28          sdb      0.00      0.00      0.00      0.00      0.00      0.00      0.00      0.00
13:19:28          sdc      0.00      0.00      0.00      0.00      0.00      0.00      0.00      0.00

13:19:27        IFACE   rxpck/s   txpck/s    rxkB/s    txkB/s   rxcmp/s   txcmp/s  rxmcst/s   %ifutil
13:19:28           lo    149.00    149.00    440.70    440.70      0.00      0.00      0.00      0.00
13:19:28         eth0      0.00      0.00      0.00      0.00      0.00      0.00      0.00      0.00

13:19:28        CPU     %user     %nice   %system   %iowait    %steal     %idle
13:19:29        all     77.17      0.00     13.21      0.06      0.00      9.56

13:19:28          tps      rtps      wtps      dtps   bread/s   bwrtn/s   bdscd/s
13:19:29        15.00     11.00      4.00      0.00   3200.00     16.00      0.00

13:19:28    kbmemfree   kbavail kbmemused  %memused kbbuffers  kbcached  kbcommit   %commit  kbactive   kbinact   kbdirty
13:19:29       147780   1099104   6493008     81.37     86656    993832  10781292    106.99    546624   6715264      4848

13:19:28          DEV       tps     rkB/s     wkB/s     dkB/s   areq-sz    aqu-sz     await     %util
13:19:29          sda      0.00      0.00      0.00      0.00      0.00      0.00      0.00      0.00
13:19:29          sdb      0.00      0.00      0.00      0.00      0.00      0.00      0.00      0.00
13:19:29          sdc     15.00   1600.00      8.00      0.00    107.20      0.02      1.00      8.00

13:19:28        IFACE   rxpck/s   txpck/s    rxkB/s    txkB/s   rxcmp/s   txcmp/s  rxmcst/s   %ifutil
13:19:29           lo    500.00    500.00   2882.43   2882.43      0.00      0.00      0.00      0.00
13:19:29         eth0      0.00      0.00      0.00      0.00      0.00      0.00      0.00      0.00

13:19:29        CPU     %user     %nice   %system   %iowait    %steal     %idle
13:19:30        all     18.37      0.00      6.71      0.06      0.00     74.86

13:19:29          tps      rtps      wtps      dtps   bread/s   bwrtn/s   bdscd/s
13:19:30        42.00      0.00      8.00     34.00      0.00   1656.00   7168.00

13:19:29    kbmemfree   kbavail kbmemused  %memused kbbuffers  kbcached  kbcommit   %commit  kbactive   kbinact   kbdirty
13:19:30      2283308   3232076   4360732     54.65     86692    992212   7991972     79.31    546784   4571156      3576

13:19:29          DEV       tps     rkB/s     wkB/s     dkB/s   areq-sz    aqu-sz     await     %util
13:19:30          sda      0.00      0.00      0.00      0.00      0.00      0.00      0.00      0.00
13:19:30          sdb      0.00      0.00      0.00      0.00      0.00      0.00      0.00      0.00
13:19:30          sdc     42.00      0.00    828.00   3584.00    105.05      0.01      0.31      8.00

13:19:29        IFACE   rxpck/s   txpck/s    rxkB/s    txkB/s   rxcmp/s   txcmp/s  rxmcst/s   %ifutil
13:19:30           lo    131.00    131.00    450.98    450.98      0.00      0.00      0.00      0.00
13:19:30         eth0      0.00      0.00      0.00      0.00      0.00      0.00      0.00      0.00

13:19:30        CPU     %user     %nice   %system   %iowait    %steal     %idle
13:19:31        all     54.93      0.00      6.22      0.00      0.00     38.84

13:19:30          tps      rtps      wtps      dtps   bread/s   bwrtn/s   bdscd/s
13:19:31         0.00      0.00      0.00      0.00      0.00      0.00      0.00

13:19:30    kbmemfree   kbavail kbmemused  %memused kbbuffers  kbcached  kbcommit   %commit  kbactive   kbinact   kbdirty
13:19:31      2058224   3006928   4586076     57.47     86692    992216   8199024     81.37    546792   4790392      3580

13:19:30          DEV       tps     rkB/s     wkB/s     dkB/s   areq-sz    aqu-sz     await     %util
13:19:31          sda      0.00      0.00      0.00      0.00      0.00      0.00      0.00      0.00
13:19:31          sdb      0.00      0.00      0.00      0.00      0.00      0.00      0.00      0.00
13:19:31          sdc      0.00      0.00      0.00      0.00      0.00      0.00      0.00      0.00

13:19:30        IFACE   rxpck/s   txpck/s    rxkB/s    txkB/s   rxcmp/s   txcmp/s  rxmcst/s   %ifutil
13:19:31           lo     78.00     78.00    431.80    431.80      0.00      0.00      0.00      0.00
13:19:31         eth0      0.00      0.00      0.00      0.00      0.00      0.00      0.00      0.00

13:19:31        CPU     %user     %nice   %system   %iowait    %steal     %idle
13:19:32        all     54.41      0.00      9.51      0.00      0.00     36.08

13:19:31          tps      rtps      wtps      dtps   bread/s   bwrtn/s   bdscd/s
13:19:32         0.00      0.00      0.00      0.00      0.00      0.00      0.00

13:19:31    kbmemfree   kbavail kbmemused  %memused kbbuffers  kbcached  kbcommit   %commit  kbactive   kbinact   kbdirty
13:19:32      1150372   2100524   5492292     68.83     86692    993652   9334220     92.63    546820   5702336      5012

13:19:31          DEV       tps     rkB/s     wkB/s     dkB/s   areq-sz    aqu-sz     await     %util
13:19:32          sda      0.00      0.00      0.00      0.00      0.00      0.00      0.00      0.00
13:19:32          sdb      0.00      0.00      0.00      0.00      0.00      0.00      0.00      0.00
13:19:32          sdc      0.00      0.00      0.00      0.00      0.00      0.00      0.00      0.00

13:19:31        IFACE   rxpck/s   txpck/s    rxkB/s    txkB/s   rxcmp/s   txcmp/s  rxmcst/s   %ifutil
13:19:32           lo    330.00    330.00    853.90    853.90      0.00      0.00      0.00      0.00
13:19:32         eth0      1.00      0.00      0.20      0.00      0.00      0.00      1.00      0.00

13:19:32        CPU     %user     %nice   %system   %iowait    %steal     %idle
13:19:33        all     18.74      0.00      4.53      0.06      0.00     76.67

13:19:32          tps      rtps      wtps      dtps   bread/s   bwrtn/s   bdscd/s
13:19:33         4.00      0.00      4.00      0.00      0.00    256.00      0.00

13:19:32    kbmemfree   kbavail kbmemused  %memused kbbuffers  kbcached  kbcommit   %commit  kbactive   kbinact   kbdirty
13:19:33      2314416   3262644   4330376     54.27     86692    992476   7337304     72.82    546740   4533352      3836

13:19:32          DEV       tps     rkB/s     wkB/s     dkB/s   areq-sz    aqu-sz     await     %util
13:19:33          sda      0.00      0.00      0.00      0.00      0.00      0.00      0.00      0.00
13:19:33          sdb      0.00      0.00      0.00      0.00      0.00      0.00      0.00      0.00
13:19:33          sdc      4.00      0.00    128.00      0.00     32.00      0.00      1.00      3.00

13:19:32        IFACE   rxpck/s   txpck/s    rxkB/s    txkB/s   rxcmp/s   txcmp/s  rxmcst/s   %ifutil
13:19:33           lo     91.00     91.00    441.77    441.77      0.00      0.00      0.00      0.00
13:19:33         eth0      0.00      0.00      0.00      0.00      0.00      0.00      0.00      0.00

13:19:33        CPU     %user     %nice   %system   %iowait    %steal     %idle
13:19:34        all      3.29      0.00      1.68      0.12      0.00     94.90

13:19:33          tps      rtps      wtps      dtps   bread/s   bwrtn/s   bdscd/s
13:19:34        27.00      1.00     26.00      0.00      8.00    112.00      0.00

13:19:33    kbmemfree   kbavail kbmemused  %memused kbbuffers  kbcached  kbcommit   %commit  kbactive   kbinact   kbdirty
13:19:34      2297192   3245408   4347632     54.49     86692    992504   7445044     73.89    546740   4563188      3864

13:19:33          DEV       tps     rkB/s     wkB/s     dkB/s   areq-sz    aqu-sz     await     %util
13:19:34          sda      0.00      0.00      0.00      0.00      0.00      0.00      0.00      0.00
13:19:34          sdb      0.00      0.00      0.00      0.00      0.00      0.00      0.00      0.00
13:19:34          sdc     27.00      4.00     56.00      0.00      2.22      0.04      0.81     10.00

13:19:33        IFACE   rxpck/s   txpck/s    rxkB/s    txkB/s   rxcmp/s   txcmp/s  rxmcst/s   %ifutil
13:19:34           lo    190.00    190.00    458.26    458.26      0.00      0.00      0.00      0.00
13:19:34         eth0      0.00      0.00      0.00      0.00      0.00      0.00      0.00      0.00

13:19:34        CPU     %user     %nice   %system   %iowait    %steal     %idle
13:19:35        all      0.62      0.00      0.44      0.25      0.00     98.69

13:19:34          tps      rtps      wtps      dtps   bread/s   bwrtn/s   bdscd/s
13:19:35        41.00      0.00     11.00     30.00      0.00    984.00   3936.00

13:19:34    kbmemfree   kbavail kbmemused  %memused kbbuffers  kbcached  kbcommit   %commit  kbactive   kbinact   kbdirty
13:19:35      2525972   3473264   4120128     51.63     86704    992136   6989016     69.36    546684   4334852      3564

13:19:34          DEV       tps     rkB/s     wkB/s     dkB/s   areq-sz    aqu-sz     await     %util
13:19:35          sda      0.00      0.00      0.00      0.00      0.00      0.00      0.00      0.00
13:19:35          sdb      0.00      0.00      0.00      0.00      0.00      0.00      0.00      0.00
13:19:35          sdc     41.00      0.00    492.00   1968.00     60.00      0.08      1.10      9.00

13:19:34        IFACE   rxpck/s   txpck/s    rxkB/s    txkB/s   rxcmp/s   txcmp/s  rxmcst/s   %ifutil
13:19:35           lo     58.00     58.00    428.20    428.20      0.00      0.00      0.00      0.00
13:19:35         eth0      1.00      1.00      0.09      0.09      0.00      0.00      0.00      0.00

13:19:35        CPU     %user     %nice   %system   %iowait    %steal     %idle
13:19:36        all      0.25      0.00      0.19      0.00      0.00     99.56

13:19:35          tps      rtps      wtps      dtps   bread/s   bwrtn/s   bdscd/s
13:19:36         0.00      0.00      0.00      0.00      0.00      0.00      0.00

13:19:35    kbmemfree   kbavail kbmemused  %memused kbbuffers  kbcached  kbcommit   %commit  kbactive   kbinact   kbdirty
13:19:36      2525524   3472800   4120588     51.64     86704    992156   6989080     69.36    546684   4334832      3676

13:19:35          DEV       tps     rkB/s     wkB/s     dkB/s   areq-sz    aqu-sz     await     %util
13:19:36          sda      0.00      0.00      0.00      0.00      0.00      0.00      0.00      0.00
13:19:36          sdb      0.00      0.00      0.00      0.00      0.00      0.00      0.00      0.00
13:19:36          sdc      0.00      0.00      0.00      0.00      0.00      0.00      0.00      0.00

13:19:35        IFACE   rxpck/s   txpck/s    rxkB/s    txkB/s   rxcmp/s   txcmp/s  rxmcst/s   %ifutil
13:19:36           lo     31.00     31.00    423.66    423.66      0.00      0.00      0.00      0.00
13:19:36         eth0      0.00      0.00      0.00      0.00      0.00      0.00      0.00      0.00

13:19:36        CPU     %user     %nice   %system   %iowait    %steal     %idle
13:19:37        all      0.62      0.00      0.31      0.12      0.00     98.94

13:19:36          tps      rtps      wtps      dtps   bread/s   bwrtn/s   bdscd/s
13:19:37        18.00      0.00     18.00      0.00      0.00     72.00      0.00

13:19:36    kbmemfree   kbavail kbmemused  %memused kbbuffers  kbcached  kbcommit   %commit  kbactive   kbinact   kbdirty
13:19:37      2390456   3338068   4255336     53.33     86704    992476   6989604     69.37    546700   4337584      3996

13:19:36          DEV       tps     rkB/s     wkB/s     dkB/s   areq-sz    aqu-sz     await     %util
13:19:37          sda      0.00      0.00      0.00      0.00      0.00      0.00      0.00      0.00
13:19:37          sdb      0.00      0.00      0.00      0.00      0.00      0.00      0.00      0.00
13:19:37          sdc     18.00      0.00     36.00      0.00      2.00      0.03      0.89      6.00

13:19:36        IFACE   rxpck/s   txpck/s    rxkB/s    txkB/s   rxcmp/s   txcmp/s  rxmcst/s   %ifutil
13:19:37           lo    167.00    167.00   1154.61   1154.61      0.00      0.00      0.00      0.00
13:19:37         eth0      0.00      0.00      0.00      0.00      0.00      0.00      0.00      0.00

13:19:37        CPU     %user     %nice   %system   %iowait    %steal     %idle
13:19:38        all      0.31      0.00      0.31      0.13      0.00     99.25

13:19:37          tps      rtps      wtps      dtps   bread/s   bwrtn/s   bdscd/s
13:19:38       202.00      0.00    202.00      0.00      0.00   7840.00      0.00

13:19:37    kbmemfree   kbavail kbmemused  %memused kbbuffers  kbcached  kbcommit   %commit  kbactive   kbinact   kbdirty
13:19:38      2520408   3468096   4125388     51.70     86704    992544   6989412     69.36    546700   4336860       124

13:19:37          DEV       tps     rkB/s     wkB/s     dkB/s   areq-sz    aqu-sz     await     %util
13:19:38          sda      0.00      0.00      0.00      0.00      0.00      0.00      0.00      0.00
13:19:38          sdb      0.00      0.00      0.00      0.00      0.00      0.00      0.00      0.00
13:19:38          sdc    202.00      0.00   3920.00      0.00     19.41      0.60      2.92      4.00

13:19:37        IFACE   rxpck/s   txpck/s    rxkB/s    txkB/s   rxcmp/s   txcmp/s  rxmcst/s   %ifutil
13:19:38           lo     47.00     47.00    427.08    427.08      0.00      0.00      0.00      0.00
13:19:38         eth0      0.00      0.00      0.00      0.00      0.00      0.00      0.00      0.00

13:19:38        CPU     %user     %nice   %system   %iowait    %steal     %idle
13:19:39        all      0.06      0.00      0.06      0.00      0.00     99.87

13:19:38          tps      rtps      wtps      dtps   bread/s   bwrtn/s   bdscd/s
13:19:39         2.00      0.00      2.00      0.00      0.00      8.00      0.00

13:19:38    kbmemfree   kbavail kbmemused  %memused kbbuffers  kbcached  kbcommit   %commit  kbactive   kbinact   kbdirty
13:19:39      2525276   3472988   4120516     51.64     86704    992564   6964620     69.12    546700   4333044       160

13:19:38          DEV       tps     rkB/s     wkB/s     dkB/s   areq-sz    aqu-sz     await     %util
13:19:39          sda      0.00      0.00      0.00      0.00      0.00      0.00      0.00      0.00
13:19:39          sdb      0.00      0.00      0.00      0.00      0.00      0.00      0.00      0.00
13:19:39          sdc      2.00      0.00      4.00      0.00      2.00      0.00      1.50      2.00

13:19:38        IFACE   rxpck/s   txpck/s    rxkB/s    txkB/s   rxcmp/s   txcmp/s  rxmcst/s   %ifutil
13:19:39           lo     27.00     27.00    422.93    422.93      0.00      0.00      0.00      0.00
13:19:39         eth0      0.00      0.00      0.00      0.00      0.00      0.00      0.00      0.00

13:19:39        CPU     %user     %nice   %system   %iowait    %steal     %idle
13:19:40        all      1.69      0.00      0.81      0.19      0.00     97.31

13:19:39          tps      rtps      wtps      dtps   bread/s   bwrtn/s   bdscd/s
13:19:40        26.00      1.00     24.00      1.00      8.00    856.00      8.00

13:19:39    kbmemfree   kbavail kbmemused  %memused kbbuffers  kbcached  kbcommit   %commit  kbactive   kbinact   kbdirty
13:19:40      2454804   3402812   4190676     52.52     86716    992864   7186240     71.32    546700   4383136       840

13:19:39          DEV       tps     rkB/s     wkB/s     dkB/s   areq-sz    aqu-sz     await     %util
13:19:40          sda      0.00      0.00      0.00      0.00      0.00      0.00      0.00      0.00
13:19:40          sdb      0.00      0.00      0.00      0.00      0.00      0.00      0.00      0.00
13:19:40          sdc     26.00      4.00    428.00      4.00     16.77      0.04      1.00     10.00

13:19:39        IFACE   rxpck/s   txpck/s    rxkB/s    txkB/s   rxcmp/s   txcmp/s  rxmcst/s   %ifutil
13:19:40           lo    132.00    132.00    718.67    718.67      0.00      0.00      0.00      0.00
13:19:40         eth0      2.00      2.00      0.08      0.08      0.00      0.00      0.00      0.00

13:19:40        CPU     %user     %nice   %system   %iowait    %steal     %idle
13:19:41        all      0.00      0.00      0.00      0.00      0.00    100.00

13:19:40          tps      rtps      wtps      dtps   bread/s   bwrtn/s   bdscd/s
13:19:41         0.00      0.00      0.00      0.00      0.00      0.00      0.00

13:19:40    kbmemfree   kbavail kbmemused  %memused kbbuffers  kbcached  kbcommit   %commit  kbactive   kbinact   kbdirty
13:19:41      2462040   3409328   4184164     52.44     86716    992140   7186228     71.32    546712   4382460       848

13:19:40          DEV       tps     rkB/s     wkB/s     dkB/s   areq-sz    aqu-sz     await     %util
13:19:41          sda      0.00      0.00      0.00      0.00      0.00      0.00      0.00      0.00
13:19:41          sdb      0.00      0.00      0.00      0.00      0.00      0.00      0.00      0.00
13:19:41          sdc      0.00      0.00      0.00      0.00      0.00      0.00      0.00      0.00

13:19:40        IFACE   rxpck/s   txpck/s    rxkB/s    txkB/s   rxcmp/s   txcmp/s  rxmcst/s   %ifutil
13:19:41           lo     24.00     24.00    422.69    422.69      0.00      0.00      0.00      0.00
13:19:41         eth0      0.00      0.00      0.00      0.00      0.00      0.00      0.00      0.00

13:19:41        CPU     %user     %nice   %system   %iowait    %steal     %idle
13:19:42        all      0.25      0.00      0.19      0.06      0.00     99.50

13:19:41          tps      rtps      wtps      dtps   bread/s   bwrtn/s   bdscd/s
13:19:42         8.00      0.00      8.00      0.00      0.00     32.00      0.00

13:19:41    kbmemfree   kbavail kbmemused  %memused kbbuffers  kbcached  kbcommit   %commit  kbactive   kbinact   kbdirty
13:19:42      2461368   3408480   4185004     52.45     86716    991972   7186216     71.32    546696   4382176       876

13:19:41          DEV       tps     rkB/s     wkB/s     dkB/s   areq-sz    aqu-sz     await     %util
13:19:42          sda      0.00      0.00      0.00      0.00      0.00      0.00      0.00      0.00
13:19:42          sdb      0.00      0.00      0.00      0.00      0.00      0.00      0.00      0.00
13:19:42          sdc      8.00      0.00     16.00      0.00      2.00      0.01      1.12      2.00

13:19:41        IFACE   rxpck/s   txpck/s    rxkB/s    txkB/s   rxcmp/s   txcmp/s  rxmcst/s   %ifutil
13:19:42           lo     45.00     45.00    425.06    425.06      0.00      0.00      0.00      0.00
13:19:42         eth0      0.00      0.00      0.00      0.00      0.00      0.00      0.00      0.00

13:19:42        CPU     %user     %nice   %system   %iowait    %steal     %idle
13:19:43        all      0.87      0.00      0.31      0.06      0.00     98.75

13:19:42          tps      rtps      wtps      dtps   bread/s   bwrtn/s   bdscd/s
13:19:43        10.00      0.00     10.00      0.00      0.00     40.00      0.00

13:19:42    kbmemfree   kbavail kbmemused  %memused kbbuffers  kbcached  kbcommit   %commit  kbactive   kbinact   kbdirty
13:19:43      2460444   3407832   4185652     52.46     86716    992248   7186204     71.32    546696   4382396      1152

13:19:42          DEV       tps     rkB/s     wkB/s     dkB/s   areq-sz    aqu-sz     await     %util
13:19:43          sda      0.00      0.00      0.00      0.00      0.00      0.00      0.00      0.00
13:19:43          sdb      0.00      0.00      0.00      0.00      0.00      0.00      0.00      0.00
13:19:43          sdc     10.00      0.00     20.00      0.00      2.00      0.02      1.00      3.00

13:19:42        IFACE   rxpck/s   txpck/s    rxkB/s    txkB/s   rxcmp/s   txcmp/s  rxmcst/s   %ifutil
13:19:43           lo     96.00     96.00    696.87    696.87      0.00      0.00      0.00      0.00
13:19:43         eth0      0.00      0.00      0.00      0.00      0.00      0.00      0.00      0.00

13:19:43        CPU     %user     %nice   %system   %iowait    %steal     %idle
13:19:44        all      0.25      0.00      0.25      0.00      0.00     99.50

13:19:43          tps      rtps      wtps      dtps   bread/s   bwrtn/s   bdscd/s
13:19:44         0.00      0.00      0.00      0.00      0.00      0.00      0.00

13:19:43    kbmemfree   kbavail kbmemused  %memused kbbuffers  kbcached  kbcommit   %commit  kbactive   kbinact   kbdirty
13:19:44      2461260   3408668   4184824     52.45     86716    992260   7166748     71.12    546696   4387232      1164

13:19:43          DEV       tps     rkB/s     wkB/s     dkB/s   areq-sz    aqu-sz     await     %util
13:19:44          sda      0.00      0.00      0.00      0.00      0.00      0.00      0.00      0.00
13:19:44          sdb      0.00      0.00      0.00      0.00      0.00      0.00      0.00      0.00
13:19:44          sdc      0.00      0.00      0.00      0.00      0.00      0.00      0.00      0.00

13:19:43        IFACE   rxpck/s   txpck/s    rxkB/s    txkB/s   rxcmp/s   txcmp/s  rxmcst/s   %ifutil
13:19:44           lo     39.00     39.00    425.19    425.19      0.00      0.00      0.00      0.00
13:19:44         eth0      8.00      0.00      1.24      0.00      0.00      0.00      8.00      0.00

13:19:44        CPU     %user     %nice   %system   %iowait    %steal     %idle
13:19:45        all      0.50      0.00      0.44      0.12      0.00     98.94

13:19:44          tps      rtps      wtps      dtps   bread/s   bwrtn/s   bdscd/s
13:19:45        17.82      0.00      1.98     15.84      0.00    538.61   3310.89

13:19:44    kbmemfree   kbavail kbmemused  %memused kbbuffers  kbcached  kbcommit   %commit  kbactive   kbinact   kbdirty
13:19:45      2974876   3922108   3671528     46.01     86728    992180   6496044     64.47    546676   3879344      1292

13:19:44          DEV       tps     rkB/s     wkB/s     dkB/s   areq-sz    aqu-sz     await     %util
13:19:45          sda      0.00      0.00      0.00      0.00      0.00      0.00      0.00      0.00
13:19:45          sdb      0.00      0.00      0.00      0.00      0.00      0.00      0.00      0.00
13:19:45          sdc     17.82      0.00    269.31   1655.45    108.00      0.01      0.33      1.98

13:19:44        IFACE   rxpck/s   txpck/s    rxkB/s    txkB/s   rxcmp/s   txcmp/s  rxmcst/s   %ifutil
13:19:45           lo     42.57     42.57    421.54    421.54      0.00      0.00      0.00      0.00
13:19:45         eth0      3.96      0.00      1.47      0.00      0.00      0.00      3.96      0.00

13:19:45        CPU     %user     %nice   %system   %iowait    %steal     %idle
13:19:46        all      8.63      0.00      2.63      0.00      0.00     88.74

13:19:45          tps      rtps      wtps      dtps   bread/s   bwrtn/s   bdscd/s
13:19:46         0.00      0.00      0.00      0.00      0.00      0.00      0.00

13:19:45    kbmemfree   kbavail kbmemused  %memused kbbuffers  kbcached  kbcommit   %commit  kbactive   kbinact   kbdirty
13:19:46      2883844   3831268   3762404     47.15     86728    992244   6795052     67.43    546556   3973488      1984

13:19:45          DEV       tps     rkB/s     wkB/s     dkB/s   areq-sz    aqu-sz     await     %util
13:19:46          sda      0.00      0.00      0.00      0.00      0.00      0.00      0.00      0.00
13:19:46          sdb      0.00      0.00      0.00      0.00      0.00      0.00      0.00      0.00
13:19:46          sdc      0.00      0.00      0.00      0.00      0.00      0.00      0.00      0.00

13:19:45        IFACE   rxpck/s   txpck/s    rxkB/s    txkB/s   rxcmp/s   txcmp/s  rxmcst/s   %ifutil
13:19:46           lo    170.00    170.00    978.80    978.80      0.00      0.00      0.00      0.00
13:19:46         eth0      0.00      0.00      0.00      0.00      0.00      0.00      0.00      0.00

13:19:46        CPU     %user     %nice   %system   %iowait    %steal     %idle
13:19:47        all     14.36      0.00      2.17      0.00      0.00     83.48

13:19:46          tps      rtps      wtps      dtps   bread/s   bwrtn/s   bdscd/s
13:19:47         0.00      0.00      0.00      0.00      0.00      0.00      0.00

13:19:46    kbmemfree   kbavail kbmemused  %memused kbbuffers  kbcached  kbcommit   %commit  kbactive   kbinact   kbdirty
13:19:47      2687560   3635016   3958656     49.61     86728    992276   6998436     69.45    546704   4171648      2016

13:19:46          DEV       tps     rkB/s     wkB/s     dkB/s   areq-sz    aqu-sz     await     %util
13:19:47          sda      0.00      0.00      0.00      0.00      0.00      0.00      0.00      0.00
13:19:47          sdb      0.00      0.00      0.00      0.00      0.00      0.00      0.00      0.00
13:19:47          sdc      0.00      0.00      0.00      0.00      0.00      0.00      0.00      0.00

13:19:46        IFACE   rxpck/s   txpck/s    rxkB/s    txkB/s   rxcmp/s   txcmp/s  rxmcst/s   %ifutil
13:19:47           lo     86.00     86.00    430.55    430.55      0.00      0.00      0.00      0.00
13:19:47         eth0      0.00      0.00      0.00      0.00      0.00      0.00      0.00      0.00

13:19:47        CPU     %user     %nice   %system   %iowait    %steal     %idle
13:19:48        all     22.64      0.00      1.97      0.00      0.00     75.39

13:19:47          tps      rtps      wtps      dtps   bread/s   bwrtn/s   bdscd/s
13:19:48        64.00      0.00     64.00      0.00      0.00   3568.00      0.00

13:19:47    kbmemfree   kbavail kbmemused  %memused kbbuffers  kbcached  kbcommit   %commit  kbactive   kbinact   kbdirty
13:19:48      2495220   3442700   4150968     52.02     86728    992300   7174864     71.20    546704   4360832       136

13:19:47          DEV       tps     rkB/s     wkB/s     dkB/s   areq-sz    aqu-sz     await     %util
13:19:48          sda      0.00      0.00      0.00      0.00      0.00      0.00      0.00      0.00
13:19:48          sdb      0.00      0.00      0.00      0.00      0.00      0.00      0.00      0.00
13:19:48          sdc     64.00      0.00   1784.00      0.00     27.88      0.14      2.25      1.00

13:19:47        IFACE   rxpck/s   txpck/s    rxkB/s    txkB/s   rxcmp/s   txcmp/s  rxmcst/s   %ifutil
13:19:48           lo     21.00     21.00    422.48    422.48      0.00      0.00      0.00      0.00
13:19:48         eth0      0.00      0.00      0.00      0.00      0.00      0.00      0.00      0.00

13:19:48        CPU     %user     %nice   %system   %iowait    %steal     %idle
13:19:49        all      7.89      0.00      0.87      0.00      0.00     91.24

13:19:48          tps      rtps      wtps      dtps   bread/s   bwrtn/s   bdscd/s
13:19:49        12.00      0.00     12.00      0.00      0.00     48.00      0.00

13:19:48    kbmemfree   kbavail kbmemused  %memused kbbuffers  kbcached  kbcommit   %commit  kbactive   kbinact   kbdirty
13:19:49      2481724   3429516   4164140     52.19     86728    992620   7194708     71.40    546704   4374508       496

13:19:48          DEV       tps     rkB/s     wkB/s     dkB/s   areq-sz    aqu-sz     await     %util
13:19:49          sda      0.00      0.00      0.00      0.00      0.00      0.00      0.00      0.00
13:19:49          sdb      0.00      0.00      0.00      0.00      0.00      0.00      0.00      0.00
13:19:49          sdc     12.00      0.00     24.00      0.00      2.00      0.02      0.92      4.00

13:19:48        IFACE   rxpck/s   txpck/s    rxkB/s    txkB/s   rxcmp/s   txcmp/s  rxmcst/s   %ifutil
13:19:49           lo     92.00     92.00    731.35    731.35      0.00      0.00      0.00      0.00
13:19:49         eth0      0.00      0.00      0.00      0.00      0.00      0.00      0.00      0.00

13:19:49        CPU     %user     %nice   %system   %iowait    %steal     %idle
13:19:50        all      0.38      0.00      0.00      0.06      0.00     99.56

13:19:49          tps      rtps      wtps      dtps   bread/s   bwrtn/s   bdscd/s
13:19:50        32.00      0.00      4.00     28.00      0.00    952.00   5480.00

13:19:49    kbmemfree   kbavail kbmemused  %memused kbbuffers  kbcached  kbcommit   %commit  kbactive   kbinact   kbdirty
13:19:50      2479512   3427304   4166332     52.21     86740    992628   7195428     71.41    546704   4375132       956

13:19:49          DEV       tps     rkB/s     wkB/s     dkB/s   areq-sz    aqu-sz     await     %util
13:19:50          sda      0.00      0.00      0.00      0.00      0.00      0.00      0.00      0.00
13:19:50          sdb      0.00      0.00      0.00      0.00      0.00      0.00      0.00      0.00
13:19:50          sdc     32.00      0.00    476.00   2740.00    100.50      0.01      0.31      3.00

13:19:49        IFACE   rxpck/s   txpck/s    rxkB/s    txkB/s   rxcmp/s   txcmp/s  rxmcst/s   %ifutil
13:19:50           lo     39.00     39.00    424.65    424.65      0.00      0.00      0.00      0.00
13:19:50         eth0      0.00      0.00      0.00      0.00      0.00      0.00      0.00      0.00

13:19:50        CPU     %user     %nice   %system   %iowait    %steal     %idle
13:19:51        all     10.01      0.00      2.27      0.00      0.00     87.72

13:19:50          tps      rtps      wtps      dtps   bread/s   bwrtn/s   bdscd/s
13:19:51         0.00      0.00      0.00      0.00      0.00      0.00      0.00

13:19:50    kbmemfree   kbavail kbmemused  %memused kbbuffers  kbcached  kbcommit   %commit  kbactive   kbinact   kbdirty
13:19:51      2381428   3329492   4264112     53.44     86740    992760   7498572     74.42    546740   4478640      1084

13:19:50          DEV       tps     rkB/s     wkB/s     dkB/s   areq-sz    aqu-sz     await     %util
13:19:51          sda      0.00      0.00      0.00      0.00      0.00      0.00      0.00      0.00
13:19:51          sdb      0.00      0.00      0.00      0.00      0.00      0.00      0.00      0.00
13:19:51          sdc      0.00      0.00      0.00      0.00      0.00      0.00      0.00      0.00

13:19:50        IFACE   rxpck/s   txpck/s    rxkB/s    txkB/s   rxcmp/s   txcmp/s  rxmcst/s   %ifutil
13:19:51           lo     62.00     62.00    430.51    430.51      0.00      0.00      0.00      0.00
13:19:51         eth0      0.00      0.00      0.00      0.00      0.00      0.00      0.00      0.00

13:19:51        CPU     %user     %nice   %system   %iowait    %steal     %idle
13:19:52        all     15.68      0.00      3.47      0.00      0.00     80.86

13:19:51          tps      rtps      wtps      dtps   bread/s   bwrtn/s   bdscd/s
13:19:52         8.00      2.00      6.00      0.00     24.00     32.00      0.00

13:19:51    kbmemfree   kbavail kbmemused  %memused kbbuffers  kbcached  kbcommit   %commit  kbactive   kbinact   kbdirty
13:19:52      1858940   2807348   4786244     59.98     86740    993148   8023908     79.63    546752   5011464      1472

13:19:51          DEV       tps     rkB/s     wkB/s     dkB/s   areq-sz    aqu-sz     await     %util
13:19:52          sda      0.00      0.00      0.00      0.00      0.00      0.00      0.00      0.00
13:19:52          sdb      0.00      0.00      0.00      0.00      0.00      0.00      0.00      0.00
13:19:52          sdc      8.00     12.00     16.00      0.00      3.50      0.01      0.75      3.00

13:19:51        IFACE   rxpck/s   txpck/s    rxkB/s    txkB/s   rxcmp/s   txcmp/s  rxmcst/s   %ifutil
13:19:52           lo    118.00    118.00    446.33    446.33      0.00      0.00      0.00      0.00
13:19:52         eth0      0.00      0.00      0.00      0.00      0.00      0.00      0.00      0.00

13:19:52        CPU     %user     %nice   %system   %iowait    %steal     %idle
13:19:53        all      0.06      0.00      0.19      0.00      0.00     99.75

13:19:52          tps      rtps      wtps      dtps   bread/s   bwrtn/s   bdscd/s
13:19:53        83.00      0.00     83.00      0.00      0.00   1968.00      0.00

13:19:52    kbmemfree   kbavail kbmemused  %memused kbbuffers  kbcached  kbcommit   %commit  kbactive   kbinact   kbdirty
13:19:53      2494108   3442088   4151536     52.03     86740    992760   7200552     71.46    546736   4377880       112

13:19:52          DEV       tps     rkB/s     wkB/s     dkB/s   areq-sz    aqu-sz     await     %util
13:19:53          sda      0.00      0.00      0.00      0.00      0.00      0.00      0.00      0.00
13:19:53          sdb      0.00      0.00      0.00      0.00      0.00      0.00      0.00      0.00
13:19:53          sdc     83.00      0.00    984.00      0.00     11.86      0.16      1.90      2.00

13:19:52        IFACE   rxpck/s   txpck/s    rxkB/s    txkB/s   rxcmp/s   txcmp/s  rxmcst/s   %ifutil
13:19:53           lo     36.00     36.00    424.17    424.17      0.00      0.00      0.00      0.00
13:19:53         eth0      0.00      0.00      0.00      0.00      0.00      0.00      0.00      0.00

13:19:53        CPU     %user     %nice   %system   %iowait    %steal     %idle
13:19:54        all      0.25      0.00      0.00      0.00      0.00     99.75

13:19:53          tps      rtps      wtps      dtps   bread/s   bwrtn/s   bdscd/s
13:19:54         0.00      0.00      0.00      0.00      0.00      0.00      0.00

13:19:53    kbmemfree   kbavail kbmemused  %memused kbbuffers  kbcached  kbcommit   %commit  kbactive   kbinact   kbdirty
13:19:54      2493916   3441900   4151716     52.03     86740    992772   7200692     71.46    546736   4378064       180

13:19:53          DEV       tps     rkB/s     wkB/s     dkB/s   areq-sz    aqu-sz     await     %util
13:19:54          sda      0.00      0.00      0.00      0.00      0.00      0.00      0.00      0.00
13:19:54          sdb      0.00      0.00      0.00      0.00      0.00      0.00      0.00      0.00
13:19:54          sdc      0.00      0.00      0.00      0.00      0.00      0.00      0.00      0.00

13:19:53        IFACE   rxpck/s   txpck/s    rxkB/s    txkB/s   rxcmp/s   txcmp/s  rxmcst/s   %ifutil
13:19:54           lo     24.00     24.00    422.68    422.68      0.00      0.00      0.00      0.00
13:19:54         eth0      0.00      0.00      0.00      0.00      0.00      0.00      0.00      0.00

13:19:54        CPU     %user     %nice   %system   %iowait    %steal     %idle
13:19:55        all     11.38      0.00      2.63      0.00      0.00     85.99

13:19:54          tps      rtps      wtps      dtps   bread/s   bwrtn/s   bdscd/s
13:19:55         9.00      0.00      2.00      7.00      0.00    624.00    112.00

13:19:54    kbmemfree   kbavail kbmemused  %memused kbbuffers  kbcached  kbcommit   %commit  kbactive   kbinact   kbdirty
13:19:55      2361180   3309200   4284412     53.69     86752    992784   7504752     74.48    546744   4506672       452

13:19:54          DEV       tps     rkB/s     wkB/s     dkB/s   areq-sz    aqu-sz     await     %util
13:19:55          sda      0.00      0.00      0.00      0.00      0.00      0.00      0.00      0.00
13:19:55          sdb      0.00      0.00      0.00      0.00      0.00      0.00      0.00      0.00
13:19:55          sdc      9.00      0.00    312.00     56.00     40.89      0.01      0.56      1.00

13:19:54        IFACE   rxpck/s   txpck/s    rxkB/s    txkB/s   rxcmp/s   txcmp/s  rxmcst/s   %ifutil
13:19:55           lo     54.00     54.00    428.94    428.94      0.00      0.00      0.00      0.00
13:19:55         eth0      0.00      0.00      0.00      0.00      0.00      0.00      0.00      0.00

13:19:55        CPU     %user     %nice   %system   %iowait    %steal     %idle
13:19:56        all      7.90      0.00      1.07      0.06      0.00     90.97

13:19:55          tps      rtps      wtps      dtps   bread/s   bwrtn/s   bdscd/s
13:19:56        12.00      0.00     12.00      0.00      0.00     48.00      0.00

13:19:55    kbmemfree   kbavail kbmemused  %memused kbbuffers  kbcached  kbcommit   %commit  kbactive   kbinact   kbdirty
13:19:56      2257168   3205700   4387896     54.99     86752    993248   7655984     75.98    546776   4606040       948

13:19:55          DEV       tps     rkB/s     wkB/s     dkB/s   areq-sz    aqu-sz     await     %util
13:19:56          sda      0.00      0.00      0.00      0.00      0.00      0.00      0.00      0.00
13:19:56          sdb      0.00      0.00      0.00      0.00      0.00      0.00      0.00      0.00
13:19:56          sdc     12.00      0.00     24.00      0.00      2.00      0.02      0.92      5.00

13:19:55        IFACE   rxpck/s   txpck/s    rxkB/s    txkB/s   rxcmp/s   txcmp/s  rxmcst/s   %ifutil
13:19:56           lo    112.00    112.00    437.83    437.83      0.00      0.00      0.00      0.00
13:19:56         eth0      0.00      0.00      0.00      0.00      0.00      0.00      0.00      0.00

13:19:56        CPU     %user     %nice   %system   %iowait    %steal     %idle
13:19:57        all      1.13      0.00      0.50      0.06      0.00     98.31

13:19:56          tps      rtps      wtps      dtps   bread/s   bwrtn/s   bdscd/s
13:19:57        15.00      0.00     15.00      0.00      0.00    120.00      0.00

13:19:56    kbmemfree   kbavail kbmemused  %memused kbbuffers  kbcached  kbcommit   %commit  kbactive   kbinact   kbdirty
13:19:57      2486456   3434668   4159004     52.12     86752    992892   7203912     71.49    546772   4378300       612

13:19:56          DEV       tps     rkB/s     wkB/s     dkB/s   areq-sz    aqu-sz     await     %util
13:19:57          sda      0.00      0.00      0.00      0.00      0.00      0.00      0.00      0.00
13:19:57          sdb      0.00      0.00      0.00      0.00      0.00      0.00      0.00      0.00
13:19:57          sdc     15.00      0.00     60.00      0.00      4.00      0.02      0.67      5.00

13:19:56        IFACE   rxpck/s   txpck/s    rxkB/s    txkB/s   rxcmp/s   txcmp/s  rxmcst/s   %ifutil
13:19:57           lo     74.00     74.00    440.75    440.75      0.00      0.00      0.00      0.00
13:19:57         eth0      0.00      0.00      0.00      0.00      0.00      0.00      0.00      0.00

13:19:57        CPU     %user     %nice   %system   %iowait    %steal     %idle
13:19:58        all      0.63      0.00      0.13      0.13      0.00     99.12

13:19:57          tps      rtps      wtps      dtps   bread/s   bwrtn/s   bdscd/s
13:19:58        58.00      0.00     58.00      0.00      0.00    912.00      0.00

13:19:57    kbmemfree   kbavail kbmemused  %memused kbbuffers  kbcached  kbcommit   %commit  kbactive   kbinact   kbdirty
13:19:58      2486116   3434288   4159388     52.13     86752    992944   7205460     71.51    546772   4378776       168

13:19:57          DEV       tps     rkB/s     wkB/s     dkB/s   areq-sz    aqu-sz     await     %util
13:19:58          sda      0.00      0.00      0.00      0.00      0.00      0.00      0.00      0.00
13:19:58          sdb      0.00      0.00      0.00      0.00      0.00      0.00      0.00      0.00
13:19:58          sdc     58.00      0.00    456.00      0.00      7.86      0.08      1.24      7.00

13:19:57        IFACE   rxpck/s   txpck/s    rxkB/s    txkB/s   rxcmp/s   txcmp/s  rxmcst/s   %ifutil
13:19:58           lo    113.00    113.00    479.36    479.36      0.00      0.00      0.00      0.00
13:19:58         eth0      0.00      0.00      0.00      0.00      0.00      0.00      0.00      0.00

13:19:58        CPU     %user     %nice   %system   %iowait    %steal     %idle
13:19:59        all      0.38      0.00      0.13      0.00      0.00     99.50

13:19:58          tps      rtps      wtps      dtps   bread/s   bwrtn/s   bdscd/s
13:19:59        11.00      1.00     10.00      0.00      8.00     48.00      0.00

13:19:58    kbmemfree   kbavail kbmemused  %memused kbbuffers  kbcached  kbcommit   %commit  kbactive   kbinact   kbdirty
13:19:59      2485640   3434124   4159544     52.13     86752    993264   7205448     71.51    546772   4379184       508

13:19:58          DEV       tps     rkB/s     wkB/s     dkB/s   areq-sz    aqu-sz     await     %util
13:19:59          sda      0.00      0.00      0.00      0.00      0.00      0.00      0.00      0.00
13:19:59          sdb      0.00      0.00      0.00      0.00      0.00      0.00      0.00      0.00
13:19:59          sdc     11.00      4.00     24.00      0.00      2.55      0.02      0.91      3.00

13:19:58        IFACE   rxpck/s   txpck/s    rxkB/s    txkB/s   rxcmp/s   txcmp/s  rxmcst/s   %ifutil
13:19:59           lo    114.00    114.00   1034.79   1034.79      0.00      0.00      0.00      0.00
13:19:59         eth0      0.00      0.00      0.00      0.00      0.00      0.00      0.00      0.00

13:19:59        CPU     %user     %nice   %system   %iowait    %steal     %idle
13:20:00        all      0.00      0.00      0.00      0.06      0.00     99.94

13:19:59          tps      rtps      wtps      dtps   bread/s   bwrtn/s   bdscd/s
13:20:00         9.00      0.00      2.00      7.00      0.00    528.00    112.00

13:19:59    kbmemfree   kbavail kbmemused  %memused kbbuffers  kbcached  kbcommit   %commit  kbactive   kbinact   kbdirty
13:20:00      2485640   3434132   4159536     52.13     86764    993260   7205448     71.51    546772   4379120       760

13:19:59          DEV       tps     rkB/s     wkB/s     dkB/s   areq-sz    aqu-sz     await     %util
13:20:00          sda      0.00      0.00      0.00      0.00      0.00      0.00      0.00      0.00
13:20:00          sdb      0.00      0.00      0.00      0.00      0.00      0.00      0.00      0.00
13:20:00          sdc      9.00      0.00    264.00     56.00     35.56      0.01      0.44      1.00

13:19:59        IFACE   rxpck/s   txpck/s    rxkB/s    txkB/s   rxcmp/s   txcmp/s  rxmcst/s   %ifutil
13:20:00           lo     30.00     30.00    423.68    423.68      0.00      0.00      0.00      0.00
13:20:00         eth0      0.00      0.00      0.00      0.00      0.00      0.00      0.00      0.00

13:20:00        CPU     %user     %nice   %system   %iowait    %steal     %idle
13:20:01        all      0.19      0.00      0.06      0.13      0.00     99.62

13:20:00          tps      rtps      wtps      dtps   bread/s   bwrtn/s   bdscd/s
13:20:01        10.00      0.00     10.00      0.00      0.00     40.00      0.00

13:20:00    kbmemfree   kbavail kbmemused  %memused kbbuffers  kbcached  kbcommit   %commit  kbactive   kbinact   kbdirty
13:20:01      2483644   3432152   4161520     52.15     86764    993272   7205328     71.51    546772   4378552       780

13:20:00          DEV       tps     rkB/s     wkB/s     dkB/s   areq-sz    aqu-sz     await     %util
13:20:01          sda      0.00      0.00      0.00      0.00      0.00      0.00      0.00      0.00
13:20:01          sdb      0.00      0.00      0.00      0.00      0.00      0.00      0.00      0.00
13:20:01          sdc     10.00      0.00     20.00      0.00      2.00      0.02      0.90      3.00

13:20:00        IFACE   rxpck/s   txpck/s    rxkB/s    txkB/s   rxcmp/s   txcmp/s  rxmcst/s   %ifutil
13:20:01           lo     41.00     41.00    425.56    425.56      0.00      0.00      0.00      0.00
13:20:01         eth0      1.00      0.00      0.20      0.00      0.00      0.00      1.00      0.00

13:20:01        CPU     %user     %nice   %system   %iowait    %steal     %idle
13:20:02        all      1.31      0.00      0.31      0.00      0.00     98.38

13:20:01          tps      rtps      wtps      dtps   bread/s   bwrtn/s   bdscd/s
13:20:02         4.00      0.00      4.00      0.00      0.00     16.00      0.00

13:20:01    kbmemfree   kbavail kbmemused  %memused kbbuffers  kbcached  kbcommit   %commit  kbactive   kbinact   kbdirty
13:20:02      2489176   3436828   4156840     52.10     86764    992420   7192332     71.38    546776   4375148       796

13:20:01          DEV       tps     rkB/s     wkB/s     dkB/s   areq-sz    aqu-sz     await     %util
13:20:02          sda      0.00      0.00      0.00      0.00      0.00      0.00      0.00      0.00
13:20:02          sdb      0.00      0.00      0.00      0.00      0.00      0.00      0.00      0.00
13:20:02          sdc      4.00      0.00      8.00      0.00      2.00      0.01      2.00      2.00

13:20:01        IFACE   rxpck/s   txpck/s    rxkB/s    txkB/s   rxcmp/s   txcmp/s  rxmcst/s   %ifutil
13:20:02           lo     47.00     47.00    430.81    430.81      0.00      0.00      0.00      0.00
13:20:02         eth0      0.00      0.00      0.00      0.00      0.00      0.00      0.00      0.00
