2025-02-21 04:40:32,163 INFO client.DefaultNoHARMFailoverProxyProvider: Connecting to ResourceManager at localhost/127.0.0.1:8032
2025-02-21 04:40:32,454 INFO mapreduce.JobResourceUploader: Disabling Erasure Coding for path: /tmp/hadoop-yarn/staging/satkp/.staging/job_1740130328852_0003
2025-02-21 04:40:33,946 INFO input.FileInputFormat: Total input files to process : 300
2025-02-21 04:40:35,631 INFO mapreduce.JobSubmitter: number of splits:300
2025-02-21 04:40:36,956 INFO mapreduce.JobSubmitter: Submitting tokens for job: job_1740130328852_0003
2025-02-21 04:40:36,956 INFO mapreduce.JobSubmitter: Executing with tokens: []
2025-02-21 04:40:37,084 INFO conf.Configuration: resource-types.xml not found
2025-02-21 04:40:37,085 INFO resource.ResourceUtils: Unable to find 'resource-types.xml'.
2025-02-21 04:40:37,140 INFO impl.YarnClientImpl: Submitted application application_1740130328852_0003
2025-02-21 04:40:37,173 INFO mapreduce.Job: The url to track the job: http://Sathvik.:8088/proxy/application_1740130328852_0003/
2025-02-21 04:40:37,173 INFO mapreduce.Job: Running job: job_1740130328852_0003
2025-02-21 04:40:42,250 INFO mapreduce.Job: Job job_1740130328852_0003 running in uber mode : false
2025-02-21 04:40:42,251 INFO mapreduce.Job:  map 0% reduce 0%
2025-02-21 04:40:48,398 INFO mapreduce.Job:  map 1% reduce 0%
2025-02-21 04:40:49,414 INFO mapreduce.Job:  map 2% reduce 0%
2025-02-21 04:40:53,481 INFO mapreduce.Job:  map 3% reduce 0%
2025-02-21 04:40:54,493 INFO mapreduce.Job:  map 4% reduce 0%
2025-02-21 04:40:58,565 INFO mapreduce.Job:  map 5% reduce 0%
2025-02-21 04:40:59,579 INFO mapreduce.Job:  map 6% reduce 0%
2025-02-21 04:41:01,832 INFO mapreduce.Job:  map 7% reduce 0%
2025-02-21 04:41:03,885 INFO mapreduce.Job:  map 8% reduce 0%
2025-02-21 04:41:07,962 INFO mapreduce.Job:  map 9% reduce 0%
2025-02-21 04:41:09,991 INFO mapreduce.Job:  map 10% reduce 0%
2025-02-21 04:41:13,043 INFO mapreduce.Job:  map 11% reduce 0%
2025-02-21 04:41:16,094 INFO mapreduce.Job:  map 12% reduce 0%
2025-02-21 04:41:19,150 INFO mapreduce.Job:  map 13% reduce 0%
2025-02-21 04:41:22,182 INFO mapreduce.Job:  map 14% reduce 0%
2025-02-21 04:41:25,237 INFO mapreduce.Job:  map 15% reduce 0%
2025-02-21 04:41:28,275 INFO mapreduce.Job:  map 16% reduce 0%
2025-02-21 04:41:31,348 INFO mapreduce.Job:  map 17% reduce 0%
2025-02-21 04:41:32,513 INFO mapreduce.Job:  map 18% reduce 0%
2025-02-21 04:41:35,576 INFO mapreduce.Job:  map 19% reduce 0%
2025-02-21 04:41:38,605 INFO mapreduce.Job:  map 20% reduce 0%
2025-02-21 04:41:43,699 INFO mapreduce.Job:  map 21% reduce 0%
2025-02-21 04:41:44,708 INFO mapreduce.Job:  map 22% reduce 0%
2025-02-21 04:41:48,758 INFO mapreduce.Job:  map 23% reduce 7%
2025-02-21 04:41:50,780 INFO mapreduce.Job:  map 24% reduce 7%
2025-02-21 04:41:54,821 INFO mapreduce.Job:  map 25% reduce 8%
2025-02-21 04:41:57,868 INFO mapreduce.Job:  map 26% reduce 8%
2025-02-21 04:41:59,884 INFO mapreduce.Job:  map 27% reduce 8%
2025-02-21 04:42:00,896 INFO mapreduce.Job:  map 27% reduce 9%
2025-02-21 04:42:02,074 INFO mapreduce.Job:  map 28% reduce 9%
2025-02-21 04:42:04,101 INFO mapreduce.Job:  map 29% reduce 9%
2025-02-21 04:42:05,115 INFO mapreduce.Job:  map 29% reduce 10%
2025-02-21 04:42:08,166 INFO mapreduce.Job:  map 30% reduce 10%
2025-02-21 04:42:11,202 INFO mapreduce.Job:  map 31% reduce 10%
2025-02-21 04:42:14,244 INFO mapreduce.Job:  map 32% reduce 10%
2025-02-21 04:42:17,282 INFO mapreduce.Job:  map 33% reduce 11%
2025-02-21 04:42:19,318 INFO mapreduce.Job:  map 34% reduce 11%
2025-02-21 04:42:22,339 INFO mapreduce.Job:  map 35% reduce 11%
2025-02-21 04:42:25,367 INFO mapreduce.Job:  map 36% reduce 11%
2025-02-21 04:42:28,391 INFO mapreduce.Job:  map 37% reduce 11%
2025-02-21 04:42:29,399 INFO mapreduce.Job:  map 37% reduce 12%
2025-02-21 04:42:32,434 INFO mapreduce.Job:  map 38% reduce 12%
2025-02-21 04:42:31,541 INFO mapreduce.Job:  map 39% reduce 12%
2025-02-21 04:42:33,557 INFO mapreduce.Job:  map 39% reduce 13%
2025-02-21 04:42:35,581 INFO mapreduce.Job:  map 40% reduce 13%
2025-02-21 04:42:38,612 INFO mapreduce.Job:  map 41% reduce 13%
2025-02-21 04:42:41,644 INFO mapreduce.Job:  map 42% reduce 13%
2025-02-21 04:42:44,675 INFO mapreduce.Job:  map 43% reduce 13%
2025-02-21 04:42:45,686 INFO mapreduce.Job:  map 43% reduce 14%
2025-02-21 04:42:46,701 INFO mapreduce.Job:  map 44% reduce 14%
2025-02-21 04:42:50,739 INFO mapreduce.Job:  map 45% reduce 15%
2025-02-21 04:42:54,781 INFO mapreduce.Job:  map 46% reduce 15%
2025-02-21 04:42:55,791 INFO mapreduce.Job:  map 47% reduce 15%
2025-02-21 04:42:56,801 INFO mapreduce.Job:  map 47% reduce 16%
2025-02-21 04:42:59,846 INFO mapreduce.Job:  map 48% reduce 16%
2025-02-21 04:43:01,867 INFO mapreduce.Job:  map 49% reduce 16%
2025-02-21 04:43:03,988 INFO mapreduce.Job:  map 50% reduce 16%
2025-02-21 04:43:07,012 INFO mapreduce.Job:  map 51% reduce 17%
2025-02-21 04:43:09,023 INFO mapreduce.Job:  map 52% reduce 17%
2025-02-21 04:43:12,054 INFO mapreduce.Job:  map 53% reduce 17%
2025-02-21 04:43:13,062 INFO mapreduce.Job:  map 53% reduce 18%
2025-02-21 04:43:14,069 INFO mapreduce.Job:  map 54% reduce 18%
2025-02-21 04:43:17,091 INFO mapreduce.Job:  map 55% reduce 18%
2025-02-21 04:43:20,114 INFO mapreduce.Job:  map 56% reduce 18%
2025-02-21 04:43:22,133 INFO mapreduce.Job:  map 57% reduce 18%
2025-02-21 04:43:25,159 INFO mapreduce.Job:  map 57% reduce 19%
2025-02-21 04:43:27,171 INFO mapreduce.Job:  map 58% reduce 19%
2025-02-21 04:43:28,177 INFO mapreduce.Job:  map 59% reduce 19%
2025-02-21 04:43:30,188 INFO mapreduce.Job:  map 60% reduce 19%
2025-02-21 04:43:31,192 INFO mapreduce.Job:  map 60% reduce 20%
2025-02-21 04:43:32,198 INFO mapreduce.Job:  map 61% reduce 20%
2025-02-21 04:43:34,417 INFO mapreduce.Job:  map 62% reduce 20%
2025-02-21 04:43:35,423 INFO mapreduce.Job:  map 62% reduce 21%
2025-02-21 04:43:38,457 INFO mapreduce.Job:  map 63% reduce 21%
2025-02-21 04:43:39,465 INFO mapreduce.Job:  map 64% reduce 21%
2025-02-21 04:43:42,497 INFO mapreduce.Job:  map 65% reduce 21%
2025-02-21 04:43:43,506 INFO mapreduce.Job:  map 66% reduce 21%
2025-02-21 04:43:47,533 INFO mapreduce.Job:  map 67% reduce 22%
2025-02-21 04:43:51,568 INFO mapreduce.Job:  map 68% reduce 22%
2025-02-21 04:43:52,576 INFO mapreduce.Job:  map 69% reduce 22%
2025-02-21 04:43:53,585 INFO mapreduce.Job:  map 69% reduce 23%
2025-02-21 04:43:55,599 INFO mapreduce.Job:  map 70% reduce 23%
2025-02-21 04:43:58,624 INFO mapreduce.Job:  map 71% reduce 23%
2025-02-21 04:43:59,632 INFO mapreduce.Job:  map 71% reduce 24%
2025-02-21 04:44:01,642 INFO mapreduce.Job:  map 72% reduce 24%
2025-02-21 04:44:02,788 INFO mapreduce.Job:  map 73% reduce 24%
2025-02-21 04:44:03,793 INFO mapreduce.Job:  map 74% reduce 24%
2025-02-21 04:44:06,807 INFO mapreduce.Job:  map 75% reduce 24%
2025-02-21 04:44:08,816 INFO mapreduce.Job:  map 76% reduce 24%
2025-02-21 04:44:09,821 INFO mapreduce.Job:  map 76% reduce 25%
2025-02-21 04:44:11,833 INFO mapreduce.Job:  map 77% reduce 25%
2025-02-21 04:44:14,853 INFO mapreduce.Job:  map 78% reduce 25%
2025-02-21 04:44:15,860 INFO mapreduce.Job:  map 79% reduce 26%
2025-02-21 04:44:17,873 INFO mapreduce.Job:  map 80% reduce 26%
2025-02-21 04:44:21,894 INFO mapreduce.Job:  map 81% reduce 27%
2025-02-21 04:44:23,905 INFO mapreduce.Job:  map 82% reduce 27%
2025-02-21 04:44:25,915 INFO mapreduce.Job:  map 83% reduce 27%
2025-02-21 04:44:27,926 INFO mapreduce.Job:  map 83% reduce 28%
2025-02-21 04:44:28,930 INFO mapreduce.Job:  map 84% reduce 28%
2025-02-21 04:44:29,935 INFO mapreduce.Job:  map 85% reduce 28%
2025-02-21 04:44:32,950 INFO mapreduce.Job:  map 86% reduce 28%
2025-02-21 04:44:33,954 INFO mapreduce.Job:  map 86% reduce 29%
2025-02-21 04:44:34,959 INFO mapreduce.Job:  map 87% reduce 29%
2025-02-21 04:44:38,997 INFO mapreduce.Job:  map 88% reduce 29%
2025-02-21 04:44:41,006 INFO mapreduce.Job:  map 89% reduce 29%
2025-02-21 04:44:42,011 INFO mapreduce.Job:  map 90% reduce 29%
2025-02-21 04:44:45,026 INFO mapreduce.Job:  map 91% reduce 29%
2025-02-21 04:44:46,030 INFO mapreduce.Job:  map 92% reduce 30%
2025-02-21 04:44:48,352 INFO mapreduce.Job:  map 93% reduce 30%
2025-02-21 04:44:49,357 INFO mapreduce.Job:  map 93% reduce 31%
2025-02-21 04:44:50,363 INFO mapreduce.Job:  map 94% reduce 31%
2025-02-21 04:44:51,370 INFO mapreduce.Job:  map 95% reduce 31%
2025-02-21 04:44:54,386 INFO mapreduce.Job:  map 96% reduce 31%
2025-02-21 04:44:55,390 INFO mapreduce.Job:  map 97% reduce 32%
2025-02-21 04:44:59,412 INFO mapreduce.Job:  map 98% reduce 32%
2025-02-21 04:45:01,427 INFO mapreduce.Job:  map 99% reduce 33%
2025-02-21 04:45:03,444 INFO mapreduce.Job:  map 100% reduce 33%
2025-02-21 04:45:07,474 INFO mapreduce.Job:  map 100% reduce 100%
2025-02-21 04:45:11,500 INFO mapreduce.Job: Job job_1740130328852_0003 completed successfully
2025-02-21 04:45:11,595 INFO mapreduce.Job: Counters: 55
	File System Counters
		FILE: Number of bytes read=47088034
		FILE: Number of bytes written=187174053
		FILE: Number of read operations=0
		FILE: Number of large read operations=0
		FILE: Number of write operations=0
		HDFS: Number of bytes read=113881507
		HDFS: Number of bytes written=7317872
		HDFS: Number of read operations=905
		HDFS: Number of large read operations=0
		HDFS: Number of write operations=2
		HDFS: Number of bytes read erasure-coded=0
	Job Counters 
		Killed map tasks=1
		Launched map tasks=300
		Launched reduce tasks=1
		Data-local map tasks=300
		Total time spent by all maps in occupied slots (ms)=1082240
		Total time spent by all reduces in occupied slots (ms)=214455
		Total time spent by all map tasks (ms)=1082240
		Total time spent by all reduce tasks (ms)=214455
		Total vcore-milliseconds taken by all map tasks=1082240
		Total vcore-milliseconds taken by all reduce tasks=214455
		Total megabyte-milliseconds taken by all map tasks=1108213760
		Total megabyte-milliseconds taken by all reduce tasks=219601920
	Map-Reduce Framework
		Map input records=2257447
		Map output records=19408177
		Map output bytes=187984758
		Map output materialized bytes=47089828
		Input split bytes=40284
		Combine input records=19408177
		Combine output records=3273569
		Reduce input groups=602544
		Reduce shuffle bytes=47089828
		Reduce input records=3273569
		Reduce output records=602544
		Spilled Records=6547138
		Shuffled Maps =300
		Failed Shuffles=0
		Merged Map outputs=300
		GC time elapsed (ms)=69739
		CPU time spent (ms)=863640
		Physical memory (bytes) snapshot=131997622272
		Virtual memory (bytes) snapshot=781520277504
		Total committed heap usage (bytes)=120665931776
		Peak Map Physical memory (bytes)=521707520
		Peak Map Virtual memory (bytes)=2606104576
		Peak Reduce Physical memory (bytes)=415064064
		Peak Reduce Virtual memory (bytes)=2608934912
	Shuffle Errors
		BAD_ID=0
		CONNECTION=0
		IO_ERROR=0
		WRONG_LENGTH=0
		WRONG_MAP=0
		WRONG_REDUCE=0
	File Input Format Counters 
		Bytes Read=113841223
	File Output Format Counters 
		Bytes Written=7317872
