2025-02-21 02:02:58,360 INFO client.DefaultNoHARMFailoverProxyProvider: Connecting to ResourceManager at localhost/127.0.0.1:8032
2025-02-21 02:02:58,662 INFO mapreduce.JobResourceUploader: Disabling Erasure Coding for path: /tmp/hadoop-yarn/staging/satkp/.staging/job_1740110622879_0026
2025-02-21 02:03:00,122 INFO input.FileInputFormat: Total input files to process : 100
2025-02-21 02:03:00,114 INFO mapreduce.JobSubmitter: number of splits:100
2025-02-21 02:03:01,427 INFO mapreduce.JobSubmitter: Submitting tokens for job: job_1740110622879_0026
2025-02-21 02:03:01,427 INFO mapreduce.JobSubmitter: Executing with tokens: []
2025-02-21 02:03:01,575 INFO conf.Configuration: resource-types.xml not found
2025-02-21 02:03:01,575 INFO resource.ResourceUtils: Unable to find 'resource-types.xml'.
2025-02-21 02:03:01,658 INFO impl.YarnClientImpl: Submitted application application_1740110622879_0026
2025-02-21 02:03:01,700 INFO mapreduce.Job: The url to track the job: http://Sathvik.:8088/proxy/application_1740110622879_0026/
2025-02-21 02:03:01,700 INFO mapreduce.Job: Running job: job_1740110622879_0026
2025-02-21 02:03:06,784 INFO mapreduce.Job: Job job_1740110622879_0026 running in uber mode : false
2025-02-21 02:03:06,784 INFO mapreduce.Job:  map 0% reduce 0%
2025-02-21 02:03:12,954 INFO mapreduce.Job:  map 3% reduce 0%
2025-02-21 02:03:13,964 INFO mapreduce.Job:  map 6% reduce 0%
2025-02-21 02:03:17,010 INFO mapreduce.Job:  map 7% reduce 0%
2025-02-21 02:03:18,019 INFO mapreduce.Job:  map 12% reduce 0%
2025-02-21 02:03:20,039 INFO mapreduce.Job:  map 13% reduce 0%
2025-02-21 02:03:22,068 INFO mapreduce.Job:  map 18% reduce 0%
2025-02-21 02:03:25,105 INFO mapreduce.Job:  map 19% reduce 0%
2025-02-21 02:03:26,122 INFO mapreduce.Job:  map 21% reduce 0%
2025-02-21 02:03:27,129 INFO mapreduce.Job:  map 24% reduce 0%
2025-02-21 02:03:29,455 INFO mapreduce.Job:  map 28% reduce 0%
2025-02-21 02:03:30,464 INFO mapreduce.Job:  map 29% reduce 0%
2025-02-21 02:03:34,501 INFO mapreduce.Job:  map 34% reduce 0%
2025-02-21 02:03:38,549 INFO mapreduce.Job:  map 39% reduce 0%
2025-02-21 02:03:39,556 INFO mapreduce.Job:  map 39% reduce 13%
2025-02-21 02:03:42,620 INFO mapreduce.Job:  map 43% reduce 13%
2025-02-21 02:03:43,629 INFO mapreduce.Job:  map 44% reduce 13%
2025-02-21 02:03:45,653 INFO mapreduce.Job:  map 44% reduce 15%
2025-02-21 02:03:48,684 INFO mapreduce.Job:  map 49% reduce 15%
2025-02-21 02:03:51,732 INFO mapreduce.Job:  map 49% reduce 16%
2025-02-21 02:03:52,738 INFO mapreduce.Job:  map 54% reduce 16%
2025-02-21 02:03:57,784 INFO mapreduce.Job:  map 59% reduce 18%
2025-02-21 02:04:00,091 INFO mapreduce.Job:  map 64% reduce 18%
2025-02-21 02:04:02,102 INFO mapreduce.Job:  map 64% reduce 21%
2025-02-21 02:04:03,111 INFO mapreduce.Job:  map 65% reduce 21%
2025-02-21 02:04:05,121 INFO mapreduce.Job:  map 69% reduce 21%
2025-02-21 02:04:06,128 INFO mapreduce.Job:  map 70% reduce 21%
2025-02-21 02:04:08,144 INFO mapreduce.Job:  map 74% reduce 23%
2025-02-21 02:04:10,156 INFO mapreduce.Job:  map 75% reduce 23%
2025-02-21 02:04:13,177 INFO mapreduce.Job:  map 79% reduce 23%
2025-02-21 02:04:14,183 INFO mapreduce.Job:  map 80% reduce 25%
2025-02-21 02:04:18,210 INFO mapreduce.Job:  map 85% reduce 25%
2025-02-21 02:04:20,225 INFO mapreduce.Job:  map 85% reduce 28%
2025-02-21 02:04:22,242 INFO mapreduce.Job:  map 87% reduce 28%
2025-02-21 02:04:23,249 INFO mapreduce.Job:  map 90% reduce 28%
2025-02-21 02:04:26,293 INFO mapreduce.Job:  map 90% reduce 30%
2025-02-21 02:04:27,300 INFO mapreduce.Job:  map 91% reduce 30%
2025-02-21 02:04:28,305 INFO mapreduce.Job:  map 95% reduce 30%
2025-02-21 02:04:30,621 INFO mapreduce.Job:  map 100% reduce 32%
2025-02-21 02:04:32,632 INFO mapreduce.Job:  map 100% reduce 100%
2025-02-21 02:04:36,656 INFO mapreduce.Job: Job job_1740110622879_0026 completed successfully
2025-02-21 02:04:36,734 INFO mapreduce.Job: Counters: 55
	File System Counters
		FILE: Number of bytes read=11876
		FILE: Number of bytes written=31279033
		FILE: Number of read operations=0
		FILE: Number of large read operations=0
		FILE: Number of write operations=0
		HDFS: Number of bytes read=32654859
		HDFS: Number of bytes written=461
		HDFS: Number of read operations=305
		HDFS: Number of large read operations=0
		HDFS: Number of write operations=2
		HDFS: Number of bytes read erasure-coded=0
	Job Counters 
		Killed map tasks=1
		Launched map tasks=100
		Launched reduce tasks=1
		Data-local map tasks=100
		Total time spent by all maps in occupied slots (ms)=364392
		Total time spent by all reduces in occupied slots (ms)=65564
		Total time spent by all map tasks (ms)=364392
		Total time spent by all reduce tasks (ms)=65564
		Total vcore-milliseconds taken by all map tasks=364392
		Total vcore-milliseconds taken by all reduce tasks=65564
		Total megabyte-milliseconds taken by all map tasks=373137408
		Total megabyte-milliseconds taken by all reduce tasks=67137536
	Map-Reduce Framework
		Map input records=641966
		Map output records=8834
		Map output bytes=140727
		Map output materialized bytes=12470
		Input split bytes=13440
		Combine input records=8834
		Combine output records=659
		Reduce input groups=16
		Reduce shuffle bytes=12470
		Reduce input records=659
		Reduce output records=16
		Spilled Records=1318
		Shuffled Maps =100
		Failed Shuffles=0
		Merged Map outputs=100
		GC time elapsed (ms)=35053
		CPU time spent (ms)=205480
		Physical memory (bytes) snapshot=43932057600
		Virtual memory (bytes) snapshot=261569470464
		Total committed heap usage (bytes)=42916642816
		Peak Map Physical memory (bytes)=490598400
		Peak Map Virtual memory (bytes)=2594701312
		Peak Reduce Physical memory (bytes)=226181120
		Peak Reduce Virtual memory (bytes)=2596343808
	Shuffle Errors
		BAD_ID=0
		CONNECTION=0
		IO_ERROR=0
		WRONG_LENGTH=0
		WRONG_MAP=0
		WRONG_REDUCE=0
	File Input Format Counters 
		Bytes Read=32641419
	File Output Format Counters 
		Bytes Written=461
2025-02-21 02:04:36,763 INFO client.DefaultNoHARMFailoverProxyProvider: Connecting to ResourceManager at localhost/127.0.0.1:8032
2025-02-21 02:04:36,811 INFO mapreduce.JobResourceUploader: Disabling Erasure Coding for path: /tmp/hadoop-yarn/staging/satkp/.staging/job_1740110622879_0027
2025-02-21 02:04:38,052 INFO input.FileInputFormat: Total input files to process : 1
2025-02-21 02:04:39,699 INFO mapreduce.JobSubmitter: number of splits:1
2025-02-21 02:04:40,956 INFO mapreduce.JobSubmitter: Submitting tokens for job: job_1740110622879_0027
2025-02-21 02:04:40,956 INFO mapreduce.JobSubmitter: Executing with tokens: []
2025-02-21 02:04:40,979 INFO impl.YarnClientImpl: Submitted application application_1740110622879_0027
2025-02-21 02:04:40,987 INFO mapreduce.Job: The url to track the job: http://Sathvik.:8088/proxy/application_1740110622879_0027/
2025-02-21 02:04:40,987 INFO mapreduce.Job: Running job: job_1740110622879_0027
2025-02-21 02:04:47,096 INFO mapreduce.Job: Job job_1740110622879_0027 running in uber mode : false
2025-02-21 02:04:47,096 INFO mapreduce.Job:  map 0% reduce 0%
2025-02-21 02:04:51,139 INFO mapreduce.Job:  map 100% reduce 0%
2025-02-21 02:04:56,164 INFO mapreduce.Job:  map 100% reduce 100%
2025-02-21 02:04:59,191 INFO mapreduce.Job: Job job_1740110622879_0027 completed successfully
2025-02-21 02:04:59,225 INFO mapreduce.Job: Counters: 54
	File System Counters
		FILE: Number of bytes read=285
		FILE: Number of bytes written=618247
		FILE: Number of read operations=0
		FILE: Number of large read operations=0
		FILE: Number of write operations=0
		HDFS: Number of bytes read=591
		HDFS: Number of bytes written=185
		HDFS: Number of read operations=9
		HDFS: Number of large read operations=0
		HDFS: Number of write operations=2
		HDFS: Number of bytes read erasure-coded=0
	Job Counters 
		Launched map tasks=1
		Launched reduce tasks=1
		Data-local map tasks=1
		Total time spent by all maps in occupied slots (ms)=1752
		Total time spent by all reduces in occupied slots (ms)=2805
		Total time spent by all map tasks (ms)=1752
		Total time spent by all reduce tasks (ms)=2805
		Total vcore-milliseconds taken by all map tasks=1752
		Total vcore-milliseconds taken by all reduce tasks=2805
		Total megabyte-milliseconds taken by all map tasks=1794048
		Total megabyte-milliseconds taken by all reduce tasks=2872320
	Map-Reduce Framework
		Map input records=16
		Map output records=16
		Map output bytes=247
		Map output materialized bytes=285
		Input split bytes=130
		Combine input records=0
		Combine output records=0
		Reduce input groups=15
		Reduce shuffle bytes=285
		Reduce input records=16
		Reduce output records=16
		Spilled Records=32
		Shuffled Maps =1
		Failed Shuffles=0
		Merged Map outputs=1
		GC time elapsed (ms)=217
		CPU time spent (ms)=2030
		Physical memory (bytes) snapshot=721285120
		Virtual memory (bytes) snapshot=5184225280
		Total committed heap usage (bytes)=674758656
		Peak Map Physical memory (bytes)=481472512
		Peak Map Virtual memory (bytes)=2588618752
		Peak Reduce Physical memory (bytes)=239849472
		Peak Reduce Virtual memory (bytes)=2595606528
	Shuffle Errors
		BAD_ID=0
		CONNECTION=0
		IO_ERROR=0
		WRONG_LENGTH=0
		WRONG_MAP=0
		WRONG_REDUCE=0
	File Input Format Counters 
		Bytes Read=461
	File Output Format Counters 
		Bytes Written=185
