2025-02-21 13:20:07,560 INFO client.DefaultNoHARMFailoverProxyProvider: Connecting to ResourceManager at localhost/127.0.0.1:8032
2025-02-21 13:20:08,617 INFO mapreduce.JobResourceUploader: Disabling Erasure Coding for path: /tmp/hadoop-yarn/staging/satkp/.staging/job_1740161170175_0006
2025-02-21 13:20:10,047 INFO input.FileInputFormat: Total input files to process : 100
2025-02-21 13:20:11,705 INFO mapreduce.JobSubmitter: number of splits:100
2025-02-21 13:20:12,993 INFO mapreduce.JobSubmitter: Submitting tokens for job: job_1740161170175_0006
2025-02-21 13:20:12,994 INFO mapreduce.JobSubmitter: Executing with tokens: []
2025-02-21 13:20:13,129 INFO conf.Configuration: resource-types.xml not found
2025-02-21 13:20:13,129 INFO resource.ResourceUtils: Unable to find 'resource-types.xml'.
2025-02-21 13:20:13,196 INFO impl.YarnClientImpl: Submitted application application_1740161170175_0006
2025-02-21 13:20:13,223 INFO mapreduce.Job: The url to track the job: http://Sathvik.:8088/proxy/application_1740161170175_0006/
2025-02-21 13:20:13,223 INFO mapreduce.Job: Running job: job_1740161170175_0006
2025-02-21 13:20:17,306 INFO mapreduce.Job: Job job_1740161170175_0006 running in uber mode : false
2025-02-21 13:20:17,307 INFO mapreduce.Job:  map 0% reduce 0%
2025-02-21 13:20:23,404 INFO mapreduce.Job:  map 6% reduce 0%
2025-02-21 13:20:26,432 INFO mapreduce.Job:  map 7% reduce 0%
2025-02-21 13:20:27,440 INFO mapreduce.Job:  map 8% reduce 0%
2025-02-21 13:20:28,445 INFO mapreduce.Job:  map 12% reduce 0%
2025-02-21 13:20:29,451 INFO mapreduce.Job:  map 13% reduce 0%
2025-02-21 13:20:31,464 INFO mapreduce.Job:  map 18% reduce 0%
2025-02-21 13:20:32,470 INFO mapreduce.Job:  map 19% reduce 0%
2025-02-21 13:20:36,534 INFO mapreduce.Job:  map 25% reduce 0%
2025-02-21 13:20:39,551 INFO mapreduce.Job:  map 29% reduce 0%
2025-02-21 13:20:40,556 INFO mapreduce.Job:  map 30% reduce 0%
2025-02-21 13:20:44,375 INFO mapreduce.Job:  map 35% reduce 0%
2025-02-21 13:20:48,398 INFO mapreduce.Job:  map 40% reduce 0%
2025-02-21 13:20:52,429 INFO mapreduce.Job:  map 40% reduce 13%
2025-02-21 13:20:53,433 INFO mapreduce.Job:  map 45% reduce 13%
2025-02-21 13:20:56,451 INFO mapreduce.Job:  map 49% reduce 13%
2025-02-21 13:20:57,458 INFO mapreduce.Job:  map 50% reduce 16%
2025-02-21 13:20:59,471 INFO mapreduce.Job:  map 52% reduce 16%
2025-02-21 13:21:00,477 INFO mapreduce.Job:  map 55% reduce 16%
2025-02-21 13:21:02,488 INFO mapreduce.Job:  map 57% reduce 16%
2025-02-21 13:21:03,493 INFO mapreduce.Job:  map 59% reduce 19%
2025-02-21 13:21:04,499 INFO mapreduce.Job:  map 60% reduce 19%
2025-02-21 13:21:05,505 INFO mapreduce.Job:  map 62% reduce 19%
2025-02-21 13:21:06,512 INFO mapreduce.Job:  map 64% reduce 19%
2025-02-21 13:21:08,528 INFO mapreduce.Job:  map 67% reduce 19%
2025-02-21 13:21:09,532 INFO mapreduce.Job:  map 69% reduce 22%
2025-02-21 13:21:12,551 INFO mapreduce.Job:  map 72% reduce 22%
2025-02-21 13:21:13,558 INFO mapreduce.Job:  map 74% reduce 22%
2025-02-21 13:21:16,377 INFO mapreduce.Job:  map 74% reduce 25%
2025-02-21 13:21:17,383 INFO mapreduce.Job:  map 76% reduce 25%
2025-02-21 13:21:18,391 INFO mapreduce.Job:  map 79% reduce 25%
2025-02-21 13:21:21,410 INFO mapreduce.Job:  map 82% reduce 25%
2025-02-21 13:21:22,415 INFO mapreduce.Job:  map 84% reduce 27%
2025-02-21 13:21:24,428 INFO mapreduce.Job:  map 86% reduce 27%
2025-02-21 13:21:25,433 INFO mapreduce.Job:  map 89% reduce 27%
2025-02-21 13:21:27,448 INFO mapreduce.Job:  map 91% reduce 27%
2025-02-21 13:21:28,453 INFO mapreduce.Job:  map 94% reduce 30%
2025-02-21 13:21:29,458 INFO mapreduce.Job:  map 95% reduce 30%
2025-02-21 13:21:30,463 INFO mapreduce.Job:  map 96% reduce 30%
2025-02-21 13:21:32,472 INFO mapreduce.Job:  map 100% reduce 30%
2025-02-21 13:21:34,481 INFO mapreduce.Job:  map 100% reduce 100%
2025-02-21 13:21:38,503 INFO mapreduce.Job: Job job_1740161170175_0006 completed successfully
2025-02-21 13:21:38,581 INFO mapreduce.Job: Counters: 55
	File System Counters
		FILE: Number of bytes read=11876
		FILE: Number of bytes written=31278831
		FILE: Number of read operations=0
		FILE: Number of large read operations=0
		FILE: Number of write operations=0
		HDFS: Number of bytes read=32654859
		HDFS: Number of bytes written=461
		HDFS: Number of read operations=305
		HDFS: Number of large read operations=0
		HDFS: Number of write operations=2
		HDFS: Number of bytes read erasure-coded=0
	Job Counters 
		Killed map tasks=1
		Launched map tasks=100
		Launched reduce tasks=1
		Data-local map tasks=100
		Total time spent by all maps in occupied slots (ms)=294726
		Total time spent by all reduces in occupied slots (ms)=57484
		Total time spent by all map tasks (ms)=294726
		Total time spent by all reduce tasks (ms)=57484
		Total vcore-milliseconds taken by all map tasks=294726
		Total vcore-milliseconds taken by all reduce tasks=57484
		Total megabyte-milliseconds taken by all map tasks=301799424
		Total megabyte-milliseconds taken by all reduce tasks=58863616
	Map-Reduce Framework
		Map input records=641966
		Map output records=8834
		Map output bytes=140727
		Map output materialized bytes=12470
		Input split bytes=13440
		Combine input records=8834
		Combine output records=659
		Reduce input groups=16
		Reduce shuffle bytes=12470
		Reduce input records=659
		Reduce output records=16
		Spilled Records=1318
		Shuffled Maps =100
		Failed Shuffles=0
		Merged Map outputs=100
		GC time elapsed (ms)=21933
		CPU time spent (ms)=151720
		Physical memory (bytes) snapshot=42315882496
		Virtual memory (bytes) snapshot=261566418944
		Total committed heap usage (bytes)=40549482496
		Peak Map Physical memory (bytes)=494698496
		Peak Map Virtual memory (bytes)=2595241984
		Peak Reduce Physical memory (bytes)=237977600
		Peak Reduce Virtual memory (bytes)=2599354368
	Shuffle Errors
		BAD_ID=0
		CONNECTION=0
		IO_ERROR=0
		WRONG_LENGTH=0
		WRONG_MAP=0
		WRONG_REDUCE=0
	File Input Format Counters 
		Bytes Read=32641419
	File Output Format Counters 
		Bytes Written=461
2025-02-21 13:21:38,607 INFO client.DefaultNoHARMFailoverProxyProvider: Connecting to ResourceManager at localhost/127.0.0.1:8032
2025-02-21 13:21:38,660 INFO mapreduce.JobResourceUploader: Disabling Erasure Coding for path: /tmp/hadoop-yarn/staging/satkp/.staging/job_1740161170175_0007
2025-02-21 13:21:39,890 INFO input.FileInputFormat: Total input files to process : 1
2025-02-21 13:21:42,332 INFO mapreduce.JobSubmitter: number of splits:1
2025-02-21 13:21:42,773 INFO mapreduce.JobSubmitter: Submitting tokens for job: job_1740161170175_0007
2025-02-21 13:21:42,773 INFO mapreduce.JobSubmitter: Executing with tokens: []
2025-02-21 13:21:42,788 INFO impl.YarnClientImpl: Submitted application application_1740161170175_0007
2025-02-21 13:21:42,793 INFO mapreduce.Job: The url to track the job: http://Sathvik.:8088/proxy/application_1740161170175_0007/
2025-02-21 13:21:42,793 INFO mapreduce.Job: Running job: job_1740161170175_0007
2025-02-21 13:21:49,620 INFO mapreduce.Job: Job job_1740161170175_0007 running in uber mode : false
2025-02-21 13:21:49,620 INFO mapreduce.Job:  map 0% reduce 0%
2025-02-21 13:21:53,646 INFO mapreduce.Job:  map 100% reduce 0%
2025-02-21 13:21:58,672 INFO mapreduce.Job:  map 100% reduce 100%
2025-02-21 13:22:02,693 INFO mapreduce.Job: Job job_1740161170175_0007 completed successfully
2025-02-21 13:22:02,714 INFO mapreduce.Job: Counters: 54
	File System Counters
		FILE: Number of bytes read=285
		FILE: Number of bytes written=618243
		FILE: Number of read operations=0
		FILE: Number of large read operations=0
		FILE: Number of write operations=0
		HDFS: Number of bytes read=592
		HDFS: Number of bytes written=185
		HDFS: Number of read operations=9
		HDFS: Number of large read operations=0
		HDFS: Number of write operations=2
		HDFS: Number of bytes read erasure-coded=0
	Job Counters 
		Launched map tasks=1
		Launched reduce tasks=1
		Data-local map tasks=1
		Total time spent by all maps in occupied slots (ms)=1561
		Total time spent by all reduces in occupied slots (ms)=2656
		Total time spent by all map tasks (ms)=1561
		Total time spent by all reduce tasks (ms)=2656
		Total vcore-milliseconds taken by all map tasks=1561
		Total vcore-milliseconds taken by all reduce tasks=2656
		Total megabyte-milliseconds taken by all map tasks=1598464
		Total megabyte-milliseconds taken by all reduce tasks=2719744
	Map-Reduce Framework
		Map input records=16
		Map output records=16
		Map output bytes=247
		Map output materialized bytes=285
		Input split bytes=131
		Combine input records=0
		Combine output records=0
		Reduce input groups=15
		Reduce shuffle bytes=285
		Reduce input records=16
		Reduce output records=16
		Spilled Records=32
		Shuffled Maps =1
		Failed Shuffles=0
		Merged Map outputs=1
		GC time elapsed (ms)=174
		CPU time spent (ms)=1590
		Physical memory (bytes) snapshot=728854528
		Virtual memory (bytes) snapshot=5186551808
		Total committed heap usage (bytes)=684720128
		Peak Map Physical memory (bytes)=485531648
		Peak Map Virtual memory (bytes)=2589630464
		Peak Reduce Physical memory (bytes)=243322880
		Peak Reduce Virtual memory (bytes)=2596921344
	Shuffle Errors
		BAD_ID=0
		CONNECTION=0
		IO_ERROR=0
		WRONG_LENGTH=0
		WRONG_MAP=0
		WRONG_REDUCE=0
	File Input Format Counters 
		Bytes Read=461
	File Output Format Counters 
		Bytes Written=185
