2025-02-21 03:46:38,599 INFO client.DefaultNoHARMFailoverProxyProvider: Connecting to ResourceManager at localhost/127.0.0.1:8032
2025-02-21 03:46:38,900 INFO mapreduce.JobResourceUploader: Disabling Erasure Coding for path: /tmp/hadoop-yarn/staging/satkp/.staging/job_1740126767383_0004
2025-02-21 03:46:39,601 INFO input.FileInputFormat: Total input files to process : 300
2025-02-21 03:46:41,276 INFO mapreduce.JobSubmitter: number of splits:300
2025-02-21 03:46:42,596 INFO mapreduce.JobSubmitter: Submitting tokens for job: job_1740126767383_0004
2025-02-21 03:46:42,596 INFO mapreduce.JobSubmitter: Executing with tokens: []
2025-02-21 03:46:42,743 INFO conf.Configuration: resource-types.xml not found
2025-02-21 03:46:42,744 INFO resource.ResourceUtils: Unable to find 'resource-types.xml'.
2025-02-21 03:46:42,810 INFO impl.YarnClientImpl: Submitted application application_1740126767383_0004
2025-02-21 03:46:42,853 INFO mapreduce.Job: The url to track the job: http://Sathvik.:8088/proxy/application_1740126767383_0004/
2025-02-21 03:46:42,853 INFO mapreduce.Job: Running job: job_1740126767383_0004
2025-02-21 03:46:47,936 INFO mapreduce.Job: Job job_1740126767383_0004 running in uber mode : false
2025-02-21 03:46:47,937 INFO mapreduce.Job:  map 0% reduce 0%
2025-02-21 03:46:52,253 INFO mapreduce.Job:  map 1% reduce 0%
2025-02-21 03:46:53,261 INFO mapreduce.Job:  map 2% reduce 0%
2025-02-21 03:46:59,340 INFO mapreduce.Job:  map 4% reduce 0%
2025-02-21 03:47:06,546 INFO mapreduce.Job:  map 6% reduce 0%
2025-02-21 03:47:13,640 INFO mapreduce.Job:  map 8% reduce 0%
2025-02-21 03:47:19,953 INFO mapreduce.Job:  map 10% reduce 0%
2025-02-21 03:47:26,038 INFO mapreduce.Job:  map 11% reduce 0%
2025-02-21 03:47:27,064 INFO mapreduce.Job:  map 12% reduce 0%
2025-02-21 03:47:32,124 INFO mapreduce.Job:  map 14% reduce 0%
2025-02-21 03:47:38,183 INFO mapreduce.Job:  map 15% reduce 0%
2025-02-21 03:47:39,194 INFO mapreduce.Job:  map 16% reduce 0%
2025-02-21 03:47:45,271 INFO mapreduce.Job:  map 18% reduce 0%
2025-02-21 03:47:50,556 INFO mapreduce.Job:  map 19% reduce 0%
2025-02-21 03:47:51,566 INFO mapreduce.Job:  map 20% reduce 0%
2025-02-21 03:47:57,647 INFO mapreduce.Job:  map 22% reduce 0%
2025-02-21 03:48:04,746 INFO mapreduce.Job:  map 23% reduce 0%
2025-02-21 03:48:07,831 INFO mapreduce.Job:  map 23% reduce 8%
2025-02-21 03:48:09,871 INFO mapreduce.Job:  map 25% reduce 8%
2025-02-21 03:48:15,929 INFO mapreduce.Job:  map 26% reduce 8%
2025-02-21 03:48:16,937 INFO mapreduce.Job:  map 27% reduce 8%
2025-02-21 03:48:19,956 INFO mapreduce.Job:  map 27% reduce 9%
2025-02-21 03:48:20,159 INFO mapreduce.Job:  map 28% reduce 9%
2025-02-21 03:48:25,196 INFO mapreduce.Job:  map 29% reduce 9%
2025-02-21 03:48:26,201 INFO mapreduce.Job:  map 30% reduce 9%
2025-02-21 03:48:30,258 INFO mapreduce.Job:  map 30% reduce 10%
2025-02-21 03:48:31,270 INFO mapreduce.Job:  map 32% reduce 10%
2025-02-21 03:48:36,306 INFO mapreduce.Job:  map 32% reduce 11%
2025-02-21 03:48:37,323 INFO mapreduce.Job:  map 33% reduce 11%
2025-02-21 03:48:43,396 INFO mapreduce.Job:  map 35% reduce 11%
2025-02-21 03:48:47,426 INFO mapreduce.Job:  map 36% reduce 11%
2025-02-21 03:48:48,433 INFO mapreduce.Job:  map 37% reduce 12%
2025-02-21 03:48:51,628 INFO mapreduce.Job:  map 38% reduce 12%
2025-02-21 03:48:55,669 INFO mapreduce.Job:  map 39% reduce 12%
2025-02-21 03:48:56,676 INFO mapreduce.Job:  map 40% reduce 12%
2025-02-21 03:48:57,682 INFO mapreduce.Job:  map 40% reduce 13%
2025-02-21 03:49:00,703 INFO mapreduce.Job:  map 41% reduce 13%
2025-02-21 03:49:01,707 INFO mapreduce.Job:  map 42% reduce 13%
2025-02-21 03:49:03,722 INFO mapreduce.Job:  map 42% reduce 14%
2025-02-21 03:49:06,745 INFO mapreduce.Job:  map 43% reduce 14%
2025-02-21 03:49:10,769 INFO mapreduce.Job:  map 44% reduce 14%
2025-02-21 03:49:12,810 INFO mapreduce.Job:  map 45% reduce 14%
2025-02-21 03:49:15,829 INFO mapreduce.Job:  map 45% reduce 15%
2025-02-21 03:49:16,835 INFO mapreduce.Job:  map 46% reduce 15%
2025-02-21 03:49:18,846 INFO mapreduce.Job:  map 47% reduce 15%
2025-02-21 03:49:21,868 INFO mapreduce.Job:  map 47% reduce 16%
2025-02-21 03:49:20,989 INFO mapreduce.Job:  map 48% reduce 16%
2025-02-21 03:49:25,028 INFO mapreduce.Job:  map 49% reduce 16%
2025-02-21 03:49:27,064 INFO mapreduce.Job:  map 50% reduce 16%
2025-02-21 03:49:30,106 INFO mapreduce.Job:  map 51% reduce 16%
2025-02-21 03:49:32,120 INFO mapreduce.Job:  map 51% reduce 17%
2025-02-21 03:49:33,127 INFO mapreduce.Job:  map 52% reduce 17%
2025-02-21 03:49:36,153 INFO mapreduce.Job:  map 53% reduce 17%
2025-02-21 03:49:38,166 INFO mapreduce.Job:  map 53% reduce 18%
2025-02-21 03:49:40,178 INFO mapreduce.Job:  map 54% reduce 18%
2025-02-21 03:49:42,197 INFO mapreduce.Job:  map 55% reduce 18%
2025-02-21 03:49:45,215 INFO mapreduce.Job:  map 56% reduce 18%
2025-02-21 03:49:48,234 INFO mapreduce.Job:  map 57% reduce 18%
2025-02-21 03:49:50,250 INFO mapreduce.Job:  map 57% reduce 19%
2025-02-21 03:49:51,258 INFO mapreduce.Job:  map 58% reduce 19%
2025-02-21 03:49:51,457 INFO mapreduce.Job:  map 59% reduce 19%
2025-02-21 03:49:53,467 INFO mapreduce.Job:  map 60% reduce 19%
2025-02-21 03:49:54,473 INFO mapreduce.Job:  map 60% reduce 20%
2025-02-21 03:49:56,486 INFO mapreduce.Job:  map 61% reduce 20%
2025-02-21 03:50:01,522 INFO mapreduce.Job:  map 62% reduce 20%
2025-02-21 03:50:03,537 INFO mapreduce.Job:  map 63% reduce 20%
2025-02-21 03:50:06,554 INFO mapreduce.Job:  map 63% reduce 21%
2025-02-21 03:50:07,562 INFO mapreduce.Job:  map 64% reduce 21%
2025-02-21 03:50:08,569 INFO mapreduce.Job:  map 65% reduce 21%
2025-02-21 03:50:12,597 INFO mapreduce.Job:  map 65% reduce 22%
2025-02-21 03:50:13,605 INFO mapreduce.Job:  map 66% reduce 22%
2025-02-21 03:50:16,623 INFO mapreduce.Job:  map 67% reduce 22%
2025-02-21 03:50:18,637 INFO mapreduce.Job:  map 68% reduce 22%
2025-02-21 03:50:22,664 INFO mapreduce.Job:  map 69% reduce 22%
2025-02-21 03:50:22,850 INFO mapreduce.Job:  map 70% reduce 23%
2025-02-21 03:50:25,870 INFO mapreduce.Job:  map 71% reduce 23%
2025-02-21 03:50:28,886 INFO mapreduce.Job:  map 71% reduce 24%
2025-02-21 03:50:29,896 INFO mapreduce.Job:  map 72% reduce 24%
2025-02-21 03:50:31,916 INFO mapreduce.Job:  map 73% reduce 24%
2025-02-21 03:50:36,968 INFO mapreduce.Job:  map 74% reduce 24%
2025-02-21 03:50:37,975 INFO mapreduce.Job:  map 75% reduce 24%
2025-02-21 03:50:41,033 INFO mapreduce.Job:  map 75% reduce 25%
2025-02-21 03:50:43,045 INFO mapreduce.Job:  map 76% reduce 25%
2025-02-21 03:50:46,062 INFO mapreduce.Job:  map 77% reduce 25%
2025-02-21 03:50:47,067 INFO mapreduce.Job:  map 77% reduce 26%
2025-02-21 03:50:48,074 INFO mapreduce.Job:  map 78% reduce 26%
2025-02-21 03:50:52,101 INFO mapreduce.Job:  map 79% reduce 26%
2025-02-21 03:50:53,108 INFO mapreduce.Job:  map 80% reduce 26%
2025-02-21 03:50:56,326 INFO mapreduce.Job:  map 81% reduce 26%
2025-02-21 03:50:57,333 INFO mapreduce.Job:  map 81% reduce 27%
2025-02-21 03:50:59,345 INFO mapreduce.Job:  map 82% reduce 27%
2025-02-21 03:51:02,364 INFO mapreduce.Job:  map 83% reduce 27%
2025-02-21 03:51:06,391 INFO mapreduce.Job:  map 84% reduce 27%
2025-02-21 03:51:07,397 INFO mapreduce.Job:  map 85% reduce 27%
2025-02-21 03:51:09,405 INFO mapreduce.Job:  map 85% reduce 28%
2025-02-21 03:51:10,410 INFO mapreduce.Job:  map 86% reduce 28%
2025-02-21 03:51:12,423 INFO mapreduce.Job:  map 87% reduce 28%
2025-02-21 03:51:15,442 INFO mapreduce.Job:  map 87% reduce 29%
2025-02-21 03:51:16,449 INFO mapreduce.Job:  map 88% reduce 29%
2025-02-21 03:51:19,465 INFO mapreduce.Job:  map 89% reduce 29%
2025-02-21 03:51:21,478 INFO mapreduce.Job:  map 90% reduce 30%
2025-02-21 03:51:23,487 INFO mapreduce.Job:  map 91% reduce 30%
2025-02-21 03:51:24,656 INFO mapreduce.Job:  map 92% reduce 30%
2025-02-21 03:51:25,661 INFO mapreduce.Job:  map 92% reduce 31%
2025-02-21 03:51:26,672 INFO mapreduce.Job:  map 93% reduce 31%
2025-02-21 03:51:29,692 INFO mapreduce.Job:  map 94% reduce 31%
2025-02-21 03:51:33,718 INFO mapreduce.Job:  map 95% reduce 31%
2025-02-21 03:51:35,734 INFO mapreduce.Job:  map 96% reduce 31%
2025-02-21 03:51:37,744 INFO mapreduce.Job:  map 96% reduce 32%
2025-02-21 03:51:39,767 INFO mapreduce.Job:  map 97% reduce 32%
2025-02-21 03:51:41,779 INFO mapreduce.Job:  map 98% reduce 32%
2025-02-21 03:51:43,786 INFO mapreduce.Job:  map 98% reduce 33%
2025-02-21 03:51:44,798 INFO mapreduce.Job:  map 99% reduce 33%
2025-02-21 03:51:46,831 INFO mapreduce.Job:  map 100% reduce 33%
2025-02-21 03:51:49,843 INFO mapreduce.Job:  map 100% reduce 70%
2025-02-21 03:51:50,848 INFO mapreduce.Job:  map 100% reduce 100%
2025-02-21 03:51:53,139 INFO mapreduce.Job: Job job_1740126767383_0004 completed successfully
2025-02-21 03:51:53,231 INFO mapreduce.Job: Counters: 55
	File System Counters
		FILE: Number of bytes read=47088034
		FILE: Number of bytes written=187173752
		FILE: Number of read operations=0
		FILE: Number of large read operations=0
		FILE: Number of write operations=0
		HDFS: Number of bytes read=113881507
		HDFS: Number of bytes written=7317872
		HDFS: Number of read operations=905
		HDFS: Number of large read operations=0
		HDFS: Number of write operations=2
		HDFS: Number of bytes read erasure-coded=0
	Job Counters 
		Killed map tasks=1
		Launched map tasks=300
		Launched reduce tasks=1
		Data-local map tasks=300
		Total time spent by all maps in occupied slots (ms)=1307466
		Total time spent by all reduces in occupied slots (ms)=238952
		Total time spent by all map tasks (ms)=1307466
		Total time spent by all reduce tasks (ms)=238952
		Total vcore-milliseconds taken by all map tasks=1307466
		Total vcore-milliseconds taken by all reduce tasks=238952
		Total megabyte-milliseconds taken by all map tasks=1338845184
		Total megabyte-milliseconds taken by all reduce tasks=244686848
	Map-Reduce Framework
		Map input records=2257447
		Map output records=19408177
		Map output bytes=187984758
		Map output materialized bytes=47089828
		Input split bytes=40284
		Combine input records=19408177
		Combine output records=3273569
		Reduce input groups=602544
		Reduce shuffle bytes=47089828
		Reduce input records=3273569
		Reduce output records=602544
		Spilled Records=6547138
		Shuffled Maps =300
		Failed Shuffles=0
		Merged Map outputs=300
		GC time elapsed (ms)=108401
		CPU time spent (ms)=1094180
		Physical memory (bytes) snapshot=137504964608
		Virtual memory (bytes) snapshot=781553704960
		Total committed heap usage (bytes)=127972409344
		Peak Map Physical memory (bytes)=525967360
		Peak Map Virtual memory (bytes)=2607034368
		Peak Reduce Physical memory (bytes)=446832640
		Peak Reduce Virtual memory (bytes)=2614571008
	Shuffle Errors
		BAD_ID=0
		CONNECTION=0
		IO_ERROR=0
		WRONG_LENGTH=0
		WRONG_MAP=0
		WRONG_REDUCE=0
	File Input Format Counters 
		Bytes Read=113841223
	File Output Format Counters 
		Bytes Written=7317872
